<?xml version="1.0" encoding="UTF-8"?>
<testsuite name="PhoneBookTest" tests="1" skipped="0" failures="0" errors="0" timestamp="2022-03-16T11:22:49" hostname="FRACTAL" time="49.254">
  <properties/>
  <testcase name="start" classname="PhoneBookTest" time="49.254"/>
  <system-out><![CDATA[?[1;31m
Start test 1?[0m
Start searching(linear search)...
Found 500 / 500 entries. Time taken: 0 min. 0 sec. 0 ms.

Start searching (bubble sort + jump search)...
Found 500 / 500 entries. Time taken: 0 min. 3 sec. 30 ms.
Sorting time: 0 min. 0 sec. 0 ms.
Searching time: 0 min. 3 sec. 30 ms.

Start searching (quick sort + binary search)...
Found 500 / 500 entries. Time taken: 0 min. 42 sec. 420 ms.
Sorting time: 0 min. 42 sec. 420 ms.
Searching time: 0 min. 0 sec. 0 ms.

Start searching (hash table)...
Found 500 / 500 entries. Time taken: 0 min. 4 sec. 40 ms.
Creating time: 0 min. 0 sec. 0 ms.
Searching time: 0 min. 4 sec. 40 ms.
]]></system-out>
  <system-err><![CDATA[]]></system-err>
</testsuite>
