<?xml version="1.0" encoding="UTF-8"?>
<testsuite name="PhoneBookTest" tests="1" skipped="0" failures="0" errors="0" timestamp="2022-03-14T21:41:49" hostname="FRACTAL" time="10.994">
  <properties/>
  <testcase name="start" classname="PhoneBookTest" time="10.994"/>
  <system-out><![CDATA[?[1;31m
Start test 1?[0m
Start searching...
Found 500 / 500 entries. Time taken: 0 min. 5 sec. 1 ms.
?[1;31m
Start test 2?[0m
Start searching...
Found 500 / 500 entries. Time taken: 0 min. 5 sec. 4 ms.
]]></system-out>
  <system-err><![CDATA[]]></system-err>
</testsuite>
