<?xml version="1.0" encoding="UTF-8"?>
<testsuite name="LearningProgressTrackerTest" tests="1" skipped="0" failures="0" errors="0" timestamp="2022-03-22T16:08:15" hostname="FRACTAL" time="0.134">
  <properties/>
  <testcase name="start" classname="LearningProgressTrackerTest" time="0.134"/>
  <system-out><![CDATA[?[1;31m
Start test 1?[0m
Learning Progress Tracker
> 
No input.
?[1;31m
Start test 2?[0m
Learning Progress Tracker
>   
No input.
?[1;31m
Start test 3?[0m
Learning Progress Tracker
> 	
No input.
?[1;31m
Start test 4?[0m
Learning Progress Tracker
>  	
No input.
?[1;31m
Start test 5?[0m
Learning Progress Tracker
> exit
Bye!
?[1;31m
Start test 6?[0m
Learning Progress Tracker
> abc
Error: unknown command!
?[1;31m
Start test 7?[0m
Learning Progress Tracker
> quit
Error: unknown command!
?[1;31m
Start test 8?[0m
Learning Progress Tracker
>   brexit 
Error: unknown command!
?[1;31m
Start test 9?[0m
Learning Progress Tracker
> exi  t
Error: unknown command!
?[1;31m
Start test 10?[0m
Learning Progress Tracker
> help
Error: unknown command!
?[1;31m
Start test 11?[0m
Learning Progress Tracker
> break
Error: unknown command!
?[1;31m
Start test 12?[0m
Learning Progress Tracker
> -help
Error: unknown command!
?[1;31m
Start test 13?[0m
Learning Progress Tracker
> Ctrl+C
Error: unknown command!
?[1;31m
Start test 14?[0m
Learning Progress Tracker
> exit please
Error: unknown command!
?[1;31m
Start test 15?[0m
Learning Progress Tracker
> :q
Error: unknown command!
]]></system-out>
  <system-err><![CDATA[]]></system-err>
</testsuite>
