<?xml version="1.0" encoding="UTF-8"?>
<testsuite name="JsonDatabaseTest" tests="1" skipped="0" failures="0" errors="0" timestamp="2022-03-08T18:25:02" hostname="FRACTAL" time="0.385">
  <properties/>
  <testcase name="start" classname="JsonDatabaseTest" time="0.385"/>
  <system-out><![CDATA[?[1;31m
Start test 1?[0m
Server started!
Client started!
OK
Sent: exit  
Problem with client
?[1;31m
Start test 2?[0m
Server started!
Client started!
Sent: get 1 
Received: ERROR
Client started!
Sent: set 1 Hello world!
Received: OK
Client started!
Sent: set 1 HelloWorld!
Received: OK
Client started!
Sent: get 1 
Received: HelloWorld!
Client started!
Sent: delete 1 
Received: OK
Client started!
Sent: delete 1 
Received: OK
Client started!
Sent: get 1 
Received: ERROR
Client started!
Sent: set 55 Some text here
Received: OK
Client started!
Sent: get 55 
Received: Some text here
Client started!
Sent: get 56 
Received: ERROR
Client started!
Sent: delete 55 
Received: OK
Client started!
Sent: delete 56 
Received: OK
Client started!
Sent: delete 100 
Received: OK
Client started!
Sent: delete 1001 
Received: ERROR
Client started!
OK
Sent: exit  
Problem with client
]]></system-out>
  <system-err><![CDATA[java.io.EOFException
	at java.base/java.io.DataInputStream.readUnsignedShort(DataInputStream.java:346)
	at java.base/java.io.DataInputStream.readUTF(DataInputStream.java:595)
	at java.base/java.io.DataInputStream.readUTF(DataInputStream.java:570)
	at client.Client.createClientSocket(Client.java:26)
	at client.Main.main(Main.java:7)
	at java.base/jdk.internal.reflect.NativeMethodAccessorImpl.invoke0(Native Method)
	at java.base/jdk.internal.reflect.NativeMethodAccessorImpl.invoke(NativeMethodAccessorImpl.java:77)
	at java.base/jdk.internal.reflect.DelegatingMethodAccessorImpl.invoke(DelegatingMethodAccessorImpl.java:43)
	at java.base/java.lang.reflect.Method.invoke(Method.java:568)
	at org.hyperskill.hstest.testing.execution.MainMethodExecutor.invokeMain(MainMethodExecutor.java:172)
	at org.hyperskill.hstest.testing.execution.MainMethodExecutor.lambda$launch$0(MainMethodExecutor.java:199)
	at java.base/java.util.concurrent.Executors$RunnableAdapter.call(Executors.java:539)
	at java.base/java.util.concurrent.FutureTask.run(FutureTask.java:264)
	at java.base/java.util.concurrent.ThreadPoolExecutor.runWorker(ThreadPoolExecutor.java:1136)
	at java.base/java.util.concurrent.ThreadPoolExecutor$Worker.run(ThreadPoolExecutor.java:635)
	at java.base/java.lang.Thread.run(Thread.java:833)
java.io.EOFException
	at java.base/java.io.DataInputStream.readUnsignedShort(DataInputStream.java:346)
	at java.base/java.io.DataInputStream.readUTF(DataInputStream.java:595)
	at java.base/java.io.DataInputStream.readUTF(DataInputStream.java:570)
	at client.Client.createClientSocket(Client.java:26)
	at client.Main.main(Main.java:7)
	at java.base/jdk.internal.reflect.NativeMethodAccessorImpl.invoke0(Native Method)
	at java.base/jdk.internal.reflect.NativeMethodAccessorImpl.invoke(NativeMethodAccessorImpl.java:77)
	at java.base/jdk.internal.reflect.DelegatingMethodAccessorImpl.invoke(DelegatingMethodAccessorImpl.java:43)
	at java.base/java.lang.reflect.Method.invoke(Method.java:568)
	at org.hyperskill.hstest.testing.execution.MainMethodExecutor.invokeMain(MainMethodExecutor.java:172)
	at org.hyperskill.hstest.testing.execution.MainMethodExecutor.lambda$launch$0(MainMethodExecutor.java:199)
	at java.base/java.util.concurrent.Executors$RunnableAdapter.call(Executors.java:539)
	at java.base/java.util.concurrent.FutureTask.run(FutureTask.java:264)
	at java.base/java.util.concurrent.ThreadPoolExecutor.runWorker(ThreadPoolExecutor.java:1136)
	at java.base/java.util.concurrent.ThreadPoolExecutor$Worker.run(ThreadPoolExecutor.java:635)
	at java.base/java.lang.Thread.run(Thread.java:833)
]]></system-err>
</testsuite>
