<?xml version="1.0" encoding="UTF-8"?>
<testsuite name="AccountServiceTest" tests="1" skipped="0" failures="0" errors="0" timestamp="2022-05-29T13:21:13" hostname="FRACTAL" time="15.78">
  <properties/>
  <testcase name="start" classname="AccountServiceTest" time="15.78"/>
  <system-out><![CDATA[?[1;31m
Start test 1?[0m

  .   ____          _            __ _ _
 /\\ / ___'_ __ _ _(_)_ __  __ _ \ \ \ \
( ( )\___ | '_ | '_| | '_ \/ _` | \ \ \ \
 \\/  ___)| |_)| | | | | || (_| |  ) ) ) )
  '  |____| .__|_| |_|_| |_\__, | / / / /
 =========|_|==============|___/=/_/_/_/
 :: Spring Boot ::        (v2.3.1.RELEASE)

2022-05-29 16:21:14.575  INFO 17900 --- [    Test worker] account.AccountServiceApplication        : Starting AccountServiceApplication on Fractal with PID 17900 (started by Fractal in D:\RepositoryRoadToProfession\Account Service\Account Service\task)
2022-05-29 16:21:14.579  INFO 17900 --- [    Test worker] account.AccountServiceApplication        : No active profile set, falling back to default profiles: default
2022-05-29 16:21:15.725  INFO 17900 --- [    Test worker] .s.d.r.c.RepositoryConfigurationDelegate : Bootstrapping Spring Data JPA repositories in DEFERRED mode.
2022-05-29 16:21:15.804  INFO 17900 --- [    Test worker] .s.d.r.c.RepositoryConfigurationDelegate : Finished Spring Data repository scanning in 69ms. Found 2 JPA repository interfaces.
2022-05-29 16:21:16.507  INFO 17900 --- [    Test worker] o.s.b.w.embedded.tomcat.TomcatWebServer  : Tomcat initialized with port(s): 28852 (http)
2022-05-29 16:21:16.517  INFO 17900 --- [    Test worker] o.apache.catalina.core.StandardService   : Starting service [Tomcat]
2022-05-29 16:21:16.517  INFO 17900 --- [    Test worker] org.apache.catalina.core.StandardEngine  : Starting Servlet engine: [Apache Tomcat/9.0.36]
2022-05-29 16:21:16.664  INFO 17900 --- [    Test worker] o.a.c.c.C.[Tomcat].[localhost].[/]       : Initializing Spring embedded WebApplicationContext
2022-05-29 16:21:16.665  INFO 17900 --- [    Test worker] w.s.c.ServletWebServerApplicationContext : Root WebApplicationContext: initialization completed in 2013 ms
2022-05-29 16:21:16.810  INFO 17900 --- [    Test worker] com.zaxxer.hikari.HikariDataSource       : HikariPool-1 - Starting...
2022-05-29 16:21:17.038  INFO 17900 --- [    Test worker] com.zaxxer.hikari.HikariDataSource       : HikariPool-1 - Start completed.
2022-05-29 16:21:17.050  INFO 17900 --- [    Test worker] o.s.b.a.h2.H2ConsoleAutoConfiguration    : H2 console available at '/h2-console'. Database available at 'jdbc:h2:file:../service_db'
2022-05-29 16:21:17.212  INFO 17900 --- [    Test worker] o.s.s.concurrent.ThreadPoolTaskExecutor  : Initializing ExecutorService 'applicationTaskExecutor'
2022-05-29 16:21:17.278  INFO 17900 --- [         task-1] o.hibernate.jpa.internal.util.LogHelper  : HHH000204: Processing PersistenceUnitInfo [name: default]
2022-05-29 16:21:17.330  WARN 17900 --- [    Test worker] JpaBaseConfiguration$JpaWebConfiguration : spring.jpa.open-in-view is enabled by default. Therefore, database queries may be performed during view rendering. Explicitly configure spring.jpa.open-in-view to disable this warning
2022-05-29 16:21:17.365  INFO 17900 --- [         task-1] org.hibernate.Version                    : HHH000412: Hibernate ORM core version 5.4.17.Final
2022-05-29 16:21:17.608  INFO 17900 --- [    Test worker] o.s.s.web.DefaultSecurityFilterChain     : Creating filter chain: any request, [org.springframework.security.web.context.request.async.WebAsyncManagerIntegrationFilter@d76099a, org.springframework.security.web.context.SecurityContextPersistenceFilter@3c6bd624, org.springframework.security.web.header.HeaderWriterFilter@57f0bfc3, org.springframework.security.web.authentication.logout.LogoutFilter@7d537616, org.springframework.security.web.authentication.www.BasicAuthenticationFilter@118fbaf0, org.springframework.security.web.savedrequest.RequestCacheAwareFilter@645ba24a, org.springframework.security.web.servletapi.SecurityContextHolderAwareRequestFilter@4cb4c4cc, org.springframework.security.web.authentication.AnonymousAuthenticationFilter@47f0f414, org.springframework.security.web.session.SessionManagementFilter@298e002d, org.springframework.security.web.access.ExceptionTranslationFilter@6115846e, org.springframework.security.web.access.intercept.FilterSecurityInterceptor@3de8f85c]
2022-05-29 16:21:17.610  INFO 17900 --- [         task-1] o.hibernate.annotations.common.Version   : HCANN000001: Hibernate Commons Annotations {5.1.0.Final}
2022-05-29 16:21:17.790  INFO 17900 --- [         task-1] org.hibernate.dialect.Dialect            : HHH000400: Using dialect: org.hibernate.dialect.H2Dialect
2022-05-29 16:21:18.800  INFO 17900 --- [         task-1] o.h.e.t.j.p.i.JtaPlatformInitiator       : HHH000490: Using JtaPlatform implementation: [org.hibernate.engine.transaction.jta.platform.internal.NoJtaPlatform]
2022-05-29 16:21:18.809  INFO 17900 --- [         task-1] j.LocalContainerEntityManagerFactoryBean : Initialized JPA EntityManagerFactory for persistence unit 'default'
2022-05-29 16:21:18.877  INFO 17900 --- [    Test worker] o.s.b.a.e.web.EndpointLinksResolver      : Exposing 14 endpoint(s) beneath base path '/actuator'
2022-05-29 16:21:18.940  INFO 17900 --- [    Test worker] o.s.b.w.embedded.tomcat.TomcatWebServer  : Tomcat started on port(s): 28852 (http) with context path ''
2022-05-29 16:21:18.941  INFO 17900 --- [    Test worker] DeferredRepositoryInitializationListener : Triggering deferred initialization of Spring Data repositoriesâ€¦
2022-05-29 16:21:19.250  INFO 17900 --- [    Test worker] DeferredRepositoryInitializationListener : Spring Data repositories initialized!
2022-05-29 16:21:19.262  INFO 17900 --- [    Test worker] account.AccountServiceApplication        : Started AccountServiceApplication in 5.094 seconds (JVM running for 6.163)
2022-05-29 16:21:19.586  INFO 17900 --- [io-28852-exec-1] o.a.c.c.C.[Tomcat].[localhost].[/]       : Initializing Spring DispatcherServlet 'dispatcherServlet'
2022-05-29 16:21:19.586  INFO 17900 --- [io-28852-exec-1] o.s.web.servlet.DispatcherServlet        : Initializing Servlet 'dispatcherServlet'
2022-05-29 16:21:19.596  INFO 17900 --- [io-28852-exec-1] o.s.web.servlet.DispatcherServlet        : Completed initialization in 9 ms
2022-05-29 16:21:19.775  WARN 17900 --- [io-28852-exec-1] .w.s.m.s.DefaultHandlerExceptionResolver : Resolved [org.springframework.web.bind.MethodArgumentNotValidException: Validation failed for argument [0] in public org.springframework.http.ResponseEntity<account.entites.User> account.controller.AuthController.registerUser(account.entites.User): [Field error in object 'user' on field 'username': rejected value []; codes [NotEmpty.user.username,NotEmpty.username,NotEmpty.java.lang.String,NotEmpty]; arguments [org.springframework.context.support.DefaultMessageSourceResolvable: codes [user.username,username]; arguments []; default message [username]]; default message [must not be empty]] ]
?[1;31m
Start test 2?[0m
2022-05-29 16:21:19.817  WARN 17900 --- [io-28852-exec-2] .w.s.m.s.DefaultHandlerExceptionResolver : Resolved [org.springframework.web.bind.MethodArgumentNotValidException: Validation failed for argument [0] in public org.springframework.http.ResponseEntity<account.entites.User> account.controller.AuthController.registerUser(account.entites.User): [Field error in object 'user' on field 'username': rejected value [null]; codes [NotEmpty.user.username,NotEmpty.username,NotEmpty.java.lang.String,NotEmpty]; arguments [org.springframework.context.support.DefaultMessageSourceResolvable: codes [user.username,username]; arguments []; default message [username]]; default message [must not be empty]] ]
?[1;31m
Start test 3?[0m
2022-05-29 16:21:19.827  WARN 17900 --- [io-28852-exec-3] .w.s.m.s.DefaultHandlerExceptionResolver : Resolved [org.springframework.web.bind.MethodArgumentNotValidException: Validation failed for argument [0] in public org.springframework.http.ResponseEntity<account.entites.User> account.controller.AuthController.registerUser(account.entites.User): [Field error in object 'user' on field 'lastname': rejected value []; codes [NotEmpty.user.lastname,NotEmpty.lastname,NotEmpty.java.lang.String,NotEmpty]; arguments [org.springframework.context.support.DefaultMessageSourceResolvable: codes [user.lastname,lastname]; arguments []; default message [lastname]]; default message [must not be empty]] ]
?[1;31m
Start test 4?[0m
2022-05-29 16:21:19.836  WARN 17900 --- [io-28852-exec-4] .w.s.m.s.DefaultHandlerExceptionResolver : Resolved [org.springframework.web.bind.MethodArgumentNotValidException: Validation failed for argument [0] in public org.springframework.http.ResponseEntity<account.entites.User> account.controller.AuthController.registerUser(account.entites.User): [Field error in object 'user' on field 'lastname': rejected value [null]; codes [NotEmpty.user.lastname,NotEmpty.lastname,NotEmpty.java.lang.String,NotEmpty]; arguments [org.springframework.context.support.DefaultMessageSourceResolvable: codes [user.lastname,lastname]; arguments []; default message [lastname]]; default message [must not be empty]] ]
?[1;31m
Start test 5?[0m
2022-05-29 16:21:19.851  WARN 17900 --- [io-28852-exec-5] .w.s.m.s.DefaultHandlerExceptionResolver : Resolved [org.springframework.web.bind.MethodArgumentNotValidException: Validation failed for argument [0] in public org.springframework.http.ResponseEntity<account.entites.User> account.controller.AuthController.registerUser(account.entites.User) with 2 errors: [Field error in object 'user' on field 'email': rejected value []; codes [NotBlank.user.email,NotBlank.email,NotBlank.java.lang.String,NotBlank]; arguments [org.springframework.context.support.DefaultMessageSourceResolvable: codes [user.email,email]; arguments []; default message [email]]; default message [must not be blank]] [Field error in object 'user' on field 'email': rejected value []; codes [Pattern.user.email,Pattern.email,Pattern.java.lang.String,Pattern]; arguments [org.springframework.context.support.DefaultMessageSourceResolvable: codes [user.email,email]; arguments []; default message [email],[Ljavax.validation.constraints.Pattern$Flag;@33965b5a,^([\w-]+(?:\.[\w-]+)*)@(acme.com)$]; default message [must match "^([\w-]+(?:\.[\w-]+)*)@(acme.com)$"]] ]
?[1;31m
Start test 6?[0m
2022-05-29 16:21:19.860  WARN 17900 --- [io-28852-exec-6] .w.s.m.s.DefaultHandlerExceptionResolver : Resolved [org.springframework.web.bind.MethodArgumentNotValidException: Validation failed for argument [0] in public org.springframework.http.ResponseEntity<account.entites.User> account.controller.AuthController.registerUser(account.entites.User) with 2 errors: [Field error in object 'user' on field 'email': rejected value [null]; codes [NotNull.user.email,NotNull.email,NotNull.java.lang.String,NotNull]; arguments [org.springframework.context.support.DefaultMessageSourceResolvable: codes [user.email,email]; arguments []; default message [email]]; default message [must not be null]] [Field error in object 'user' on field 'email': rejected value [null]; codes [NotBlank.user.email,NotBlank.email,NotBlank.java.lang.String,NotBlank]; arguments [org.springframework.context.support.DefaultMessageSourceResolvable: codes [user.email,email]; arguments []; default message [email]]; default message [must not be blank]] ]
?[1;31m
Start test 7?[0m
2022-05-29 16:21:19.869  WARN 17900 --- [io-28852-exec-7] .w.s.m.s.DefaultHandlerExceptionResolver : Resolved [org.springframework.web.bind.MethodArgumentNotValidException: Validation failed for argument [0] in public org.springframework.http.ResponseEntity<account.entites.User> account.controller.AuthController.registerUser(account.entites.User): [Field error in object 'user' on field 'password': rejected value []; codes [NotBlank.user.password,NotBlank.password,NotBlank.java.lang.String,NotBlank]; arguments [org.springframework.context.support.DefaultMessageSourceResolvable: codes [user.password,password]; arguments []; default message [password]]; default message [must not be blank]] ]
?[1;31m
Start test 8?[0m
2022-05-29 16:21:19.879  WARN 17900 --- [io-28852-exec-8] .w.s.m.s.DefaultHandlerExceptionResolver : Resolved [org.springframework.web.bind.MethodArgumentNotValidException: Validation failed for argument [0] in public org.springframework.http.ResponseEntity<account.entites.User> account.controller.AuthController.registerUser(account.entites.User) with 2 errors: [Field error in object 'user' on field 'password': rejected value [null]; codes [NotBlank.user.password,NotBlank.password,NotBlank.java.lang.String,NotBlank]; arguments [org.springframework.context.support.DefaultMessageSourceResolvable: codes [user.password,password]; arguments []; default message [password]]; default message [must not be blank]] [Field error in object 'user' on field 'password': rejected value [null]; codes [NotNull.user.password,NotNull.password,NotNull.java.lang.String,NotNull]; arguments [org.springframework.context.support.DefaultMessageSourceResolvable: codes [user.password,password]; arguments []; default message [password]]; default message [must not be null]] ]
?[1;31m
Start test 9?[0m
2022-05-29 16:21:19.889  WARN 17900 --- [io-28852-exec-9] .w.s.m.s.DefaultHandlerExceptionResolver : Resolved [org.springframework.web.bind.MethodArgumentNotValidException: Validation failed for argument [0] in public org.springframework.http.ResponseEntity<account.entites.User> account.controller.AuthController.registerUser(account.entites.User): [Field error in object 'user' on field 'email': rejected value [johndoeacme.com]; codes [Pattern.user.email,Pattern.email,Pattern.java.lang.String,Pattern]; arguments [org.springframework.context.support.DefaultMessageSourceResolvable: codes [user.email,email]; arguments []; default message [email],[Ljavax.validation.constraints.Pattern$Flag;@33965b5a,^([\w-]+(?:\.[\w-]+)*)@(acme.com)$]; default message [must match "^([\w-]+(?:\.[\w-]+)*)@(acme.com)$"]] ]
?[1;31m
Start test 10?[0m
2022-05-29 16:21:19.899  WARN 17900 --- [o-28852-exec-10] .w.s.m.s.DefaultHandlerExceptionResolver : Resolved [org.springframework.web.bind.MethodArgumentNotValidException: Validation failed for argument [0] in public org.springframework.http.ResponseEntity<account.entites.User> account.controller.AuthController.registerUser(account.entites.User): [Field error in object 'user' on field 'email': rejected value [johndoe@google.com]; codes [Pattern.user.email,Pattern.email,Pattern.java.lang.String,Pattern]; arguments [org.springframework.context.support.DefaultMessageSourceResolvable: codes [user.email,email]; arguments []; default message [email],[Ljavax.validation.constraints.Pattern$Flag;@33965b5a,^([\w-]+(?:\.[\w-]+)*)@(acme.com)$]; default message [must match "^([\w-]+(?:\.[\w-]+)*)@(acme.com)$"]] ]
?[1;31m
Start test 11?[0m
?[1;31m
Start test 12?[0m
?[1;31m
Start test 13?[0m
?[1;31m
Start test 14?[0m
?[1;31m
Start test 15?[0m
?[1;31m
Start test 16?[0m
?[1;31m
Start test 17?[0m
?[1;31m
Start test 18?[0m
?[1;31m
Start test 19?[0m
?[1;31m
Start test 20?[0m
?[1;31m
Start test 21?[0m
?[1;31m
Start test 22?[0m
?[1;31m
Start test 23?[0m
?[1;31m
Start test 24?[0m
?[1;31m
Start test 25?[0m
?[1;31m
Start test 26?[0m
?[1;31m
Start test 27?[0m
?[1;31m
Start test 28?[0m
?[1;31m
Start test 29?[0m
?[1;31m
Start test 30?[0m
?[1;31m
Start test 31?[0m
?[1;31m
Start test 32?[0m
2022-05-29 16:21:23.123  INFO 17900 --- [     Thread-336] j.LocalContainerEntityManagerFactoryBean : Closing JPA EntityManagerFactory for persistence unit 'default'
2022-05-29 16:21:23.126  INFO 17900 --- [     Thread-336] o.s.s.concurrent.ThreadPoolTaskExecutor  : Shutting down ExecutorService 'applicationTaskExecutor'
2022-05-29 16:21:23.128  INFO 17900 --- [     Thread-336] com.zaxxer.hikari.HikariDataSource       : HikariPool-1 - Shutdown initiated...
2022-05-29 16:21:23.152  INFO 17900 --- [     Thread-336] com.zaxxer.hikari.HikariDataSource       : HikariPool-1 - Shutdown completed.

  .   ____          _            __ _ _
 /\\ / ___'_ __ _ _(_)_ __  __ _ \ \ \ \
( ( )\___ | '_ | '_| | '_ \/ _` | \ \ \ \
 \\/  ___)| |_)| | | | | || (_| |  ) ) ) )
  '  |____| .__|_| |_|_| |_\__, | / / / /
 =========|_|==============|___/=/_/_/_/
 :: Spring Boot ::        (v2.3.1.RELEASE)

2022-05-29 16:21:23.250  INFO 17900 --- [    Test worker] account.AccountServiceApplication        : Starting AccountServiceApplication on Fractal with PID 17900 (started by Fractal in D:\RepositoryRoadToProfession\Account Service\Account Service\task)
2022-05-29 16:21:23.251  INFO 17900 --- [    Test worker] account.AccountServiceApplication        : No active profile set, falling back to default profiles: default
2022-05-29 16:21:23.662  INFO 17900 --- [    Test worker] .s.d.r.c.RepositoryConfigurationDelegate : Bootstrapping Spring Data JPA repositories in DEFERRED mode.
2022-05-29 16:21:23.673  INFO 17900 --- [    Test worker] .s.d.r.c.RepositoryConfigurationDelegate : Finished Spring Data repository scanning in 10ms. Found 2 JPA repository interfaces.
2022-05-29 16:21:23.775  INFO 17900 --- [    Test worker] o.s.b.w.embedded.tomcat.TomcatWebServer  : Tomcat initialized with port(s): 28852 (http)
2022-05-29 16:21:23.776  INFO 17900 --- [    Test worker] o.apache.catalina.core.StandardService   : Starting service [Tomcat]
2022-05-29 16:21:23.776  INFO 17900 --- [    Test worker] org.apache.catalina.core.StandardEngine  : Starting Servlet engine: [Apache Tomcat/9.0.36]
2022-05-29 16:21:23.824  INFO 17900 --- [    Test worker] o.a.c.c.C.[Tomcat].[localhost].[/]       : Initializing Spring embedded WebApplicationContext
2022-05-29 16:21:23.824  INFO 17900 --- [    Test worker] w.s.c.ServletWebServerApplicationContext : Root WebApplicationContext: initialization completed in 569 ms
2022-05-29 16:21:23.881  INFO 17900 --- [    Test worker] com.zaxxer.hikari.HikariDataSource       : HikariPool-2 - Starting...
2022-05-29 16:21:23.894  INFO 17900 --- [    Test worker] com.zaxxer.hikari.HikariDataSource       : HikariPool-2 - Start completed.
2022-05-29 16:21:23.895  INFO 17900 --- [    Test worker] o.s.b.a.h2.H2ConsoleAutoConfiguration    : H2 console available at '/h2-console'. Database available at 'jdbc:h2:file:../service_db'
2022-05-29 16:21:23.946  INFO 17900 --- [    Test worker] o.s.s.concurrent.ThreadPoolTaskExecutor  : Initializing ExecutorService 'applicationTaskExecutor'
2022-05-29 16:21:23.952  INFO 17900 --- [         task-1] o.hibernate.jpa.internal.util.LogHelper  : HHH000204: Processing PersistenceUnitInfo [name: default]
2022-05-29 16:21:23.957  INFO 17900 --- [         task-1] org.hibernate.dialect.Dialect            : HHH000400: Using dialect: org.hibernate.dialect.H2Dialect
2022-05-29 16:21:23.984  WARN 17900 --- [    Test worker] JpaBaseConfiguration$JpaWebConfiguration : spring.jpa.open-in-view is enabled by default. Therefore, database queries may be performed during view rendering. Explicitly configure spring.jpa.open-in-view to disable this warning
2022-05-29 16:21:24.036  INFO 17900 --- [    Test worker] o.s.s.web.DefaultSecurityFilterChain     : Creating filter chain: any request, [org.springframework.security.web.context.request.async.WebAsyncManagerIntegrationFilter@60251ddb, org.springframework.security.web.context.SecurityContextPersistenceFilter@56351c02, org.springframework.security.web.header.HeaderWriterFilter@c4ca86a, org.springframework.security.web.authentication.logout.LogoutFilter@1885905b, org.springframework.security.web.authentication.www.BasicAuthenticationFilter@23e573e, org.springframework.security.web.savedrequest.RequestCacheAwareFilter@51097500, org.springframework.security.web.servletapi.SecurityContextHolderAwareRequestFilter@386f88b3, org.springframework.security.web.authentication.AnonymousAuthenticationFilter@2059c3ff, org.springframework.security.web.session.SessionManagementFilter@7e741d6b, org.springframework.security.web.access.ExceptionTranslationFilter@5afba80c, org.springframework.security.web.access.intercept.FilterSecurityInterceptor@799206ad]
2022-05-29 16:21:24.045  INFO 17900 --- [         task-1] o.h.e.t.j.p.i.JtaPlatformInitiator       : HHH000490: Using JtaPlatform implementation: [org.hibernate.engine.transaction.jta.platform.internal.NoJtaPlatform]
2022-05-29 16:21:24.046  INFO 17900 --- [         task-1] j.LocalContainerEntityManagerFactoryBean : Initialized JPA EntityManagerFactory for persistence unit 'default'
2022-05-29 16:21:24.250  INFO 17900 --- [    Test worker] o.s.b.a.e.web.EndpointLinksResolver      : Exposing 14 endpoint(s) beneath base path '/actuator'
2022-05-29 16:21:24.268  INFO 17900 --- [    Test worker] o.s.b.w.embedded.tomcat.TomcatWebServer  : Tomcat started on port(s): 28852 (http) with context path ''
2022-05-29 16:21:24.269  INFO 17900 --- [    Test worker] DeferredRepositoryInitializationListener : Triggering deferred initialization of Spring Data repositoriesâ€¦
2022-05-29 16:21:24.313  INFO 17900 --- [    Test worker] DeferredRepositoryInitializationListener : Spring Data repositories initialized!
2022-05-29 16:21:24.317  INFO 17900 --- [    Test worker] account.AccountServiceApplication        : Started AccountServiceApplication in 1.105 seconds (JVM running for 11.218)
?[1;31m
Start test 33?[0m
2022-05-29 16:21:24.324  INFO 17900 --- [io-28852-exec-1] o.a.c.c.C.[Tomcat].[localhost].[/]       : Initializing Spring DispatcherServlet 'dispatcherServlet'
2022-05-29 16:21:24.324  INFO 17900 --- [io-28852-exec-1] o.s.web.servlet.DispatcherServlet        : Initializing Servlet 'dispatcherServlet'
2022-05-29 16:21:24.327  INFO 17900 --- [io-28852-exec-1] o.s.web.servlet.DispatcherServlet        : Completed initialization in 3 ms
?[1;31m
Start test 34?[0m
?[1;31m
Start test 35?[0m
?[1;31m
Start test 36?[0m
?[1;31m
Start test 37?[0m
?[1;31m
Start test 38?[0m
?[1;31m
Start test 39?[0m
?[1;31m
Start test 40?[0m
?[1;31m
Start test 41?[0m
?[1;31m
Start test 42?[0m
?[1;31m
Start test 43?[0m
?[1;31m
Start test 44?[0m
?[1;31m
Start test 45?[0m
2022-05-29 16:21:25.906  INFO 17900 --- [     Thread-669] j.LocalContainerEntityManagerFactoryBean : Closing JPA EntityManagerFactory for persistence unit 'default'
2022-05-29 16:21:25.908  INFO 17900 --- [     Thread-669] o.s.s.concurrent.ThreadPoolTaskExecutor  : Shutting down ExecutorService 'applicationTaskExecutor'
2022-05-29 16:21:25.909  INFO 17900 --- [     Thread-669] com.zaxxer.hikari.HikariDataSource       : HikariPool-2 - Shutdown initiated...
2022-05-29 16:21:25.932  INFO 17900 --- [     Thread-669] com.zaxxer.hikari.HikariDataSource       : HikariPool-2 - Shutdown completed.

  .   ____          _            __ _ _
 /\\ / ___'_ __ _ _(_)_ __  __ _ \ \ \ \
( ( )\___ | '_ | '_| | '_ \/ _` | \ \ \ \
 \\/  ___)| |_)| | | | | || (_| |  ) ) ) )
  '  |____| .__|_| |_|_| |_\__, | / / / /
 =========|_|==============|___/=/_/_/_/
 :: Spring Boot ::        (v2.3.1.RELEASE)

2022-05-29 16:21:25.989  INFO 17900 --- [    Test worker] account.AccountServiceApplication        : Starting AccountServiceApplication on Fractal with PID 17900 (started by Fractal in D:\RepositoryRoadToProfession\Account Service\Account Service\task)
2022-05-29 16:21:25.989  INFO 17900 --- [    Test worker] account.AccountServiceApplication        : No active profile set, falling back to default profiles: default
2022-05-29 16:21:26.363  INFO 17900 --- [    Test worker] .s.d.r.c.RepositoryConfigurationDelegate : Bootstrapping Spring Data JPA repositories in DEFERRED mode.
2022-05-29 16:21:26.374  INFO 17900 --- [    Test worker] .s.d.r.c.RepositoryConfigurationDelegate : Finished Spring Data repository scanning in 10ms. Found 2 JPA repository interfaces.
2022-05-29 16:21:26.457  INFO 17900 --- [    Test worker] o.s.b.w.embedded.tomcat.TomcatWebServer  : Tomcat initialized with port(s): 28852 (http)
2022-05-29 16:21:26.458  INFO 17900 --- [    Test worker] o.apache.catalina.core.StandardService   : Starting service [Tomcat]
2022-05-29 16:21:26.458  INFO 17900 --- [    Test worker] org.apache.catalina.core.StandardEngine  : Starting Servlet engine: [Apache Tomcat/9.0.36]
2022-05-29 16:21:26.498  INFO 17900 --- [    Test worker] o.a.c.c.C.[Tomcat].[localhost].[/]       : Initializing Spring embedded WebApplicationContext
2022-05-29 16:21:26.498  INFO 17900 --- [    Test worker] w.s.c.ServletWebServerApplicationContext : Root WebApplicationContext: initialization completed in 506 ms
2022-05-29 16:21:26.538  INFO 17900 --- [    Test worker] com.zaxxer.hikari.HikariDataSource       : HikariPool-3 - Starting...
2022-05-29 16:21:26.547  INFO 17900 --- [    Test worker] com.zaxxer.hikari.HikariDataSource       : HikariPool-3 - Start completed.
2022-05-29 16:21:26.548  INFO 17900 --- [    Test worker] o.s.b.a.h2.H2ConsoleAutoConfiguration    : H2 console available at '/h2-console'. Database available at 'jdbc:h2:file:../service_db'
2022-05-29 16:21:26.603  INFO 17900 --- [    Test worker] o.s.s.concurrent.ThreadPoolTaskExecutor  : Initializing ExecutorService 'applicationTaskExecutor'
2022-05-29 16:21:26.610  INFO 17900 --- [         task-1] o.hibernate.jpa.internal.util.LogHelper  : HHH000204: Processing PersistenceUnitInfo [name: default]
2022-05-29 16:21:26.622  INFO 17900 --- [         task-1] org.hibernate.dialect.Dialect            : HHH000400: Using dialect: org.hibernate.dialect.H2Dialect
2022-05-29 16:21:26.660  WARN 17900 --- [    Test worker] JpaBaseConfiguration$JpaWebConfiguration : spring.jpa.open-in-view is enabled by default. Therefore, database queries may be performed during view rendering. Explicitly configure spring.jpa.open-in-view to disable this warning
2022-05-29 16:21:26.709  INFO 17900 --- [         task-1] o.h.e.t.j.p.i.JtaPlatformInitiator       : HHH000490: Using JtaPlatform implementation: [org.hibernate.engine.transaction.jta.platform.internal.NoJtaPlatform]
2022-05-29 16:21:26.710  INFO 17900 --- [         task-1] j.LocalContainerEntityManagerFactoryBean : Initialized JPA EntityManagerFactory for persistence unit 'default'
2022-05-29 16:21:26.717  INFO 17900 --- [    Test worker] o.s.s.web.DefaultSecurityFilterChain     : Creating filter chain: any request, [org.springframework.security.web.context.request.async.WebAsyncManagerIntegrationFilter@644c3590, org.springframework.security.web.context.SecurityContextPersistenceFilter@47bbf44d, org.springframework.security.web.header.HeaderWriterFilter@55465bfc, org.springframework.security.web.authentication.logout.LogoutFilter@5d1eb214, org.springframework.security.web.authentication.www.BasicAuthenticationFilter@2784145d, org.springframework.security.web.savedrequest.RequestCacheAwareFilter@35c9f527, org.springframework.security.web.servletapi.SecurityContextHolderAwareRequestFilter@52b7c1d9, org.springframework.security.web.authentication.AnonymousAuthenticationFilter@2e60d4f4, org.springframework.security.web.session.SessionManagementFilter@5625ba2, org.springframework.security.web.access.ExceptionTranslationFilter@13cc3984, org.springframework.security.web.access.intercept.FilterSecurityInterceptor@2a9f7572]
2022-05-29 16:21:26.913  INFO 17900 --- [    Test worker] o.s.b.a.e.web.EndpointLinksResolver      : Exposing 14 endpoint(s) beneath base path '/actuator'
2022-05-29 16:21:26.933  INFO 17900 --- [    Test worker] o.s.b.w.embedded.tomcat.TomcatWebServer  : Tomcat started on port(s): 28852 (http) with context path ''
2022-05-29 16:21:26.934  INFO 17900 --- [    Test worker] DeferredRepositoryInitializationListener : Triggering deferred initialization of Spring Data repositoriesâ€¦
2022-05-29 16:21:26.977  INFO 17900 --- [    Test worker] DeferredRepositoryInitializationListener : Spring Data repositories initialized!
2022-05-29 16:21:26.981  INFO 17900 --- [    Test worker] account.AccountServiceApplication        : Started AccountServiceApplication in 1.014 seconds (JVM running for 13.882)
?[1;31m
Start test 46?[0m
2022-05-29 16:21:26.988  INFO 17900 --- [io-28852-exec-1] o.a.c.c.C.[Tomcat].[localhost].[/]       : Initializing Spring DispatcherServlet 'dispatcherServlet'
2022-05-29 16:21:26.988  INFO 17900 --- [io-28852-exec-1] o.s.web.servlet.DispatcherServlet        : Initializing Servlet 'dispatcherServlet'
2022-05-29 16:21:26.991  INFO 17900 --- [io-28852-exec-1] o.s.web.servlet.DispatcherServlet        : Completed initialization in 3 ms
?[1;31m
Start test 47?[0m
?[1;31m
Start test 48?[0m
?[1;31m
Start test 49?[0m
?[1;31m
Start test 50?[0m
?[1;31m
Start test 51?[0m
?[1;31m
Start test 52?[0m
?[1;31m
Start test 53?[0m
?[1;31m
Start test 54?[0m
?[1;31m
Start test 55?[0m
?[1;31m
Start test 56?[0m
?[1;31m
Start test 57?[0m
?[1;31m
Start test 58?[0m
?[1;31m
Start test 59?[0m
?[1;31m
Start test 60?[0m
?[1;31m
Start test 61?[0m
?[1;31m
Start test 62?[0m
?[1;31m
Start test 63?[0m
?[1;31m
Start test 64?[0m
?[1;31m
Start test 65?[0m
?[1;31m
Start test 66?[0m
?[1;31m
Start test 67?[0m
?[1;31m
Start test 68?[0m
?[1;31m
Start test 69?[0m
?[1;31m
Start test 70?[0m
2022-05-29 16:21:28.934  WARN 17900 --- [io-28852-exec-7] .w.s.m.s.DefaultHandlerExceptionResolver : Resolved [org.springframework.http.converter.HttpMessageNotReadableException: JSON parse error: Cannot deserialize value of type `java.time.YearMonth` from String "13-2021": Failed to deserialize java.time.YearMonth: (java.time.format.DateTimeParseException) Text '13-2021' could not be parsed: Unable to obtain YearMonth from TemporalAccessor: {Year=2021, MonthOfYear=13},ISO of type java.time.format.Parsed; nested exception is com.fasterxml.jackson.databind.exc.InvalidFormatException: Cannot deserialize value of type `java.time.YearMonth` from String "13-2021": Failed to deserialize java.time.YearMonth: (java.time.format.DateTimeParseException) Text '13-2021' could not be parsed: Unable to obtain YearMonth from TemporalAccessor: {Year=2021, MonthOfYear=13},ISO of type java.time.format.Parsed
 at [Source: (PushbackInputStream); line: 1, column: 48] (through reference chain: java.util.ArrayList[0]->account.entites.Payment["period"])]
?[1;31m
Start test 71?[0m
?[1;31m
Start test 72?[0m
?[1;31m
Start test 73?[0m
?[1;31m
Start test 74?[0m
2022-05-29 16:21:29.220  WARN 17900 --- [io-28852-exec-9] .w.s.m.s.DefaultHandlerExceptionResolver : Resolved [org.springframework.http.converter.HttpMessageNotReadableException: JSON parse error: Cannot deserialize value of type `java.time.YearMonth` from String "13-2021": Failed to deserialize java.time.YearMonth: (java.time.format.DateTimeParseException) Text '13-2021' could not be parsed: Unable to obtain YearMonth from TemporalAccessor: {Year=2021, MonthOfYear=13},ISO of type java.time.format.Parsed; nested exception is com.fasterxml.jackson.databind.exc.InvalidFormatException: Cannot deserialize value of type `java.time.YearMonth` from String "13-2021": Failed to deserialize java.time.YearMonth: (java.time.format.DateTimeParseException) Text '13-2021' could not be parsed: Unable to obtain YearMonth from TemporalAccessor: {Year=2021, MonthOfYear=13},ISO of type java.time.format.Parsed
 at [Source: (PushbackInputStream); line: 1, column: 47] (through reference chain: account.entites.Payment["period"])]
?[1;31m
Start test 75?[0m
?[1;31m
Start test 76?[0m
?[1;31m
Start test 77?[0m
?[1;31m
Start test 78?[0m
]]></system-out>
  <system-err><![CDATA[]]></system-err>
</testsuite>
