<?xml version="1.0" encoding="UTF-8"?>
<testsuite name="AccountServiceTest" tests="1" skipped="0" failures="1" errors="0" timestamp="2022-06-02T17:49:29" hostname="FRACTAL" time="11.854">
  <properties/>
  <testcase name="start" classname="AccountServiceTest" time="11.854">
    <failure message="java.lang.AssertionError: Wrong answer in test #43&#10;&#10;GET /api/security/events/ should respond with status code 403, responded: 200&#10;Trying to access business endpoint with administrative user&#10;Response body:&#10;[ {&#13;&#10;  &quot;id&quot; : 2,&#13;&#10;  &quot;date&quot; : &quot;2022-06-02T20:49:35.881658&quot;,&#13;&#10;  &quot;action&quot; : &quot;CREATE_USER&quot;,&#13;&#10;  &quot;subject&quot; : &quot;Anonymous&quot;,&#13;&#10;  &quot;object&quot; : &quot;johndoe@acme.com&quot;,&#13;&#10;  &quot;path&quot; : &quot;/api/auth/signup&quot;&#13;&#10;}, {&#13;&#10;  &quot;id&quot; : 4,&#13;&#10;  &quot;date&quot; : &quot;2022-06-02T20:49:36.051658&quot;,&#13;&#10;  &quot;action&quot; : &quot;CREATE_USER&quot;,&#13;&#10;  &quot;subject&quot; : &quot;Anonymous&quot;,&#13;&#10;  &quot;object&quot; : &quot;ivanivanov@acme.com&quot;,&#13;&#10;  &quot;path&quot; : &quot;/api/auth/signup&quot;&#13;&#10;}, {&#13;&#10;  &quot;id&quot; : 6,&#13;&#10;  &quot;date&quot; : &quot;2022-06-02T20:49:36.237157&quot;,&#13;&#10;  &quot;action&quot; : &quot;GRANT_ROLE&quot;,&#13;&#10;  &quot;subject&quot; : &quot;johndoe@acme.com&quot;,&#13;&#10;  &quot;object&quot; : &quot;Grant role AUDITOR to ivanivanov@acme.com&quot;,&#13;&#10;  &quot;path&quot; : &quot;/api/admin/user/role&quot;&#13;&#10;}, {&#13;&#10;  &quot;id&quot; : 11,&#13;&#10;  &quot;date&quot; : &quot;2022-06-02T20:49:36.55116&quot;,&#13;&#10;  &quot;action&quot; : &quot;CREATE_USER&quot;,&#13;&#10;  &quot;subject&quot; : &quot;Anonymous&quot;,&#13;&#10;  &quot;object&quot; : &quot;maxmustermann@acme.com&quot;,&#13;&#10;  &quot;path&quot; : &quot;/api/auth/signup&quot;&#13;&#10;}, {&#13;&#10;  &quot;id&quot; : 14,&#13;&#10;  &quot;date&quot; : &quot;2022-06-02T20:49:36.692158&quot;,&#13;&#10;  &quot;action&quot; : &quot;CREATE_USER&quot;,&#13;&#10;  &quot;subject&quot; : &quot;Anonymous&quot;,&#13;&#10;  &quot;object&quot; : &quot;petrpetrov@acme.com&quot;,&#13;&#10;  &quot;path&quot; : &quot;/api/auth/signup&quot;&#13;&#10;}, {&#13;&#10;  &quot;id&quot; : 19,&#13;&#10;  &quot;date&quot; : &quot;2022-06-02T20:49:36.989661&quot;,&#13;&#10;  &quot;action&quot; : &quot;LOGIN_FAILED&quot;,&#13;&#10;  &quot;subject&quot; : &quot;maxmustermann@acme.com&quot;,&#13;&#10;  &quot;object&quot; : &quot;/api/empl/payment&quot;,&#13;&#10;  &quot;path&quot; : &quot;/api/empl/payment&quot;&#13;&#10;}, {&#13;&#10;  &quot;id&quot; : 22,&#13;&#10;  &quot;date&quot; : &quot;2022-06-02T20:49:37.15166&quot;,&#13;&#10;  &quot;action&quot; : &quot;LOGIN_FAILED&quot;,&#13;&#10;  &quot;subject&quot; : &quot;maxmustermann@google.com&quot;,&#13;&#10;  &quot;object&quot; : &quot;/api/empl/payment&quot;,&#13;&#10;  &quot;path&quot; : &quot;/api/empl/payment&quot;&#13;&#10;}, {&#13;&#10;  &quot;id&quot; : 25,&#13;&#10;  &quot;date&quot; : &quot;2022-06-02T20:49:37.297158&quot;,&#13;&#10;  &quot;action&quot; : &quot;LOGIN_FAILED&quot;,&#13;&#10;  &quot;subject&quot; : &quot;nautilus@pompilius.com&quot;,&#13;&#10;  &quot;object&quot; : &quot;/api/empl/payment&quot;,&#13;&#10;  &quot;path&quot; : &quot;/api/empl/payment&quot;&#13;&#10;}, {&#13;&#10;  &quot;id&quot; : 29,&#13;&#10;  &quot;date&quot; : &quot;2022-06-02T20:49:39.589658&quot;,&#13;&#10;  &quot;action&quot; : &quot;GRANT_ROLE&quot;,&#13;&#10;  &quot;subject&quot; : &quot;johndoe@acme.com&quot;,&#13;&#10;  &quot;object&quot; : &quot;Grant role ACCOUNTANT to petrpetrov@acme.com&quot;,&#13;&#10;  &quot;path&quot; : &quot;/api/admin/user/role&quot;&#13;&#10;}, {&#13;&#10;  &quot;id&quot; : 32,&#13;&#10;  &quot;date&quot; : &quot;2022-06-02T20:49:39.763659&quot;,&#13;&#10;  &quot;action&quot; : &quot;REMOVE_ROLE&quot;,&#13;&#10;  &quot;subject&quot; : &quot;johndoe@acme.com&quot;,&#13;&#10;  &quot;object&quot; : &quot;Remove role ACCOUNTANT from petrpetrov@acme.com&quot;,&#13;&#10;  &quot;path&quot; : &quot;/api/admin/user/role&quot;&#13;&#10;}, {&#13;&#10;  &quot;id&quot; : 35,&#13;&#10;  &quot;date&quot; : &quot;2022-06-02T20:49:39.934892&quot;,&#13;&#10;  &quot;action&quot; : &quot;DELETE_USER&quot;,&#13;&#10;  &quot;subject&quot; : &quot;johndoe@acme.com&quot;,&#13;&#10;  &quot;object&quot; : &quot;petrpetrov@acme.com&quot;,&#13;&#10;  &quot;path&quot; : &quot;/api/admin/user&quot;&#13;&#10;}, {&#13;&#10;  &quot;id&quot; : 38,&#13;&#10;  &quot;date&quot; : &quot;2022-06-02T20:49:40.226159&quot;,&#13;&#10;  &quot;action&quot; : &quot;CHANGE_PASSWORD&quot;,&#13;&#10;  &quot;subject&quot; : &quot;johndoe@acme.com&quot;,&#13;&#10;  &quot;object&quot; : &quot;johndoe@acme.com&quot;,&#13;&#10;  &quot;path&quot; : &quot;/api/auth/changepass&quot;&#13;&#10;}, {&#13;&#10;  &quot;id&quot; : 41,&#13;&#10;  &quot;date&quot; : &quot;2022-06-02T20:49:40.364658&quot;,&#13;&#10;  &quot;action&quot; : &quot;ACCESS_DENIED&quot;,&#13;&#10;  &quot;subject&quot; : &quot;ivanivanov@acme.com&quot;,&#13;&#10;  &quot;object&quot; : &quot;/api/admin/user/role&quot;,&#13;&#10;  &quot;path&quot; : &quot;/api/admin/user/role&quot;&#13;&#10;}, {&#13;&#10;  &quot;id&quot; : 44,&#13;&#10;  &quot;date&quot; : &quot;2022-06-02T20:49:40.505668&quot;,&#13;&#10;  &quot;action&quot; : &quot;ACCESS_DENIED&quot;,&#13;&#10;  &quot;subject&quot; : &quot;ivanivanov@acme.com&quot;,&#13;&#10;  &quot;object&quot; : &quot;/api/admin/user/&quot;,&#13;&#10;  &quot;path&quot; : &quot;/api/admin/user/&quot;&#13;&#10;}, {&#13;&#10;  &quot;id&quot; : 47,&#13;&#10;  &quot;date&quot; : &quot;2022-06-02T20:49:40.653659&quot;,&#13;&#10;  &quot;action&quot; : &quot;ACCESS_DENIED&quot;,&#13;&#10;  &quot;subject&quot; : &quot;ivanivanov@acme.com&quot;,&#13;&#10;  &quot;object&quot; : &quot;/api/admin/user/&quot;,&#13;&#10;  &quot;path&quot; : &quot;/api/admin/user/&quot;&#13;&#10;}, {&#13;&#10;  &quot;id&quot; : 50,&#13;&#10;  &quot;date&quot; : &quot;2022-06-02T20:49:40.795658&quot;,&#13;&#10;  &quot;action&quot; : &quot;ACCESS_DENIED&quot;,&#13;&#10;  &quot;subject&quot; : &quot;johndoe@acme.com&quot;,&#13;&#10;  &quot;object&quot; : &quot;/api/acct/payments&quot;,&#13;&#10;  &quot;path&quot; : &quot;/api/acct/payments&quot;&#13;&#10;}, {&#13;&#10;  &quot;id&quot; : 52,&#13;&#10;  &quot;date&quot; : &quot;2022-06-02T20:49:40.932658&quot;,&#13;&#10;  &quot;action&quot; : &quot;ACCESS_DENIED&quot;,&#13;&#10;  &quot;subject&quot; : &quot;maxmustermann@acme.com&quot;,&#13;&#10;  &quot;object&quot; : &quot;/api/acct/payments&quot;,&#13;&#10;  &quot;path&quot; : &quot;/api/acct/payments&quot;&#13;&#10;}, {&#13;&#10;  &quot;id&quot; : 55,&#13;&#10;  &quot;date&quot; : &quot;2022-06-02T20:49:41.06866&quot;,&#13;&#10;  &quot;action&quot; : &quot;ACCESS_DENIED&quot;,&#13;&#10;  &quot;subject&quot; : &quot;johndoe@acme.com&quot;,&#13;&#10;  &quot;object&quot; : &quot;/api/empl/payment&quot;,&#13;&#10;  &quot;path&quot; : &quot;/api/empl/payment&quot;&#13;&#10;} ]&#10;&#10;Please find below the output of your program during this failed test.&#10;&#10;---&#10;&#10;.   ____          _            __ _ _&#10; /\\ / ___'_ __ _ _(_)_ __  __ _ \ \ \ \&#10;( ( )\___ | '_ | '_| | '_ \/ _` | \ \ \ \&#10; \\/  ___)| |_)| | | | | || (_| |  ) ) ) )&#10;  '  |____| .__|_| |_|_| |_\__, | / / / /&#10; =========|_|==============|___/=/_/_/_/&#10; :: Spring Boot ::        (v2.3.1.RELEASE)&#10;&#10;2022-06-02 20:49:30.188  INFO 15192 --- [    Test worker] account.AccountServiceApplication        : Starting AccountServiceApplication on Fractal with PID 15192 (started by Fractal in D:\RepositoryRoadToProfession\Account Service\Account Service\task)&#10;2022-06-02 20:49:30.194  INFO 15192 --- [    Test worker] account.AccountServiceApplication        : No active profile set, falling back to default profiles: default&#10;2022-06-02 20:49:31.393  INFO 15192 --- [    Test worker] .s.d.r.c.RepositoryConfigurationDelegate : Bootstrapping Spring Data JPA repositories in DEFERRED mode.&#10;2022-06-02 20:49:31.475  INFO 15192 --- [    Test worker] .s.d.r.c.RepositoryConfigurationDelegate : Finished Spring Data repository scanning in 74ms. Found 4 JPA repository interfaces.&#10;2022-06-02 20:49:32.216  INFO 15192 --- [    Test worker] o.s.b.w.embedded.tomcat.TomcatWebServer  : Tomcat initialized with port(s): 28852 (http)&#10;2022-06-02 20:49:32.231  INFO 15192 --- [    Test worker] o.apache.catalina.core.StandardService   : Starting service [Tomcat]&#10;2022-06-02 20:49:32.231  INFO 15192 --- [    Test worker] org.apache.catalina.core.StandardEngine  : Starting Servlet engine: [Apache Tomcat/9.0.36]&#10;2022-06-02 20:49:32.435  INFO 15192 --- [    Test worker] o.a.c.c.C.[Tomcat].[localhost].[/]       : Initializing Spring embedded WebApplicationContext&#10;2022-06-02 20:49:32.436  INFO 15192 --- [    Test worker] w.s.c.ServletWebServerApplicationContext : Root WebApplicationContext: initialization completed in 2171 ms&#10;2022-06-02 20:49:32.589  INFO 15192 --- [    Test worker] com.zaxxer.hikari.HikariDataSource       : HikariPool-1 - Starting...&#10;2022-06-02 20:49:32.832  INFO 15192 --- [    Test worker] com.zaxxer.hikari.HikariDataSource       : HikariPool-1 - Start completed.&#10;2022-06-02 20:49:32.849  INFO 15192 --- [    Test worker] o.s.b.a.h2.H2ConsoleAutoConfiguration    : H2 console available at '/h2-console'. Database available at 'jdbc:h2:file:../service_db'&#10;2022-06-02 20:49:33.012  INFO 15192 --- [    Test worker] o.s.s.concurrent.ThreadPoolTaskExecutor  : Initializing ExecutorService 'applicationTaskExecutor'&#10;2022-06-02 20:49:33.071  INFO 15192 --- [         task-1] o.hibernate.jpa.internal.util.LogHelper  : HHH000204: Processing PersistenceUnitInfo [name: default]&#10;2022-06-02 20:49:33.145  WARN 15192 --- [    Test worker] JpaBaseConfiguration$JpaWebConfiguration : spring.jpa.open-in-view is enabled by default. Therefore, database queries may be performed during view rendering. Explicitly configure spring.jpa.open-in-view to disable this warning&#10;2022-06-02 20:49:33.171  INFO 15192 --- [         task-1] org.hibernate.Version                    : HHH000412: Hibernate ORM core version 5.4.17.Final&#10;2022-06-02 20:49:33.403  INFO 15192 --- [         task-1] o.hibernate.annotations.common.Version   : HCANN000001: Hibernate Commons Annotations {5.1.0.Final}&#10;2022-06-02 20:49:33.413  INFO 15192 --- [    Test worker] o.s.s.web.DefaultSecurityFilterChain     : Creating filter chain: any request, [org.springframework.security.web.context.request.async.WebAsyncManagerIntegrationFilter@4e2109fe, org.springframework.security.web.context.SecurityContextPersistenceFilter@280ecc33, org.springframework.security.web.header.HeaderWriterFilter@645ba24a, org.springframework.security.web.authentication.logout.LogoutFilter@a0d875d, org.springframework.security.web.authentication.www.BasicAuthenticationFilter@271e851e, org.springframework.security.web.savedrequest.RequestCacheAwareFilter@3c27f72, org.springframework.security.web.servletapi.SecurityContextHolderAwareRequestFilter@43d3995f, org.springframework.security.web.authentication.AnonymousAuthenticationFilter@18dac12f, org.springframework.security.web.session.SessionManagementFilter@46524ebe, org.springframework.security.web.access.ExceptionTranslationFilter@3c6bd624, org.springframework.security.web.access.intercept.FilterSecurityInterceptor@277bc3a5]&#10;2022-06-02 20:49:33.588  INFO 15192 --- [         task-1] org.hibernate.dialect.Dialect            : HHH000400: Using dialect: org.hibernate.dialect.H2Dialect&#10;2022-06-02 20:49:34.646  INFO 15192 --- [         task-1] o.h.e.t.j.p.i.JtaPlatformInitiator       : HHH000490: Using JtaPlatform implementation: [org.hibernate.engine.transaction.jta.platform.internal.NoJtaPlatform]&#10;2022-06-02 20:49:34.656  INFO 15192 --- [         task-1] j.LocalContainerEntityManagerFactoryBean : Initialized JPA EntityManagerFactory for persistence unit 'default'&#10;2022-06-02 20:49:34.729  INFO 15192 --- [    Test worker] o.s.b.a.e.web.EndpointLinksResolver      : Exposing 14 endpoint(s) beneath base path '/actuator'&#10;2022-06-02 20:49:34.793  INFO 15192 --- [    Test worker] o.s.b.w.embedded.tomcat.TomcatWebServer  : Tomcat started on port(s): 28852 (http) with context path ''&#10;2022-06-02 20:49:34.794  INFO 15192 --- [    Test worker] DeferredRepositoryInitializationListener : Triggering deferred initialization of Spring Data repositories…&#10;2022-06-02 20:49:35.128  INFO 15192 --- [    Test worker] DeferredRepositoryInitializationListener : Spring Data repositories initialized!&#10;2022-06-02 20:49:35.141  INFO 15192 --- [    Test worker] account.AccountServiceApplication        : Started AccountServiceApplication in 5.346 seconds (JVM running for 6.418)&#10;2022-06-02 20:49:35.472  INFO 15192 --- [io-28852-exec-1] o.a.c.c.C.[Tomcat].[localhost].[/]       : Initializing Spring DispatcherServlet 'dispatcherServlet'&#10;2022-06-02 20:49:35.473  INFO 15192 --- [io-28852-exec-1] o.s.web.servlet.DispatcherServlet        : Initializing Servlet 'dispatcherServlet'&#10;2022-06-02 20:49:35.483  INFO 15192 --- [io-28852-exec-1] o.s.web.servlet.DispatcherServlet        : Completed initialization in 10 ms&#10;2022-06-02 20:49:37.923  INFO 15192 --- [     Thread-336] j.LocalContainerEntityManagerFactoryBean : Closing JPA EntityManagerFactory for persistence unit 'default'&#10;2022-06-02 20:49:37.925  INFO 15192 --- [     Thread-336] o.s.s.concurrent.ThreadPoolTaskExecutor  : Shutting down ExecutorService 'applicationTaskExecutor'&#10;2022-06-02 20:49:37.926  INFO 15192 --- [     Thread-336] com.zaxxer.hikari.HikariDataSource       : HikariPool-1 - Shutdown initiated...&#10;2022-06-02 20:49:37.951  INFO 15192 --- [     Thread-336] com.zaxxer.hikari.HikariDataSource       : HikariPool-1 - Shutdown completed.&#10;&#10;  .   ____          _            __ _ _&#10; /\\ / ___'_ __ _ _(_)_ __  __ _ \ \ \ \&#10;( ( )\___ | '_ | '_| | '_ \/ _` | \ \ \ \&#10; \\/  ___)| |_)| | | | | || (_| |  ) ) ) )&#10;  '  |____| .__|_| |_|_| |_\__, | / / / /&#10; =========|_|==============|___/=/_/_/_/&#10; :: Spring Boot ::        (v2.3.1.RELEASE)&#10;&#10;2022-06-02 20:49:38.037  INFO 15192 --- [    Test worker] account.AccountServiceApplication        : Starting AccountServiceApplication on Fractal with PID 15192 (started by Fractal in D:\RepositoryRoadToProfession\Account Service\Account Service\task)&#10;2022-06-02 20:49:38.038  INFO 15192 --- [    Test worker] account.AccountServiceApplication        : No active profile set, falling back to default profiles: default&#10;2022-06-02 20:49:38.522  INFO 15192 --- [    Test worker] .s.d.r.c.RepositoryConfigurationDelegate : Bootstrapping Spring Data JPA repositories in DEFERRED mode.&#10;2022-06-02 20:49:38.535  INFO 15192 --- [    Test worker] .s.d.r.c.RepositoryConfigurationDelegate : Finished Spring Data repository scanning in 13ms. Found 4 JPA repository interfaces.&#10;2022-06-02 20:49:38.647  INFO 15192 --- [    Test worker] o.s.b.w.embedded.tomcat.TomcatWebServer  : Tomcat initialized with port(s): 28852 (http)&#10;2022-06-02 20:49:38.648  INFO 15192 --- [    Test worker] o.apache.catalina.core.StandardService   : Starting service [Tomcat]&#10;2022-06-02 20:49:38.648  INFO 15192 --- [    Test worker] org.apache.catalina.core.StandardEngine  : Starting Servlet engine: [Apache Tomcat/9.0.36]&#10;2022-06-02 20:49:38.693  INFO 15192 --- [    Test worker] o.a.c.c.C.[Tomcat].[localhost].[/]       : Initializing Spring embedded WebApplicationContext&#10;2022-06-02 20:49:38.694  INFO 15192 --- [    Test worker] w.s.c.ServletWebServerApplicationContext : Root WebApplicationContext: initialization completed in 653 ms&#10;2022-06-02 20:49:38.745  INFO 15192 --- [    Test worker] com.zaxxer.hikari.HikariDataSource       : HikariPool-2 - Starting...&#10;2022-06-02 20:49:38.760  INFO 15192 --- [    Test worker] com.zaxxer.hikari.HikariDataSource       : HikariPool-2 - Start completed.&#10;2022-06-02 20:49:38.761  INFO 15192 --- [    Test worker] o.s.b.a.h2.H2ConsoleAutoConfiguration    : H2 console available at '/h2-console'. Database available at 'jdbc:h2:file:../service_db'&#10;2022-06-02 20:49:38.816  INFO 15192 --- [    Test worker] o.s.s.concurrent.ThreadPoolTaskExecutor  : Initializing ExecutorService 'applicationTaskExecutor'&#10;2022-06-02 20:49:38.822  INFO 15192 --- [         task-1] o.hibernate.jpa.internal.util.LogHelper  : HHH000204: Processing PersistenceUnitInfo [name: default]&#10;2022-06-02 20:49:38.828  INFO 15192 --- [         task-1] org.hibernate.dialect.Dialect            : HHH000400: Using dialect: org.hibernate.dialect.H2Dialect&#10;2022-06-02 20:49:38.857  WARN 15192 --- [    Test worker] JpaBaseConfiguration$JpaWebConfiguration : spring.jpa.open-in-view is enabled by default. Therefore, database queries may be performed during view rendering. Explicitly configure spring.jpa.open-in-view to disable this warning&#10;2022-06-02 20:49:38.910  INFO 15192 --- [    Test worker] o.s.s.web.DefaultSecurityFilterChain     : Creating filter chain: any request, [org.springframework.security.web.context.request.async.WebAsyncManagerIntegrationFilter@6a7ab205, org.springframework.security.web.context.SecurityContextPersistenceFilter@2059c3ff, org.springframework.security.web.header.HeaderWriterFilter@799206ad, org.springframework.security.web.authentication.logout.LogoutFilter@606f0f70, org.springframework.security.web.authentication.www.BasicAuthenticationFilter@1a53ac0c, org.springframework.security.web.savedrequest.RequestCacheAwareFilter@2f8ab988, org.springframework.security.web.servletapi.SecurityContextHolderAwareRequestFilter@46c475ba, org.springframework.security.web.authentication.AnonymousAuthenticationFilter@10cb5047, org.springframework.security.web.session.SessionManagementFilter@60251ddb, org.springframework.security.web.access.ExceptionTranslationFilter@7d4e424e, org.springframework.security.web.access.intercept.FilterSecurityInterceptor@26c2f767]&#10;2022-06-02 20:49:38.936  INFO 15192 --- [         task-1] o.h.e.t.j.p.i.JtaPlatformInitiator       : HHH000490: Using JtaPlatform implementation: [org.hibernate.engine.transaction.jta.platform.internal.NoJtaPlatform]&#10;2022-06-02 20:49:38.936  INFO 15192 --- [         task-1] j.LocalContainerEntityManagerFactoryBean : Initialized JPA EntityManagerFactory for persistence unit 'default'&#10;2022-06-02 20:49:39.129  INFO 15192 --- [    Test worker] o.s.b.a.e.web.EndpointLinksResolver      : Exposing 14 endpoint(s) beneath base path '/actuator'&#10;2022-06-02 20:49:39.147  INFO 15192 --- [    Test worker] o.s.b.w.embedded.tomcat.TomcatWebServer  : Tomcat started on port(s): 28852 (http) with context path ''&#10;2022-06-02 20:49:39.148  INFO 15192 --- [    Test worker] DeferredRepositoryInitializationListener : Triggering deferred initialization of Spring Data repositories…&#10;2022-06-02 20:49:39.207  INFO 15192 --- [    Test worker] DeferredRepositoryInitializationListener : Spring Data repositories initialized!&#10;2022-06-02 20:49:39.211  INFO 15192 --- [    Test worker] account.AccountServiceApplication        : Started AccountServiceApplication in 1.198 seconds (JVM running for 10.487)&#10;2022-06-02 20:49:39.218  INFO 15192 --- [io-28852-exec-1] o.a.c.c.C.[Tomcat].[localhost].[/]       : Initializing Spring DispatcherServlet 'dispatcherServlet'&#10;2022-06-02 20:49:39.218  INFO 15192 --- [io-28852-exec-1] o.s.web.servlet.DispatcherServlet        : Initializing Servlet 'dispatcherServlet'&#10;2022-06-02 20:49:39.223  INFO 15192 --- [io-28852-exec-1] o.s.web.servlet.DispatcherServlet        : Completed initialization in 4 ms" type="java.lang.AssertionError">java.lang.AssertionError: Wrong answer in test #43

GET /api/security/events/ should respond with status code 403, responded: 200
Trying to access business endpoint with administrative user
Response body:
[ {
  &quot;id&quot; : 2,
  &quot;date&quot; : &quot;2022-06-02T20:49:35.881658&quot;,
  &quot;action&quot; : &quot;CREATE_USER&quot;,
  &quot;subject&quot; : &quot;Anonymous&quot;,
  &quot;object&quot; : &quot;johndoe@acme.com&quot;,
  &quot;path&quot; : &quot;/api/auth/signup&quot;
}, {
  &quot;id&quot; : 4,
  &quot;date&quot; : &quot;2022-06-02T20:49:36.051658&quot;,
  &quot;action&quot; : &quot;CREATE_USER&quot;,
  &quot;subject&quot; : &quot;Anonymous&quot;,
  &quot;object&quot; : &quot;ivanivanov@acme.com&quot;,
  &quot;path&quot; : &quot;/api/auth/signup&quot;
}, {
  &quot;id&quot; : 6,
  &quot;date&quot; : &quot;2022-06-02T20:49:36.237157&quot;,
  &quot;action&quot; : &quot;GRANT_ROLE&quot;,
  &quot;subject&quot; : &quot;johndoe@acme.com&quot;,
  &quot;object&quot; : &quot;Grant role AUDITOR to ivanivanov@acme.com&quot;,
  &quot;path&quot; : &quot;/api/admin/user/role&quot;
}, {
  &quot;id&quot; : 11,
  &quot;date&quot; : &quot;2022-06-02T20:49:36.55116&quot;,
  &quot;action&quot; : &quot;CREATE_USER&quot;,
  &quot;subject&quot; : &quot;Anonymous&quot;,
  &quot;object&quot; : &quot;maxmustermann@acme.com&quot;,
  &quot;path&quot; : &quot;/api/auth/signup&quot;
}, {
  &quot;id&quot; : 14,
  &quot;date&quot; : &quot;2022-06-02T20:49:36.692158&quot;,
  &quot;action&quot; : &quot;CREATE_USER&quot;,
  &quot;subject&quot; : &quot;Anonymous&quot;,
  &quot;object&quot; : &quot;petrpetrov@acme.com&quot;,
  &quot;path&quot; : &quot;/api/auth/signup&quot;
}, {
  &quot;id&quot; : 19,
  &quot;date&quot; : &quot;2022-06-02T20:49:36.989661&quot;,
  &quot;action&quot; : &quot;LOGIN_FAILED&quot;,
  &quot;subject&quot; : &quot;maxmustermann@acme.com&quot;,
  &quot;object&quot; : &quot;/api/empl/payment&quot;,
  &quot;path&quot; : &quot;/api/empl/payment&quot;
}, {
  &quot;id&quot; : 22,
  &quot;date&quot; : &quot;2022-06-02T20:49:37.15166&quot;,
  &quot;action&quot; : &quot;LOGIN_FAILED&quot;,
  &quot;subject&quot; : &quot;maxmustermann@google.com&quot;,
  &quot;object&quot; : &quot;/api/empl/payment&quot;,
  &quot;path&quot; : &quot;/api/empl/payment&quot;
}, {
  &quot;id&quot; : 25,
  &quot;date&quot; : &quot;2022-06-02T20:49:37.297158&quot;,
  &quot;action&quot; : &quot;LOGIN_FAILED&quot;,
  &quot;subject&quot; : &quot;nautilus@pompilius.com&quot;,
  &quot;object&quot; : &quot;/api/empl/payment&quot;,
  &quot;path&quot; : &quot;/api/empl/payment&quot;
}, {
  &quot;id&quot; : 29,
  &quot;date&quot; : &quot;2022-06-02T20:49:39.589658&quot;,
  &quot;action&quot; : &quot;GRANT_ROLE&quot;,
  &quot;subject&quot; : &quot;johndoe@acme.com&quot;,
  &quot;object&quot; : &quot;Grant role ACCOUNTANT to petrpetrov@acme.com&quot;,
  &quot;path&quot; : &quot;/api/admin/user/role&quot;
}, {
  &quot;id&quot; : 32,
  &quot;date&quot; : &quot;2022-06-02T20:49:39.763659&quot;,
  &quot;action&quot; : &quot;REMOVE_ROLE&quot;,
  &quot;subject&quot; : &quot;johndoe@acme.com&quot;,
  &quot;object&quot; : &quot;Remove role ACCOUNTANT from petrpetrov@acme.com&quot;,
  &quot;path&quot; : &quot;/api/admin/user/role&quot;
}, {
  &quot;id&quot; : 35,
  &quot;date&quot; : &quot;2022-06-02T20:49:39.934892&quot;,
  &quot;action&quot; : &quot;DELETE_USER&quot;,
  &quot;subject&quot; : &quot;johndoe@acme.com&quot;,
  &quot;object&quot; : &quot;petrpetrov@acme.com&quot;,
  &quot;path&quot; : &quot;/api/admin/user&quot;
}, {
  &quot;id&quot; : 38,
  &quot;date&quot; : &quot;2022-06-02T20:49:40.226159&quot;,
  &quot;action&quot; : &quot;CHANGE_PASSWORD&quot;,
  &quot;subject&quot; : &quot;johndoe@acme.com&quot;,
  &quot;object&quot; : &quot;johndoe@acme.com&quot;,
  &quot;path&quot; : &quot;/api/auth/changepass&quot;
}, {
  &quot;id&quot; : 41,
  &quot;date&quot; : &quot;2022-06-02T20:49:40.364658&quot;,
  &quot;action&quot; : &quot;ACCESS_DENIED&quot;,
  &quot;subject&quot; : &quot;ivanivanov@acme.com&quot;,
  &quot;object&quot; : &quot;/api/admin/user/role&quot;,
  &quot;path&quot; : &quot;/api/admin/user/role&quot;
}, {
  &quot;id&quot; : 44,
  &quot;date&quot; : &quot;2022-06-02T20:49:40.505668&quot;,
  &quot;action&quot; : &quot;ACCESS_DENIED&quot;,
  &quot;subject&quot; : &quot;ivanivanov@acme.com&quot;,
  &quot;object&quot; : &quot;/api/admin/user/&quot;,
  &quot;path&quot; : &quot;/api/admin/user/&quot;
}, {
  &quot;id&quot; : 47,
  &quot;date&quot; : &quot;2022-06-02T20:49:40.653659&quot;,
  &quot;action&quot; : &quot;ACCESS_DENIED&quot;,
  &quot;subject&quot; : &quot;ivanivanov@acme.com&quot;,
  &quot;object&quot; : &quot;/api/admin/user/&quot;,
  &quot;path&quot; : &quot;/api/admin/user/&quot;
}, {
  &quot;id&quot; : 50,
  &quot;date&quot; : &quot;2022-06-02T20:49:40.795658&quot;,
  &quot;action&quot; : &quot;ACCESS_DENIED&quot;,
  &quot;subject&quot; : &quot;johndoe@acme.com&quot;,
  &quot;object&quot; : &quot;/api/acct/payments&quot;,
  &quot;path&quot; : &quot;/api/acct/payments&quot;
}, {
  &quot;id&quot; : 52,
  &quot;date&quot; : &quot;2022-06-02T20:49:40.932658&quot;,
  &quot;action&quot; : &quot;ACCESS_DENIED&quot;,
  &quot;subject&quot; : &quot;maxmustermann@acme.com&quot;,
  &quot;object&quot; : &quot;/api/acct/payments&quot;,
  &quot;path&quot; : &quot;/api/acct/payments&quot;
}, {
  &quot;id&quot; : 55,
  &quot;date&quot; : &quot;2022-06-02T20:49:41.06866&quot;,
  &quot;action&quot; : &quot;ACCESS_DENIED&quot;,
  &quot;subject&quot; : &quot;johndoe@acme.com&quot;,
  &quot;object&quot; : &quot;/api/empl/payment&quot;,
  &quot;path&quot; : &quot;/api/empl/payment&quot;
} ]

Please find below the output of your program during this failed test.

---

.   ____          _            __ _ _
 /\\ / ___'_ __ _ _(_)_ __  __ _ \ \ \ \
( ( )\___ | '_ | '_| | '_ \/ _` | \ \ \ \
 \\/  ___)| |_)| | | | | || (_| |  ) ) ) )
  '  |____| .__|_| |_|_| |_\__, | / / / /
 =========|_|==============|___/=/_/_/_/
 :: Spring Boot ::        (v2.3.1.RELEASE)

2022-06-02 20:49:30.188  INFO 15192 --- [    Test worker] account.AccountServiceApplication        : Starting AccountServiceApplication on Fractal with PID 15192 (started by Fractal in D:\RepositoryRoadToProfession\Account Service\Account Service\task)
2022-06-02 20:49:30.194  INFO 15192 --- [    Test worker] account.AccountServiceApplication        : No active profile set, falling back to default profiles: default
2022-06-02 20:49:31.393  INFO 15192 --- [    Test worker] .s.d.r.c.RepositoryConfigurationDelegate : Bootstrapping Spring Data JPA repositories in DEFERRED mode.
2022-06-02 20:49:31.475  INFO 15192 --- [    Test worker] .s.d.r.c.RepositoryConfigurationDelegate : Finished Spring Data repository scanning in 74ms. Found 4 JPA repository interfaces.
2022-06-02 20:49:32.216  INFO 15192 --- [    Test worker] o.s.b.w.embedded.tomcat.TomcatWebServer  : Tomcat initialized with port(s): 28852 (http)
2022-06-02 20:49:32.231  INFO 15192 --- [    Test worker] o.apache.catalina.core.StandardService   : Starting service [Tomcat]
2022-06-02 20:49:32.231  INFO 15192 --- [    Test worker] org.apache.catalina.core.StandardEngine  : Starting Servlet engine: [Apache Tomcat/9.0.36]
2022-06-02 20:49:32.435  INFO 15192 --- [    Test worker] o.a.c.c.C.[Tomcat].[localhost].[/]       : Initializing Spring embedded WebApplicationContext
2022-06-02 20:49:32.436  INFO 15192 --- [    Test worker] w.s.c.ServletWebServerApplicationContext : Root WebApplicationContext: initialization completed in 2171 ms
2022-06-02 20:49:32.589  INFO 15192 --- [    Test worker] com.zaxxer.hikari.HikariDataSource       : HikariPool-1 - Starting...
2022-06-02 20:49:32.832  INFO 15192 --- [    Test worker] com.zaxxer.hikari.HikariDataSource       : HikariPool-1 - Start completed.
2022-06-02 20:49:32.849  INFO 15192 --- [    Test worker] o.s.b.a.h2.H2ConsoleAutoConfiguration    : H2 console available at '/h2-console'. Database available at 'jdbc:h2:file:../service_db'
2022-06-02 20:49:33.012  INFO 15192 --- [    Test worker] o.s.s.concurrent.ThreadPoolTaskExecutor  : Initializing ExecutorService 'applicationTaskExecutor'
2022-06-02 20:49:33.071  INFO 15192 --- [         task-1] o.hibernate.jpa.internal.util.LogHelper  : HHH000204: Processing PersistenceUnitInfo [name: default]
2022-06-02 20:49:33.145  WARN 15192 --- [    Test worker] JpaBaseConfiguration$JpaWebConfiguration : spring.jpa.open-in-view is enabled by default. Therefore, database queries may be performed during view rendering. Explicitly configure spring.jpa.open-in-view to disable this warning
2022-06-02 20:49:33.171  INFO 15192 --- [         task-1] org.hibernate.Version                    : HHH000412: Hibernate ORM core version 5.4.17.Final
2022-06-02 20:49:33.403  INFO 15192 --- [         task-1] o.hibernate.annotations.common.Version   : HCANN000001: Hibernate Commons Annotations {5.1.0.Final}
2022-06-02 20:49:33.413  INFO 15192 --- [    Test worker] o.s.s.web.DefaultSecurityFilterChain     : Creating filter chain: any request, [org.springframework.security.web.context.request.async.WebAsyncManagerIntegrationFilter@4e2109fe, org.springframework.security.web.context.SecurityContextPersistenceFilter@280ecc33, org.springframework.security.web.header.HeaderWriterFilter@645ba24a, org.springframework.security.web.authentication.logout.LogoutFilter@a0d875d, org.springframework.security.web.authentication.www.BasicAuthenticationFilter@271e851e, org.springframework.security.web.savedrequest.RequestCacheAwareFilter@3c27f72, org.springframework.security.web.servletapi.SecurityContextHolderAwareRequestFilter@43d3995f, org.springframework.security.web.authentication.AnonymousAuthenticationFilter@18dac12f, org.springframework.security.web.session.SessionManagementFilter@46524ebe, org.springframework.security.web.access.ExceptionTranslationFilter@3c6bd624, org.springframework.security.web.access.intercept.FilterSecurityInterceptor@277bc3a5]
2022-06-02 20:49:33.588  INFO 15192 --- [         task-1] org.hibernate.dialect.Dialect            : HHH000400: Using dialect: org.hibernate.dialect.H2Dialect
2022-06-02 20:49:34.646  INFO 15192 --- [         task-1] o.h.e.t.j.p.i.JtaPlatformInitiator       : HHH000490: Using JtaPlatform implementation: [org.hibernate.engine.transaction.jta.platform.internal.NoJtaPlatform]
2022-06-02 20:49:34.656  INFO 15192 --- [         task-1] j.LocalContainerEntityManagerFactoryBean : Initialized JPA EntityManagerFactory for persistence unit 'default'
2022-06-02 20:49:34.729  INFO 15192 --- [    Test worker] o.s.b.a.e.web.EndpointLinksResolver      : Exposing 14 endpoint(s) beneath base path '/actuator'
2022-06-02 20:49:34.793  INFO 15192 --- [    Test worker] o.s.b.w.embedded.tomcat.TomcatWebServer  : Tomcat started on port(s): 28852 (http) with context path ''
2022-06-02 20:49:34.794  INFO 15192 --- [    Test worker] DeferredRepositoryInitializationListener : Triggering deferred initialization of Spring Data repositories…
2022-06-02 20:49:35.128  INFO 15192 --- [    Test worker] DeferredRepositoryInitializationListener : Spring Data repositories initialized!
2022-06-02 20:49:35.141  INFO 15192 --- [    Test worker] account.AccountServiceApplication        : Started AccountServiceApplication in 5.346 seconds (JVM running for 6.418)
2022-06-02 20:49:35.472  INFO 15192 --- [io-28852-exec-1] o.a.c.c.C.[Tomcat].[localhost].[/]       : Initializing Spring DispatcherServlet 'dispatcherServlet'
2022-06-02 20:49:35.473  INFO 15192 --- [io-28852-exec-1] o.s.web.servlet.DispatcherServlet        : Initializing Servlet 'dispatcherServlet'
2022-06-02 20:49:35.483  INFO 15192 --- [io-28852-exec-1] o.s.web.servlet.DispatcherServlet        : Completed initialization in 10 ms
2022-06-02 20:49:37.923  INFO 15192 --- [     Thread-336] j.LocalContainerEntityManagerFactoryBean : Closing JPA EntityManagerFactory for persistence unit 'default'
2022-06-02 20:49:37.925  INFO 15192 --- [     Thread-336] o.s.s.concurrent.ThreadPoolTaskExecutor  : Shutting down ExecutorService 'applicationTaskExecutor'
2022-06-02 20:49:37.926  INFO 15192 --- [     Thread-336] com.zaxxer.hikari.HikariDataSource       : HikariPool-1 - Shutdown initiated...
2022-06-02 20:49:37.951  INFO 15192 --- [     Thread-336] com.zaxxer.hikari.HikariDataSource       : HikariPool-1 - Shutdown completed.

  .   ____          _            __ _ _
 /\\ / ___'_ __ _ _(_)_ __  __ _ \ \ \ \
( ( )\___ | '_ | '_| | '_ \/ _` | \ \ \ \
 \\/  ___)| |_)| | | | | || (_| |  ) ) ) )
  '  |____| .__|_| |_|_| |_\__, | / / / /
 =========|_|==============|___/=/_/_/_/
 :: Spring Boot ::        (v2.3.1.RELEASE)

2022-06-02 20:49:38.037  INFO 15192 --- [    Test worker] account.AccountServiceApplication        : Starting AccountServiceApplication on Fractal with PID 15192 (started by Fractal in D:\RepositoryRoadToProfession\Account Service\Account Service\task)
2022-06-02 20:49:38.038  INFO 15192 --- [    Test worker] account.AccountServiceApplication        : No active profile set, falling back to default profiles: default
2022-06-02 20:49:38.522  INFO 15192 --- [    Test worker] .s.d.r.c.RepositoryConfigurationDelegate : Bootstrapping Spring Data JPA repositories in DEFERRED mode.
2022-06-02 20:49:38.535  INFO 15192 --- [    Test worker] .s.d.r.c.RepositoryConfigurationDelegate : Finished Spring Data repository scanning in 13ms. Found 4 JPA repository interfaces.
2022-06-02 20:49:38.647  INFO 15192 --- [    Test worker] o.s.b.w.embedded.tomcat.TomcatWebServer  : Tomcat initialized with port(s): 28852 (http)
2022-06-02 20:49:38.648  INFO 15192 --- [    Test worker] o.apache.catalina.core.StandardService   : Starting service [Tomcat]
2022-06-02 20:49:38.648  INFO 15192 --- [    Test worker] org.apache.catalina.core.StandardEngine  : Starting Servlet engine: [Apache Tomcat/9.0.36]
2022-06-02 20:49:38.693  INFO 15192 --- [    Test worker] o.a.c.c.C.[Tomcat].[localhost].[/]       : Initializing Spring embedded WebApplicationContext
2022-06-02 20:49:38.694  INFO 15192 --- [    Test worker] w.s.c.ServletWebServerApplicationContext : Root WebApplicationContext: initialization completed in 653 ms
2022-06-02 20:49:38.745  INFO 15192 --- [    Test worker] com.zaxxer.hikari.HikariDataSource       : HikariPool-2 - Starting...
2022-06-02 20:49:38.760  INFO 15192 --- [    Test worker] com.zaxxer.hikari.HikariDataSource       : HikariPool-2 - Start completed.
2022-06-02 20:49:38.761  INFO 15192 --- [    Test worker] o.s.b.a.h2.H2ConsoleAutoConfiguration    : H2 console available at '/h2-console'. Database available at 'jdbc:h2:file:../service_db'
2022-06-02 20:49:38.816  INFO 15192 --- [    Test worker] o.s.s.concurrent.ThreadPoolTaskExecutor  : Initializing ExecutorService 'applicationTaskExecutor'
2022-06-02 20:49:38.822  INFO 15192 --- [         task-1] o.hibernate.jpa.internal.util.LogHelper  : HHH000204: Processing PersistenceUnitInfo [name: default]
2022-06-02 20:49:38.828  INFO 15192 --- [         task-1] org.hibernate.dialect.Dialect            : HHH000400: Using dialect: org.hibernate.dialect.H2Dialect
2022-06-02 20:49:38.857  WARN 15192 --- [    Test worker] JpaBaseConfiguration$JpaWebConfiguration : spring.jpa.open-in-view is enabled by default. Therefore, database queries may be performed during view rendering. Explicitly configure spring.jpa.open-in-view to disable this warning
2022-06-02 20:49:38.910  INFO 15192 --- [    Test worker] o.s.s.web.DefaultSecurityFilterChain     : Creating filter chain: any request, [org.springframework.security.web.context.request.async.WebAsyncManagerIntegrationFilter@6a7ab205, org.springframework.security.web.context.SecurityContextPersistenceFilter@2059c3ff, org.springframework.security.web.header.HeaderWriterFilter@799206ad, org.springframework.security.web.authentication.logout.LogoutFilter@606f0f70, org.springframework.security.web.authentication.www.BasicAuthenticationFilter@1a53ac0c, org.springframework.security.web.savedrequest.RequestCacheAwareFilter@2f8ab988, org.springframework.security.web.servletapi.SecurityContextHolderAwareRequestFilter@46c475ba, org.springframework.security.web.authentication.AnonymousAuthenticationFilter@10cb5047, org.springframework.security.web.session.SessionManagementFilter@60251ddb, org.springframework.security.web.access.ExceptionTranslationFilter@7d4e424e, org.springframework.security.web.access.intercept.FilterSecurityInterceptor@26c2f767]
2022-06-02 20:49:38.936  INFO 15192 --- [         task-1] o.h.e.t.j.p.i.JtaPlatformInitiator       : HHH000490: Using JtaPlatform implementation: [org.hibernate.engine.transaction.jta.platform.internal.NoJtaPlatform]
2022-06-02 20:49:38.936  INFO 15192 --- [         task-1] j.LocalContainerEntityManagerFactoryBean : Initialized JPA EntityManagerFactory for persistence unit 'default'
2022-06-02 20:49:39.129  INFO 15192 --- [    Test worker] o.s.b.a.e.web.EndpointLinksResolver      : Exposing 14 endpoint(s) beneath base path '/actuator'
2022-06-02 20:49:39.147  INFO 15192 --- [    Test worker] o.s.b.w.embedded.tomcat.TomcatWebServer  : Tomcat started on port(s): 28852 (http) with context path ''
2022-06-02 20:49:39.148  INFO 15192 --- [    Test worker] DeferredRepositoryInitializationListener : Triggering deferred initialization of Spring Data repositories…
2022-06-02 20:49:39.207  INFO 15192 --- [    Test worker] DeferredRepositoryInitializationListener : Spring Data repositories initialized!
2022-06-02 20:49:39.211  INFO 15192 --- [    Test worker] account.AccountServiceApplication        : Started AccountServiceApplication in 1.198 seconds (JVM running for 10.487)
2022-06-02 20:49:39.218  INFO 15192 --- [io-28852-exec-1] o.a.c.c.C.[Tomcat].[localhost].[/]       : Initializing Spring DispatcherServlet 'dispatcherServlet'
2022-06-02 20:49:39.218  INFO 15192 --- [io-28852-exec-1] o.s.web.servlet.DispatcherServlet        : Initializing Servlet 'dispatcherServlet'
2022-06-02 20:49:39.223  INFO 15192 --- [io-28852-exec-1] o.s.web.servlet.DispatcherServlet        : Completed initialization in 4 ms
	at org.junit.Assert.fail(Assert.java:89)
	at org.hyperskill.hstest.stage.StageTest.start(StageTest.java:155)
	at java.base/jdk.internal.reflect.NativeMethodAccessorImpl.invoke0(Native Method)
	at java.base/jdk.internal.reflect.NativeMethodAccessorImpl.invoke(NativeMethodAccessorImpl.java:77)
	at java.base/jdk.internal.reflect.DelegatingMethodAccessorImpl.invoke(DelegatingMethodAccessorImpl.java:43)
	at java.base/java.lang.reflect.Method.invoke(Method.java:568)
	at org.junit.runners.model.FrameworkMethod$1.runReflectiveCall(FrameworkMethod.java:59)
	at org.junit.internal.runners.model.ReflectiveCallable.run(ReflectiveCallable.java:12)
	at org.junit.runners.model.FrameworkMethod.invokeExplosively(FrameworkMethod.java:56)
	at org.junit.internal.runners.statements.InvokeMethod.evaluate(InvokeMethod.java:17)
	at org.junit.internal.runners.statements.RunAfters.evaluate(RunAfters.java:27)
	at org.junit.runners.ParentRunner$3.evaluate(ParentRunner.java:306)
	at org.junit.runners.BlockJUnit4ClassRunner$1.evaluate(BlockJUnit4ClassRunner.java:100)
	at org.junit.runners.ParentRunner.runLeaf(ParentRunner.java:366)
	at org.junit.runners.BlockJUnit4ClassRunner.runChild(BlockJUnit4ClassRunner.java:103)
	at org.junit.runners.BlockJUnit4ClassRunner.runChild(BlockJUnit4ClassRunner.java:63)
	at org.junit.runners.ParentRunner$4.run(ParentRunner.java:331)
	at org.junit.runners.ParentRunner$1.schedule(ParentRunner.java:79)
	at org.junit.runners.ParentRunner.runChildren(ParentRunner.java:329)
	at org.junit.runners.ParentRunner.access$100(ParentRunner.java:66)
	at org.junit.runners.ParentRunner$2.evaluate(ParentRunner.java:293)
	at org.junit.runners.ParentRunner$3.evaluate(ParentRunner.java:306)
	at org.junit.runners.ParentRunner.run(ParentRunner.java:413)
	at org.gradle.api.internal.tasks.testing.junit.JUnitTestClassExecutor.runTestClass(JUnitTestClassExecutor.java:110)
	at org.gradle.api.internal.tasks.testing.junit.JUnitTestClassExecutor.execute(JUnitTestClassExecutor.java:58)
	at org.gradle.api.internal.tasks.testing.junit.JUnitTestClassExecutor.execute(JUnitTestClassExecutor.java:38)
	at org.gradle.api.internal.tasks.testing.junit.AbstractJUnitTestClassProcessor.processTestClass(AbstractJUnitTestClassProcessor.java:62)
	at org.gradle.api.internal.tasks.testing.SuiteTestClassProcessor.processTestClass(SuiteTestClassProcessor.java:51)
	at java.base/jdk.internal.reflect.NativeMethodAccessorImpl.invoke0(Native Method)
	at java.base/jdk.internal.reflect.NativeMethodAccessorImpl.invoke(NativeMethodAccessorImpl.java:77)
	at java.base/jdk.internal.reflect.DelegatingMethodAccessorImpl.invoke(DelegatingMethodAccessorImpl.java:43)
	at java.base/java.lang.reflect.Method.invoke(Method.java:568)
	at org.gradle.internal.dispatch.ReflectionDispatch.dispatch(ReflectionDispatch.java:36)
	at org.gradle.internal.dispatch.ReflectionDispatch.dispatch(ReflectionDispatch.java:24)
	at org.gradle.internal.dispatch.ContextClassLoaderDispatch.dispatch(ContextClassLoaderDispatch.java:33)
	at org.gradle.internal.dispatch.ProxyDispatchAdapter$DispatchingInvocationHandler.invoke(ProxyDispatchAdapter.java:94)
	at jdk.proxy1/jdk.proxy1.$Proxy2.processTestClass(Unknown Source)
	at org.gradle.api.internal.tasks.testing.worker.TestWorker$2.run(TestWorker.java:176)
	at org.gradle.api.internal.tasks.testing.worker.TestWorker.executeAndMaintainThreadName(TestWorker.java:129)
	at org.gradle.api.internal.tasks.testing.worker.TestWorker.execute(TestWorker.java:100)
	at org.gradle.api.internal.tasks.testing.worker.TestWorker.execute(TestWorker.java:60)
	at org.gradle.process.internal.worker.child.ActionExecutionWorker.execute(ActionExecutionWorker.java:56)
	at org.gradle.process.internal.worker.child.SystemApplicationClassLoaderWorker.call(SystemApplicationClassLoaderWorker.java:133)
	at org.gradle.process.internal.worker.child.SystemApplicationClassLoaderWorker.call(SystemApplicationClassLoaderWorker.java:71)
	at worker.org.gradle.process.internal.worker.GradleWorkerMain.run(GradleWorkerMain.java:69)
	at worker.org.gradle.process.internal.worker.GradleWorkerMain.main(GradleWorkerMain.java:74)
</failure>
  </testcase>
  <system-out><![CDATA[?[1;31m
Start test 1?[0m

  .   ____          _            __ _ _
 /\\ / ___'_ __ _ _(_)_ __  __ _ \ \ \ \
( ( )\___ | '_ | '_| | '_ \/ _` | \ \ \ \
 \\/  ___)| |_)| | | | | || (_| |  ) ) ) )
  '  |____| .__|_| |_|_| |_\__, | / / / /
 =========|_|==============|___/=/_/_/_/
 :: Spring Boot ::        (v2.3.1.RELEASE)

2022-06-02 20:49:30.188  INFO 15192 --- [    Test worker] account.AccountServiceApplication        : Starting AccountServiceApplication on Fractal with PID 15192 (started by Fractal in D:\RepositoryRoadToProfession\Account Service\Account Service\task)
2022-06-02 20:49:30.194  INFO 15192 --- [    Test worker] account.AccountServiceApplication        : No active profile set, falling back to default profiles: default
2022-06-02 20:49:31.393  INFO 15192 --- [    Test worker] .s.d.r.c.RepositoryConfigurationDelegate : Bootstrapping Spring Data JPA repositories in DEFERRED mode.
2022-06-02 20:49:31.475  INFO 15192 --- [    Test worker] .s.d.r.c.RepositoryConfigurationDelegate : Finished Spring Data repository scanning in 74ms. Found 4 JPA repository interfaces.
2022-06-02 20:49:32.216  INFO 15192 --- [    Test worker] o.s.b.w.embedded.tomcat.TomcatWebServer  : Tomcat initialized with port(s): 28852 (http)
2022-06-02 20:49:32.231  INFO 15192 --- [    Test worker] o.apache.catalina.core.StandardService   : Starting service [Tomcat]
2022-06-02 20:49:32.231  INFO 15192 --- [    Test worker] org.apache.catalina.core.StandardEngine  : Starting Servlet engine: [Apache Tomcat/9.0.36]
2022-06-02 20:49:32.435  INFO 15192 --- [    Test worker] o.a.c.c.C.[Tomcat].[localhost].[/]       : Initializing Spring embedded WebApplicationContext
2022-06-02 20:49:32.436  INFO 15192 --- [    Test worker] w.s.c.ServletWebServerApplicationContext : Root WebApplicationContext: initialization completed in 2171 ms
2022-06-02 20:49:32.589  INFO 15192 --- [    Test worker] com.zaxxer.hikari.HikariDataSource       : HikariPool-1 - Starting...
2022-06-02 20:49:32.832  INFO 15192 --- [    Test worker] com.zaxxer.hikari.HikariDataSource       : HikariPool-1 - Start completed.
2022-06-02 20:49:32.849  INFO 15192 --- [    Test worker] o.s.b.a.h2.H2ConsoleAutoConfiguration    : H2 console available at '/h2-console'. Database available at 'jdbc:h2:file:../service_db'
2022-06-02 20:49:33.012  INFO 15192 --- [    Test worker] o.s.s.concurrent.ThreadPoolTaskExecutor  : Initializing ExecutorService 'applicationTaskExecutor'
2022-06-02 20:49:33.071  INFO 15192 --- [         task-1] o.hibernate.jpa.internal.util.LogHelper  : HHH000204: Processing PersistenceUnitInfo [name: default]
2022-06-02 20:49:33.145  WARN 15192 --- [    Test worker] JpaBaseConfiguration$JpaWebConfiguration : spring.jpa.open-in-view is enabled by default. Therefore, database queries may be performed during view rendering. Explicitly configure spring.jpa.open-in-view to disable this warning
2022-06-02 20:49:33.171  INFO 15192 --- [         task-1] org.hibernate.Version                    : HHH000412: Hibernate ORM core version 5.4.17.Final
2022-06-02 20:49:33.403  INFO 15192 --- [         task-1] o.hibernate.annotations.common.Version   : HCANN000001: Hibernate Commons Annotations {5.1.0.Final}
2022-06-02 20:49:33.413  INFO 15192 --- [    Test worker] o.s.s.web.DefaultSecurityFilterChain     : Creating filter chain: any request, [org.springframework.security.web.context.request.async.WebAsyncManagerIntegrationFilter@4e2109fe, org.springframework.security.web.context.SecurityContextPersistenceFilter@280ecc33, org.springframework.security.web.header.HeaderWriterFilter@645ba24a, org.springframework.security.web.authentication.logout.LogoutFilter@a0d875d, org.springframework.security.web.authentication.www.BasicAuthenticationFilter@271e851e, org.springframework.security.web.savedrequest.RequestCacheAwareFilter@3c27f72, org.springframework.security.web.servletapi.SecurityContextHolderAwareRequestFilter@43d3995f, org.springframework.security.web.authentication.AnonymousAuthenticationFilter@18dac12f, org.springframework.security.web.session.SessionManagementFilter@46524ebe, org.springframework.security.web.access.ExceptionTranslationFilter@3c6bd624, org.springframework.security.web.access.intercept.FilterSecurityInterceptor@277bc3a5]
2022-06-02 20:49:33.588  INFO 15192 --- [         task-1] org.hibernate.dialect.Dialect            : HHH000400: Using dialect: org.hibernate.dialect.H2Dialect
2022-06-02 20:49:34.646  INFO 15192 --- [         task-1] o.h.e.t.j.p.i.JtaPlatformInitiator       : HHH000490: Using JtaPlatform implementation: [org.hibernate.engine.transaction.jta.platform.internal.NoJtaPlatform]
2022-06-02 20:49:34.656  INFO 15192 --- [         task-1] j.LocalContainerEntityManagerFactoryBean : Initialized JPA EntityManagerFactory for persistence unit 'default'
2022-06-02 20:49:34.729  INFO 15192 --- [    Test worker] o.s.b.a.e.web.EndpointLinksResolver      : Exposing 14 endpoint(s) beneath base path '/actuator'
2022-06-02 20:49:34.793  INFO 15192 --- [    Test worker] o.s.b.w.embedded.tomcat.TomcatWebServer  : Tomcat started on port(s): 28852 (http) with context path ''
2022-06-02 20:49:34.794  INFO 15192 --- [    Test worker] DeferredRepositoryInitializationListener : Triggering deferred initialization of Spring Data repositories…
2022-06-02 20:49:35.128  INFO 15192 --- [    Test worker] DeferredRepositoryInitializationListener : Spring Data repositories initialized!
2022-06-02 20:49:35.141  INFO 15192 --- [    Test worker] account.AccountServiceApplication        : Started AccountServiceApplication in 5.346 seconds (JVM running for 6.418)
2022-06-02 20:49:35.472  INFO 15192 --- [io-28852-exec-1] o.a.c.c.C.[Tomcat].[localhost].[/]       : Initializing Spring DispatcherServlet 'dispatcherServlet'
2022-06-02 20:49:35.473  INFO 15192 --- [io-28852-exec-1] o.s.web.servlet.DispatcherServlet        : Initializing Servlet 'dispatcherServlet'
2022-06-02 20:49:35.483  INFO 15192 --- [io-28852-exec-1] o.s.web.servlet.DispatcherServlet        : Completed initialization in 10 ms
?[1;31m
Start test 2?[0m
?[1;31m
Start test 3?[0m
?[1;31m
Start test 4?[0m
?[1;31m
Start test 5?[0m
?[1;31m
Start test 6?[0m
?[1;31m
Start test 7?[0m
?[1;31m
Start test 8?[0m
?[1;31m
Start test 9?[0m
?[1;31m
Start test 10?[0m
?[1;31m
Start test 11?[0m
?[1;31m
Start test 12?[0m
?[1;31m
Start test 13?[0m
?[1;31m
Start test 14?[0m
?[1;31m
Start test 15?[0m
?[1;31m
Start test 16?[0m
?[1;31m
Start test 17?[0m
?[1;31m
Start test 18?[0m
?[1;31m
Start test 19?[0m
?[1;31m
Start test 20?[0m
2022-06-02 20:49:37.923  INFO 15192 --- [     Thread-336] j.LocalContainerEntityManagerFactoryBean : Closing JPA EntityManagerFactory for persistence unit 'default'
2022-06-02 20:49:37.925  INFO 15192 --- [     Thread-336] o.s.s.concurrent.ThreadPoolTaskExecutor  : Shutting down ExecutorService 'applicationTaskExecutor'
2022-06-02 20:49:37.926  INFO 15192 --- [     Thread-336] com.zaxxer.hikari.HikariDataSource       : HikariPool-1 - Shutdown initiated...
2022-06-02 20:49:37.951  INFO 15192 --- [     Thread-336] com.zaxxer.hikari.HikariDataSource       : HikariPool-1 - Shutdown completed.

  .   ____          _            __ _ _
 /\\ / ___'_ __ _ _(_)_ __  __ _ \ \ \ \
( ( )\___ | '_ | '_| | '_ \/ _` | \ \ \ \
 \\/  ___)| |_)| | | | | || (_| |  ) ) ) )
  '  |____| .__|_| |_|_| |_\__, | / / / /
 =========|_|==============|___/=/_/_/_/
 :: Spring Boot ::        (v2.3.1.RELEASE)

2022-06-02 20:49:38.037  INFO 15192 --- [    Test worker] account.AccountServiceApplication        : Starting AccountServiceApplication on Fractal with PID 15192 (started by Fractal in D:\RepositoryRoadToProfession\Account Service\Account Service\task)
2022-06-02 20:49:38.038  INFO 15192 --- [    Test worker] account.AccountServiceApplication        : No active profile set, falling back to default profiles: default
2022-06-02 20:49:38.522  INFO 15192 --- [    Test worker] .s.d.r.c.RepositoryConfigurationDelegate : Bootstrapping Spring Data JPA repositories in DEFERRED mode.
2022-06-02 20:49:38.535  INFO 15192 --- [    Test worker] .s.d.r.c.RepositoryConfigurationDelegate : Finished Spring Data repository scanning in 13ms. Found 4 JPA repository interfaces.
2022-06-02 20:49:38.647  INFO 15192 --- [    Test worker] o.s.b.w.embedded.tomcat.TomcatWebServer  : Tomcat initialized with port(s): 28852 (http)
2022-06-02 20:49:38.648  INFO 15192 --- [    Test worker] o.apache.catalina.core.StandardService   : Starting service [Tomcat]
2022-06-02 20:49:38.648  INFO 15192 --- [    Test worker] org.apache.catalina.core.StandardEngine  : Starting Servlet engine: [Apache Tomcat/9.0.36]
2022-06-02 20:49:38.693  INFO 15192 --- [    Test worker] o.a.c.c.C.[Tomcat].[localhost].[/]       : Initializing Spring embedded WebApplicationContext
2022-06-02 20:49:38.694  INFO 15192 --- [    Test worker] w.s.c.ServletWebServerApplicationContext : Root WebApplicationContext: initialization completed in 653 ms
2022-06-02 20:49:38.745  INFO 15192 --- [    Test worker] com.zaxxer.hikari.HikariDataSource       : HikariPool-2 - Starting...
2022-06-02 20:49:38.760  INFO 15192 --- [    Test worker] com.zaxxer.hikari.HikariDataSource       : HikariPool-2 - Start completed.
2022-06-02 20:49:38.761  INFO 15192 --- [    Test worker] o.s.b.a.h2.H2ConsoleAutoConfiguration    : H2 console available at '/h2-console'. Database available at 'jdbc:h2:file:../service_db'
2022-06-02 20:49:38.816  INFO 15192 --- [    Test worker] o.s.s.concurrent.ThreadPoolTaskExecutor  : Initializing ExecutorService 'applicationTaskExecutor'
2022-06-02 20:49:38.822  INFO 15192 --- [         task-1] o.hibernate.jpa.internal.util.LogHelper  : HHH000204: Processing PersistenceUnitInfo [name: default]
2022-06-02 20:49:38.828  INFO 15192 --- [         task-1] org.hibernate.dialect.Dialect            : HHH000400: Using dialect: org.hibernate.dialect.H2Dialect
2022-06-02 20:49:38.857  WARN 15192 --- [    Test worker] JpaBaseConfiguration$JpaWebConfiguration : spring.jpa.open-in-view is enabled by default. Therefore, database queries may be performed during view rendering. Explicitly configure spring.jpa.open-in-view to disable this warning
2022-06-02 20:49:38.910  INFO 15192 --- [    Test worker] o.s.s.web.DefaultSecurityFilterChain     : Creating filter chain: any request, [org.springframework.security.web.context.request.async.WebAsyncManagerIntegrationFilter@6a7ab205, org.springframework.security.web.context.SecurityContextPersistenceFilter@2059c3ff, org.springframework.security.web.header.HeaderWriterFilter@799206ad, org.springframework.security.web.authentication.logout.LogoutFilter@606f0f70, org.springframework.security.web.authentication.www.BasicAuthenticationFilter@1a53ac0c, org.springframework.security.web.savedrequest.RequestCacheAwareFilter@2f8ab988, org.springframework.security.web.servletapi.SecurityContextHolderAwareRequestFilter@46c475ba, org.springframework.security.web.authentication.AnonymousAuthenticationFilter@10cb5047, org.springframework.security.web.session.SessionManagementFilter@60251ddb, org.springframework.security.web.access.ExceptionTranslationFilter@7d4e424e, org.springframework.security.web.access.intercept.FilterSecurityInterceptor@26c2f767]
2022-06-02 20:49:38.936  INFO 15192 --- [         task-1] o.h.e.t.j.p.i.JtaPlatformInitiator       : HHH000490: Using JtaPlatform implementation: [org.hibernate.engine.transaction.jta.platform.internal.NoJtaPlatform]
2022-06-02 20:49:38.936  INFO 15192 --- [         task-1] j.LocalContainerEntityManagerFactoryBean : Initialized JPA EntityManagerFactory for persistence unit 'default'
2022-06-02 20:49:39.129  INFO 15192 --- [    Test worker] o.s.b.a.e.web.EndpointLinksResolver      : Exposing 14 endpoint(s) beneath base path '/actuator'
2022-06-02 20:49:39.147  INFO 15192 --- [    Test worker] o.s.b.w.embedded.tomcat.TomcatWebServer  : Tomcat started on port(s): 28852 (http) with context path ''
2022-06-02 20:49:39.148  INFO 15192 --- [    Test worker] DeferredRepositoryInitializationListener : Triggering deferred initialization of Spring Data repositories…
2022-06-02 20:49:39.207  INFO 15192 --- [    Test worker] DeferredRepositoryInitializationListener : Spring Data repositories initialized!
2022-06-02 20:49:39.211  INFO 15192 --- [    Test worker] account.AccountServiceApplication        : Started AccountServiceApplication in 1.198 seconds (JVM running for 10.487)
?[1;31m
Start test 21?[0m
2022-06-02 20:49:39.218  INFO 15192 --- [io-28852-exec-1] o.a.c.c.C.[Tomcat].[localhost].[/]       : Initializing Spring DispatcherServlet 'dispatcherServlet'
2022-06-02 20:49:39.218  INFO 15192 --- [io-28852-exec-1] o.s.web.servlet.DispatcherServlet        : Initializing Servlet 'dispatcherServlet'
2022-06-02 20:49:39.223  INFO 15192 --- [io-28852-exec-1] o.s.web.servlet.DispatcherServlet        : Completed initialization in 4 ms
?[1;31m
Start test 22?[0m
?[1;31m
Start test 23?[0m
?[1;31m
Start test 24?[0m
?[1;31m
Start test 25?[0m
?[1;31m
Start test 26?[0m
?[1;31m
Start test 27?[0m
?[1;31m
Start test 28?[0m
?[1;31m
Start test 29?[0m
?[1;31m
Start test 30?[0m
?[1;31m
Start test 31?[0m
?[1;31m
Start test 32?[0m
?[1;31m
Start test 33?[0m
?[1;31m
Start test 34?[0m
?[1;31m
Start test 35?[0m
?[1;31m
Start test 36?[0m
?[1;31m
Start test 37?[0m
?[1;31m
Start test 38?[0m
?[1;31m
Start test 39?[0m
?[1;31m
Start test 40?[0m
?[1;31m
Start test 41?[0m
?[1;31m
Start test 42?[0m
?[1;31m
Start test 43?[0m
]]></system-out>
  <system-err><![CDATA[]]></system-err>
</testsuite>
