<?xml version="1.0" encoding="UTF-8"?>
<testsuite name="AccountServiceTest" tests="1" skipped="0" failures="1" errors="0" timestamp="2022-05-28T16:49:50" hostname="FRACTAL" time="10.95">
  <properties/>
  <testcase name="start" classname="AccountServiceTest" time="10.95">
    <failure message="java.lang.AssertionError: Wrong answer in test #40&#10;&#10;The JSON object at key message should equal to &quot;User not found!&quot;, found &quot;404 NOT_FOUND&quot;&#10;&#10;Full JSON:&#10;{&#10;  &quot;timestamp&quot;: &quot;2022-05-28T16:50:01.301+00:00&quot;,&#10;  &quot;status&quot;: 404,&#10;  &quot;error&quot;: &quot;Not Found&quot;,&#10;  &quot;message&quot;: &quot;404 NOT_FOUND&quot;,&#10;  &quot;path&quot;: &quot;/api/admin/user/johndoe@goole.com&quot;&#10;}&#10;&#10;Please find below the output of your program during this failed test.&#10;&#10;---&#10;&#10;.   ____          _            __ _ _&#10; /\\ / ___'_ __ _ _(_)_ __  __ _ \ \ \ \&#10;( ( )\___ | '_ | '_| | '_ \/ _` | \ \ \ \&#10; \\/  ___)| |_)| | | | | || (_| |  ) ) ) )&#10;  '  |____| .__|_| |_|_| |_\__, | / / / /&#10; =========|_|==============|___/=/_/_/_/&#10; :: Spring Boot ::        (v2.3.1.RELEASE)&#10;&#10;2022-05-28 19:49:51.121  INFO 5712 --- [    Test worker] account.AccountServiceApplication        : Starting AccountServiceApplication on Fractal with PID 5712 (started by Fractal in D:\RepositoryRoadToProfession\Account Service\Account Service\task)&#10;2022-05-28 19:49:51.125  INFO 5712 --- [    Test worker] account.AccountServiceApplication        : No active profile set, falling back to default profiles: default&#10;2022-05-28 19:49:52.263  INFO 5712 --- [    Test worker] .s.d.r.c.RepositoryConfigurationDelegate : Bootstrapping Spring Data JPA repositories in DEFERRED mode.&#10;2022-05-28 19:49:52.333  INFO 5712 --- [    Test worker] .s.d.r.c.RepositoryConfigurationDelegate : Finished Spring Data repository scanning in 60ms. Found 2 JPA repository interfaces.&#10;2022-05-28 19:49:53.006  INFO 5712 --- [    Test worker] o.s.b.w.embedded.tomcat.TomcatWebServer  : Tomcat initialized with port(s): 28852 (http)&#10;2022-05-28 19:49:53.020  INFO 5712 --- [    Test worker] o.apache.catalina.core.StandardService   : Starting service [Tomcat]&#10;2022-05-28 19:49:53.020  INFO 5712 --- [    Test worker] org.apache.catalina.core.StandardEngine  : Starting Servlet engine: [Apache Tomcat/9.0.36]&#10;2022-05-28 19:49:53.176  INFO 5712 --- [    Test worker] o.a.c.c.C.[Tomcat].[localhost].[/]       : Initializing Spring embedded WebApplicationContext&#10;2022-05-28 19:49:53.176  INFO 5712 --- [    Test worker] w.s.c.ServletWebServerApplicationContext : Root WebApplicationContext: initialization completed in 1978 ms&#10;2022-05-28 19:49:53.323  INFO 5712 --- [    Test worker] com.zaxxer.hikari.HikariDataSource       : HikariPool-1 - Starting...&#10;2022-05-28 19:49:53.552  INFO 5712 --- [    Test worker] com.zaxxer.hikari.HikariDataSource       : HikariPool-1 - Start completed.&#10;2022-05-28 19:49:53.566  INFO 5712 --- [    Test worker] o.s.b.a.h2.H2ConsoleAutoConfiguration    : H2 console available at '/h2-console'. Database available at 'jdbc:h2:file:../service_db'&#10;2022-05-28 19:49:53.756  INFO 5712 --- [    Test worker] o.s.s.concurrent.ThreadPoolTaskExecutor  : Initializing ExecutorService 'applicationTaskExecutor'&#10;2022-05-28 19:49:53.822  INFO 5712 --- [         task-1] o.hibernate.jpa.internal.util.LogHelper  : HHH000204: Processing PersistenceUnitInfo [name: default]&#10;2022-05-28 19:49:53.909  WARN 5712 --- [    Test worker] JpaBaseConfiguration$JpaWebConfiguration : spring.jpa.open-in-view is enabled by default. Therefore, database queries may be performed during view rendering. Explicitly configure spring.jpa.open-in-view to disable this warning&#10;2022-05-28 19:49:53.918  INFO 5712 --- [         task-1] org.hibernate.Version                    : HHH000412: Hibernate ORM core version 5.4.17.Final&#10;2022-05-28 19:49:54.158  INFO 5712 --- [         task-1] o.hibernate.annotations.common.Version   : HCANN000001: Hibernate Commons Annotations {5.1.0.Final}&#10;2022-05-28 19:49:54.166  INFO 5712 --- [    Test worker] o.s.s.web.DefaultSecurityFilterChain     : Creating filter chain: any request, [org.springframework.security.web.context.request.async.WebAsyncManagerIntegrationFilter@485c84d7, org.springframework.security.web.context.SecurityContextPersistenceFilter@143413cd, org.springframework.security.web.header.HeaderWriterFilter@1aeff8ca, org.springframework.security.web.authentication.logout.LogoutFilter@6a1d1467, org.springframework.security.web.authentication.www.BasicAuthenticationFilter@5cbe95b1, org.springframework.security.web.savedrequest.RequestCacheAwareFilter@146f3d22, org.springframework.security.web.servletapi.SecurityContextHolderAwareRequestFilter@503556cb, org.springframework.security.web.authentication.AnonymousAuthenticationFilter@1224e1b6, org.springframework.security.web.session.SessionManagementFilter@1760e594, org.springframework.security.web.access.ExceptionTranslationFilter@27db45f, org.springframework.security.web.access.intercept.FilterSecurityInterceptor@7cdfa824]&#10;2022-05-28 19:49:54.351  INFO 5712 --- [         task-1] org.hibernate.dialect.Dialect            : HHH000400: Using dialect: org.hibernate.dialect.H2Dialect&#10;2022-05-28 19:49:55.309  INFO 5712 --- [         task-1] o.h.e.t.j.p.i.JtaPlatformInitiator       : HHH000490: Using JtaPlatform implementation: [org.hibernate.engine.transaction.jta.platform.internal.NoJtaPlatform]&#10;2022-05-28 19:49:55.322  INFO 5712 --- [         task-1] j.LocalContainerEntityManagerFactoryBean : Initialized JPA EntityManagerFactory for persistence unit 'default'&#10;2022-05-28 19:49:55.393  INFO 5712 --- [    Test worker] o.s.b.a.e.web.EndpointLinksResolver      : Exposing 14 endpoint(s) beneath base path '/actuator'&#10;2022-05-28 19:49:55.452  INFO 5712 --- [    Test worker] o.s.b.w.embedded.tomcat.TomcatWebServer  : Tomcat started on port(s): 28852 (http) with context path ''&#10;2022-05-28 19:49:55.453  INFO 5712 --- [    Test worker] DeferredRepositoryInitializationListener : Triggering deferred initialization of Spring Data repositoriesâ€¦&#10;2022-05-28 19:49:55.755  INFO 5712 --- [    Test worker] DeferredRepositoryInitializationListener : Spring Data repositories initialized!&#10;2022-05-28 19:49:55.767  INFO 5712 --- [    Test worker] account.AccountServiceApplication        : Started AccountServiceApplication in 5.001 seconds (JVM running for 6.01)&#10;2022-05-28 19:49:56.104  INFO 5712 --- [io-28852-exec-1] o.a.c.c.C.[Tomcat].[localhost].[/]       : Initializing Spring DispatcherServlet 'dispatcherServlet'&#10;2022-05-28 19:49:56.105  INFO 5712 --- [io-28852-exec-1] o.s.web.servlet.DispatcherServlet        : Initializing Servlet 'dispatcherServlet'&#10;2022-05-28 19:49:56.115  INFO 5712 --- [io-28852-exec-1] o.s.web.servlet.DispatcherServlet        : Completed initialization in 10 ms&#10;2022-05-28 19:49:56.269  WARN 5712 --- [io-28852-exec-1] .w.s.m.s.DefaultHandlerExceptionResolver : Resolved [org.springframework.web.bind.MethodArgumentNotValidException: Validation failed for argument [0] in public org.springframework.http.ResponseEntity&lt;account.entites.User&gt; account.controller.AuthController.registerUser(account.entites.User): [Field error in object 'user' on field 'username': rejected value []; codes [NotEmpty.user.username,NotEmpty.username,NotEmpty.java.lang.String,NotEmpty]; arguments [org.springframework.context.support.DefaultMessageSourceResolvable: codes [user.username,username]; arguments []; default message [username]]; default message [must not be empty]] ]&#10;2022-05-28 19:49:56.318  WARN 5712 --- [io-28852-exec-2] .w.s.m.s.DefaultHandlerExceptionResolver : Resolved [org.springframework.web.bind.MethodArgumentNotValidException: Validation failed for argument [0] in public org.springframework.http.ResponseEntity&lt;account.entites.User&gt; account.controller.AuthController.registerUser(account.entites.User): [Field error in object 'user' on field 'username': rejected value [null]; codes [NotEmpty.user.username,NotEmpty.username,NotEmpty.java.lang.String,NotEmpty]; arguments [org.springframework.context.support.DefaultMessageSourceResolvable: codes [user.username,username]; arguments []; default message [username]]; default message [must not be empty]] ]&#10;2022-05-28 19:49:56.329  WARN 5712 --- [io-28852-exec-3] .w.s.m.s.DefaultHandlerExceptionResolver : Resolved [org.springframework.web.bind.MethodArgumentNotValidException: Validation failed for argument [0] in public org.springframework.http.ResponseEntity&lt;account.entites.User&gt; account.controller.AuthController.registerUser(account.entites.User): [Field error in object 'user' on field 'lastname': rejected value []; codes [NotEmpty.user.lastname,NotEmpty.lastname,NotEmpty.java.lang.String,NotEmpty]; arguments [org.springframework.context.support.DefaultMessageSourceResolvable: codes [user.lastname,lastname]; arguments []; default message [lastname]]; default message [must not be empty]] ]&#10;2022-05-28 19:49:56.338  WARN 5712 --- [io-28852-exec-4] .w.s.m.s.DefaultHandlerExceptionResolver : Resolved [org.springframework.web.bind.MethodArgumentNotValidException: Validation failed for argument [0] in public org.springframework.http.ResponseEntity&lt;account.entites.User&gt; account.controller.AuthController.registerUser(account.entites.User): [Field error in object 'user' on field 'lastname': rejected value [null]; codes [NotEmpty.user.lastname,NotEmpty.lastname,NotEmpty.java.lang.String,NotEmpty]; arguments [org.springframework.context.support.DefaultMessageSourceResolvable: codes [user.lastname,lastname]; arguments []; default message [lastname]]; default message [must not be empty]] ]&#10;2022-05-28 19:49:56.351  WARN 5712 --- [io-28852-exec-5] .w.s.m.s.DefaultHandlerExceptionResolver : Resolved [org.springframework.web.bind.MethodArgumentNotValidException: Validation failed for argument [0] in public org.springframework.http.ResponseEntity&lt;account.entites.User&gt; account.controller.AuthController.registerUser(account.entites.User) with 2 errors: [Field error in object 'user' on field 'email': rejected value []; codes [Pattern.user.email,Pattern.email,Pattern.java.lang.String,Pattern]; arguments [org.springframework.context.support.DefaultMessageSourceResolvable: codes [user.email,email]; arguments []; default message [email],[Ljavax.validation.constraints.Pattern$Flag;@3ebb04ab,^([\w-]+(?:\.[\w-]+)*)@(acme.com)$]; default message [must match &quot;^([\w-]+(?:\.[\w-]+)*)@(acme.com)$&quot;]] [Field error in object 'user' on field 'email': rejected value []; codes [NotBlank.user.email,NotBlank.email,NotBlank.java.lang.String,NotBlank]; arguments [org.springframework.context.support.DefaultMessageSourceResolvable: codes [user.email,email]; arguments []; default message [email]]; default message [must not be blank]] ]&#10;2022-05-28 19:49:56.362  WARN 5712 --- [io-28852-exec-6] .w.s.m.s.DefaultHandlerExceptionResolver : Resolved [org.springframework.web.bind.MethodArgumentNotValidException: Validation failed for argument [0] in public org.springframework.http.ResponseEntity&lt;account.entites.User&gt; account.controller.AuthController.registerUser(account.entites.User) with 2 errors: [Field error in object 'user' on field 'email': rejected value [null]; codes [NotBlank.user.email,NotBlank.email,NotBlank.java.lang.String,NotBlank]; arguments [org.springframework.context.support.DefaultMessageSourceResolvable: codes [user.email,email]; arguments []; default message [email]]; default message [must not be blank]] [Field error in object 'user' on field 'email': rejected value [null]; codes [NotNull.user.email,NotNull.email,NotNull.java.lang.String,NotNull]; arguments [org.springframework.context.support.DefaultMessageSourceResolvable: codes [user.email,email]; arguments []; default message [email]]; default message [must not be null]] ]&#10;2022-05-28 19:49:56.371  WARN 5712 --- [io-28852-exec-7] .w.s.m.s.DefaultHandlerExceptionResolver : Resolved [org.springframework.web.bind.MethodArgumentNotValidException: Validation failed for argument [0] in public org.springframework.http.ResponseEntity&lt;account.entites.User&gt; account.controller.AuthController.registerUser(account.entites.User): [Field error in object 'user' on field 'password': rejected value []; codes [NotBlank.user.password,NotBlank.password,NotBlank.java.lang.String,NotBlank]; arguments [org.springframework.context.support.DefaultMessageSourceResolvable: codes [user.password,password]; arguments []; default message [password]]; default message [must not be blank]] ]&#10;2022-05-28 19:49:56.380  WARN 5712 --- [io-28852-exec-8] .w.s.m.s.DefaultHandlerExceptionResolver : Resolved [org.springframework.web.bind.MethodArgumentNotValidException: Validation failed for argument [0] in public org.springframework.http.ResponseEntity&lt;account.entites.User&gt; account.controller.AuthController.registerUser(account.entites.User) with 2 errors: [Field error in object 'user' on field 'password': rejected value [null]; codes [NotBlank.user.password,NotBlank.password,NotBlank.java.lang.String,NotBlank]; arguments [org.springframework.context.support.DefaultMessageSourceResolvable: codes [user.password,password]; arguments []; default message [password]]; default message [must not be blank]] [Field error in object 'user' on field 'password': rejected value [null]; codes [NotNull.user.password,NotNull.password,NotNull.java.lang.String,NotNull]; arguments [org.springframework.context.support.DefaultMessageSourceResolvable: codes [user.password,password]; arguments []; default message [password]]; default message [must not be null]] ]&#10;2022-05-28 19:49:56.390  WARN 5712 --- [io-28852-exec-9] .w.s.m.s.DefaultHandlerExceptionResolver : Resolved [org.springframework.web.bind.MethodArgumentNotValidException: Validation failed for argument [0] in public org.springframework.http.ResponseEntity&lt;account.entites.User&gt; account.controller.AuthController.registerUser(account.entites.User): [Field error in object 'user' on field 'email': rejected value [johndoeacme.com]; codes [Pattern.user.email,Pattern.email,Pattern.java.lang.String,Pattern]; arguments [org.springframework.context.support.DefaultMessageSourceResolvable: codes [user.email,email]; arguments []; default message [email],[Ljavax.validation.constraints.Pattern$Flag;@3ebb04ab,^([\w-]+(?:\.[\w-]+)*)@(acme.com)$]; default message [must match &quot;^([\w-]+(?:\.[\w-]+)*)@(acme.com)$&quot;]] ]&#10;2022-05-28 19:49:56.399  WARN 5712 --- [o-28852-exec-10] .w.s.m.s.DefaultHandlerExceptionResolver : Resolved [org.springframework.web.bind.MethodArgumentNotValidException: Validation failed for argument [0] in public org.springframework.http.ResponseEntity&lt;account.entites.User&gt; account.controller.AuthController.registerUser(account.entites.User): [Field error in object 'user' on field 'email': rejected value [johndoe@google.com]; codes [Pattern.user.email,Pattern.email,Pattern.java.lang.String,Pattern]; arguments [org.springframework.context.support.DefaultMessageSourceResolvable: codes [user.email,email]; arguments []; default message [email],[Ljavax.validation.constraints.Pattern$Flag;@3ebb04ab,^([\w-]+(?:\.[\w-]+)*)@(acme.com)$]; default message [must match &quot;^([\w-]+(?:\.[\w-]+)*)@(acme.com)$&quot;]] ]&#10;2022-05-28 19:49:59.482  INFO 5712 --- [     Thread-336] j.LocalContainerEntityManagerFactoryBean : Closing JPA EntityManagerFactory for persistence unit 'default'&#10;2022-05-28 19:49:59.483  INFO 5712 --- [     Thread-336] o.s.s.concurrent.ThreadPoolTaskExecutor  : Shutting down ExecutorService 'applicationTaskExecutor'&#10;2022-05-28 19:49:59.484  INFO 5712 --- [     Thread-336] com.zaxxer.hikari.HikariDataSource       : HikariPool-1 - Shutdown initiated...&#10;2022-05-28 19:49:59.503  INFO 5712 --- [     Thread-336] com.zaxxer.hikari.HikariDataSource       : HikariPool-1 - Shutdown completed.&#10;&#10;  .   ____          _            __ _ _&#10; /\\ / ___'_ __ _ _(_)_ __  __ _ \ \ \ \&#10;( ( )\___ | '_ | '_| | '_ \/ _` | \ \ \ \&#10; \\/  ___)| |_)| | | | | || (_| |  ) ) ) )&#10;  '  |____| .__|_| |_|_| |_\__, | / / / /&#10; =========|_|==============|___/=/_/_/_/&#10; :: Spring Boot ::        (v2.3.1.RELEASE)&#10;&#10;2022-05-28 19:49:59.630  INFO 5712 --- [    Test worker] account.AccountServiceApplication        : Starting AccountServiceApplication on Fractal with PID 5712 (started by Fractal in D:\RepositoryRoadToProfession\Account Service\Account Service\task)&#10;2022-05-28 19:49:59.630  INFO 5712 --- [    Test worker] account.AccountServiceApplication        : No active profile set, falling back to default profiles: default&#10;2022-05-28 19:50:00.019  INFO 5712 --- [    Test worker] .s.d.r.c.RepositoryConfigurationDelegate : Bootstrapping Spring Data JPA repositories in DEFERRED mode.&#10;2022-05-28 19:50:00.030  INFO 5712 --- [    Test worker] .s.d.r.c.RepositoryConfigurationDelegate : Finished Spring Data repository scanning in 10ms. Found 2 JPA repository interfaces.&#10;2022-05-28 19:50:00.131  INFO 5712 --- [    Test worker] o.s.b.w.embedded.tomcat.TomcatWebServer  : Tomcat initialized with port(s): 28852 (http)&#10;2022-05-28 19:50:00.132  INFO 5712 --- [    Test worker] o.apache.catalina.core.StandardService   : Starting service [Tomcat]&#10;2022-05-28 19:50:00.133  INFO 5712 --- [    Test worker] org.apache.catalina.core.StandardEngine  : Starting Servlet engine: [Apache Tomcat/9.0.36]&#10;2022-05-28 19:50:00.176  INFO 5712 --- [    Test worker] o.a.c.c.C.[Tomcat].[localhost].[/]       : Initializing Spring embedded WebApplicationContext&#10;2022-05-28 19:50:00.177  INFO 5712 --- [    Test worker] w.s.c.ServletWebServerApplicationContext : Root WebApplicationContext: initialization completed in 544 ms&#10;2022-05-28 19:50:00.223  INFO 5712 --- [    Test worker] com.zaxxer.hikari.HikariDataSource       : HikariPool-2 - Starting...&#10;2022-05-28 19:50:00.235  INFO 5712 --- [    Test worker] com.zaxxer.hikari.HikariDataSource       : HikariPool-2 - Start completed.&#10;2022-05-28 19:50:00.236  INFO 5712 --- [    Test worker] o.s.b.a.h2.H2ConsoleAutoConfiguration    : H2 console available at '/h2-console'. Database available at 'jdbc:h2:file:../service_db'&#10;2022-05-28 19:50:00.284  INFO 5712 --- [    Test worker] o.s.s.concurrent.ThreadPoolTaskExecutor  : Initializing ExecutorService 'applicationTaskExecutor'&#10;2022-05-28 19:50:00.289  INFO 5712 --- [         task-1] o.hibernate.jpa.internal.util.LogHelper  : HHH000204: Processing PersistenceUnitInfo [name: default]&#10;2022-05-28 19:50:00.295  INFO 5712 --- [         task-1] org.hibernate.dialect.Dialect            : HHH000400: Using dialect: org.hibernate.dialect.H2Dialect&#10;2022-05-28 19:50:00.330  WARN 5712 --- [    Test worker] JpaBaseConfiguration$JpaWebConfiguration : spring.jpa.open-in-view is enabled by default. Therefore, database queries may be performed during view rendering. Explicitly configure spring.jpa.open-in-view to disable this warning&#10;2022-05-28 19:50:00.380  INFO 5712 --- [    Test worker] o.s.s.web.DefaultSecurityFilterChain     : Creating filter chain: any request, [org.springframework.security.web.context.request.async.WebAsyncManagerIntegrationFilter@49654a35, org.springframework.security.web.context.SecurityContextPersistenceFilter@71634e64, org.springframework.security.web.header.HeaderWriterFilter@8dc3019, org.springframework.security.web.authentication.logout.LogoutFilter@a08e41b, org.springframework.security.web.authentication.www.BasicAuthenticationFilter@e08d871, org.springframework.security.web.savedrequest.RequestCacheAwareFilter@65cc3902, org.springframework.security.web.servletapi.SecurityContextHolderAwareRequestFilter@c79915a, org.springframework.security.web.authentication.AnonymousAuthenticationFilter@5169db2f, org.springframework.security.web.session.SessionManagementFilter@34ab398b, org.springframework.security.web.access.ExceptionTranslationFilter@68af8288, org.springframework.security.web.access.intercept.FilterSecurityInterceptor@66851aa5]&#10;2022-05-28 19:50:00.389  INFO 5712 --- [         task-1] o.h.e.t.j.p.i.JtaPlatformInitiator       : HHH000490: Using JtaPlatform implementation: [org.hibernate.engine.transaction.jta.platform.internal.NoJtaPlatform]&#10;2022-05-28 19:50:00.389  INFO 5712 --- [         task-1] j.LocalContainerEntityManagerFactoryBean : Initialized JPA EntityManagerFactory for persistence unit 'default'&#10;2022-05-28 19:50:00.572  INFO 5712 --- [    Test worker] o.s.b.a.e.web.EndpointLinksResolver      : Exposing 14 endpoint(s) beneath base path '/actuator'&#10;2022-05-28 19:50:00.592  INFO 5712 --- [    Test worker] o.s.b.w.embedded.tomcat.TomcatWebServer  : Tomcat started on port(s): 28852 (http) with context path ''&#10;2022-05-28 19:50:00.592  INFO 5712 --- [    Test worker] DeferredRepositoryInitializationListener : Triggering deferred initialization of Spring Data repositoriesâ€¦&#10;2022-05-28 19:50:00.633  INFO 5712 --- [    Test worker] DeferredRepositoryInitializationListener : Spring Data repositories initialized!&#10;2022-05-28 19:50:00.639  INFO 5712 --- [    Test worker] account.AccountServiceApplication        : Started AccountServiceApplication in 1.058 seconds (JVM running for 10.881)&#10;2022-05-28 19:50:00.645  INFO 5712 --- [io-28852-exec-1] o.a.c.c.C.[Tomcat].[localhost].[/]       : Initializing Spring DispatcherServlet 'dispatcherServlet'&#10;2022-05-28 19:50:00.648  INFO 5712 --- [io-28852-exec-1] o.s.web.servlet.DispatcherServlet        : Initializing Servlet 'dispatcherServlet'&#10;2022-05-28 19:50:00.651  INFO 5712 --- [io-28852-exec-1] o.s.web.servlet.DispatcherServlet        : Completed initialization in 3 ms" type="java.lang.AssertionError">java.lang.AssertionError: Wrong answer in test #40

The JSON object at key message should equal to &quot;User not found!&quot;, found &quot;404 NOT_FOUND&quot;

Full JSON:
{
  &quot;timestamp&quot;: &quot;2022-05-28T16:50:01.301+00:00&quot;,
  &quot;status&quot;: 404,
  &quot;error&quot;: &quot;Not Found&quot;,
  &quot;message&quot;: &quot;404 NOT_FOUND&quot;,
  &quot;path&quot;: &quot;/api/admin/user/johndoe@goole.com&quot;
}

Please find below the output of your program during this failed test.

---

.   ____          _            __ _ _
 /\\ / ___'_ __ _ _(_)_ __  __ _ \ \ \ \
( ( )\___ | '_ | '_| | '_ \/ _` | \ \ \ \
 \\/  ___)| |_)| | | | | || (_| |  ) ) ) )
  '  |____| .__|_| |_|_| |_\__, | / / / /
 =========|_|==============|___/=/_/_/_/
 :: Spring Boot ::        (v2.3.1.RELEASE)

2022-05-28 19:49:51.121  INFO 5712 --- [    Test worker] account.AccountServiceApplication        : Starting AccountServiceApplication on Fractal with PID 5712 (started by Fractal in D:\RepositoryRoadToProfession\Account Service\Account Service\task)
2022-05-28 19:49:51.125  INFO 5712 --- [    Test worker] account.AccountServiceApplication        : No active profile set, falling back to default profiles: default
2022-05-28 19:49:52.263  INFO 5712 --- [    Test worker] .s.d.r.c.RepositoryConfigurationDelegate : Bootstrapping Spring Data JPA repositories in DEFERRED mode.
2022-05-28 19:49:52.333  INFO 5712 --- [    Test worker] .s.d.r.c.RepositoryConfigurationDelegate : Finished Spring Data repository scanning in 60ms. Found 2 JPA repository interfaces.
2022-05-28 19:49:53.006  INFO 5712 --- [    Test worker] o.s.b.w.embedded.tomcat.TomcatWebServer  : Tomcat initialized with port(s): 28852 (http)
2022-05-28 19:49:53.020  INFO 5712 --- [    Test worker] o.apache.catalina.core.StandardService   : Starting service [Tomcat]
2022-05-28 19:49:53.020  INFO 5712 --- [    Test worker] org.apache.catalina.core.StandardEngine  : Starting Servlet engine: [Apache Tomcat/9.0.36]
2022-05-28 19:49:53.176  INFO 5712 --- [    Test worker] o.a.c.c.C.[Tomcat].[localhost].[/]       : Initializing Spring embedded WebApplicationContext
2022-05-28 19:49:53.176  INFO 5712 --- [    Test worker] w.s.c.ServletWebServerApplicationContext : Root WebApplicationContext: initialization completed in 1978 ms
2022-05-28 19:49:53.323  INFO 5712 --- [    Test worker] com.zaxxer.hikari.HikariDataSource       : HikariPool-1 - Starting...
2022-05-28 19:49:53.552  INFO 5712 --- [    Test worker] com.zaxxer.hikari.HikariDataSource       : HikariPool-1 - Start completed.
2022-05-28 19:49:53.566  INFO 5712 --- [    Test worker] o.s.b.a.h2.H2ConsoleAutoConfiguration    : H2 console available at '/h2-console'. Database available at 'jdbc:h2:file:../service_db'
2022-05-28 19:49:53.756  INFO 5712 --- [    Test worker] o.s.s.concurrent.ThreadPoolTaskExecutor  : Initializing ExecutorService 'applicationTaskExecutor'
2022-05-28 19:49:53.822  INFO 5712 --- [         task-1] o.hibernate.jpa.internal.util.LogHelper  : HHH000204: Processing PersistenceUnitInfo [name: default]
2022-05-28 19:49:53.909  WARN 5712 --- [    Test worker] JpaBaseConfiguration$JpaWebConfiguration : spring.jpa.open-in-view is enabled by default. Therefore, database queries may be performed during view rendering. Explicitly configure spring.jpa.open-in-view to disable this warning
2022-05-28 19:49:53.918  INFO 5712 --- [         task-1] org.hibernate.Version                    : HHH000412: Hibernate ORM core version 5.4.17.Final
2022-05-28 19:49:54.158  INFO 5712 --- [         task-1] o.hibernate.annotations.common.Version   : HCANN000001: Hibernate Commons Annotations {5.1.0.Final}
2022-05-28 19:49:54.166  INFO 5712 --- [    Test worker] o.s.s.web.DefaultSecurityFilterChain     : Creating filter chain: any request, [org.springframework.security.web.context.request.async.WebAsyncManagerIntegrationFilter@485c84d7, org.springframework.security.web.context.SecurityContextPersistenceFilter@143413cd, org.springframework.security.web.header.HeaderWriterFilter@1aeff8ca, org.springframework.security.web.authentication.logout.LogoutFilter@6a1d1467, org.springframework.security.web.authentication.www.BasicAuthenticationFilter@5cbe95b1, org.springframework.security.web.savedrequest.RequestCacheAwareFilter@146f3d22, org.springframework.security.web.servletapi.SecurityContextHolderAwareRequestFilter@503556cb, org.springframework.security.web.authentication.AnonymousAuthenticationFilter@1224e1b6, org.springframework.security.web.session.SessionManagementFilter@1760e594, org.springframework.security.web.access.ExceptionTranslationFilter@27db45f, org.springframework.security.web.access.intercept.FilterSecurityInterceptor@7cdfa824]
2022-05-28 19:49:54.351  INFO 5712 --- [         task-1] org.hibernate.dialect.Dialect            : HHH000400: Using dialect: org.hibernate.dialect.H2Dialect
2022-05-28 19:49:55.309  INFO 5712 --- [         task-1] o.h.e.t.j.p.i.JtaPlatformInitiator       : HHH000490: Using JtaPlatform implementation: [org.hibernate.engine.transaction.jta.platform.internal.NoJtaPlatform]
2022-05-28 19:49:55.322  INFO 5712 --- [         task-1] j.LocalContainerEntityManagerFactoryBean : Initialized JPA EntityManagerFactory for persistence unit 'default'
2022-05-28 19:49:55.393  INFO 5712 --- [    Test worker] o.s.b.a.e.web.EndpointLinksResolver      : Exposing 14 endpoint(s) beneath base path '/actuator'
2022-05-28 19:49:55.452  INFO 5712 --- [    Test worker] o.s.b.w.embedded.tomcat.TomcatWebServer  : Tomcat started on port(s): 28852 (http) with context path ''
2022-05-28 19:49:55.453  INFO 5712 --- [    Test worker] DeferredRepositoryInitializationListener : Triggering deferred initialization of Spring Data repositoriesâ€¦
2022-05-28 19:49:55.755  INFO 5712 --- [    Test worker] DeferredRepositoryInitializationListener : Spring Data repositories initialized!
2022-05-28 19:49:55.767  INFO 5712 --- [    Test worker] account.AccountServiceApplication        : Started AccountServiceApplication in 5.001 seconds (JVM running for 6.01)
2022-05-28 19:49:56.104  INFO 5712 --- [io-28852-exec-1] o.a.c.c.C.[Tomcat].[localhost].[/]       : Initializing Spring DispatcherServlet 'dispatcherServlet'
2022-05-28 19:49:56.105  INFO 5712 --- [io-28852-exec-1] o.s.web.servlet.DispatcherServlet        : Initializing Servlet 'dispatcherServlet'
2022-05-28 19:49:56.115  INFO 5712 --- [io-28852-exec-1] o.s.web.servlet.DispatcherServlet        : Completed initialization in 10 ms
2022-05-28 19:49:56.269  WARN 5712 --- [io-28852-exec-1] .w.s.m.s.DefaultHandlerExceptionResolver : Resolved [org.springframework.web.bind.MethodArgumentNotValidException: Validation failed for argument [0] in public org.springframework.http.ResponseEntity&lt;account.entites.User&gt; account.controller.AuthController.registerUser(account.entites.User): [Field error in object 'user' on field 'username': rejected value []; codes [NotEmpty.user.username,NotEmpty.username,NotEmpty.java.lang.String,NotEmpty]; arguments [org.springframework.context.support.DefaultMessageSourceResolvable: codes [user.username,username]; arguments []; default message [username]]; default message [must not be empty]] ]
2022-05-28 19:49:56.318  WARN 5712 --- [io-28852-exec-2] .w.s.m.s.DefaultHandlerExceptionResolver : Resolved [org.springframework.web.bind.MethodArgumentNotValidException: Validation failed for argument [0] in public org.springframework.http.ResponseEntity&lt;account.entites.User&gt; account.controller.AuthController.registerUser(account.entites.User): [Field error in object 'user' on field 'username': rejected value [null]; codes [NotEmpty.user.username,NotEmpty.username,NotEmpty.java.lang.String,NotEmpty]; arguments [org.springframework.context.support.DefaultMessageSourceResolvable: codes [user.username,username]; arguments []; default message [username]]; default message [must not be empty]] ]
2022-05-28 19:49:56.329  WARN 5712 --- [io-28852-exec-3] .w.s.m.s.DefaultHandlerExceptionResolver : Resolved [org.springframework.web.bind.MethodArgumentNotValidException: Validation failed for argument [0] in public org.springframework.http.ResponseEntity&lt;account.entites.User&gt; account.controller.AuthController.registerUser(account.entites.User): [Field error in object 'user' on field 'lastname': rejected value []; codes [NotEmpty.user.lastname,NotEmpty.lastname,NotEmpty.java.lang.String,NotEmpty]; arguments [org.springframework.context.support.DefaultMessageSourceResolvable: codes [user.lastname,lastname]; arguments []; default message [lastname]]; default message [must not be empty]] ]
2022-05-28 19:49:56.338  WARN 5712 --- [io-28852-exec-4] .w.s.m.s.DefaultHandlerExceptionResolver : Resolved [org.springframework.web.bind.MethodArgumentNotValidException: Validation failed for argument [0] in public org.springframework.http.ResponseEntity&lt;account.entites.User&gt; account.controller.AuthController.registerUser(account.entites.User): [Field error in object 'user' on field 'lastname': rejected value [null]; codes [NotEmpty.user.lastname,NotEmpty.lastname,NotEmpty.java.lang.String,NotEmpty]; arguments [org.springframework.context.support.DefaultMessageSourceResolvable: codes [user.lastname,lastname]; arguments []; default message [lastname]]; default message [must not be empty]] ]
2022-05-28 19:49:56.351  WARN 5712 --- [io-28852-exec-5] .w.s.m.s.DefaultHandlerExceptionResolver : Resolved [org.springframework.web.bind.MethodArgumentNotValidException: Validation failed for argument [0] in public org.springframework.http.ResponseEntity&lt;account.entites.User&gt; account.controller.AuthController.registerUser(account.entites.User) with 2 errors: [Field error in object 'user' on field 'email': rejected value []; codes [Pattern.user.email,Pattern.email,Pattern.java.lang.String,Pattern]; arguments [org.springframework.context.support.DefaultMessageSourceResolvable: codes [user.email,email]; arguments []; default message [email],[Ljavax.validation.constraints.Pattern$Flag;@3ebb04ab,^([\w-]+(?:\.[\w-]+)*)@(acme.com)$]; default message [must match &quot;^([\w-]+(?:\.[\w-]+)*)@(acme.com)$&quot;]] [Field error in object 'user' on field 'email': rejected value []; codes [NotBlank.user.email,NotBlank.email,NotBlank.java.lang.String,NotBlank]; arguments [org.springframework.context.support.DefaultMessageSourceResolvable: codes [user.email,email]; arguments []; default message [email]]; default message [must not be blank]] ]
2022-05-28 19:49:56.362  WARN 5712 --- [io-28852-exec-6] .w.s.m.s.DefaultHandlerExceptionResolver : Resolved [org.springframework.web.bind.MethodArgumentNotValidException: Validation failed for argument [0] in public org.springframework.http.ResponseEntity&lt;account.entites.User&gt; account.controller.AuthController.registerUser(account.entites.User) with 2 errors: [Field error in object 'user' on field 'email': rejected value [null]; codes [NotBlank.user.email,NotBlank.email,NotBlank.java.lang.String,NotBlank]; arguments [org.springframework.context.support.DefaultMessageSourceResolvable: codes [user.email,email]; arguments []; default message [email]]; default message [must not be blank]] [Field error in object 'user' on field 'email': rejected value [null]; codes [NotNull.user.email,NotNull.email,NotNull.java.lang.String,NotNull]; arguments [org.springframework.context.support.DefaultMessageSourceResolvable: codes [user.email,email]; arguments []; default message [email]]; default message [must not be null]] ]
2022-05-28 19:49:56.371  WARN 5712 --- [io-28852-exec-7] .w.s.m.s.DefaultHandlerExceptionResolver : Resolved [org.springframework.web.bind.MethodArgumentNotValidException: Validation failed for argument [0] in public org.springframework.http.ResponseEntity&lt;account.entites.User&gt; account.controller.AuthController.registerUser(account.entites.User): [Field error in object 'user' on field 'password': rejected value []; codes [NotBlank.user.password,NotBlank.password,NotBlank.java.lang.String,NotBlank]; arguments [org.springframework.context.support.DefaultMessageSourceResolvable: codes [user.password,password]; arguments []; default message [password]]; default message [must not be blank]] ]
2022-05-28 19:49:56.380  WARN 5712 --- [io-28852-exec-8] .w.s.m.s.DefaultHandlerExceptionResolver : Resolved [org.springframework.web.bind.MethodArgumentNotValidException: Validation failed for argument [0] in public org.springframework.http.ResponseEntity&lt;account.entites.User&gt; account.controller.AuthController.registerUser(account.entites.User) with 2 errors: [Field error in object 'user' on field 'password': rejected value [null]; codes [NotBlank.user.password,NotBlank.password,NotBlank.java.lang.String,NotBlank]; arguments [org.springframework.context.support.DefaultMessageSourceResolvable: codes [user.password,password]; arguments []; default message [password]]; default message [must not be blank]] [Field error in object 'user' on field 'password': rejected value [null]; codes [NotNull.user.password,NotNull.password,NotNull.java.lang.String,NotNull]; arguments [org.springframework.context.support.DefaultMessageSourceResolvable: codes [user.password,password]; arguments []; default message [password]]; default message [must not be null]] ]
2022-05-28 19:49:56.390  WARN 5712 --- [io-28852-exec-9] .w.s.m.s.DefaultHandlerExceptionResolver : Resolved [org.springframework.web.bind.MethodArgumentNotValidException: Validation failed for argument [0] in public org.springframework.http.ResponseEntity&lt;account.entites.User&gt; account.controller.AuthController.registerUser(account.entites.User): [Field error in object 'user' on field 'email': rejected value [johndoeacme.com]; codes [Pattern.user.email,Pattern.email,Pattern.java.lang.String,Pattern]; arguments [org.springframework.context.support.DefaultMessageSourceResolvable: codes [user.email,email]; arguments []; default message [email],[Ljavax.validation.constraints.Pattern$Flag;@3ebb04ab,^([\w-]+(?:\.[\w-]+)*)@(acme.com)$]; default message [must match &quot;^([\w-]+(?:\.[\w-]+)*)@(acme.com)$&quot;]] ]
2022-05-28 19:49:56.399  WARN 5712 --- [o-28852-exec-10] .w.s.m.s.DefaultHandlerExceptionResolver : Resolved [org.springframework.web.bind.MethodArgumentNotValidException: Validation failed for argument [0] in public org.springframework.http.ResponseEntity&lt;account.entites.User&gt; account.controller.AuthController.registerUser(account.entites.User): [Field error in object 'user' on field 'email': rejected value [johndoe@google.com]; codes [Pattern.user.email,Pattern.email,Pattern.java.lang.String,Pattern]; arguments [org.springframework.context.support.DefaultMessageSourceResolvable: codes [user.email,email]; arguments []; default message [email],[Ljavax.validation.constraints.Pattern$Flag;@3ebb04ab,^([\w-]+(?:\.[\w-]+)*)@(acme.com)$]; default message [must match &quot;^([\w-]+(?:\.[\w-]+)*)@(acme.com)$&quot;]] ]
2022-05-28 19:49:59.482  INFO 5712 --- [     Thread-336] j.LocalContainerEntityManagerFactoryBean : Closing JPA EntityManagerFactory for persistence unit 'default'
2022-05-28 19:49:59.483  INFO 5712 --- [     Thread-336] o.s.s.concurrent.ThreadPoolTaskExecutor  : Shutting down ExecutorService 'applicationTaskExecutor'
2022-05-28 19:49:59.484  INFO 5712 --- [     Thread-336] com.zaxxer.hikari.HikariDataSource       : HikariPool-1 - Shutdown initiated...
2022-05-28 19:49:59.503  INFO 5712 --- [     Thread-336] com.zaxxer.hikari.HikariDataSource       : HikariPool-1 - Shutdown completed.

  .   ____          _            __ _ _
 /\\ / ___'_ __ _ _(_)_ __  __ _ \ \ \ \
( ( )\___ | '_ | '_| | '_ \/ _` | \ \ \ \
 \\/  ___)| |_)| | | | | || (_| |  ) ) ) )
  '  |____| .__|_| |_|_| |_\__, | / / / /
 =========|_|==============|___/=/_/_/_/
 :: Spring Boot ::        (v2.3.1.RELEASE)

2022-05-28 19:49:59.630  INFO 5712 --- [    Test worker] account.AccountServiceApplication        : Starting AccountServiceApplication on Fractal with PID 5712 (started by Fractal in D:\RepositoryRoadToProfession\Account Service\Account Service\task)
2022-05-28 19:49:59.630  INFO 5712 --- [    Test worker] account.AccountServiceApplication        : No active profile set, falling back to default profiles: default
2022-05-28 19:50:00.019  INFO 5712 --- [    Test worker] .s.d.r.c.RepositoryConfigurationDelegate : Bootstrapping Spring Data JPA repositories in DEFERRED mode.
2022-05-28 19:50:00.030  INFO 5712 --- [    Test worker] .s.d.r.c.RepositoryConfigurationDelegate : Finished Spring Data repository scanning in 10ms. Found 2 JPA repository interfaces.
2022-05-28 19:50:00.131  INFO 5712 --- [    Test worker] o.s.b.w.embedded.tomcat.TomcatWebServer  : Tomcat initialized with port(s): 28852 (http)
2022-05-28 19:50:00.132  INFO 5712 --- [    Test worker] o.apache.catalina.core.StandardService   : Starting service [Tomcat]
2022-05-28 19:50:00.133  INFO 5712 --- [    Test worker] org.apache.catalina.core.StandardEngine  : Starting Servlet engine: [Apache Tomcat/9.0.36]
2022-05-28 19:50:00.176  INFO 5712 --- [    Test worker] o.a.c.c.C.[Tomcat].[localhost].[/]       : Initializing Spring embedded WebApplicationContext
2022-05-28 19:50:00.177  INFO 5712 --- [    Test worker] w.s.c.ServletWebServerApplicationContext : Root WebApplicationContext: initialization completed in 544 ms
2022-05-28 19:50:00.223  INFO 5712 --- [    Test worker] com.zaxxer.hikari.HikariDataSource       : HikariPool-2 - Starting...
2022-05-28 19:50:00.235  INFO 5712 --- [    Test worker] com.zaxxer.hikari.HikariDataSource       : HikariPool-2 - Start completed.
2022-05-28 19:50:00.236  INFO 5712 --- [    Test worker] o.s.b.a.h2.H2ConsoleAutoConfiguration    : H2 console available at '/h2-console'. Database available at 'jdbc:h2:file:../service_db'
2022-05-28 19:50:00.284  INFO 5712 --- [    Test worker] o.s.s.concurrent.ThreadPoolTaskExecutor  : Initializing ExecutorService 'applicationTaskExecutor'
2022-05-28 19:50:00.289  INFO 5712 --- [         task-1] o.hibernate.jpa.internal.util.LogHelper  : HHH000204: Processing PersistenceUnitInfo [name: default]
2022-05-28 19:50:00.295  INFO 5712 --- [         task-1] org.hibernate.dialect.Dialect            : HHH000400: Using dialect: org.hibernate.dialect.H2Dialect
2022-05-28 19:50:00.330  WARN 5712 --- [    Test worker] JpaBaseConfiguration$JpaWebConfiguration : spring.jpa.open-in-view is enabled by default. Therefore, database queries may be performed during view rendering. Explicitly configure spring.jpa.open-in-view to disable this warning
2022-05-28 19:50:00.380  INFO 5712 --- [    Test worker] o.s.s.web.DefaultSecurityFilterChain     : Creating filter chain: any request, [org.springframework.security.web.context.request.async.WebAsyncManagerIntegrationFilter@49654a35, org.springframework.security.web.context.SecurityContextPersistenceFilter@71634e64, org.springframework.security.web.header.HeaderWriterFilter@8dc3019, org.springframework.security.web.authentication.logout.LogoutFilter@a08e41b, org.springframework.security.web.authentication.www.BasicAuthenticationFilter@e08d871, org.springframework.security.web.savedrequest.RequestCacheAwareFilter@65cc3902, org.springframework.security.web.servletapi.SecurityContextHolderAwareRequestFilter@c79915a, org.springframework.security.web.authentication.AnonymousAuthenticationFilter@5169db2f, org.springframework.security.web.session.SessionManagementFilter@34ab398b, org.springframework.security.web.access.ExceptionTranslationFilter@68af8288, org.springframework.security.web.access.intercept.FilterSecurityInterceptor@66851aa5]
2022-05-28 19:50:00.389  INFO 5712 --- [         task-1] o.h.e.t.j.p.i.JtaPlatformInitiator       : HHH000490: Using JtaPlatform implementation: [org.hibernate.engine.transaction.jta.platform.internal.NoJtaPlatform]
2022-05-28 19:50:00.389  INFO 5712 --- [         task-1] j.LocalContainerEntityManagerFactoryBean : Initialized JPA EntityManagerFactory for persistence unit 'default'
2022-05-28 19:50:00.572  INFO 5712 --- [    Test worker] o.s.b.a.e.web.EndpointLinksResolver      : Exposing 14 endpoint(s) beneath base path '/actuator'
2022-05-28 19:50:00.592  INFO 5712 --- [    Test worker] o.s.b.w.embedded.tomcat.TomcatWebServer  : Tomcat started on port(s): 28852 (http) with context path ''
2022-05-28 19:50:00.592  INFO 5712 --- [    Test worker] DeferredRepositoryInitializationListener : Triggering deferred initialization of Spring Data repositoriesâ€¦
2022-05-28 19:50:00.633  INFO 5712 --- [    Test worker] DeferredRepositoryInitializationListener : Spring Data repositories initialized!
2022-05-28 19:50:00.639  INFO 5712 --- [    Test worker] account.AccountServiceApplication        : Started AccountServiceApplication in 1.058 seconds (JVM running for 10.881)
2022-05-28 19:50:00.645  INFO 5712 --- [io-28852-exec-1] o.a.c.c.C.[Tomcat].[localhost].[/]       : Initializing Spring DispatcherServlet 'dispatcherServlet'
2022-05-28 19:50:00.648  INFO 5712 --- [io-28852-exec-1] o.s.web.servlet.DispatcherServlet        : Initializing Servlet 'dispatcherServlet'
2022-05-28 19:50:00.651  INFO 5712 --- [io-28852-exec-1] o.s.web.servlet.DispatcherServlet        : Completed initialization in 3 ms
	at org.junit.Assert.fail(Assert.java:89)
	at org.hyperskill.hstest.stage.StageTest.start(StageTest.java:155)
	at java.base/jdk.internal.reflect.NativeMethodAccessorImpl.invoke0(Native Method)
	at java.base/jdk.internal.reflect.NativeMethodAccessorImpl.invoke(NativeMethodAccessorImpl.java:77)
	at java.base/jdk.internal.reflect.DelegatingMethodAccessorImpl.invoke(DelegatingMethodAccessorImpl.java:43)
	at java.base/java.lang.reflect.Method.invoke(Method.java:568)
	at org.junit.runners.model.FrameworkMethod$1.runReflectiveCall(FrameworkMethod.java:59)
	at org.junit.internal.runners.model.ReflectiveCallable.run(ReflectiveCallable.java:12)
	at org.junit.runners.model.FrameworkMethod.invokeExplosively(FrameworkMethod.java:56)
	at org.junit.internal.runners.statements.InvokeMethod.evaluate(InvokeMethod.java:17)
	at org.junit.internal.runners.statements.RunAfters.evaluate(RunAfters.java:27)
	at org.junit.runners.ParentRunner$3.evaluate(ParentRunner.java:306)
	at org.junit.runners.BlockJUnit4ClassRunner$1.evaluate(BlockJUnit4ClassRunner.java:100)
	at org.junit.runners.ParentRunner.runLeaf(ParentRunner.java:366)
	at org.junit.runners.BlockJUnit4ClassRunner.runChild(BlockJUnit4ClassRunner.java:103)
	at org.junit.runners.BlockJUnit4ClassRunner.runChild(BlockJUnit4ClassRunner.java:63)
	at org.junit.runners.ParentRunner$4.run(ParentRunner.java:331)
	at org.junit.runners.ParentRunner$1.schedule(ParentRunner.java:79)
	at org.junit.runners.ParentRunner.runChildren(ParentRunner.java:329)
	at org.junit.runners.ParentRunner.access$100(ParentRunner.java:66)
	at org.junit.runners.ParentRunner$2.evaluate(ParentRunner.java:293)
	at org.junit.runners.ParentRunner$3.evaluate(ParentRunner.java:306)
	at org.junit.runners.ParentRunner.run(ParentRunner.java:413)
	at org.gradle.api.internal.tasks.testing.junit.JUnitTestClassExecutor.runTestClass(JUnitTestClassExecutor.java:110)
	at org.gradle.api.internal.tasks.testing.junit.JUnitTestClassExecutor.execute(JUnitTestClassExecutor.java:58)
	at org.gradle.api.internal.tasks.testing.junit.JUnitTestClassExecutor.execute(JUnitTestClassExecutor.java:38)
	at org.gradle.api.internal.tasks.testing.junit.AbstractJUnitTestClassProcessor.processTestClass(AbstractJUnitTestClassProcessor.java:62)
	at org.gradle.api.internal.tasks.testing.SuiteTestClassProcessor.processTestClass(SuiteTestClassProcessor.java:51)
	at java.base/jdk.internal.reflect.NativeMethodAccessorImpl.invoke0(Native Method)
	at java.base/jdk.internal.reflect.NativeMethodAccessorImpl.invoke(NativeMethodAccessorImpl.java:77)
	at java.base/jdk.internal.reflect.DelegatingMethodAccessorImpl.invoke(DelegatingMethodAccessorImpl.java:43)
	at java.base/java.lang.reflect.Method.invoke(Method.java:568)
	at org.gradle.internal.dispatch.ReflectionDispatch.dispatch(ReflectionDispatch.java:36)
	at org.gradle.internal.dispatch.ReflectionDispatch.dispatch(ReflectionDispatch.java:24)
	at org.gradle.internal.dispatch.ContextClassLoaderDispatch.dispatch(ContextClassLoaderDispatch.java:33)
	at org.gradle.internal.dispatch.ProxyDispatchAdapter$DispatchingInvocationHandler.invoke(ProxyDispatchAdapter.java:94)
	at jdk.proxy1/jdk.proxy1.$Proxy2.processTestClass(Unknown Source)
	at org.gradle.api.internal.tasks.testing.worker.TestWorker$2.run(TestWorker.java:176)
	at org.gradle.api.internal.tasks.testing.worker.TestWorker.executeAndMaintainThreadName(TestWorker.java:129)
	at org.gradle.api.internal.tasks.testing.worker.TestWorker.execute(TestWorker.java:100)
	at org.gradle.api.internal.tasks.testing.worker.TestWorker.execute(TestWorker.java:60)
	at org.gradle.process.internal.worker.child.ActionExecutionWorker.execute(ActionExecutionWorker.java:56)
	at org.gradle.process.internal.worker.child.SystemApplicationClassLoaderWorker.call(SystemApplicationClassLoaderWorker.java:133)
	at org.gradle.process.internal.worker.child.SystemApplicationClassLoaderWorker.call(SystemApplicationClassLoaderWorker.java:71)
	at worker.org.gradle.process.internal.worker.GradleWorkerMain.run(GradleWorkerMain.java:69)
	at worker.org.gradle.process.internal.worker.GradleWorkerMain.main(GradleWorkerMain.java:74)
</failure>
  </testcase>
  <system-out><![CDATA[?[1;31m
Start test 1?[0m

  .   ____          _            __ _ _
 /\\ / ___'_ __ _ _(_)_ __  __ _ \ \ \ \
( ( )\___ | '_ | '_| | '_ \/ _` | \ \ \ \
 \\/  ___)| |_)| | | | | || (_| |  ) ) ) )
  '  |____| .__|_| |_|_| |_\__, | / / / /
 =========|_|==============|___/=/_/_/_/
 :: Spring Boot ::        (v2.3.1.RELEASE)

2022-05-28 19:49:51.121  INFO 5712 --- [    Test worker] account.AccountServiceApplication        : Starting AccountServiceApplication on Fractal with PID 5712 (started by Fractal in D:\RepositoryRoadToProfession\Account Service\Account Service\task)
2022-05-28 19:49:51.125  INFO 5712 --- [    Test worker] account.AccountServiceApplication        : No active profile set, falling back to default profiles: default
2022-05-28 19:49:52.263  INFO 5712 --- [    Test worker] .s.d.r.c.RepositoryConfigurationDelegate : Bootstrapping Spring Data JPA repositories in DEFERRED mode.
2022-05-28 19:49:52.333  INFO 5712 --- [    Test worker] .s.d.r.c.RepositoryConfigurationDelegate : Finished Spring Data repository scanning in 60ms. Found 2 JPA repository interfaces.
2022-05-28 19:49:53.006  INFO 5712 --- [    Test worker] o.s.b.w.embedded.tomcat.TomcatWebServer  : Tomcat initialized with port(s): 28852 (http)
2022-05-28 19:49:53.020  INFO 5712 --- [    Test worker] o.apache.catalina.core.StandardService   : Starting service [Tomcat]
2022-05-28 19:49:53.020  INFO 5712 --- [    Test worker] org.apache.catalina.core.StandardEngine  : Starting Servlet engine: [Apache Tomcat/9.0.36]
2022-05-28 19:49:53.176  INFO 5712 --- [    Test worker] o.a.c.c.C.[Tomcat].[localhost].[/]       : Initializing Spring embedded WebApplicationContext
2022-05-28 19:49:53.176  INFO 5712 --- [    Test worker] w.s.c.ServletWebServerApplicationContext : Root WebApplicationContext: initialization completed in 1978 ms
2022-05-28 19:49:53.323  INFO 5712 --- [    Test worker] com.zaxxer.hikari.HikariDataSource       : HikariPool-1 - Starting...
2022-05-28 19:49:53.552  INFO 5712 --- [    Test worker] com.zaxxer.hikari.HikariDataSource       : HikariPool-1 - Start completed.
2022-05-28 19:49:53.566  INFO 5712 --- [    Test worker] o.s.b.a.h2.H2ConsoleAutoConfiguration    : H2 console available at '/h2-console'. Database available at 'jdbc:h2:file:../service_db'
2022-05-28 19:49:53.756  INFO 5712 --- [    Test worker] o.s.s.concurrent.ThreadPoolTaskExecutor  : Initializing ExecutorService 'applicationTaskExecutor'
2022-05-28 19:49:53.822  INFO 5712 --- [         task-1] o.hibernate.jpa.internal.util.LogHelper  : HHH000204: Processing PersistenceUnitInfo [name: default]
2022-05-28 19:49:53.909  WARN 5712 --- [    Test worker] JpaBaseConfiguration$JpaWebConfiguration : spring.jpa.open-in-view is enabled by default. Therefore, database queries may be performed during view rendering. Explicitly configure spring.jpa.open-in-view to disable this warning
2022-05-28 19:49:53.918  INFO 5712 --- [         task-1] org.hibernate.Version                    : HHH000412: Hibernate ORM core version 5.4.17.Final
2022-05-28 19:49:54.158  INFO 5712 --- [         task-1] o.hibernate.annotations.common.Version   : HCANN000001: Hibernate Commons Annotations {5.1.0.Final}
2022-05-28 19:49:54.166  INFO 5712 --- [    Test worker] o.s.s.web.DefaultSecurityFilterChain     : Creating filter chain: any request, [org.springframework.security.web.context.request.async.WebAsyncManagerIntegrationFilter@485c84d7, org.springframework.security.web.context.SecurityContextPersistenceFilter@143413cd, org.springframework.security.web.header.HeaderWriterFilter@1aeff8ca, org.springframework.security.web.authentication.logout.LogoutFilter@6a1d1467, org.springframework.security.web.authentication.www.BasicAuthenticationFilter@5cbe95b1, org.springframework.security.web.savedrequest.RequestCacheAwareFilter@146f3d22, org.springframework.security.web.servletapi.SecurityContextHolderAwareRequestFilter@503556cb, org.springframework.security.web.authentication.AnonymousAuthenticationFilter@1224e1b6, org.springframework.security.web.session.SessionManagementFilter@1760e594, org.springframework.security.web.access.ExceptionTranslationFilter@27db45f, org.springframework.security.web.access.intercept.FilterSecurityInterceptor@7cdfa824]
2022-05-28 19:49:54.351  INFO 5712 --- [         task-1] org.hibernate.dialect.Dialect            : HHH000400: Using dialect: org.hibernate.dialect.H2Dialect
2022-05-28 19:49:55.309  INFO 5712 --- [         task-1] o.h.e.t.j.p.i.JtaPlatformInitiator       : HHH000490: Using JtaPlatform implementation: [org.hibernate.engine.transaction.jta.platform.internal.NoJtaPlatform]
2022-05-28 19:49:55.322  INFO 5712 --- [         task-1] j.LocalContainerEntityManagerFactoryBean : Initialized JPA EntityManagerFactory for persistence unit 'default'
2022-05-28 19:49:55.393  INFO 5712 --- [    Test worker] o.s.b.a.e.web.EndpointLinksResolver      : Exposing 14 endpoint(s) beneath base path '/actuator'
2022-05-28 19:49:55.452  INFO 5712 --- [    Test worker] o.s.b.w.embedded.tomcat.TomcatWebServer  : Tomcat started on port(s): 28852 (http) with context path ''
2022-05-28 19:49:55.453  INFO 5712 --- [    Test worker] DeferredRepositoryInitializationListener : Triggering deferred initialization of Spring Data repositoriesâ€¦
2022-05-28 19:49:55.755  INFO 5712 --- [    Test worker] DeferredRepositoryInitializationListener : Spring Data repositories initialized!
2022-05-28 19:49:55.767  INFO 5712 --- [    Test worker] account.AccountServiceApplication        : Started AccountServiceApplication in 5.001 seconds (JVM running for 6.01)
2022-05-28 19:49:56.104  INFO 5712 --- [io-28852-exec-1] o.a.c.c.C.[Tomcat].[localhost].[/]       : Initializing Spring DispatcherServlet 'dispatcherServlet'
2022-05-28 19:49:56.105  INFO 5712 --- [io-28852-exec-1] o.s.web.servlet.DispatcherServlet        : Initializing Servlet 'dispatcherServlet'
2022-05-28 19:49:56.115  INFO 5712 --- [io-28852-exec-1] o.s.web.servlet.DispatcherServlet        : Completed initialization in 10 ms
2022-05-28 19:49:56.269  WARN 5712 --- [io-28852-exec-1] .w.s.m.s.DefaultHandlerExceptionResolver : Resolved [org.springframework.web.bind.MethodArgumentNotValidException: Validation failed for argument [0] in public org.springframework.http.ResponseEntity<account.entites.User> account.controller.AuthController.registerUser(account.entites.User): [Field error in object 'user' on field 'username': rejected value []; codes [NotEmpty.user.username,NotEmpty.username,NotEmpty.java.lang.String,NotEmpty]; arguments [org.springframework.context.support.DefaultMessageSourceResolvable: codes [user.username,username]; arguments []; default message [username]]; default message [must not be empty]] ]
?[1;31m
Start test 2?[0m
2022-05-28 19:49:56.318  WARN 5712 --- [io-28852-exec-2] .w.s.m.s.DefaultHandlerExceptionResolver : Resolved [org.springframework.web.bind.MethodArgumentNotValidException: Validation failed for argument [0] in public org.springframework.http.ResponseEntity<account.entites.User> account.controller.AuthController.registerUser(account.entites.User): [Field error in object 'user' on field 'username': rejected value [null]; codes [NotEmpty.user.username,NotEmpty.username,NotEmpty.java.lang.String,NotEmpty]; arguments [org.springframework.context.support.DefaultMessageSourceResolvable: codes [user.username,username]; arguments []; default message [username]]; default message [must not be empty]] ]
?[1;31m
Start test 3?[0m
2022-05-28 19:49:56.329  WARN 5712 --- [io-28852-exec-3] .w.s.m.s.DefaultHandlerExceptionResolver : Resolved [org.springframework.web.bind.MethodArgumentNotValidException: Validation failed for argument [0] in public org.springframework.http.ResponseEntity<account.entites.User> account.controller.AuthController.registerUser(account.entites.User): [Field error in object 'user' on field 'lastname': rejected value []; codes [NotEmpty.user.lastname,NotEmpty.lastname,NotEmpty.java.lang.String,NotEmpty]; arguments [org.springframework.context.support.DefaultMessageSourceResolvable: codes [user.lastname,lastname]; arguments []; default message [lastname]]; default message [must not be empty]] ]
?[1;31m
Start test 4?[0m
2022-05-28 19:49:56.338  WARN 5712 --- [io-28852-exec-4] .w.s.m.s.DefaultHandlerExceptionResolver : Resolved [org.springframework.web.bind.MethodArgumentNotValidException: Validation failed for argument [0] in public org.springframework.http.ResponseEntity<account.entites.User> account.controller.AuthController.registerUser(account.entites.User): [Field error in object 'user' on field 'lastname': rejected value [null]; codes [NotEmpty.user.lastname,NotEmpty.lastname,NotEmpty.java.lang.String,NotEmpty]; arguments [org.springframework.context.support.DefaultMessageSourceResolvable: codes [user.lastname,lastname]; arguments []; default message [lastname]]; default message [must not be empty]] ]
?[1;31m
Start test 5?[0m
2022-05-28 19:49:56.351  WARN 5712 --- [io-28852-exec-5] .w.s.m.s.DefaultHandlerExceptionResolver : Resolved [org.springframework.web.bind.MethodArgumentNotValidException: Validation failed for argument [0] in public org.springframework.http.ResponseEntity<account.entites.User> account.controller.AuthController.registerUser(account.entites.User) with 2 errors: [Field error in object 'user' on field 'email': rejected value []; codes [Pattern.user.email,Pattern.email,Pattern.java.lang.String,Pattern]; arguments [org.springframework.context.support.DefaultMessageSourceResolvable: codes [user.email,email]; arguments []; default message [email],[Ljavax.validation.constraints.Pattern$Flag;@3ebb04ab,^([\w-]+(?:\.[\w-]+)*)@(acme.com)$]; default message [must match "^([\w-]+(?:\.[\w-]+)*)@(acme.com)$"]] [Field error in object 'user' on field 'email': rejected value []; codes [NotBlank.user.email,NotBlank.email,NotBlank.java.lang.String,NotBlank]; arguments [org.springframework.context.support.DefaultMessageSourceResolvable: codes [user.email,email]; arguments []; default message [email]]; default message [must not be blank]] ]
?[1;31m
Start test 6?[0m
2022-05-28 19:49:56.362  WARN 5712 --- [io-28852-exec-6] .w.s.m.s.DefaultHandlerExceptionResolver : Resolved [org.springframework.web.bind.MethodArgumentNotValidException: Validation failed for argument [0] in public org.springframework.http.ResponseEntity<account.entites.User> account.controller.AuthController.registerUser(account.entites.User) with 2 errors: [Field error in object 'user' on field 'email': rejected value [null]; codes [NotBlank.user.email,NotBlank.email,NotBlank.java.lang.String,NotBlank]; arguments [org.springframework.context.support.DefaultMessageSourceResolvable: codes [user.email,email]; arguments []; default message [email]]; default message [must not be blank]] [Field error in object 'user' on field 'email': rejected value [null]; codes [NotNull.user.email,NotNull.email,NotNull.java.lang.String,NotNull]; arguments [org.springframework.context.support.DefaultMessageSourceResolvable: codes [user.email,email]; arguments []; default message [email]]; default message [must not be null]] ]
?[1;31m
Start test 7?[0m
2022-05-28 19:49:56.371  WARN 5712 --- [io-28852-exec-7] .w.s.m.s.DefaultHandlerExceptionResolver : Resolved [org.springframework.web.bind.MethodArgumentNotValidException: Validation failed for argument [0] in public org.springframework.http.ResponseEntity<account.entites.User> account.controller.AuthController.registerUser(account.entites.User): [Field error in object 'user' on field 'password': rejected value []; codes [NotBlank.user.password,NotBlank.password,NotBlank.java.lang.String,NotBlank]; arguments [org.springframework.context.support.DefaultMessageSourceResolvable: codes [user.password,password]; arguments []; default message [password]]; default message [must not be blank]] ]
?[1;31m
Start test 8?[0m
2022-05-28 19:49:56.380  WARN 5712 --- [io-28852-exec-8] .w.s.m.s.DefaultHandlerExceptionResolver : Resolved [org.springframework.web.bind.MethodArgumentNotValidException: Validation failed for argument [0] in public org.springframework.http.ResponseEntity<account.entites.User> account.controller.AuthController.registerUser(account.entites.User) with 2 errors: [Field error in object 'user' on field 'password': rejected value [null]; codes [NotBlank.user.password,NotBlank.password,NotBlank.java.lang.String,NotBlank]; arguments [org.springframework.context.support.DefaultMessageSourceResolvable: codes [user.password,password]; arguments []; default message [password]]; default message [must not be blank]] [Field error in object 'user' on field 'password': rejected value [null]; codes [NotNull.user.password,NotNull.password,NotNull.java.lang.String,NotNull]; arguments [org.springframework.context.support.DefaultMessageSourceResolvable: codes [user.password,password]; arguments []; default message [password]]; default message [must not be null]] ]
?[1;31m
Start test 9?[0m
2022-05-28 19:49:56.390  WARN 5712 --- [io-28852-exec-9] .w.s.m.s.DefaultHandlerExceptionResolver : Resolved [org.springframework.web.bind.MethodArgumentNotValidException: Validation failed for argument [0] in public org.springframework.http.ResponseEntity<account.entites.User> account.controller.AuthController.registerUser(account.entites.User): [Field error in object 'user' on field 'email': rejected value [johndoeacme.com]; codes [Pattern.user.email,Pattern.email,Pattern.java.lang.String,Pattern]; arguments [org.springframework.context.support.DefaultMessageSourceResolvable: codes [user.email,email]; arguments []; default message [email],[Ljavax.validation.constraints.Pattern$Flag;@3ebb04ab,^([\w-]+(?:\.[\w-]+)*)@(acme.com)$]; default message [must match "^([\w-]+(?:\.[\w-]+)*)@(acme.com)$"]] ]
?[1;31m
Start test 10?[0m
2022-05-28 19:49:56.399  WARN 5712 --- [o-28852-exec-10] .w.s.m.s.DefaultHandlerExceptionResolver : Resolved [org.springframework.web.bind.MethodArgumentNotValidException: Validation failed for argument [0] in public org.springframework.http.ResponseEntity<account.entites.User> account.controller.AuthController.registerUser(account.entites.User): [Field error in object 'user' on field 'email': rejected value [johndoe@google.com]; codes [Pattern.user.email,Pattern.email,Pattern.java.lang.String,Pattern]; arguments [org.springframework.context.support.DefaultMessageSourceResolvable: codes [user.email,email]; arguments []; default message [email],[Ljavax.validation.constraints.Pattern$Flag;@3ebb04ab,^([\w-]+(?:\.[\w-]+)*)@(acme.com)$]; default message [must match "^([\w-]+(?:\.[\w-]+)*)@(acme.com)$"]] ]
?[1;31m
Start test 11?[0m
?[1;31m
Start test 12?[0m
?[1;31m
Start test 13?[0m
?[1;31m
Start test 14?[0m
?[1;31m
Start test 15?[0m
?[1;31m
Start test 16?[0m
?[1;31m
Start test 17?[0m
?[1;31m
Start test 18?[0m
?[1;31m
Start test 19?[0m
?[1;31m
Start test 20?[0m
?[1;31m
Start test 21?[0m
?[1;31m
Start test 22?[0m
?[1;31m
Start test 23?[0m
?[1;31m
Start test 24?[0m
?[1;31m
Start test 25?[0m
?[1;31m
Start test 26?[0m
?[1;31m
Start test 27?[0m
?[1;31m
Start test 28?[0m
?[1;31m
Start test 29?[0m
?[1;31m
Start test 30?[0m
?[1;31m
Start test 31?[0m
?[1;31m
Start test 32?[0m
2022-05-28 19:49:59.482  INFO 5712 --- [     Thread-336] j.LocalContainerEntityManagerFactoryBean : Closing JPA EntityManagerFactory for persistence unit 'default'
2022-05-28 19:49:59.483  INFO 5712 --- [     Thread-336] o.s.s.concurrent.ThreadPoolTaskExecutor  : Shutting down ExecutorService 'applicationTaskExecutor'
2022-05-28 19:49:59.484  INFO 5712 --- [     Thread-336] com.zaxxer.hikari.HikariDataSource       : HikariPool-1 - Shutdown initiated...
2022-05-28 19:49:59.503  INFO 5712 --- [     Thread-336] com.zaxxer.hikari.HikariDataSource       : HikariPool-1 - Shutdown completed.

  .   ____          _            __ _ _
 /\\ / ___'_ __ _ _(_)_ __  __ _ \ \ \ \
( ( )\___ | '_ | '_| | '_ \/ _` | \ \ \ \
 \\/  ___)| |_)| | | | | || (_| |  ) ) ) )
  '  |____| .__|_| |_|_| |_\__, | / / / /
 =========|_|==============|___/=/_/_/_/
 :: Spring Boot ::        (v2.3.1.RELEASE)

2022-05-28 19:49:59.630  INFO 5712 --- [    Test worker] account.AccountServiceApplication        : Starting AccountServiceApplication on Fractal with PID 5712 (started by Fractal in D:\RepositoryRoadToProfession\Account Service\Account Service\task)
2022-05-28 19:49:59.630  INFO 5712 --- [    Test worker] account.AccountServiceApplication        : No active profile set, falling back to default profiles: default
2022-05-28 19:50:00.019  INFO 5712 --- [    Test worker] .s.d.r.c.RepositoryConfigurationDelegate : Bootstrapping Spring Data JPA repositories in DEFERRED mode.
2022-05-28 19:50:00.030  INFO 5712 --- [    Test worker] .s.d.r.c.RepositoryConfigurationDelegate : Finished Spring Data repository scanning in 10ms. Found 2 JPA repository interfaces.
2022-05-28 19:50:00.131  INFO 5712 --- [    Test worker] o.s.b.w.embedded.tomcat.TomcatWebServer  : Tomcat initialized with port(s): 28852 (http)
2022-05-28 19:50:00.132  INFO 5712 --- [    Test worker] o.apache.catalina.core.StandardService   : Starting service [Tomcat]
2022-05-28 19:50:00.133  INFO 5712 --- [    Test worker] org.apache.catalina.core.StandardEngine  : Starting Servlet engine: [Apache Tomcat/9.0.36]
2022-05-28 19:50:00.176  INFO 5712 --- [    Test worker] o.a.c.c.C.[Tomcat].[localhost].[/]       : Initializing Spring embedded WebApplicationContext
2022-05-28 19:50:00.177  INFO 5712 --- [    Test worker] w.s.c.ServletWebServerApplicationContext : Root WebApplicationContext: initialization completed in 544 ms
2022-05-28 19:50:00.223  INFO 5712 --- [    Test worker] com.zaxxer.hikari.HikariDataSource       : HikariPool-2 - Starting...
2022-05-28 19:50:00.235  INFO 5712 --- [    Test worker] com.zaxxer.hikari.HikariDataSource       : HikariPool-2 - Start completed.
2022-05-28 19:50:00.236  INFO 5712 --- [    Test worker] o.s.b.a.h2.H2ConsoleAutoConfiguration    : H2 console available at '/h2-console'. Database available at 'jdbc:h2:file:../service_db'
2022-05-28 19:50:00.284  INFO 5712 --- [    Test worker] o.s.s.concurrent.ThreadPoolTaskExecutor  : Initializing ExecutorService 'applicationTaskExecutor'
2022-05-28 19:50:00.289  INFO 5712 --- [         task-1] o.hibernate.jpa.internal.util.LogHelper  : HHH000204: Processing PersistenceUnitInfo [name: default]
2022-05-28 19:50:00.295  INFO 5712 --- [         task-1] org.hibernate.dialect.Dialect            : HHH000400: Using dialect: org.hibernate.dialect.H2Dialect
2022-05-28 19:50:00.330  WARN 5712 --- [    Test worker] JpaBaseConfiguration$JpaWebConfiguration : spring.jpa.open-in-view is enabled by default. Therefore, database queries may be performed during view rendering. Explicitly configure spring.jpa.open-in-view to disable this warning
2022-05-28 19:50:00.380  INFO 5712 --- [    Test worker] o.s.s.web.DefaultSecurityFilterChain     : Creating filter chain: any request, [org.springframework.security.web.context.request.async.WebAsyncManagerIntegrationFilter@49654a35, org.springframework.security.web.context.SecurityContextPersistenceFilter@71634e64, org.springframework.security.web.header.HeaderWriterFilter@8dc3019, org.springframework.security.web.authentication.logout.LogoutFilter@a08e41b, org.springframework.security.web.authentication.www.BasicAuthenticationFilter@e08d871, org.springframework.security.web.savedrequest.RequestCacheAwareFilter@65cc3902, org.springframework.security.web.servletapi.SecurityContextHolderAwareRequestFilter@c79915a, org.springframework.security.web.authentication.AnonymousAuthenticationFilter@5169db2f, org.springframework.security.web.session.SessionManagementFilter@34ab398b, org.springframework.security.web.access.ExceptionTranslationFilter@68af8288, org.springframework.security.web.access.intercept.FilterSecurityInterceptor@66851aa5]
2022-05-28 19:50:00.389  INFO 5712 --- [         task-1] o.h.e.t.j.p.i.JtaPlatformInitiator       : HHH000490: Using JtaPlatform implementation: [org.hibernate.engine.transaction.jta.platform.internal.NoJtaPlatform]
2022-05-28 19:50:00.389  INFO 5712 --- [         task-1] j.LocalContainerEntityManagerFactoryBean : Initialized JPA EntityManagerFactory for persistence unit 'default'
2022-05-28 19:50:00.572  INFO 5712 --- [    Test worker] o.s.b.a.e.web.EndpointLinksResolver      : Exposing 14 endpoint(s) beneath base path '/actuator'
2022-05-28 19:50:00.592  INFO 5712 --- [    Test worker] o.s.b.w.embedded.tomcat.TomcatWebServer  : Tomcat started on port(s): 28852 (http) with context path ''
2022-05-28 19:50:00.592  INFO 5712 --- [    Test worker] DeferredRepositoryInitializationListener : Triggering deferred initialization of Spring Data repositoriesâ€¦
2022-05-28 19:50:00.633  INFO 5712 --- [    Test worker] DeferredRepositoryInitializationListener : Spring Data repositories initialized!
2022-05-28 19:50:00.639  INFO 5712 --- [    Test worker] account.AccountServiceApplication        : Started AccountServiceApplication in 1.058 seconds (JVM running for 10.881)
?[1;31m
Start test 33?[0m
2022-05-28 19:50:00.645  INFO 5712 --- [io-28852-exec-1] o.a.c.c.C.[Tomcat].[localhost].[/]       : Initializing Spring DispatcherServlet 'dispatcherServlet'
2022-05-28 19:50:00.648  INFO 5712 --- [io-28852-exec-1] o.s.web.servlet.DispatcherServlet        : Initializing Servlet 'dispatcherServlet'
2022-05-28 19:50:00.651  INFO 5712 --- [io-28852-exec-1] o.s.web.servlet.DispatcherServlet        : Completed initialization in 3 ms
?[1;31m
Start test 34?[0m
?[1;31m
Start test 35?[0m
?[1;31m
Start test 36?[0m
?[1;31m
Start test 37?[0m
?[1;31m
Start test 38?[0m
?[1;31m
Start test 39?[0m
?[1;31m
Start test 40?[0m
]]></system-out>
  <system-err><![CDATA[]]></system-err>
</testsuite>
