<?xml version="1.0" encoding="UTF-8"?>
<testsuite name="AccountServiceTest" tests="1" skipped="0" failures="1" errors="0" timestamp="2022-05-30T12:30:08" hostname="FRACTAL" time="7.198">
  <properties/>
  <testcase name="start" classname="AccountServiceTest" time="7.198">
    <failure message="java.lang.AssertionError: Wrong answer in test #4&#10;&#10;GET /api/security/events/ should respond with status code 200, responded: 404&#10;'CREATE_USER' security event missing&#10;Response body:&#10;{&#13;&#10;  &quot;timestamp&quot; : &quot;2022-05-30T12:30:16.040+00:00&quot;,&#13;&#10;  &quot;status&quot; : 404,&#13;&#10;  &quot;error&quot; : &quot;Not Found&quot;,&#13;&#10;  &quot;message&quot; : &quot;No message available&quot;,&#13;&#10;  &quot;path&quot; : &quot;/api/security/events/&quot;&#13;&#10;}&#10;&#10;Please find below the output of your program during this failed test.&#10;&#10;---&#10;&#10;.   ____          _            __ _ _&#10; /\\ / ___'_ __ _ _(_)_ __  __ _ \ \ \ \&#10;( ( )\___ | '_ | '_| | '_ \/ _` | \ \ \ \&#10; \\/  ___)| |_)| | | | | || (_| |  ) ) ) )&#10;  '  |____| .__|_| |_|_| |_\__, | / / / /&#10; =========|_|==============|___/=/_/_/_/&#10; :: Spring Boot ::        (v2.3.1.RELEASE)&#10;&#10;2022-05-30 15:30:09.792  INFO 17012 --- [    Test worker] account.AccountServiceApplication        : Starting AccountServiceApplication on Fractal with PID 17012 (started by Fractal in D:\RepositoryRoadToProfession\Account Service\Account Service\task)&#10;2022-05-30 15:30:09.798  INFO 17012 --- [    Test worker] account.AccountServiceApplication        : No active profile set, falling back to default profiles: default&#10;2022-05-30 15:30:11.024  INFO 17012 --- [    Test worker] .s.d.r.c.RepositoryConfigurationDelegate : Bootstrapping Spring Data JPA repositories in DEFERRED mode.&#10;2022-05-30 15:30:11.109  INFO 17012 --- [    Test worker] .s.d.r.c.RepositoryConfigurationDelegate : Finished Spring Data repository scanning in 70ms. Found 2 JPA repository interfaces.&#10;2022-05-30 15:30:11.858  INFO 17012 --- [    Test worker] o.s.b.w.embedded.tomcat.TomcatWebServer  : Tomcat initialized with port(s): 28852 (http)&#10;2022-05-30 15:30:11.875  INFO 17012 --- [    Test worker] o.apache.catalina.core.StandardService   : Starting service [Tomcat]&#10;2022-05-30 15:30:11.876  INFO 17012 --- [    Test worker] org.apache.catalina.core.StandardEngine  : Starting Servlet engine: [Apache Tomcat/9.0.36]&#10;2022-05-30 15:30:12.041  INFO 17012 --- [    Test worker] o.a.c.c.C.[Tomcat].[localhost].[/]       : Initializing Spring embedded WebApplicationContext&#10;2022-05-30 15:30:12.042  INFO 17012 --- [    Test worker] w.s.c.ServletWebServerApplicationContext : Root WebApplicationContext: initialization completed in 2173 ms&#10;2022-05-30 15:30:12.198  INFO 17012 --- [    Test worker] com.zaxxer.hikari.HikariDataSource       : HikariPool-1 - Starting...&#10;2022-05-30 15:30:12.452  INFO 17012 --- [    Test worker] com.zaxxer.hikari.HikariDataSource       : HikariPool-1 - Start completed.&#10;2022-05-30 15:30:12.468  INFO 17012 --- [    Test worker] o.s.b.a.h2.H2ConsoleAutoConfiguration    : H2 console available at '/h2-console'. Database available at 'jdbc:h2:file:../service_db'&#10;2022-05-30 15:30:12.636  INFO 17012 --- [    Test worker] o.s.s.concurrent.ThreadPoolTaskExecutor  : Initializing ExecutorService 'applicationTaskExecutor'&#10;2022-05-30 15:30:12.710  INFO 17012 --- [         task-1] o.hibernate.jpa.internal.util.LogHelper  : HHH000204: Processing PersistenceUnitInfo [name: default]&#10;2022-05-30 15:30:12.780  WARN 17012 --- [    Test worker] JpaBaseConfiguration$JpaWebConfiguration : spring.jpa.open-in-view is enabled by default. Therefore, database queries may be performed during view rendering. Explicitly configure spring.jpa.open-in-view to disable this warning&#10;2022-05-30 15:30:12.812  INFO 17012 --- [         task-1] org.hibernate.Version                    : HHH000412: Hibernate ORM core version 5.4.17.Final&#10;2022-05-30 15:30:13.048  INFO 17012 --- [    Test worker] o.s.s.web.DefaultSecurityFilterChain     : Creating filter chain: any request, [org.springframework.security.web.context.request.async.WebAsyncManagerIntegrationFilter@56266bda, org.springframework.security.web.context.SecurityContextPersistenceFilter@5a82bc58, org.springframework.security.web.header.HeaderWriterFilter@58fbcb71, org.springframework.security.web.authentication.logout.LogoutFilter@28ce75ec, org.springframework.security.web.authentication.www.BasicAuthenticationFilter@7d1cb59f, org.springframework.security.web.savedrequest.RequestCacheAwareFilter@6210666c, org.springframework.security.web.servletapi.SecurityContextHolderAwareRequestFilter@65af05b2, org.springframework.security.web.authentication.AnonymousAuthenticationFilter@18bb1b88, org.springframework.security.web.session.SessionManagementFilter@5cbe95b1, org.springframework.security.web.access.ExceptionTranslationFilter@6a1d1467, org.springframework.security.web.access.intercept.FilterSecurityInterceptor@1857fe6c]&#10;2022-05-30 15:30:13.091  INFO 17012 --- [         task-1] o.hibernate.annotations.common.Version   : HCANN000001: Hibernate Commons Annotations {5.1.0.Final}&#10;2022-05-30 15:30:13.289  INFO 17012 --- [         task-1] org.hibernate.dialect.Dialect            : HHH000400: Using dialect: org.hibernate.dialect.H2Dialect&#10;2022-05-30 15:30:14.310  INFO 17012 --- [         task-1] o.h.e.t.j.p.i.JtaPlatformInitiator       : HHH000490: Using JtaPlatform implementation: [org.hibernate.engine.transaction.jta.platform.internal.NoJtaPlatform]&#10;2022-05-30 15:30:14.322  INFO 17012 --- [         task-1] j.LocalContainerEntityManagerFactoryBean : Initialized JPA EntityManagerFactory for persistence unit 'default'&#10;2022-05-30 15:30:14.394  INFO 17012 --- [    Test worker] o.s.b.a.e.web.EndpointLinksResolver      : Exposing 14 endpoint(s) beneath base path '/actuator'&#10;2022-05-30 15:30:14.455  INFO 17012 --- [    Test worker] o.s.b.w.embedded.tomcat.TomcatWebServer  : Tomcat started on port(s): 28852 (http) with context path ''&#10;2022-05-30 15:30:14.456  INFO 17012 --- [    Test worker] DeferredRepositoryInitializationListener : Triggering deferred initialization of Spring Data repositoriesâ€¦&#10;2022-05-30 15:30:14.792  INFO 17012 --- [    Test worker] DeferredRepositoryInitializationListener : Spring Data repositories initialized!&#10;2022-05-30 15:30:14.805  INFO 17012 --- [    Test worker] account.AccountServiceApplication        : Started AccountServiceApplication in 5.42 seconds (JVM running for 6.696)&#10;2022-05-30 15:30:15.170  INFO 17012 --- [io-28852-exec-1] o.a.c.c.C.[Tomcat].[localhost].[/]       : Initializing Spring DispatcherServlet 'dispatcherServlet'&#10;2022-05-30 15:30:15.170  INFO 17012 --- [io-28852-exec-1] o.s.web.servlet.DispatcherServlet        : Initializing Servlet 'dispatcherServlet'&#10;2022-05-30 15:30:15.180  INFO 17012 --- [io-28852-exec-1] o.s.web.servlet.DispatcherServlet        : Completed initialization in 10 ms" type="java.lang.AssertionError">java.lang.AssertionError: Wrong answer in test #4

GET /api/security/events/ should respond with status code 200, responded: 404
'CREATE_USER' security event missing
Response body:
{
  &quot;timestamp&quot; : &quot;2022-05-30T12:30:16.040+00:00&quot;,
  &quot;status&quot; : 404,
  &quot;error&quot; : &quot;Not Found&quot;,
  &quot;message&quot; : &quot;No message available&quot;,
  &quot;path&quot; : &quot;/api/security/events/&quot;
}

Please find below the output of your program during this failed test.

---

.   ____          _            __ _ _
 /\\ / ___'_ __ _ _(_)_ __  __ _ \ \ \ \
( ( )\___ | '_ | '_| | '_ \/ _` | \ \ \ \
 \\/  ___)| |_)| | | | | || (_| |  ) ) ) )
  '  |____| .__|_| |_|_| |_\__, | / / / /
 =========|_|==============|___/=/_/_/_/
 :: Spring Boot ::        (v2.3.1.RELEASE)

2022-05-30 15:30:09.792  INFO 17012 --- [    Test worker] account.AccountServiceApplication        : Starting AccountServiceApplication on Fractal with PID 17012 (started by Fractal in D:\RepositoryRoadToProfession\Account Service\Account Service\task)
2022-05-30 15:30:09.798  INFO 17012 --- [    Test worker] account.AccountServiceApplication        : No active profile set, falling back to default profiles: default
2022-05-30 15:30:11.024  INFO 17012 --- [    Test worker] .s.d.r.c.RepositoryConfigurationDelegate : Bootstrapping Spring Data JPA repositories in DEFERRED mode.
2022-05-30 15:30:11.109  INFO 17012 --- [    Test worker] .s.d.r.c.RepositoryConfigurationDelegate : Finished Spring Data repository scanning in 70ms. Found 2 JPA repository interfaces.
2022-05-30 15:30:11.858  INFO 17012 --- [    Test worker] o.s.b.w.embedded.tomcat.TomcatWebServer  : Tomcat initialized with port(s): 28852 (http)
2022-05-30 15:30:11.875  INFO 17012 --- [    Test worker] o.apache.catalina.core.StandardService   : Starting service [Tomcat]
2022-05-30 15:30:11.876  INFO 17012 --- [    Test worker] org.apache.catalina.core.StandardEngine  : Starting Servlet engine: [Apache Tomcat/9.0.36]
2022-05-30 15:30:12.041  INFO 17012 --- [    Test worker] o.a.c.c.C.[Tomcat].[localhost].[/]       : Initializing Spring embedded WebApplicationContext
2022-05-30 15:30:12.042  INFO 17012 --- [    Test worker] w.s.c.ServletWebServerApplicationContext : Root WebApplicationContext: initialization completed in 2173 ms
2022-05-30 15:30:12.198  INFO 17012 --- [    Test worker] com.zaxxer.hikari.HikariDataSource       : HikariPool-1 - Starting...
2022-05-30 15:30:12.452  INFO 17012 --- [    Test worker] com.zaxxer.hikari.HikariDataSource       : HikariPool-1 - Start completed.
2022-05-30 15:30:12.468  INFO 17012 --- [    Test worker] o.s.b.a.h2.H2ConsoleAutoConfiguration    : H2 console available at '/h2-console'. Database available at 'jdbc:h2:file:../service_db'
2022-05-30 15:30:12.636  INFO 17012 --- [    Test worker] o.s.s.concurrent.ThreadPoolTaskExecutor  : Initializing ExecutorService 'applicationTaskExecutor'
2022-05-30 15:30:12.710  INFO 17012 --- [         task-1] o.hibernate.jpa.internal.util.LogHelper  : HHH000204: Processing PersistenceUnitInfo [name: default]
2022-05-30 15:30:12.780  WARN 17012 --- [    Test worker] JpaBaseConfiguration$JpaWebConfiguration : spring.jpa.open-in-view is enabled by default. Therefore, database queries may be performed during view rendering. Explicitly configure spring.jpa.open-in-view to disable this warning
2022-05-30 15:30:12.812  INFO 17012 --- [         task-1] org.hibernate.Version                    : HHH000412: Hibernate ORM core version 5.4.17.Final
2022-05-30 15:30:13.048  INFO 17012 --- [    Test worker] o.s.s.web.DefaultSecurityFilterChain     : Creating filter chain: any request, [org.springframework.security.web.context.request.async.WebAsyncManagerIntegrationFilter@56266bda, org.springframework.security.web.context.SecurityContextPersistenceFilter@5a82bc58, org.springframework.security.web.header.HeaderWriterFilter@58fbcb71, org.springframework.security.web.authentication.logout.LogoutFilter@28ce75ec, org.springframework.security.web.authentication.www.BasicAuthenticationFilter@7d1cb59f, org.springframework.security.web.savedrequest.RequestCacheAwareFilter@6210666c, org.springframework.security.web.servletapi.SecurityContextHolderAwareRequestFilter@65af05b2, org.springframework.security.web.authentication.AnonymousAuthenticationFilter@18bb1b88, org.springframework.security.web.session.SessionManagementFilter@5cbe95b1, org.springframework.security.web.access.ExceptionTranslationFilter@6a1d1467, org.springframework.security.web.access.intercept.FilterSecurityInterceptor@1857fe6c]
2022-05-30 15:30:13.091  INFO 17012 --- [         task-1] o.hibernate.annotations.common.Version   : HCANN000001: Hibernate Commons Annotations {5.1.0.Final}
2022-05-30 15:30:13.289  INFO 17012 --- [         task-1] org.hibernate.dialect.Dialect            : HHH000400: Using dialect: org.hibernate.dialect.H2Dialect
2022-05-30 15:30:14.310  INFO 17012 --- [         task-1] o.h.e.t.j.p.i.JtaPlatformInitiator       : HHH000490: Using JtaPlatform implementation: [org.hibernate.engine.transaction.jta.platform.internal.NoJtaPlatform]
2022-05-30 15:30:14.322  INFO 17012 --- [         task-1] j.LocalContainerEntityManagerFactoryBean : Initialized JPA EntityManagerFactory for persistence unit 'default'
2022-05-30 15:30:14.394  INFO 17012 --- [    Test worker] o.s.b.a.e.web.EndpointLinksResolver      : Exposing 14 endpoint(s) beneath base path '/actuator'
2022-05-30 15:30:14.455  INFO 17012 --- [    Test worker] o.s.b.w.embedded.tomcat.TomcatWebServer  : Tomcat started on port(s): 28852 (http) with context path ''
2022-05-30 15:30:14.456  INFO 17012 --- [    Test worker] DeferredRepositoryInitializationListener : Triggering deferred initialization of Spring Data repositoriesâ€¦
2022-05-30 15:30:14.792  INFO 17012 --- [    Test worker] DeferredRepositoryInitializationListener : Spring Data repositories initialized!
2022-05-30 15:30:14.805  INFO 17012 --- [    Test worker] account.AccountServiceApplication        : Started AccountServiceApplication in 5.42 seconds (JVM running for 6.696)
2022-05-30 15:30:15.170  INFO 17012 --- [io-28852-exec-1] o.a.c.c.C.[Tomcat].[localhost].[/]       : Initializing Spring DispatcherServlet 'dispatcherServlet'
2022-05-30 15:30:15.170  INFO 17012 --- [io-28852-exec-1] o.s.web.servlet.DispatcherServlet        : Initializing Servlet 'dispatcherServlet'
2022-05-30 15:30:15.180  INFO 17012 --- [io-28852-exec-1] o.s.web.servlet.DispatcherServlet        : Completed initialization in 10 ms
	at org.junit.Assert.fail(Assert.java:89)
	at org.hyperskill.hstest.stage.StageTest.start(StageTest.java:155)
	at java.base/jdk.internal.reflect.NativeMethodAccessorImpl.invoke0(Native Method)
	at java.base/jdk.internal.reflect.NativeMethodAccessorImpl.invoke(NativeMethodAccessorImpl.java:77)
	at java.base/jdk.internal.reflect.DelegatingMethodAccessorImpl.invoke(DelegatingMethodAccessorImpl.java:43)
	at java.base/java.lang.reflect.Method.invoke(Method.java:568)
	at org.junit.runners.model.FrameworkMethod$1.runReflectiveCall(FrameworkMethod.java:59)
	at org.junit.internal.runners.model.ReflectiveCallable.run(ReflectiveCallable.java:12)
	at org.junit.runners.model.FrameworkMethod.invokeExplosively(FrameworkMethod.java:56)
	at org.junit.internal.runners.statements.InvokeMethod.evaluate(InvokeMethod.java:17)
	at org.junit.internal.runners.statements.RunAfters.evaluate(RunAfters.java:27)
	at org.junit.runners.ParentRunner$3.evaluate(ParentRunner.java:306)
	at org.junit.runners.BlockJUnit4ClassRunner$1.evaluate(BlockJUnit4ClassRunner.java:100)
	at org.junit.runners.ParentRunner.runLeaf(ParentRunner.java:366)
	at org.junit.runners.BlockJUnit4ClassRunner.runChild(BlockJUnit4ClassRunner.java:103)
	at org.junit.runners.BlockJUnit4ClassRunner.runChild(BlockJUnit4ClassRunner.java:63)
	at org.junit.runners.ParentRunner$4.run(ParentRunner.java:331)
	at org.junit.runners.ParentRunner$1.schedule(ParentRunner.java:79)
	at org.junit.runners.ParentRunner.runChildren(ParentRunner.java:329)
	at org.junit.runners.ParentRunner.access$100(ParentRunner.java:66)
	at org.junit.runners.ParentRunner$2.evaluate(ParentRunner.java:293)
	at org.junit.runners.ParentRunner$3.evaluate(ParentRunner.java:306)
	at org.junit.runners.ParentRunner.run(ParentRunner.java:413)
	at org.gradle.api.internal.tasks.testing.junit.JUnitTestClassExecutor.runTestClass(JUnitTestClassExecutor.java:110)
	at org.gradle.api.internal.tasks.testing.junit.JUnitTestClassExecutor.execute(JUnitTestClassExecutor.java:58)
	at org.gradle.api.internal.tasks.testing.junit.JUnitTestClassExecutor.execute(JUnitTestClassExecutor.java:38)
	at org.gradle.api.internal.tasks.testing.junit.AbstractJUnitTestClassProcessor.processTestClass(AbstractJUnitTestClassProcessor.java:62)
	at org.gradle.api.internal.tasks.testing.SuiteTestClassProcessor.processTestClass(SuiteTestClassProcessor.java:51)
	at java.base/jdk.internal.reflect.NativeMethodAccessorImpl.invoke0(Native Method)
	at java.base/jdk.internal.reflect.NativeMethodAccessorImpl.invoke(NativeMethodAccessorImpl.java:77)
	at java.base/jdk.internal.reflect.DelegatingMethodAccessorImpl.invoke(DelegatingMethodAccessorImpl.java:43)
	at java.base/java.lang.reflect.Method.invoke(Method.java:568)
	at org.gradle.internal.dispatch.ReflectionDispatch.dispatch(ReflectionDispatch.java:36)
	at org.gradle.internal.dispatch.ReflectionDispatch.dispatch(ReflectionDispatch.java:24)
	at org.gradle.internal.dispatch.ContextClassLoaderDispatch.dispatch(ContextClassLoaderDispatch.java:33)
	at org.gradle.internal.dispatch.ProxyDispatchAdapter$DispatchingInvocationHandler.invoke(ProxyDispatchAdapter.java:94)
	at jdk.proxy1/jdk.proxy1.$Proxy2.processTestClass(Unknown Source)
	at org.gradle.api.internal.tasks.testing.worker.TestWorker$2.run(TestWorker.java:176)
	at org.gradle.api.internal.tasks.testing.worker.TestWorker.executeAndMaintainThreadName(TestWorker.java:129)
	at org.gradle.api.internal.tasks.testing.worker.TestWorker.execute(TestWorker.java:100)
	at org.gradle.api.internal.tasks.testing.worker.TestWorker.execute(TestWorker.java:60)
	at org.gradle.process.internal.worker.child.ActionExecutionWorker.execute(ActionExecutionWorker.java:56)
	at org.gradle.process.internal.worker.child.SystemApplicationClassLoaderWorker.call(SystemApplicationClassLoaderWorker.java:133)
	at org.gradle.process.internal.worker.child.SystemApplicationClassLoaderWorker.call(SystemApplicationClassLoaderWorker.java:71)
	at worker.org.gradle.process.internal.worker.GradleWorkerMain.run(GradleWorkerMain.java:69)
	at worker.org.gradle.process.internal.worker.GradleWorkerMain.main(GradleWorkerMain.java:74)
</failure>
  </testcase>
  <system-out><![CDATA[?[1;31m
Start test 1?[0m

  .   ____          _            __ _ _
 /\\ / ___'_ __ _ _(_)_ __  __ _ \ \ \ \
( ( )\___ | '_ | '_| | '_ \/ _` | \ \ \ \
 \\/  ___)| |_)| | | | | || (_| |  ) ) ) )
  '  |____| .__|_| |_|_| |_\__, | / / / /
 =========|_|==============|___/=/_/_/_/
 :: Spring Boot ::        (v2.3.1.RELEASE)

2022-05-30 15:30:09.792  INFO 17012 --- [    Test worker] account.AccountServiceApplication        : Starting AccountServiceApplication on Fractal with PID 17012 (started by Fractal in D:\RepositoryRoadToProfession\Account Service\Account Service\task)
2022-05-30 15:30:09.798  INFO 17012 --- [    Test worker] account.AccountServiceApplication        : No active profile set, falling back to default profiles: default
2022-05-30 15:30:11.024  INFO 17012 --- [    Test worker] .s.d.r.c.RepositoryConfigurationDelegate : Bootstrapping Spring Data JPA repositories in DEFERRED mode.
2022-05-30 15:30:11.109  INFO 17012 --- [    Test worker] .s.d.r.c.RepositoryConfigurationDelegate : Finished Spring Data repository scanning in 70ms. Found 2 JPA repository interfaces.
2022-05-30 15:30:11.858  INFO 17012 --- [    Test worker] o.s.b.w.embedded.tomcat.TomcatWebServer  : Tomcat initialized with port(s): 28852 (http)
2022-05-30 15:30:11.875  INFO 17012 --- [    Test worker] o.apache.catalina.core.StandardService   : Starting service [Tomcat]
2022-05-30 15:30:11.876  INFO 17012 --- [    Test worker] org.apache.catalina.core.StandardEngine  : Starting Servlet engine: [Apache Tomcat/9.0.36]
2022-05-30 15:30:12.041  INFO 17012 --- [    Test worker] o.a.c.c.C.[Tomcat].[localhost].[/]       : Initializing Spring embedded WebApplicationContext
2022-05-30 15:30:12.042  INFO 17012 --- [    Test worker] w.s.c.ServletWebServerApplicationContext : Root WebApplicationContext: initialization completed in 2173 ms
2022-05-30 15:30:12.198  INFO 17012 --- [    Test worker] com.zaxxer.hikari.HikariDataSource       : HikariPool-1 - Starting...
2022-05-30 15:30:12.452  INFO 17012 --- [    Test worker] com.zaxxer.hikari.HikariDataSource       : HikariPool-1 - Start completed.
2022-05-30 15:30:12.468  INFO 17012 --- [    Test worker] o.s.b.a.h2.H2ConsoleAutoConfiguration    : H2 console available at '/h2-console'. Database available at 'jdbc:h2:file:../service_db'
2022-05-30 15:30:12.636  INFO 17012 --- [    Test worker] o.s.s.concurrent.ThreadPoolTaskExecutor  : Initializing ExecutorService 'applicationTaskExecutor'
2022-05-30 15:30:12.710  INFO 17012 --- [         task-1] o.hibernate.jpa.internal.util.LogHelper  : HHH000204: Processing PersistenceUnitInfo [name: default]
2022-05-30 15:30:12.780  WARN 17012 --- [    Test worker] JpaBaseConfiguration$JpaWebConfiguration : spring.jpa.open-in-view is enabled by default. Therefore, database queries may be performed during view rendering. Explicitly configure spring.jpa.open-in-view to disable this warning
2022-05-30 15:30:12.812  INFO 17012 --- [         task-1] org.hibernate.Version                    : HHH000412: Hibernate ORM core version 5.4.17.Final
2022-05-30 15:30:13.048  INFO 17012 --- [    Test worker] o.s.s.web.DefaultSecurityFilterChain     : Creating filter chain: any request, [org.springframework.security.web.context.request.async.WebAsyncManagerIntegrationFilter@56266bda, org.springframework.security.web.context.SecurityContextPersistenceFilter@5a82bc58, org.springframework.security.web.header.HeaderWriterFilter@58fbcb71, org.springframework.security.web.authentication.logout.LogoutFilter@28ce75ec, org.springframework.security.web.authentication.www.BasicAuthenticationFilter@7d1cb59f, org.springframework.security.web.savedrequest.RequestCacheAwareFilter@6210666c, org.springframework.security.web.servletapi.SecurityContextHolderAwareRequestFilter@65af05b2, org.springframework.security.web.authentication.AnonymousAuthenticationFilter@18bb1b88, org.springframework.security.web.session.SessionManagementFilter@5cbe95b1, org.springframework.security.web.access.ExceptionTranslationFilter@6a1d1467, org.springframework.security.web.access.intercept.FilterSecurityInterceptor@1857fe6c]
2022-05-30 15:30:13.091  INFO 17012 --- [         task-1] o.hibernate.annotations.common.Version   : HCANN000001: Hibernate Commons Annotations {5.1.0.Final}
2022-05-30 15:30:13.289  INFO 17012 --- [         task-1] org.hibernate.dialect.Dialect            : HHH000400: Using dialect: org.hibernate.dialect.H2Dialect
2022-05-30 15:30:14.310  INFO 17012 --- [         task-1] o.h.e.t.j.p.i.JtaPlatformInitiator       : HHH000490: Using JtaPlatform implementation: [org.hibernate.engine.transaction.jta.platform.internal.NoJtaPlatform]
2022-05-30 15:30:14.322  INFO 17012 --- [         task-1] j.LocalContainerEntityManagerFactoryBean : Initialized JPA EntityManagerFactory for persistence unit 'default'
2022-05-30 15:30:14.394  INFO 17012 --- [    Test worker] o.s.b.a.e.web.EndpointLinksResolver      : Exposing 14 endpoint(s) beneath base path '/actuator'
2022-05-30 15:30:14.455  INFO 17012 --- [    Test worker] o.s.b.w.embedded.tomcat.TomcatWebServer  : Tomcat started on port(s): 28852 (http) with context path ''
2022-05-30 15:30:14.456  INFO 17012 --- [    Test worker] DeferredRepositoryInitializationListener : Triggering deferred initialization of Spring Data repositoriesâ€¦
2022-05-30 15:30:14.792  INFO 17012 --- [    Test worker] DeferredRepositoryInitializationListener : Spring Data repositories initialized!
2022-05-30 15:30:14.805  INFO 17012 --- [    Test worker] account.AccountServiceApplication        : Started AccountServiceApplication in 5.42 seconds (JVM running for 6.696)
2022-05-30 15:30:15.170  INFO 17012 --- [io-28852-exec-1] o.a.c.c.C.[Tomcat].[localhost].[/]       : Initializing Spring DispatcherServlet 'dispatcherServlet'
2022-05-30 15:30:15.170  INFO 17012 --- [io-28852-exec-1] o.s.web.servlet.DispatcherServlet        : Initializing Servlet 'dispatcherServlet'
2022-05-30 15:30:15.180  INFO 17012 --- [io-28852-exec-1] o.s.web.servlet.DispatcherServlet        : Completed initialization in 10 ms
?[1;31m
Start test 2?[0m
?[1;31m
Start test 3?[0m
?[1;31m
Start test 4?[0m
]]></system-out>
  <system-err><![CDATA[]]></system-err>
</testsuite>
