<?xml version="1.0" encoding="UTF-8"?>
<testsuite name="AntiFraudTest" tests="1" skipped="0" failures="1" errors="0" timestamp="2022-06-10T13:40:06" hostname="FRACTAL" time="17.685">
  <properties/>
  <testcase name="start" classname="AntiFraudTest" time="17.685">
    <failure message="java.lang.AssertionError: Wrong answer in test #138&#10;&#10;The JSON object at key result should equal to &quot;ALLOWED&quot;, found &quot;MANUAL_PROCESSING&quot;&#10;&#10;Full JSON:&#10;{&#10;  &quot;result&quot;: &quot;MANUAL_PROCESSING&quot;,&#10;  &quot;info&quot;: &quot;amount&quot;&#10;}&#10;&#10;Please find below the output of your program during this failed test.&#10;&#10;---&#10;&#10;[last 250 lines of output are shown, 427 skipped]&#10;Expectations: 'If IP doesn't have right format, respond with HTTP Bad Request status (400)'&#10;-----&#10;Test case&#10;Testing api: '/api/antifraud/suspicious-ip'&#10;Expectations: 'IP must be added to Black List'&#10;-----&#10;Test case&#10;Testing api: '/api/antifraud/suspicious-ip'&#10;Expectations: 'Endpoint must responds with Black List'&#10;-----&#10;Test case&#10;Testing api: '/api/antifraud/suspicious-ip'&#10;Expectations: 'IP must be removed from Black List'&#10;-----&#10;Test case&#10;Testing api: '/api/antifraud/suspicious-ip'&#10;Expectations: 'If IP not found in database, respond with the HTTP Not Found status (404).'&#10;-----&#10;Test case&#10;Testing api: '/api/antifraud/suspicious-ip'&#10;Expectations: 'If IP doesn't have right format, respond with HTTP Bad Request status (400)'&#10;-----&#10;Test case&#10;Testing api: '/api/antifraud/suspicious-ip'&#10;Expectations: 'IP must be removed from Black List'&#10;-----&#10;Test case&#10;Testing api: '/api/antifraud/stolencard'&#10;Expectations: 'Endpoint must respond with empty array'&#10;-----&#10;Test case&#10;Testing api: '/api/antifraud/stolencard'&#10;Expectations: 'A card must be added to Black List'&#10;-----&#10;Test case&#10;Testing api: '/api/antifraud/stolencard'&#10;Expectations: 'If card-number already in database, endpoint must respond with the HTTP Conflict status (409).'&#10;-----&#10;Test case&#10;Testing api: '/api/antifraud/stolencard'&#10;Expectations: 'If card-number doesn't have right format, endpoint must respond with HTTP Bad Request status (400).'&#10;-----&#10;Test case&#10;Testing api: '/api/antifraud/stolencard'&#10;Expectations: 'If checksum of card-number is wrong, endpoint must respond with HTTP Bad Request status (400).'&#10;-----&#10;Test case&#10;Testing api: '/api/antifraud/stolencard'&#10;Expectations: 'A card must be added to Black List'&#10;-----&#10;Test case&#10;Testing api: '/api/antifraud/stolencard'&#10;Expectations: 'Endpoint must responds with Black List'&#10;-----&#10;Test case&#10;Testing api: '/api/antifraud/stolencard'&#10;Expectations: 'Card must be removed from Black List'&#10;-----&#10;Test case&#10;Testing api: '/api/antifraud/stolencard'&#10;Expectations: 'If card-number not found in database, respond with the HTTP Not Found status (404).'&#10;-----&#10;Test case&#10;Testing api: '/api/antifraud/stolencard'&#10;Expectations: 'If card-number doesn't have right format, endpoint must respond with HTTP Bad Request status (400).'&#10;-----&#10;Test case&#10;Testing api: '/api/antifraud/stolencard'&#10;Expectations: 'Card must be removed from Black List'&#10;-----&#10;Test case&#10;Testing api: '/api/antifraud/transaction'&#10;Expectations: 'Transaction must be PROHIBITED due to - suspicious ip reason'&#10;-----&#10;Test case&#10;Testing api: '/api/antifraud/transaction'&#10;Expectations: 'Transaction must be PROHIBITED due to - stolen card reason'&#10;-----&#10;Test case&#10;Testing api: '/api/antifraud/transaction'&#10;Expectations: 'Transaction must be PROHIBITED due to - stolen card, suspicious ip reasons'&#10;-----&#10;Test case&#10;Testing api: '/api/antifraud/transaction'&#10;Expectations: 'Transaction must be PROHIBITED due to - amount, stolen card, suspicious ip reasons'&#10;-----&#10;Test case&#10;Testing api: '/api/antifraud/transaction'&#10;Expectations: 'Transaction must be ALLOWED'&#10;-----&#10;Test case&#10;Testing api: '/api/antifraud/transaction'&#10;Expectations: 'Transaction must be ALLOWED'&#10;-----&#10;Test case&#10;Testing api: '/api/antifraud/transaction'&#10;Expectations: 'Transaction must be ALLOWED'&#10;-----&#10;Test case&#10;Testing api: '/api/antifraud/transaction'&#10;Expectations: 'Transaction must be MANUAL_PROCESSING due to - ip correlation rule'&#10;-----&#10;Test case&#10;Testing api: '/api/antifraud/transaction'&#10;Expectations: 'Transaction must be PROHIBITED due to - ip correlation rule'&#10;-----&#10;Test case&#10;Testing api: '/api/antifraud/stolencard'&#10;Expectations: 'A card must be added to Black List'&#10;-----&#10;Test case&#10;Testing api: '/api/antifraud/suspicious-ip'&#10;Expectations: 'IP must be added to Black List'&#10;-----&#10;Test case&#10;Testing api: '/api/antifraud/transaction'&#10;Expectations: 'Transaction must be PROHIBITED due to - amount, card-number, ip, ip-correlation reasons'&#10;-----&#10;Test case&#10;Testing api: '/api/antifraud/stolencard'&#10;Expectations: 'Card must be removed from Black List'&#10;-----&#10;Test case&#10;Testing api: '/api/antifraud/suspicious-ip'&#10;Expectations: 'IP must be removed from Black List'&#10;-----&#10;Test case&#10;Testing api: '/api/antifraud/transaction'&#10;Expectations: 'Transaction must be ALLOWED'&#10;-----&#10;Test case&#10;Testing api: '/api/antifraud/transaction'&#10;Expectations: 'Transaction must be ALLOWED'&#10;-----&#10;Test case&#10;Testing api: '/api/antifraud/transaction'&#10;Expectations: 'Transaction must be ALLOWED'&#10;-----&#10;Test case&#10;Testing api: '/api/antifraud/transaction'&#10;Expectations: 'Transaction must be MANUAL_PROCESSING due to - region correlation rule'&#10;-----&#10;Test case&#10;Testing api: '/api/antifraud/transaction'&#10;Expectations: 'Transaction must be PROHIBITED due to - region correlation rule'&#10;-----&#10;Test case&#10;Testing api: '/api/antifraud/stolencard'&#10;Expectations: 'A card must be added to Black List'&#10;-----&#10;Test case&#10;Testing api: '/api/antifraud/suspicious-ip'&#10;Expectations: 'IP must be added to Black List'&#10;-----&#10;Test case&#10;Testing api: '/api/antifraud/transaction'&#10;Expectations: 'Transaction must be PROHIBITED due to - amount, card-number, ip, region-correlation reasons'&#10;-----&#10;Test case&#10;Testing api: '/api/antifraud/stolencard'&#10;Expectations: 'Card must be removed from Black List'&#10;-----&#10;Test case&#10;Testing api: '/api/antifraud/history/4000004938320896'&#10;Expectations: 'If transactions for specified card number is not found in database, respond with the HTTP Not Found status (404).'&#10;-----&#10;Test case&#10;Testing api: '/api/antifraud/history/4000008449433402'&#10;Expectations: 'If card-number doesn't have right format (Luhn algo), respond with HTTP Bad Request status (400).'&#10;-----&#10;Test case&#10;Testing api: '/api/antifraud/transaction'&#10;Expectations: 'If feedback must throw Exception due to table in description section, respond with HTTP Unprocessable Entity status 422.'&#10;-----&#10;Test case&#10;Testing api: '/api/antifraud/transaction'&#10;Expectations: 'If feedback must throw Exception due to table in description section, respond with HTTP Unprocessable Entity status 422.'&#10;-----&#10;Test case&#10;Testing api: '/api/antifraud/transaction'&#10;Expectations: 'If feedback must throw Exception due to table in description section, respond with HTTP Unprocessable Entity status 422.'&#10;-----&#10;Test case&#10;Testing api: '/api/antifraud/transaction'&#10;Expectations: 'If transaction is not found in history, respond with the HTTP Not Found status (404).'&#10;-----&#10;Test case&#10;Testing api: '/api/antifraud/transaction'&#10;Expectations: 'A user with role ANONYMOUS must not have access to PUT /api/antifraud/transaction'&#10;-----&#10;Test case&#10;Testing api: '/api/antifraud/transaction'&#10;Expectations: 'A user with role ADMINISTRATOR must not have access to PUT /api/antifraud/transaction'&#10;-----&#10;Test case&#10;Testing api: '/api/antifraud/transaction'&#10;Expectations: 'A user with role MERCHANT must not have access to PUT /api/antifraud/transaction'&#10;-----&#10;Test case&#10;Testing api: '/api/antifraud/history'&#10;Expectations: 'A user with role ANONYMOUS must not have access to GET /api/antifraud/history'&#10;-----&#10;Test case&#10;Testing api: '/api/antifraud/history/4000003305160034'&#10;Expectations: 'A user with role ANONYMOUS must not have access to GET /api/antifraud/history'&#10;-----&#10;Test case&#10;Testing api: '/api/antifraud/history'&#10;Expectations: 'A user with role ADMINISTRATOR must not have access to GET /api/antifraud/history'&#10;-----&#10;Test case&#10;Testing api: '/api/antifraud/history/4000003305160034'&#10;Expectations: 'A user with role ADMINISTRATOR must not have access to GET /api/antifraud/history'&#10;-----&#10;Test case&#10;Testing api: '/api/antifraud/history'&#10;Expectations: 'A user with role MERCHANT must not have access to GET /api/antifraud/history'&#10;-----&#10;Test case&#10;Testing api: '/api/antifraud/history/4000003305160034'&#10;Expectations: 'A user with role MERCHANT must not have access to GET /api/antifraud/history'&#10;-----&#10;Test case&#10;Testing api: '/api/antifraud/history'&#10;Expectations: 'Endpoint must respond with the HTTP OK status (200) and body with array of JSON objects representing transactions, sorted by id in ascending order'&#10;-----&#10;Test case&#10;Testing api: '/api/antifraud/history/4000003305160034'&#10;Expectations: 'If transactions for specified card number is found, respond with the HTTP OK status (200)'&#10;-----&#10;Test case&#10;Testing api: '/api/antifraud/transaction'&#10;Expectations: 'Transaction must be MANUAL_PROCESSING'&#10;-----&#10;Test case&#10;Testing api: '/api/antifraud/transaction'&#10;Expectations: 'The limits of transaction validation updated.Endpoint responds with the HTTP OK status (200)'&#10;-----&#10;Test case&#10;Testing api: '/api/antifraud/transaction'&#10;Expectations: 'If feedback for specified transaction is already in database, respond with the HTTP Conflict status (409).'&#10;-----&#10;Test case&#10;Testing api: '/api/antifraud/transaction'&#10;Expectations: 'If feedback doesn't have right format (ALLOWED, MANUAL_PROCESSING, PROHIBITED), respond with HTTP Bad Request status (400).'&#10;-----&#10;Test case&#10;Testing api: '/api/antifraud/transaction'&#10;Expectations: 'Limits must be updated to: Allow = 202, Manual = 1500. Transaction must be ALLOWED'&#10;-----" type="java.lang.AssertionError">java.lang.AssertionError: Wrong answer in test #138

The JSON object at key result should equal to &quot;ALLOWED&quot;, found &quot;MANUAL_PROCESSING&quot;

Full JSON:
{
  &quot;result&quot;: &quot;MANUAL_PROCESSING&quot;,
  &quot;info&quot;: &quot;amount&quot;
}

Please find below the output of your program during this failed test.

---

[last 250 lines of output are shown, 427 skipped]
Expectations: 'If IP doesn't have right format, respond with HTTP Bad Request status (400)'
-----
Test case
Testing api: '/api/antifraud/suspicious-ip'
Expectations: 'IP must be added to Black List'
-----
Test case
Testing api: '/api/antifraud/suspicious-ip'
Expectations: 'Endpoint must responds with Black List'
-----
Test case
Testing api: '/api/antifraud/suspicious-ip'
Expectations: 'IP must be removed from Black List'
-----
Test case
Testing api: '/api/antifraud/suspicious-ip'
Expectations: 'If IP not found in database, respond with the HTTP Not Found status (404).'
-----
Test case
Testing api: '/api/antifraud/suspicious-ip'
Expectations: 'If IP doesn't have right format, respond with HTTP Bad Request status (400)'
-----
Test case
Testing api: '/api/antifraud/suspicious-ip'
Expectations: 'IP must be removed from Black List'
-----
Test case
Testing api: '/api/antifraud/stolencard'
Expectations: 'Endpoint must respond with empty array'
-----
Test case
Testing api: '/api/antifraud/stolencard'
Expectations: 'A card must be added to Black List'
-----
Test case
Testing api: '/api/antifraud/stolencard'
Expectations: 'If card-number already in database, endpoint must respond with the HTTP Conflict status (409).'
-----
Test case
Testing api: '/api/antifraud/stolencard'
Expectations: 'If card-number doesn't have right format, endpoint must respond with HTTP Bad Request status (400).'
-----
Test case
Testing api: '/api/antifraud/stolencard'
Expectations: 'If checksum of card-number is wrong, endpoint must respond with HTTP Bad Request status (400).'
-----
Test case
Testing api: '/api/antifraud/stolencard'
Expectations: 'A card must be added to Black List'
-----
Test case
Testing api: '/api/antifraud/stolencard'
Expectations: 'Endpoint must responds with Black List'
-----
Test case
Testing api: '/api/antifraud/stolencard'
Expectations: 'Card must be removed from Black List'
-----
Test case
Testing api: '/api/antifraud/stolencard'
Expectations: 'If card-number not found in database, respond with the HTTP Not Found status (404).'
-----
Test case
Testing api: '/api/antifraud/stolencard'
Expectations: 'If card-number doesn't have right format, endpoint must respond with HTTP Bad Request status (400).'
-----
Test case
Testing api: '/api/antifraud/stolencard'
Expectations: 'Card must be removed from Black List'
-----
Test case
Testing api: '/api/antifraud/transaction'
Expectations: 'Transaction must be PROHIBITED due to - suspicious ip reason'
-----
Test case
Testing api: '/api/antifraud/transaction'
Expectations: 'Transaction must be PROHIBITED due to - stolen card reason'
-----
Test case
Testing api: '/api/antifraud/transaction'
Expectations: 'Transaction must be PROHIBITED due to - stolen card, suspicious ip reasons'
-----
Test case
Testing api: '/api/antifraud/transaction'
Expectations: 'Transaction must be PROHIBITED due to - amount, stolen card, suspicious ip reasons'
-----
Test case
Testing api: '/api/antifraud/transaction'
Expectations: 'Transaction must be ALLOWED'
-----
Test case
Testing api: '/api/antifraud/transaction'
Expectations: 'Transaction must be ALLOWED'
-----
Test case
Testing api: '/api/antifraud/transaction'
Expectations: 'Transaction must be ALLOWED'
-----
Test case
Testing api: '/api/antifraud/transaction'
Expectations: 'Transaction must be MANUAL_PROCESSING due to - ip correlation rule'
-----
Test case
Testing api: '/api/antifraud/transaction'
Expectations: 'Transaction must be PROHIBITED due to - ip correlation rule'
-----
Test case
Testing api: '/api/antifraud/stolencard'
Expectations: 'A card must be added to Black List'
-----
Test case
Testing api: '/api/antifraud/suspicious-ip'
Expectations: 'IP must be added to Black List'
-----
Test case
Testing api: '/api/antifraud/transaction'
Expectations: 'Transaction must be PROHIBITED due to - amount, card-number, ip, ip-correlation reasons'
-----
Test case
Testing api: '/api/antifraud/stolencard'
Expectations: 'Card must be removed from Black List'
-----
Test case
Testing api: '/api/antifraud/suspicious-ip'
Expectations: 'IP must be removed from Black List'
-----
Test case
Testing api: '/api/antifraud/transaction'
Expectations: 'Transaction must be ALLOWED'
-----
Test case
Testing api: '/api/antifraud/transaction'
Expectations: 'Transaction must be ALLOWED'
-----
Test case
Testing api: '/api/antifraud/transaction'
Expectations: 'Transaction must be ALLOWED'
-----
Test case
Testing api: '/api/antifraud/transaction'
Expectations: 'Transaction must be MANUAL_PROCESSING due to - region correlation rule'
-----
Test case
Testing api: '/api/antifraud/transaction'
Expectations: 'Transaction must be PROHIBITED due to - region correlation rule'
-----
Test case
Testing api: '/api/antifraud/stolencard'
Expectations: 'A card must be added to Black List'
-----
Test case
Testing api: '/api/antifraud/suspicious-ip'
Expectations: 'IP must be added to Black List'
-----
Test case
Testing api: '/api/antifraud/transaction'
Expectations: 'Transaction must be PROHIBITED due to - amount, card-number, ip, region-correlation reasons'
-----
Test case
Testing api: '/api/antifraud/stolencard'
Expectations: 'Card must be removed from Black List'
-----
Test case
Testing api: '/api/antifraud/history/4000004938320896'
Expectations: 'If transactions for specified card number is not found in database, respond with the HTTP Not Found status (404).'
-----
Test case
Testing api: '/api/antifraud/history/4000008449433402'
Expectations: 'If card-number doesn't have right format (Luhn algo), respond with HTTP Bad Request status (400).'
-----
Test case
Testing api: '/api/antifraud/transaction'
Expectations: 'If feedback must throw Exception due to table in description section, respond with HTTP Unprocessable Entity status 422.'
-----
Test case
Testing api: '/api/antifraud/transaction'
Expectations: 'If feedback must throw Exception due to table in description section, respond with HTTP Unprocessable Entity status 422.'
-----
Test case
Testing api: '/api/antifraud/transaction'
Expectations: 'If feedback must throw Exception due to table in description section, respond with HTTP Unprocessable Entity status 422.'
-----
Test case
Testing api: '/api/antifraud/transaction'
Expectations: 'If transaction is not found in history, respond with the HTTP Not Found status (404).'
-----
Test case
Testing api: '/api/antifraud/transaction'
Expectations: 'A user with role ANONYMOUS must not have access to PUT /api/antifraud/transaction'
-----
Test case
Testing api: '/api/antifraud/transaction'
Expectations: 'A user with role ADMINISTRATOR must not have access to PUT /api/antifraud/transaction'
-----
Test case
Testing api: '/api/antifraud/transaction'
Expectations: 'A user with role MERCHANT must not have access to PUT /api/antifraud/transaction'
-----
Test case
Testing api: '/api/antifraud/history'
Expectations: 'A user with role ANONYMOUS must not have access to GET /api/antifraud/history'
-----
Test case
Testing api: '/api/antifraud/history/4000003305160034'
Expectations: 'A user with role ANONYMOUS must not have access to GET /api/antifraud/history'
-----
Test case
Testing api: '/api/antifraud/history'
Expectations: 'A user with role ADMINISTRATOR must not have access to GET /api/antifraud/history'
-----
Test case
Testing api: '/api/antifraud/history/4000003305160034'
Expectations: 'A user with role ADMINISTRATOR must not have access to GET /api/antifraud/history'
-----
Test case
Testing api: '/api/antifraud/history'
Expectations: 'A user with role MERCHANT must not have access to GET /api/antifraud/history'
-----
Test case
Testing api: '/api/antifraud/history/4000003305160034'
Expectations: 'A user with role MERCHANT must not have access to GET /api/antifraud/history'
-----
Test case
Testing api: '/api/antifraud/history'
Expectations: 'Endpoint must respond with the HTTP OK status (200) and body with array of JSON objects representing transactions, sorted by id in ascending order'
-----
Test case
Testing api: '/api/antifraud/history/4000003305160034'
Expectations: 'If transactions for specified card number is found, respond with the HTTP OK status (200)'
-----
Test case
Testing api: '/api/antifraud/transaction'
Expectations: 'Transaction must be MANUAL_PROCESSING'
-----
Test case
Testing api: '/api/antifraud/transaction'
Expectations: 'The limits of transaction validation updated.Endpoint responds with the HTTP OK status (200)'
-----
Test case
Testing api: '/api/antifraud/transaction'
Expectations: 'If feedback for specified transaction is already in database, respond with the HTTP Conflict status (409).'
-----
Test case
Testing api: '/api/antifraud/transaction'
Expectations: 'If feedback doesn't have right format (ALLOWED, MANUAL_PROCESSING, PROHIBITED), respond with HTTP Bad Request status (400).'
-----
Test case
Testing api: '/api/antifraud/transaction'
Expectations: 'Limits must be updated to: Allow = 202, Manual = 1500. Transaction must be ALLOWED'
-----
	at org.junit.Assert.fail(Assert.java:89)
	at org.hyperskill.hstest.stage.StageTest.start(StageTest.java:155)
	at java.base/jdk.internal.reflect.NativeMethodAccessorImpl.invoke0(Native Method)
	at java.base/jdk.internal.reflect.NativeMethodAccessorImpl.invoke(NativeMethodAccessorImpl.java:77)
	at java.base/jdk.internal.reflect.DelegatingMethodAccessorImpl.invoke(DelegatingMethodAccessorImpl.java:43)
	at java.base/java.lang.reflect.Method.invoke(Method.java:568)
	at org.junit.runners.model.FrameworkMethod$1.runReflectiveCall(FrameworkMethod.java:59)
	at org.junit.internal.runners.model.ReflectiveCallable.run(ReflectiveCallable.java:12)
	at org.junit.runners.model.FrameworkMethod.invokeExplosively(FrameworkMethod.java:56)
	at org.junit.internal.runners.statements.InvokeMethod.evaluate(InvokeMethod.java:17)
	at org.junit.internal.runners.statements.RunAfters.evaluate(RunAfters.java:27)
	at org.junit.runners.ParentRunner$3.evaluate(ParentRunner.java:306)
	at org.junit.runners.BlockJUnit4ClassRunner$1.evaluate(BlockJUnit4ClassRunner.java:100)
	at org.junit.runners.ParentRunner.runLeaf(ParentRunner.java:366)
	at org.junit.runners.BlockJUnit4ClassRunner.runChild(BlockJUnit4ClassRunner.java:103)
	at org.junit.runners.BlockJUnit4ClassRunner.runChild(BlockJUnit4ClassRunner.java:63)
	at org.junit.runners.ParentRunner$4.run(ParentRunner.java:331)
	at org.junit.runners.ParentRunner$1.schedule(ParentRunner.java:79)
	at org.junit.runners.ParentRunner.runChildren(ParentRunner.java:329)
	at org.junit.runners.ParentRunner.access$100(ParentRunner.java:66)
	at org.junit.runners.ParentRunner$2.evaluate(ParentRunner.java:293)
	at org.junit.runners.ParentRunner$3.evaluate(ParentRunner.java:306)
	at org.junit.runners.ParentRunner.run(ParentRunner.java:413)
	at org.gradle.api.internal.tasks.testing.junit.JUnitTestClassExecutor.runTestClass(JUnitTestClassExecutor.java:110)
	at org.gradle.api.internal.tasks.testing.junit.JUnitTestClassExecutor.execute(JUnitTestClassExecutor.java:58)
	at org.gradle.api.internal.tasks.testing.junit.JUnitTestClassExecutor.execute(JUnitTestClassExecutor.java:38)
	at org.gradle.api.internal.tasks.testing.junit.AbstractJUnitTestClassProcessor.processTestClass(AbstractJUnitTestClassProcessor.java:62)
	at org.gradle.api.internal.tasks.testing.SuiteTestClassProcessor.processTestClass(SuiteTestClassProcessor.java:51)
	at java.base/jdk.internal.reflect.NativeMethodAccessorImpl.invoke0(Native Method)
	at java.base/jdk.internal.reflect.NativeMethodAccessorImpl.invoke(NativeMethodAccessorImpl.java:77)
	at java.base/jdk.internal.reflect.DelegatingMethodAccessorImpl.invoke(DelegatingMethodAccessorImpl.java:43)
	at java.base/java.lang.reflect.Method.invoke(Method.java:568)
	at org.gradle.internal.dispatch.ReflectionDispatch.dispatch(ReflectionDispatch.java:36)
	at org.gradle.internal.dispatch.ReflectionDispatch.dispatch(ReflectionDispatch.java:24)
	at org.gradle.internal.dispatch.ContextClassLoaderDispatch.dispatch(ContextClassLoaderDispatch.java:33)
	at org.gradle.internal.dispatch.ProxyDispatchAdapter$DispatchingInvocationHandler.invoke(ProxyDispatchAdapter.java:94)
	at jdk.proxy1/jdk.proxy1.$Proxy2.processTestClass(Unknown Source)
	at org.gradle.api.internal.tasks.testing.worker.TestWorker$2.run(TestWorker.java:176)
	at org.gradle.api.internal.tasks.testing.worker.TestWorker.executeAndMaintainThreadName(TestWorker.java:129)
	at org.gradle.api.internal.tasks.testing.worker.TestWorker.execute(TestWorker.java:100)
	at org.gradle.api.internal.tasks.testing.worker.TestWorker.execute(TestWorker.java:60)
	at org.gradle.process.internal.worker.child.ActionExecutionWorker.execute(ActionExecutionWorker.java:56)
	at org.gradle.process.internal.worker.child.SystemApplicationClassLoaderWorker.call(SystemApplicationClassLoaderWorker.java:133)
	at org.gradle.process.internal.worker.child.SystemApplicationClassLoaderWorker.call(SystemApplicationClassLoaderWorker.java:71)
	at worker.org.gradle.process.internal.worker.GradleWorkerMain.run(GradleWorkerMain.java:69)
	at worker.org.gradle.process.internal.worker.GradleWorkerMain.main(GradleWorkerMain.java:74)
</failure>
  </testcase>
  <system-out><![CDATA[?[1;31m
Start test 1?[0m

  .   ____          _            __ _ _
 /\\ / ___'_ __ _ _(_)_ __  __ _ \ \ \ \
( ( )\___ | '_ | '_| | '_ \/ _` | \ \ \ \
 \\/  ___)| |_)| | | | | || (_| |  ) ) ) )
  '  |____| .__|_| |_|_| |_\__, | / / / /
 =========|_|==============|___/=/_/_/_/
 :: Spring Boot ::        (v2.3.1.RELEASE)

2022-06-10 16:40:07.385  INFO 18060 --- [    Test worker] antifraud.AntiFraudApplication           : Starting AntiFraudApplication on Fractal with PID 18060 (started by Fractal in D:\RepositoryRoadToProfession\Anti-Fraud System\Anti-Fraud System\task)
2022-06-10 16:40:07.388  INFO 18060 --- [    Test worker] antifraud.AntiFraudApplication           : No active profile set, falling back to default profiles: default
2022-06-10 16:40:08.552  INFO 18060 --- [    Test worker] .s.d.r.c.RepositoryConfigurationDelegate : Bootstrapping Spring Data JPA repositories in DEFERRED mode.
2022-06-10 16:40:08.641  INFO 18060 --- [    Test worker] .s.d.r.c.RepositoryConfigurationDelegate : Finished Spring Data repository scanning in 79ms. Found 4 JPA repository interfaces.
2022-06-10 16:40:09.381  INFO 18060 --- [    Test worker] o.s.b.w.embedded.tomcat.TomcatWebServer  : Tomcat initialized with port(s): 28852 (http)
2022-06-10 16:40:09.393  INFO 18060 --- [    Test worker] o.apache.catalina.core.StandardService   : Starting service [Tomcat]
2022-06-10 16:40:09.394  INFO 18060 --- [    Test worker] org.apache.catalina.core.StandardEngine  : Starting Servlet engine: [Apache Tomcat/9.0.36]
2022-06-10 16:40:09.525  INFO 18060 --- [    Test worker] o.a.c.c.C.[Tomcat].[localhost].[/]       : Initializing Spring embedded WebApplicationContext
2022-06-10 16:40:09.526  INFO 18060 --- [    Test worker] w.s.c.ServletWebServerApplicationContext : Root WebApplicationContext: initialization completed in 2074 ms
2022-06-10 16:40:09.678  INFO 18060 --- [    Test worker] com.zaxxer.hikari.HikariDataSource       : HikariPool-1 - Starting...
2022-06-10 16:40:09.920  INFO 18060 --- [    Test worker] com.zaxxer.hikari.HikariDataSource       : HikariPool-1 - Start completed.
2022-06-10 16:40:09.930  INFO 18060 --- [    Test worker] o.s.b.a.h2.H2ConsoleAutoConfiguration    : H2 console available at '/h2-console'. Database available at 'jdbc:h2:file:../service_db'
2022-06-10 16:40:10.101  INFO 18060 --- [    Test worker] o.s.s.concurrent.ThreadPoolTaskExecutor  : Initializing ExecutorService 'applicationTaskExecutor'
2022-06-10 16:40:10.183  INFO 18060 --- [         task-1] o.hibernate.jpa.internal.util.LogHelper  : HHH000204: Processing PersistenceUnitInfo [name: default]
2022-06-10 16:40:10.206  WARN 18060 --- [    Test worker] JpaBaseConfiguration$JpaWebConfiguration : spring.jpa.open-in-view is enabled by default. Therefore, database queries may be performed during view rendering. Explicitly configure spring.jpa.open-in-view to disable this warning
2022-06-10 16:40:10.274  INFO 18060 --- [         task-1] org.hibernate.Version                    : HHH000412: Hibernate ORM core version 5.4.17.Final
2022-06-10 16:40:10.483  INFO 18060 --- [         task-1] o.hibernate.annotations.common.Version   : HCANN000001: Hibernate Commons Annotations {5.1.0.Final}
2022-06-10 16:40:10.502  INFO 18060 --- [    Test worker] o.s.s.web.DefaultSecurityFilterChain     : Creating filter chain: any request, [org.springframework.security.web.context.request.async.WebAsyncManagerIntegrationFilter@4492b393, org.springframework.security.web.context.SecurityContextPersistenceFilter@5a899811, org.springframework.security.web.header.HeaderWriterFilter@6f0c45f4, org.springframework.security.web.authentication.logout.LogoutFilter@36f6d25c, org.springframework.security.web.authentication.www.BasicAuthenticationFilter@3321291a, org.springframework.security.web.savedrequest.RequestCacheAwareFilter@171aa66, org.springframework.security.web.servletapi.SecurityContextHolderAwareRequestFilter@30dd00b6, org.springframework.security.web.authentication.AnonymousAuthenticationFilter@55fb36de, org.springframework.security.web.session.SessionManagementFilter@315b4202, org.springframework.security.web.access.ExceptionTranslationFilter@994544, org.springframework.security.web.access.intercept.FilterSecurityInterceptor@731db93f]
2022-06-10 16:40:10.666  INFO 18060 --- [         task-1] org.hibernate.dialect.Dialect            : HHH000400: Using dialect: org.hibernate.dialect.H2Dialect
2022-06-10 16:40:11.693  INFO 18060 --- [         task-1] o.h.e.t.j.p.i.JtaPlatformInitiator       : HHH000490: Using JtaPlatform implementation: [org.hibernate.engine.transaction.jta.platform.internal.NoJtaPlatform]
2022-06-10 16:40:11.706  INFO 18060 --- [         task-1] j.LocalContainerEntityManagerFactoryBean : Initialized JPA EntityManagerFactory for persistence unit 'default'
2022-06-10 16:40:11.798  INFO 18060 --- [    Test worker] o.s.b.a.e.web.EndpointLinksResolver      : Exposing 14 endpoint(s) beneath base path '/actuator'
2022-06-10 16:40:11.856  INFO 18060 --- [    Test worker] o.s.b.w.embedded.tomcat.TomcatWebServer  : Tomcat started on port(s): 28852 (http) with context path ''
2022-06-10 16:40:11.858  INFO 18060 --- [    Test worker] DeferredRepositoryInitializationListener : Triggering deferred initialization of Spring Data repositories…
2022-06-10 16:40:12.202  INFO 18060 --- [    Test worker] DeferredRepositoryInitializationListener : Spring Data repositories initialized!
2022-06-10 16:40:12.214  INFO 18060 --- [    Test worker] antifraud.AntiFraudApplication           : Started AntiFraudApplication in 5.208 seconds (JVM running for 6.077)
Test case
Testing api: '/api/auth/user'
request: '{
   "name": "John Doe 1",
   "password": "oa3VvqnLxW"
}'
Expectations: 'In case of wrong data in request, endpoint must respond with BAD REQUEST  status (400).'
-----
2022-06-10 16:40:12.524  INFO 18060 --- [io-28852-exec-1] o.a.c.c.C.[Tomcat].[localhost].[/]       : Initializing Spring DispatcherServlet 'dispatcherServlet'
2022-06-10 16:40:12.524  INFO 18060 --- [io-28852-exec-1] o.s.web.servlet.DispatcherServlet        : Initializing Servlet 'dispatcherServlet'
2022-06-10 16:40:12.533  INFO 18060 --- [io-28852-exec-1] o.s.web.servlet.DispatcherServlet        : Completed initialization in 9 ms
2022-06-10 16:40:12.714  WARN 18060 --- [io-28852-exec-1] .w.s.m.s.DefaultHandlerExceptionResolver : Resolved [org.springframework.web.bind.MethodArgumentNotValidException: Validation failed for argument [0] in public org.springframework.http.ResponseEntity<antifraud.entity.User> antifraud.controller.AuthController.registerNewUser(antifraud.entity.User): [Field error in object 'user' on field 'username': rejected value [null]; codes [NotBlank.user.username,NotBlank.username,NotBlank.java.lang.String,NotBlank]; arguments [org.springframework.context.support.DefaultMessageSourceResolvable: codes [user.username,username]; arguments []; default message [username]]; default message [must not be blank]] ]
?[1;31m
Start test 2?[0m
Test case
Testing api: '/api/auth/user'
request: '{
   "name": "John Doe 2",
   "username": "johndoe1"
}'
Expectations: 'In case of wrong data in request, endpoint must respond with BAD REQUEST  status (400).'
-----
2022-06-10 16:40:12.767  WARN 18060 --- [io-28852-exec-2] .w.s.m.s.DefaultHandlerExceptionResolver : Resolved [org.springframework.web.bind.MethodArgumentNotValidException: Validation failed for argument [0] in public org.springframework.http.ResponseEntity<antifraud.entity.User> antifraud.controller.AuthController.registerNewUser(antifraud.entity.User): [Field error in object 'user' on field 'password': rejected value [null]; codes [NotBlank.user.password,NotBlank.password,NotBlank.java.lang.String,NotBlank]; arguments [org.springframework.context.support.DefaultMessageSourceResolvable: codes [user.password,password]; arguments []; default message [password]]; default message [must not be blank]] ]
?[1;31m
Start test 3?[0m
Test case
Testing api: '/api/auth/user'
request: '{
   "name": "John Doe 1",
   "username": "johndoe1",
   "password": "oMoa3VvqnLxW"
}'
Expectations: 'If user successfully added, endpoint must respond with HTTP CREATED status (201) '
-----
?[1;31m
Start test 4?[0m
Test case
Testing api: '/api/auth/list'
Expectations: 'Endpoint must respond with HTTP OK status (200) and body with array of objects representing the users sorted by ID in ascending order.'
-----
?[1;31m
Start test 5?[0m
Test case
Testing api: '/api/auth/user'
request: '{
   "name": "John Doe 1",
   "username": "johndoe1",
   "password": "oMoa3VvqnLxW"
}'
Expectations: 'If user successfully added, endpoint must respond with HTTP CREATED status (201) '
-----
?[1;31m
Start test 6?[0m
Test case
Testing api: '/api/auth/list'
Expectations: 'Endpoint must respond with HTTP OK status (200) and body with array of objects representing the users sorted by ID in ascending order.'
-----
?[1;31m
Start test 7?[0m
Test case
Testing api: '/api/auth/list'
Expectations: 'A user with incorrect credentials is not allowed'
-----
?[1;31m
Start test 8?[0m
Test case
Testing api: '/api/auth/list'
Expectations: 'A user with incorrect credentials is not allowed'
-----
?[1;31m
Start test 9?[0m
Test case
Testing api: '/api/antifraud/transaction'
Expectations: 'Merchant after registration must be LOCKED'
-----
?[1;31m
Start test 10?[0m
Test case
Testing api: '/api/auth/access'
Expectations: 'A user johndoe1 must be UNLOCKED'
-----
?[1;31m
Start test 11?[0m
Test case
Testing api: '/api/auth/role'
Expectations: 'If a role successfully changed, respond with the HTTP OK status (200)'
-----
?[1;31m
Start test 12?[0m
Test case
Testing api: '/api/antifraud/history'
Expectations: 'User johndoe1 must be unlocked.Endpoint must respond with the HTTP OK status (200) and empty array in case if history is empty.'
-----
?[1;31m
Start test 13?[0m
Test case
Testing api: '/api/auth/role'
Expectations: 'If a role successfully changed, respond with the HTTP OK status (200)'
-----
?[1;31m
Start test 14?[0m
Test case
Testing api: '/api/antifraud/transaction'
Expectations: 'A user johndoe1 must be UNLOCKED'
-----
?[1;31m
Start test 15?[0m
Test case
Testing api: '/api/antifraud/transaction'
request: 'amount = 1'
Expectations: 'Result validating of Transaction must be 'ALLOWED''
-----
?[1;31m
Start test 16?[0m
2022-06-10 16:40:14.492  INFO 18060 --- [     Thread-336] j.LocalContainerEntityManagerFactoryBean : Closing JPA EntityManagerFactory for persistence unit 'default'
2022-06-10 16:40:14.496  INFO 18060 --- [     Thread-336] o.s.s.concurrent.ThreadPoolTaskExecutor  : Shutting down ExecutorService 'applicationTaskExecutor'
2022-06-10 16:40:14.498  INFO 18060 --- [     Thread-336] com.zaxxer.hikari.HikariDataSource       : HikariPool-1 - Shutdown initiated...
2022-06-10 16:40:14.530  INFO 18060 --- [     Thread-336] com.zaxxer.hikari.HikariDataSource       : HikariPool-1 - Shutdown completed.

  .   ____          _            __ _ _
 /\\ / ___'_ __ _ _(_)_ __  __ _ \ \ \ \
( ( )\___ | '_ | '_| | '_ \/ _` | \ \ \ \
 \\/  ___)| |_)| | | | | || (_| |  ) ) ) )
  '  |____| .__|_| |_|_| |_\__, | / / / /
 =========|_|==============|___/=/_/_/_/
 :: Spring Boot ::        (v2.3.1.RELEASE)

2022-06-10 16:40:14.581  INFO 18060 --- [    Test worker] antifraud.AntiFraudApplication           : Starting AntiFraudApplication on Fractal with PID 18060 (started by Fractal in D:\RepositoryRoadToProfession\Anti-Fraud System\Anti-Fraud System\task)
2022-06-10 16:40:14.582  INFO 18060 --- [    Test worker] antifraud.AntiFraudApplication           : No active profile set, falling back to default profiles: default
2022-06-10 16:40:14.972  INFO 18060 --- [    Test worker] .s.d.r.c.RepositoryConfigurationDelegate : Bootstrapping Spring Data JPA repositories in DEFERRED mode.
2022-06-10 16:40:14.984  INFO 18060 --- [    Test worker] .s.d.r.c.RepositoryConfigurationDelegate : Finished Spring Data repository scanning in 11ms. Found 4 JPA repository interfaces.
2022-06-10 16:40:15.080  INFO 18060 --- [    Test worker] o.s.b.w.embedded.tomcat.TomcatWebServer  : Tomcat initialized with port(s): 28852 (http)
2022-06-10 16:40:15.081  INFO 18060 --- [    Test worker] o.apache.catalina.core.StandardService   : Starting service [Tomcat]
2022-06-10 16:40:15.082  INFO 18060 --- [    Test worker] org.apache.catalina.core.StandardEngine  : Starting Servlet engine: [Apache Tomcat/9.0.36]
2022-06-10 16:40:15.115  INFO 18060 --- [    Test worker] o.a.c.c.C.[Tomcat].[localhost].[/]       : Initializing Spring embedded WebApplicationContext
2022-06-10 16:40:15.115  INFO 18060 --- [    Test worker] w.s.c.ServletWebServerApplicationContext : Root WebApplicationContext: initialization completed in 532 ms
2022-06-10 16:40:15.159  INFO 18060 --- [    Test worker] com.zaxxer.hikari.HikariDataSource       : HikariPool-2 - Starting...
2022-06-10 16:40:15.172  INFO 18060 --- [    Test worker] com.zaxxer.hikari.HikariDataSource       : HikariPool-2 - Start completed.
2022-06-10 16:40:15.172  INFO 18060 --- [    Test worker] o.s.b.a.h2.H2ConsoleAutoConfiguration    : H2 console available at '/h2-console'. Database available at 'jdbc:h2:file:../service_db'
2022-06-10 16:40:15.222  INFO 18060 --- [    Test worker] o.s.s.concurrent.ThreadPoolTaskExecutor  : Initializing ExecutorService 'applicationTaskExecutor'
2022-06-10 16:40:15.227  INFO 18060 --- [         task-1] o.hibernate.jpa.internal.util.LogHelper  : HHH000204: Processing PersistenceUnitInfo [name: default]
2022-06-10 16:40:15.234  INFO 18060 --- [         task-1] org.hibernate.dialect.Dialect            : HHH000400: Using dialect: org.hibernate.dialect.H2Dialect
2022-06-10 16:40:15.261  WARN 18060 --- [    Test worker] JpaBaseConfiguration$JpaWebConfiguration : spring.jpa.open-in-view is enabled by default. Therefore, database queries may be performed during view rendering. Explicitly configure spring.jpa.open-in-view to disable this warning
2022-06-10 16:40:15.332  INFO 18060 --- [    Test worker] o.s.s.web.DefaultSecurityFilterChain     : Creating filter chain: any request, [org.springframework.security.web.context.request.async.WebAsyncManagerIntegrationFilter@5e5d40ec, org.springframework.security.web.context.SecurityContextPersistenceFilter@7fd4b9ec, org.springframework.security.web.header.HeaderWriterFilter@4f5c757c, org.springframework.security.web.authentication.logout.LogoutFilter@42d7e8bc, org.springframework.security.web.authentication.www.BasicAuthenticationFilter@7b6854b5, org.springframework.security.web.savedrequest.RequestCacheAwareFilter@10553a61, org.springframework.security.web.servletapi.SecurityContextHolderAwareRequestFilter@3c8e4a82, org.springframework.security.web.authentication.AnonymousAuthenticationFilter@5b028f58, org.springframework.security.web.session.SessionManagementFilter@52fec840, org.springframework.security.web.access.ExceptionTranslationFilter@1d3e5a05, org.springframework.security.web.access.intercept.FilterSecurityInterceptor@3ac326c0]
2022-06-10 16:40:15.344  INFO 18060 --- [         task-1] o.h.e.t.j.p.i.JtaPlatformInitiator       : HHH000490: Using JtaPlatform implementation: [org.hibernate.engine.transaction.jta.platform.internal.NoJtaPlatform]
2022-06-10 16:40:15.344  INFO 18060 --- [         task-1] j.LocalContainerEntityManagerFactoryBean : Initialized JPA EntityManagerFactory for persistence unit 'default'
2022-06-10 16:40:15.528  INFO 18060 --- [    Test worker] o.s.b.a.e.web.EndpointLinksResolver      : Exposing 14 endpoint(s) beneath base path '/actuator'
2022-06-10 16:40:15.546  INFO 18060 --- [    Test worker] o.s.b.w.embedded.tomcat.TomcatWebServer  : Tomcat started on port(s): 28852 (http) with context path ''
2022-06-10 16:40:15.547  INFO 18060 --- [    Test worker] DeferredRepositoryInitializationListener : Triggering deferred initialization of Spring Data repositories…
2022-06-10 16:40:15.603  INFO 18060 --- [    Test worker] DeferredRepositoryInitializationListener : Spring Data repositories initialized!
2022-06-10 16:40:15.606  INFO 18060 --- [    Test worker] antifraud.AntiFraudApplication           : Started AntiFraudApplication in 1.056 seconds (JVM running for 9.469)
?[1;31m
Start test 17?[0m
Test case
Testing api: '/api/auth/list'
Expectations: 'After restart user must exist'
-----
2022-06-10 16:40:15.612  INFO 18060 --- [io-28852-exec-1] o.a.c.c.C.[Tomcat].[localhost].[/]       : Initializing Spring DispatcherServlet 'dispatcherServlet'
2022-06-10 16:40:15.613  INFO 18060 --- [io-28852-exec-1] o.s.web.servlet.DispatcherServlet        : Initializing Servlet 'dispatcherServlet'
2022-06-10 16:40:15.615  INFO 18060 --- [io-28852-exec-1] o.s.web.servlet.DispatcherServlet        : Completed initialization in 2 ms
?[1;31m
Start test 18?[0m
Test case
Testing api: '/api/auth/user'
request: '{
   "name": "John Doe 1",
   "username": "johndoe1",
   "password": "oMoa3VvqnLxW"
}'
Expectations: 'In case of an attempt to register an existing user, endpoint must respond with HTTP CONFLICT status (409).'
-----
?[1;31m
Start test 19?[0m
Test case
Testing api: '/api/auth/user'
request: '{
   "name": "John Doe 2",
   "username": "johndoe2",
   "password": "oMoa5VvqnLxW"
}'
Expectations: 'If user successfully added, endpoint must respond with HTTP CREATED status (201) '
-----
?[1;31m
Start test 20?[0m
Test case
Testing api: '/api/auth/list'
Expectations: 'Endpoint must respond with HTTP OK status (200) and body with array of objects representing the users sorted by ID in ascending order.'
-----
?[1;31m
Start test 21?[0m
Test case
Testing api: '/api/antifraud/transaction'
request: 'amount = 199'
Expectations: 'Result validating of Transaction must be 'ALLOWED''
-----
?[1;31m
Start test 22?[0m
Test case
Testing api: '/api/antifraud/transaction'
request: 'amount = 200'
Expectations: 'Result validating of Transaction must be 'ALLOWED''
-----
?[1;31m
Start test 23?[0m
Test case
Testing api: '/api/antifraud/transaction'
request: 'amount = 201'
Expectations: 'Result validating of Transaction must be 'MANUAL_PROCESSING''
-----
?[1;31m
Start test 24?[0m
Test case
Testing api: '/api/antifraud/transaction'
request: 'amount = 1499'
Expectations: 'Result validating of Transaction must be 'MANUAL_PROCESSING''
-----
?[1;31m
Start test 25?[0m
Test case
Testing api: '/api/antifraud/transaction'
request: 'amount = 1500'
Expectations: 'Result validating of Transaction must be 'MANUAL_PROCESSING''
-----
?[1;31m
Start test 26?[0m
Test case
Testing api: '/api/antifraud/transaction'
request: 'amount = 1501'
Expectations: 'Result validating of Transaction must be 'PROHIBITED''
-----
?[1;31m
Start test 27?[0m
Test case
Testing api: '/api/antifraud/transaction'
request: 'amount = 2000'
Expectations: 'Result validating of Transaction must be 'PROHIBITED''
-----
?[1;31m
Start test 28?[0m
Test case
Testing api: '/api/antifraud/transaction'
request: 'amount = -1'
Expectations: 'Response status must be 'Bad request''
-----
?[1;31m
Start test 29?[0m
Test case
Testing api: '/api/antifraud/transaction'
request: 'amount = 0'
Expectations: 'Response status must be 'Bad request''
-----
?[1;31m
Start test 30?[0m
Test case
Testing api: '/api/antifraud/transaction'
request: 'amount = null'
Expectations: 'Response status must be 'Bad request''
-----
?[1;31m
Start test 31?[0m
Test case
Testing api: '/api/antifraud/transaction'
request: 'amount = ""'
Expectations: 'Response status must be 'Bad request''
-----
?[1;31m
Start test 32?[0m
Test case
Testing api: '/api/antifraud/transaction'
request: 'amount = " "'
Expectations: 'Response status must be 'Bad request''
-----
?[1;31m
Start test 33?[0m
Test case
Testing api: '/api/antifraud/transaction'
request: 'empty body'
Expectations: 'Response status must be 'Bad request''
-----
?[1;31m
Start test 34?[0m
Test case
Testing api: '/api/auth/user'
request: '/api/auth/user/somebody'
Expectations: 'If a user is not found, respond with HTTP Not Found status (404).'
-----
?[1;31m
Start test 35?[0m
Test case
Testing api: '/api/auth/user'
request: '/api/auth/user/johndoe1'
Expectations: 'The endpoint must delete the user and respond with HTTP OK status (200)'
-----
?[1;31m
Start test 36?[0m
Test case
Testing api: '/api/auth/list'
Expectations: 'User 'johndoe1' must be delete'
-----
?[1;31m
Start test 37?[0m
Test case
Testing api: '/api/auth/role'
Expectations: 'If a user is not found, endpoint must respond with the HTTP Not Found status (404).'
-----
?[1;31m
Start test 38?[0m
Test case
Testing api: '/api/auth/role'
Expectations: 'If a role is not found, endpoint must respond with the HTTP Bad Request status (400).'
-----
?[1;31m
Start test 39?[0m
Test case
Testing api: '/api/auth/role'
Expectations: 'If a role is ADMINISTRATOR, endpoint must respond with the HTTP Bad Request status (400).'
-----
?[1;31m
Start test 40?[0m
Test case
Testing api: '/api/auth/role'
Expectations: 'If a role successfully changed, respond with the HTTP OK status (200)'
-----
?[1;31m
Start test 41?[0m
Test case
Testing api: '/api/auth/role'
Expectations: 'If a role already assigned to a user, endpoint must respond with the HTTP Conflict status (409).'
-----
?[1;31m
Start test 42?[0m
Test case
Testing api: '/api/auth/access'
Expectations: 'A user johndoe2 must be UNLOCKED'
-----
?[1;31m
Start test 43?[0m
Test case
Testing api: '/api/auth/list'
Expectations: 'Role for user 'johndoe2' must be changed to SUPPORT'
-----
?[1;31m
Start test 44?[0m
Test case
Testing api: '/api/antifraud/transaction'
Expectations: 'Role MERCHANT must be removed from user johndoe2!'
-----
?[1;31m
Start test 45?[0m
Test case
Testing api: '/api/auth/user'
request: '{
   "name": "John Doe 3",
   "username": "johndoe3",
   "password": "oMoa6VvqnLxW"
}'
Expectations: 'If user successfully added, endpoint must respond with HTTP CREATED status (201) '
-----
?[1;31m
Start test 46?[0m
Test case
Testing api: '/api/antifraud/transaction'
Expectations: 'MERCHANT user after registration must be LOCKED'
-----
?[1;31m
Start test 47?[0m
Test case
Testing api: '/api/auth/access'
Expectations: 'A user johndoe3 must be UNLOCKED'
-----
?[1;31m
Start test 48?[0m
Test case
Testing api: '/api/antifraud/transaction'
Expectations: 'A user johndoe3 must be UNLOCKED'
-----
?[1;31m
Start test 49?[0m
Test case
Testing api: '/api/auth/access'
Expectations: 'A user johndoe3 must be LOCKED'
-----
?[1;31m
Start test 50?[0m
Test case
Testing api: '/api/antifraud/transaction'
Expectations: 'A user johndoe3 must be LOCKED'
-----
?[1;31m
Start test 51?[0m
Test case
Testing api: '/api/auth/access'
Expectations: 'A user johndoe3 must be UNLOCKED'
-----
?[1;31m
Start test 52?[0m
Test case
Testing api: '/api/antifraud/transaction'
Expectations: 'A user with role ADMINISTRATOR must not have access to /api/antifraud/transaction'
-----
?[1;31m
Start test 53?[0m
Test case
Testing api: '/api/antifraud/transaction'
Expectations: 'A user with role SUPPORT must not have access to /api/antifraud/transaction'
-----
?[1;31m
Start test 54?[0m
Test case
Testing api: '/api/antifraud/transaction'
Expectations: 'A user with role ANONYMOUS must not have access to /api/antifraud/transaction'
-----
?[1;31m
Start test 55?[0m
Test case
Testing api: '/api/auth/user'
Expectations: 'A user with role ANONYMOUS must not have access to DELETE /api/auth/user'
-----
?[1;31m
Start test 56?[0m
Test case
Testing api: '/api/auth/user'
Expectations: 'A user with role SUPPORT must not have access to DELETE /api/auth/user'
-----
?[1;31m
Start test 57?[0m
Test case
Testing api: '/api/auth/user'
Expectations: 'A user with role MERCHANT must not have access to DELETE /api/auth/user'
-----
?[1;31m
Start test 58?[0m
Test case
Testing api: '/api/auth/list'
Expectations: 'A user with role ANONYMOUS must not have access to /api/auth/list'
-----
?[1;31m
Start test 59?[0m
Test case
Testing api: '/api/auth/list'
Expectations: 'A user with role MERCHANT must not have access to /api/auth/list'
-----
?[1;31m
Start test 60?[0m
Test case
Testing api: '/api/antifraud/suspicious-ip'
Expectations: 'A user with role ADMINISTRATOR must not have access to GET /api/antifraud/suspicious-ip'
-----
?[1;31m
Start test 61?[0m
Test case
Testing api: '/api/antifraud/suspicious-ip'
Expectations: 'A user with role MERCHANT must not have access to GET /api/antifraud/suspicious-ip'
-----
?[1;31m
Start test 62?[0m
Test case
Testing api: '/api/antifraud/suspicious-ip'
Expectations: 'A user with role ADMINISTRATOR must not have access to POST /api/antifraud/suspicious-ip'
-----
?[1;31m
Start test 63?[0m
Test case
Testing api: '/api/antifraud/suspicious-ip'
Expectations: 'A user with role MERCHANT must not have access to POST /api/antifraud/suspicious-ip'
-----
?[1;31m
Start test 64?[0m
Test case
Testing api: '/api/antifraud/suspicious-ip'
Expectations: 'A user with role ADMINISTRATOR must not have access to DELETE /api/antifraud/suspicious-ip'
-----
?[1;31m
Start test 65?[0m
Test case
Testing api: '/api/antifraud/suspicious-ip'
Expectations: 'A user with role MERCHANT must not have access to DELETE /api/antifraud/suspicious-ip'
-----
?[1;31m
Start test 66?[0m
Test case
Testing api: '/api/antifraud/stolencard'
Expectations: 'A user with role ADMINISTRATOR must not have access to GET /api/antifraud/stolencard'
-----
?[1;31m
Start test 67?[0m
Test case
Testing api: '/api/antifraud/stolencard'
Expectations: 'A user with role MERCHANT must not have access to GET /api/antifraud/stolencard'
-----
?[1;31m
Start test 68?[0m
Test case
Testing api: '/api/antifraud/stolencard'
Expectations: 'A user with role ADMINISTRATOR must not have access to POST /api/antifraud/stolencard'
-----
?[1;31m
Start test 69?[0m
Test case
Testing api: '/api/antifraud/stolencard'
Expectations: 'A user with role MERCHANT must not have access to POST /api/antifraud/stolencard'
-----
?[1;31m
Start test 70?[0m
Test case
Testing api: '/api/antifraud/stolencard'
Expectations: 'A user with role ADMINISTRATOR must not have access to DELETE /api/antifraud/stolencard'
-----
?[1;31m
Start test 71?[0m
Test case
Testing api: '/api/antifraud/stolencard'
Expectations: 'A user with role MERCHANT must not have access to DELETE /api/antifraud/stolencard'
-----
?[1;31m
Start test 72?[0m
Test case
Testing api: '/api/antifraud/suspicious-ip'
Expectations: 'Endpoint must respond with empty array'
-----
?[1;31m
Start test 73?[0m
Test case
Testing api: '/api/antifraud/suspicious-ip'
Expectations: 'IP must be added to Black List'
-----
?[1;31m
Start test 74?[0m
Test case
Testing api: '/api/antifraud/suspicious-ip'
Expectations: 'If IP already in database,  endpoint must respond with the HTTP Conflict status (409).'
-----
?[1;31m
Start test 75?[0m
Test case
Testing api: '/api/antifraud/suspicious-ip'
Expectations: 'If IP doesn't have right format, respond with HTTP Bad Request status (400)'
-----
?[1;31m
Start test 76?[0m
Test case
Testing api: '/api/antifraud/suspicious-ip'
Expectations: 'If IP doesn't have right format, respond with HTTP Bad Request status (400)'
-----
?[1;31m
Start test 77?[0m
Test case
Testing api: '/api/antifraud/suspicious-ip'
Expectations: 'IP must be added to Black List'
-----
?[1;31m
Start test 78?[0m
Test case
Testing api: '/api/antifraud/suspicious-ip'
Expectations: 'Endpoint must responds with Black List'
-----
?[1;31m
Start test 79?[0m
Test case
Testing api: '/api/antifraud/suspicious-ip'
Expectations: 'IP must be removed from Black List'
-----
?[1;31m
Start test 80?[0m
Test case
Testing api: '/api/antifraud/suspicious-ip'
Expectations: 'If IP not found in database, respond with the HTTP Not Found status (404).'
-----
?[1;31m
Start test 81?[0m
Test case
Testing api: '/api/antifraud/suspicious-ip'
Expectations: 'If IP doesn't have right format, respond with HTTP Bad Request status (400)'
-----
?[1;31m
Start test 82?[0m
Test case
Testing api: '/api/antifraud/suspicious-ip'
Expectations: 'IP must be removed from Black List'
-----
?[1;31m
Start test 83?[0m
Test case
Testing api: '/api/antifraud/stolencard'
Expectations: 'Endpoint must respond with empty array'
-----
?[1;31m
Start test 84?[0m
Test case
Testing api: '/api/antifraud/stolencard'
Expectations: 'A card must be added to Black List'
-----
?[1;31m
Start test 85?[0m
Test case
Testing api: '/api/antifraud/stolencard'
Expectations: 'If card-number already in database, endpoint must respond with the HTTP Conflict status (409).'
-----
?[1;31m
Start test 86?[0m
Test case
Testing api: '/api/antifraud/stolencard'
Expectations: 'If card-number doesn't have right format, endpoint must respond with HTTP Bad Request status (400).'
-----
?[1;31m
Start test 87?[0m
Test case
Testing api: '/api/antifraud/stolencard'
Expectations: 'If checksum of card-number is wrong, endpoint must respond with HTTP Bad Request status (400).'
-----
?[1;31m
Start test 88?[0m
Test case
Testing api: '/api/antifraud/stolencard'
Expectations: 'A card must be added to Black List'
-----
?[1;31m
Start test 89?[0m
Test case
Testing api: '/api/antifraud/stolencard'
Expectations: 'Endpoint must responds with Black List'
-----
?[1;31m
Start test 90?[0m
Test case
Testing api: '/api/antifraud/stolencard'
Expectations: 'Card must be removed from Black List'
-----
?[1;31m
Start test 91?[0m
Test case
Testing api: '/api/antifraud/stolencard'
Expectations: 'If card-number not found in database, respond with the HTTP Not Found status (404).'
-----
?[1;31m
Start test 92?[0m
Test case
Testing api: '/api/antifraud/stolencard'
Expectations: 'If card-number doesn't have right format, endpoint must respond with HTTP Bad Request status (400).'
-----
?[1;31m
Start test 93?[0m
Test case
Testing api: '/api/antifraud/stolencard'
Expectations: 'Card must be removed from Black List'
-----
?[1;31m
Start test 94?[0m
Test case
Testing api: '/api/antifraud/transaction'
Expectations: 'Transaction must be PROHIBITED due to - suspicious ip reason'
-----
?[1;31m
Start test 95?[0m
Test case
Testing api: '/api/antifraud/transaction'
Expectations: 'Transaction must be PROHIBITED due to - stolen card reason'
-----
?[1;31m
Start test 96?[0m
Test case
Testing api: '/api/antifraud/transaction'
Expectations: 'Transaction must be PROHIBITED due to - stolen card, suspicious ip reasons'
-----
?[1;31m
Start test 97?[0m
Test case
Testing api: '/api/antifraud/transaction'
Expectations: 'Transaction must be PROHIBITED due to - amount, stolen card, suspicious ip reasons'
-----
?[1;31m
Start test 98?[0m
Test case
Testing api: '/api/antifraud/transaction'
Expectations: 'Transaction must be ALLOWED'
-----
?[1;31m
Start test 99?[0m
Test case
Testing api: '/api/antifraud/transaction'
Expectations: 'Transaction must be ALLOWED'
-----
?[1;31m
Start test 100?[0m
Test case
Testing api: '/api/antifraud/transaction'
Expectations: 'Transaction must be ALLOWED'
-----
?[1;31m
Start test 101?[0m
Test case
Testing api: '/api/antifraud/transaction'
Expectations: 'Transaction must be MANUAL_PROCESSING due to - ip correlation rule'
-----
?[1;31m
Start test 102?[0m
Test case
Testing api: '/api/antifraud/transaction'
Expectations: 'Transaction must be PROHIBITED due to - ip correlation rule'
-----
?[1;31m
Start test 103?[0m
Test case
Testing api: '/api/antifraud/stolencard'
Expectations: 'A card must be added to Black List'
-----
?[1;31m
Start test 104?[0m
Test case
Testing api: '/api/antifraud/suspicious-ip'
Expectations: 'IP must be added to Black List'
-----
?[1;31m
Start test 105?[0m
Test case
Testing api: '/api/antifraud/transaction'
Expectations: 'Transaction must be PROHIBITED due to - amount, card-number, ip, ip-correlation reasons'
-----
?[1;31m
Start test 106?[0m
Test case
Testing api: '/api/antifraud/stolencard'
Expectations: 'Card must be removed from Black List'
-----
?[1;31m
Start test 107?[0m
Test case
Testing api: '/api/antifraud/suspicious-ip'
Expectations: 'IP must be removed from Black List'
-----
?[1;31m
Start test 108?[0m
Test case
Testing api: '/api/antifraud/transaction'
Expectations: 'Transaction must be ALLOWED'
-----
?[1;31m
Start test 109?[0m
Test case
Testing api: '/api/antifraud/transaction'
Expectations: 'Transaction must be ALLOWED'
-----
?[1;31m
Start test 110?[0m
Test case
Testing api: '/api/antifraud/transaction'
Expectations: 'Transaction must be ALLOWED'
-----
?[1;31m
Start test 111?[0m
Test case
Testing api: '/api/antifraud/transaction'
Expectations: 'Transaction must be MANUAL_PROCESSING due to - region correlation rule'
-----
?[1;31m
Start test 112?[0m
Test case
Testing api: '/api/antifraud/transaction'
Expectations: 'Transaction must be PROHIBITED due to - region correlation rule'
-----
?[1;31m
Start test 113?[0m
Test case
Testing api: '/api/antifraud/stolencard'
Expectations: 'A card must be added to Black List'
-----
?[1;31m
Start test 114?[0m
Test case
Testing api: '/api/antifraud/suspicious-ip'
Expectations: 'IP must be added to Black List'
-----
?[1;31m
Start test 115?[0m
Test case
Testing api: '/api/antifraud/transaction'
Expectations: 'Transaction must be PROHIBITED due to - amount, card-number, ip, region-correlation reasons'
-----
?[1;31m
Start test 116?[0m
Test case
Testing api: '/api/antifraud/stolencard'
Expectations: 'Card must be removed from Black List'
-----
?[1;31m
Start test 117?[0m
Test case
Testing api: '/api/antifraud/history/4000004938320896'
Expectations: 'If transactions for specified card number is not found in database, respond with the HTTP Not Found status (404).'
-----
?[1;31m
Start test 118?[0m
Test case
Testing api: '/api/antifraud/history/4000008449433402'
Expectations: 'If card-number doesn't have right format (Luhn algo), respond with HTTP Bad Request status (400).'
-----
?[1;31m
Start test 119?[0m
Test case
Testing api: '/api/antifraud/transaction'
Expectations: 'If feedback must throw Exception due to table in description section, respond with HTTP Unprocessable Entity status 422.'
-----
?[1;31m
Start test 120?[0m
Test case
Testing api: '/api/antifraud/transaction'
Expectations: 'If feedback must throw Exception due to table in description section, respond with HTTP Unprocessable Entity status 422.'
-----
?[1;31m
Start test 121?[0m
Test case
Testing api: '/api/antifraud/transaction'
Expectations: 'If feedback must throw Exception due to table in description section, respond with HTTP Unprocessable Entity status 422.'
-----
?[1;31m
Start test 122?[0m
Test case
Testing api: '/api/antifraud/transaction'
Expectations: 'If transaction is not found in history, respond with the HTTP Not Found status (404).'
-----
?[1;31m
Start test 123?[0m
Test case
Testing api: '/api/antifraud/transaction'
Expectations: 'A user with role ANONYMOUS must not have access to PUT /api/antifraud/transaction'
-----
?[1;31m
Start test 124?[0m
Test case
Testing api: '/api/antifraud/transaction'
Expectations: 'A user with role ADMINISTRATOR must not have access to PUT /api/antifraud/transaction'
-----
?[1;31m
Start test 125?[0m
Test case
Testing api: '/api/antifraud/transaction'
Expectations: 'A user with role MERCHANT must not have access to PUT /api/antifraud/transaction'
-----
?[1;31m
Start test 126?[0m
Test case
Testing api: '/api/antifraud/history'
Expectations: 'A user with role ANONYMOUS must not have access to GET /api/antifraud/history'
-----
?[1;31m
Start test 127?[0m
Test case
Testing api: '/api/antifraud/history/4000003305160034'
Expectations: 'A user with role ANONYMOUS must not have access to GET /api/antifraud/history'
-----
?[1;31m
Start test 128?[0m
Test case
Testing api: '/api/antifraud/history'
Expectations: 'A user with role ADMINISTRATOR must not have access to GET /api/antifraud/history'
-----
?[1;31m
Start test 129?[0m
Test case
Testing api: '/api/antifraud/history/4000003305160034'
Expectations: 'A user with role ADMINISTRATOR must not have access to GET /api/antifraud/history'
-----
?[1;31m
Start test 130?[0m
Test case
Testing api: '/api/antifraud/history'
Expectations: 'A user with role MERCHANT must not have access to GET /api/antifraud/history'
-----
?[1;31m
Start test 131?[0m
Test case
Testing api: '/api/antifraud/history/4000003305160034'
Expectations: 'A user with role MERCHANT must not have access to GET /api/antifraud/history'
-----
?[1;31m
Start test 132?[0m
Test case
Testing api: '/api/antifraud/history'
Expectations: 'Endpoint must respond with the HTTP OK status (200) and body with array of JSON objects representing transactions, sorted by id in ascending order'
-----
?[1;31m
Start test 133?[0m
Test case
Testing api: '/api/antifraud/history/4000003305160034'
Expectations: 'If transactions for specified card number is found, respond with the HTTP OK status (200)'
-----
?[1;31m
Start test 134?[0m
Test case
Testing api: '/api/antifraud/transaction'
Expectations: 'Transaction must be MANUAL_PROCESSING'
-----
?[1;31m
Start test 135?[0m
Test case
Testing api: '/api/antifraud/transaction'
Expectations: 'The limits of transaction validation updated.Endpoint responds with the HTTP OK status (200)'
-----
?[1;31m
Start test 136?[0m
Test case
Testing api: '/api/antifraud/transaction'
Expectations: 'If feedback for specified transaction is already in database, respond with the HTTP Conflict status (409).'
-----
?[1;31m
Start test 137?[0m
Test case
Testing api: '/api/antifraud/transaction'
Expectations: 'If feedback doesn't have right format (ALLOWED, MANUAL_PROCESSING, PROHIBITED), respond with HTTP Bad Request status (400).'
-----
?[1;31m
Start test 138?[0m
Test case
Testing api: '/api/antifraud/transaction'
Expectations: 'Limits must be updated to: Allow = 202, Manual = 1500. Transaction must be ALLOWED'
-----
]]></system-out>
  <system-err><![CDATA[]]></system-err>
</testsuite>
