<?xml version="1.0" encoding="UTF-8"?>
<testsuite name="BlockchainTest" tests="1" skipped="0" failures="0" errors="0" timestamp="2022-03-21T15:30:12" hostname="FRACTAL" time="0.41">
  <properties/>
  <testcase name="start" classname="BlockchainTest" time="0.41"/>
  <system-out><![CDATA[?[1;31m
Start test 1?[0m
> 0
Enter how many zeros the hash must start with: 0
Block: 
Id: 1
Timestamp: 1647876612481
Magic number: 2676
Hash of the previous block: 
0
Hash of the block: 
914a319c0ac806f2423d78ce789997efe86cc45d1174ba71df9db9b39b8102f1
Block was generating for 0 seconds

Block: 
Id: 2
Timestamp: 1647876612481
Magic number: 7256
Hash of the previous block: 
914a319c0ac806f2423d78ce789997efe86cc45d1174ba71df9db9b39b8102f1
Hash of the block: 
9467ff7ac54c9f69438b85af9df0c12db49d57a494ba55f9255fd3e0ea33ce6f
Block was generating for 0 seconds

Block: 
Id: 3
Timestamp: 1647876612481
Magic number: 8347
Hash of the previous block: 
9467ff7ac54c9f69438b85af9df0c12db49d57a494ba55f9255fd3e0ea33ce6f
Hash of the block: 
350c94d619f6aba3379500ff11bfcca6e58b0afe5b3624d0ad56fa607845e38c
Block was generating for 0 seconds

Block: 
Id: 4
Timestamp: 1647876612481
Magic number: 5525
Hash of the previous block: 
350c94d619f6aba3379500ff11bfcca6e58b0afe5b3624d0ad56fa607845e38c
Hash of the block: 
c89fe5b7a007332d70f5e983d19b73c176c33eb478cff948466163aeff9e3016
Block was generating for 0 seconds

Block: 
Id: 5
Timestamp: 1647876612481
Magic number: 3248
Hash of the previous block: 
c89fe5b7a007332d70f5e983d19b73c176c33eb478cff948466163aeff9e3016
Hash of the block: 
59ae69c1396f69953e89161299ffc52437f1cbc2f36b6a50273e505ef4f9f51a
Block was generating for 0 seconds

?[1;31m
Start test 2?[0m
> 1
Enter how many zeros the hash must start with: 1
Block: 
Id: 1
Timestamp: 1647876612563
Magic number: 563
Hash of the previous block: 
0
Hash of the block: 
0a4ddf29f41b575377ce14a7900d1e26b669163ca53b80ea3168c6801cf7e114
Block was generating for 0 seconds

Block: 
Id: 2
Timestamp: 1647876612563
Magic number: 8382
Hash of the previous block: 
0a4ddf29f41b575377ce14a7900d1e26b669163ca53b80ea3168c6801cf7e114
Hash of the block: 
0d6f777772c66c6c8d4040f2d794aaf25eea60d093fa8205a549a9ebe9b89785
Block was generating for 0 seconds

Block: 
Id: 3
Timestamp: 1647876612563
Magic number: 588
Hash of the previous block: 
0d6f777772c66c6c8d4040f2d794aaf25eea60d093fa8205a549a9ebe9b89785
Hash of the block: 
0917ca757ac59f9d568616140c2f72362fc2722ab277e7b5019008f280f17beb
Block was generating for 0 seconds

Block: 
Id: 4
Timestamp: 1647876612563
Magic number: 2684
Hash of the previous block: 
0917ca757ac59f9d568616140c2f72362fc2722ab277e7b5019008f280f17beb
Hash of the block: 
05c7fe9319004e487cdde0f895d742b3be1b0b474708fd7162e404f32f373629
Block was generating for 0 seconds

Block: 
Id: 5
Timestamp: 1647876612563
Magic number: 9943
Hash of the previous block: 
05c7fe9319004e487cdde0f895d742b3be1b0b474708fd7162e404f32f373629
Hash of the block: 
0bb099f3af14b77eb01a8de64dc1e2c4146687ee8b7078793e6888780e87793b
Block was generating for 0 seconds

?[1;31m
Start test 3?[0m
> 2
Enter how many zeros the hash must start with: 2
Block: 
Id: 1
Timestamp: 1647876612619
Magic number: 5384
Hash of the previous block: 
0
Hash of the block: 
00975a89cbba02cb0b417ba53aa3c8bcc3e7c556ab592799a1bc3242574d51f2
Block was generating for 0 seconds

Block: 
Id: 2
Timestamp: 1647876612619
Magic number: 5450
Hash of the previous block: 
00975a89cbba02cb0b417ba53aa3c8bcc3e7c556ab592799a1bc3242574d51f2
Hash of the block: 
004bea44135df61e37bdca547a01c223ff648ddf790677cafe9d30a484cac7c8
Block was generating for 0 seconds

Block: 
Id: 3
Timestamp: 1647876612619
Magic number: 5777
Hash of the previous block: 
004bea44135df61e37bdca547a01c223ff648ddf790677cafe9d30a484cac7c8
Hash of the block: 
0085ee802cc628b8cbd82476133d11b57af87e00711516a703525a9af0193b12
Block was generating for 0 seconds

Block: 
Id: 4
Timestamp: 1647876612620
Magic number: 9015
Hash of the previous block: 
0085ee802cc628b8cbd82476133d11b57af87e00711516a703525a9af0193b12
Hash of the block: 
00d00659d61a430945aa37d9634edf808655bd6fe522cd24858feee260089f30
Block was generating for 0 seconds

Block: 
Id: 5
Timestamp: 1647876612620
Magic number: 2824
Hash of the previous block: 
00d00659d61a430945aa37d9634edf808655bd6fe522cd24858feee260089f30
Hash of the block: 
006f1f34f49381e467d3abd43c77947f5d1dd362fd0eec6c2c1f27233ae9adf9
Block was generating for 0 seconds

?[1;31m
Start test 4?[0m
> 0
Enter how many zeros the hash must start with: 0
Block: 
Id: 1
Timestamp: 1647876612683
Magic number: 1388
Hash of the previous block: 
0
Hash of the block: 
e401f2bd399f3456e5348217a7908ca545ea6d179f60f297a1b0133e87d2ff85
Block was generating for 0 seconds

Block: 
Id: 2
Timestamp: 1647876612683
Magic number: 1512
Hash of the previous block: 
e401f2bd399f3456e5348217a7908ca545ea6d179f60f297a1b0133e87d2ff85
Hash of the block: 
66c03337b22c301d55a339a94165dc09628491c3dfe01a57ef62e3eab452e898
Block was generating for 0 seconds

Block: 
Id: 3
Timestamp: 1647876612683
Magic number: 2137
Hash of the previous block: 
66c03337b22c301d55a339a94165dc09628491c3dfe01a57ef62e3eab452e898
Hash of the block: 
ea3a03b4971eeb62730e1de238225cc4e6145f0eb50ad28b1379f2a2ee71e16e
Block was generating for 0 seconds

Block: 
Id: 4
Timestamp: 1647876612683
Magic number: 6587
Hash of the previous block: 
ea3a03b4971eeb62730e1de238225cc4e6145f0eb50ad28b1379f2a2ee71e16e
Hash of the block: 
5a6e508b75971e0da70acff0036938beba95e59d030e1605d0397e7ca84129a2
Block was generating for 0 seconds

Block: 
Id: 5
Timestamp: 1647876612683
Magic number: 8824
Hash of the previous block: 
5a6e508b75971e0da70acff0036938beba95e59d030e1605d0397e7ca84129a2
Hash of the block: 
2b49bbd05b422da5f92c063ffe711afe0b8288af55ad471d2e39eeda251ea8ad
Block was generating for 0 seconds

?[1;31m
Start test 5?[0m
> 1
Enter how many zeros the hash must start with: 1
Block: 
Id: 1
Timestamp: 1647876612735
Magic number: 2585
Hash of the previous block: 
0
Hash of the block: 
085ad5955fc20f7fd6544898222a92a22c0142d87f737e5ca06b4e837a037d7f
Block was generating for 0 seconds

Block: 
Id: 2
Timestamp: 1647876612735
Magic number: 7731
Hash of the previous block: 
085ad5955fc20f7fd6544898222a92a22c0142d87f737e5ca06b4e837a037d7f
Hash of the block: 
0f9a4b41bf305e9a5c50a7616324296bcd720e8d3c0dc6abbd70a7ccb91dbadb
Block was generating for 0 seconds

Block: 
Id: 3
Timestamp: 1647876612736
Magic number: 9880
Hash of the previous block: 
0f9a4b41bf305e9a5c50a7616324296bcd720e8d3c0dc6abbd70a7ccb91dbadb
Hash of the block: 
06b7fe40196712ba37475ce7ac1b61f801ef925fb6008b87fe7c518d9d3eae09
Block was generating for 0 seconds

Block: 
Id: 4
Timestamp: 1647876612736
Magic number: 2151
Hash of the previous block: 
06b7fe40196712ba37475ce7ac1b61f801ef925fb6008b87fe7c518d9d3eae09
Hash of the block: 
0c2f62c81490e1293397a7997058b2325b2cbf48f88defa2df5f1c0b93fa0e81
Block was generating for 0 seconds

Block: 
Id: 5
Timestamp: 1647876612736
Magic number: 3057
Hash of the previous block: 
0c2f62c81490e1293397a7997058b2325b2cbf48f88defa2df5f1c0b93fa0e81
Hash of the block: 
02b690fedfae7ea8024eb6ea6d53f64cd0a4d20e44acf71417dca4f0d28f5c74
Block was generating for 0 seconds

?[1;31m
Start test 6?[0m
> 2
Enter how many zeros the hash must start with: 2
Block: 
Id: 1
Timestamp: 1647876612785
Magic number: 6301
Hash of the previous block: 
0
Hash of the block: 
00231933d63cde9a85abaa9866236416d83d7d7b4261df3fc0170bd9e5c64409
Block was generating for 0 seconds

Block: 
Id: 2
Timestamp: 1647876612785
Magic number: 807
Hash of the previous block: 
00231933d63cde9a85abaa9866236416d83d7d7b4261df3fc0170bd9e5c64409
Hash of the block: 
00e86e339dc3131c489202ec3b6c8d4319c61f152b3541ba0e4141e5d5c3fac3
Block was generating for 0 seconds

Block: 
Id: 3
Timestamp: 1647876612785
Magic number: 1435
Hash of the previous block: 
00e86e339dc3131c489202ec3b6c8d4319c61f152b3541ba0e4141e5d5c3fac3
Hash of the block: 
000d342ce63e0d2d9cd929adda0c0c1d23bf126a2291491a124dcba638848988
Block was generating for 0 seconds

Block: 
Id: 4
Timestamp: 1647876612785
Magic number: 7087
Hash of the previous block: 
000d342ce63e0d2d9cd929adda0c0c1d23bf126a2291491a124dcba638848988
Hash of the block: 
00e3dbb55fb760f76ca1101fab94e07ec2152a9ddefb86dee3ec879cb7fa2e6d
Block was generating for 0 seconds

Block: 
Id: 5
Timestamp: 1647876612785
Magic number: 133
Hash of the previous block: 
00e3dbb55fb760f76ca1101fab94e07ec2152a9ddefb86dee3ec879cb7fa2e6d
Hash of the block: 
00f483672c0239f6d7dd3c9ecee6deacbcd59185855625902a8b1c1a3bd67440
Block was generating for 0 seconds

]]></system-out>
  <system-err><![CDATA[]]></system-err>
</testsuite>
