<?xml version="1.0" encoding="UTF-8"?>
<testsuite name="BlockchainTest" tests="1" skipped="0" failures="0" errors="0" timestamp="2022-03-21T16:04:26" hostname="FRACTAL" time="0.199">
  <properties/>
  <testcase name="start" classname="BlockchainTest" time="0.199"/>
  <system-out><![CDATA[?[1;31m
Start test 1?[0m
Block: 
Created by miner # 6
Id: 1
Timestamp: 1647878666600
Magic number: 2979
Hash of the previous block: 
0
Hash of the block: 
eedaf2856c6f433bf7702c252a2ae827d0c114761047f4d46fa4f8953190d55d
Block was generating for 0 seconds
N was increased to 0

Block: 
Created by miner # 6
Id: 2
Timestamp: 1647878666600
Magic number: 1208
Hash of the previous block: 
eedaf2856c6f433bf7702c252a2ae827d0c114761047f4d46fa4f8953190d55d
Hash of the block: 
12b637dd6a40e81118a123a7dde7d54c584569c273c31ed71ef33fcaa373112a
Block was generating for 0 seconds
N was increased to 0

Block: 
Created by miner # 6
Id: 3
Timestamp: 1647878666600
Magic number: 4636
Hash of the previous block: 
12b637dd6a40e81118a123a7dde7d54c584569c273c31ed71ef33fcaa373112a
Hash of the block: 
9daa98ce3a24c2264ed088bb0d65b398e9967e8d16bb6e31467c1fd3a0cd9584
Block was generating for 0 seconds
N was increased to 0

Block: 
Created by miner # 6
Id: 4
Timestamp: 1647878666601
Magic number: 5353
Hash of the previous block: 
9daa98ce3a24c2264ed088bb0d65b398e9967e8d16bb6e31467c1fd3a0cd9584
Hash of the block: 
c34ae04b892e736bd3b54da5d1a469184d2114e115c7ed9f3c9373204ca69b5a
Block was generating for 0 seconds
N was increased to 0

Block: 
Created by miner # 6
Id: 5
Timestamp: 1647878666601
Magic number: 2719
Hash of the previous block: 
c34ae04b892e736bd3b54da5d1a469184d2114e115c7ed9f3c9373204ca69b5a
Hash of the block: 
efc444fc96ed86d076de5f2575a8591ec4168810fa79cd761ba038a4b1210633
Block was generating for 0 seconds
N was increased to 0

?[1;31m
Start test 2?[0m
Block: 
Created by miner # 6
Id: 1
Timestamp: 1647878666690
Magic number: 1316
Hash of the previous block: 
0
Hash of the block: 
b572ebd3a02e4754fca2ce9a36598a20853b3bd645fe725e71f4a08f7bd9b5c7
Block was generating for 0 seconds
N was increased to 0

Block: 
Created by miner # 6
Id: 2
Timestamp: 1647878666691
Magic number: 3662
Hash of the previous block: 
b572ebd3a02e4754fca2ce9a36598a20853b3bd645fe725e71f4a08f7bd9b5c7
Hash of the block: 
989e93d58ab9eaa370ffa8acbc96af71be2a7af61bf34922f6700a896f8455f5
Block was generating for 0 seconds
N was increased to 0

Block: 
Created by miner # 6
Id: 3
Timestamp: 1647878666691
Magic number: 5606
Hash of the previous block: 
989e93d58ab9eaa370ffa8acbc96af71be2a7af61bf34922f6700a896f8455f5
Hash of the block: 
9627db2e2affb3e84f5c9eca7a477480aec7c00821a57d0396cb13bd66489f53
Block was generating for 0 seconds
N was increased to 0

Block: 
Created by miner # 6
Id: 4
Timestamp: 1647878666691
Magic number: 5485
Hash of the previous block: 
9627db2e2affb3e84f5c9eca7a477480aec7c00821a57d0396cb13bd66489f53
Hash of the block: 
7e7d333c0af0cac72e8e513fdd864070d8758c8c271cbf22be247e826173c6c6
Block was generating for 0 seconds
N was increased to 0

Block: 
Created by miner # 6
Id: 5
Timestamp: 1647878666691
Magic number: 3347
Hash of the previous block: 
7e7d333c0af0cac72e8e513fdd864070d8758c8c271cbf22be247e826173c6c6
Hash of the block: 
3380f3fe3a5641b1ddd2dd8b3bf8be4a5f37af633b789737b51c93fd0df7d795
Block was generating for 0 seconds
N was increased to 0

]]></system-out>
  <system-err><![CDATA[]]></system-err>
</testsuite>
