<?xml version="1.0" encoding="UTF-8"?>
<testsuite name="MazeRunnerTest" tests="1" skipped="0" failures="0" errors="0" timestamp="2022-02-16T14:28:57" hostname="FRACTAL" time="1.414">
  <properties/>
  <testcase name="start" classname="MazeRunnerTest" time="1.414"/>
  <system-out><![CDATA[?[1;31m
Start test 1?[0m

=== Menu ===
1. Generate a new maze
2. Load a maze
0. Exit
> 1

Please, enter the size of a maze
> 17

██████████████████████████████████
    ██                      ██  ██
██  ██  ██  ██  ██████████████  ██
██  ██  ██  ██                  ██
██  ██  ██  ██████  ██████████  ██
██      ██  ██              ██  ██
██████  ██████████████  ██  ██████
██      ██      ██      ██      ██
██  ██████████  ██  ██  ██████  ██
██  ██              ██      ██  ██
██  ██████  ██  ██████  ██████  ██
██  ██      ██  ██  ██  ██  ██  ██
██████████  ██████  ██  ██  ██  ██
██  ██      ██  ██          ██  ██
██  ██  ██████  ██████████  ██████
██                      ██        
██████████████████████████████████

=== Menu ===
1. Generate a new maze
2. Load a maze
3. Save the maze
4. Display the maze
5. Find the escape
0. Exit
> 0

?[1;31m
Start test 2?[0m

=== Menu ===
1. Generate a new maze
2. Load a maze
0. Exit
> 1

Please, enter the size of a maze
> 29

██████████████████████████████████████████████████████████
        ██  ██                                  ██      ██
██████  ██  ██  ██████  ██  ██  ██████████  ██████  ██  ██
██  ██              ██  ██  ██      ██  ██  ██  ██  ██  ██
██  ██████████████████  ██████████  ██  ██████  ██  ██████
██      ██              ██                  ██  ██      ██
██  ██████████  ██████████████████████████  ██  ██████  ██
██          ██              ██      ██                  ██
██  ██████  ██  ██  ██████  ██  ██  ██  ██████  ██  ██████
██  ██          ██      ██      ██  ██      ██  ██      ██
██  ██  ██████████████████████  ██  ██████████  ██████  ██
██  ██      ██  ██      ██      ██  ██      ██  ██      ██
██████  ██████  ██████  ██████████████████  ██████  ██  ██
██              ██              ██              ██  ██  ██
██  ██  ██████  ██  ██  ██████████████  ██████  ██  ██████
██  ██  ██          ██              ██      ██  ██      ██
██  ██████████  ██████  ██  ██  ██  ██  ██  ██████████  ██
██      ██          ██  ██  ██  ██  ██  ██          ██  ██
██████████  ██  ██  ██  ██████████████  ██████████████  ██
██          ██  ██  ██      ██                          ██
██████  ██  ██████████  ██████████████  ██  ██████████  ██
██      ██  ██  ██          ██          ██  ██      ██  ██
██████  ██  ██  ██████████████████████████████  ██  ██  ██
██      ██          ██                          ██  ██  ██
██████  ██████████  ██████  ██████████  ██████████  ██████
██      ██                      ██              ██      ██
██  ██  ██████████  ██████  ██  ██  ██████████  ██████  ██
██  ██          ██  ██      ██  ██          ██  ██        
██████████████████████████████████████████████████████████

=== Menu ===
1. Generate a new maze
2. Load a maze
3. Save the maze
4. Display the maze
5. Find the escape
0. Exit
> 3

Enter the file name:
> test_maze.txt

=== Menu ===
1. Generate a new maze
2. Load a maze
3. Save the maze
4. Display the maze
5. Find the escape
0. Exit
> 0

?[1;31m
Start test 3?[0m

=== Menu ===
1. Generate a new maze
2. Load a maze
0. Exit
> 2

Enter the file name:
> test_maze.txt

=== Menu ===
1. Generate a new maze
2. Load a maze
3. Save the maze
4. Display the maze
5. Find the escape
0. Exit
> 4


██████████████████████████████████████████████████████████
        ██  ██                                  ██      ██
██████  ██  ██  ██████  ██  ██  ██████████  ██████  ██  ██
██  ██              ██  ██  ██      ██  ██  ██  ██  ██  ██
██  ██████████████████  ██████████  ██  ██████  ██  ██████
██      ██              ██                  ██  ██      ██
██  ██████████  ██████████████████████████  ██  ██████  ██
██          ██              ██      ██                  ██
██  ██████  ██  ██  ██████  ██  ██  ██  ██████  ██  ██████
██  ██          ██      ██      ██  ██      ██  ██      ██
██  ██  ██████████████████████  ██  ██████████  ██████  ██
██  ██      ██  ██      ██      ██  ██      ██  ██      ██
██████  ██████  ██████  ██████████████████  ██████  ██  ██
██              ██              ██              ██  ██  ██
██  ██  ██████  ██  ██  ██████████████  ██████  ██  ██████
██  ██  ██          ██              ██      ██  ██      ██
██  ██████████  ██████  ██  ██  ██  ██  ██  ██████████  ██
██      ██          ██  ██  ██  ██  ██  ██          ██  ██
██████████  ██  ██  ██  ██████████████  ██████████████  ██
██          ██  ██  ██      ██                          ██
██████  ██  ██████████  ██████████████  ██  ██████████  ██
██      ██  ██  ██          ██          ██  ██      ██  ██
██████  ██  ██  ██████████████████████████████  ██  ██  ██
██      ██          ██                          ██  ██  ██
██████  ██████████  ██████  ██████████  ██████████  ██████
██      ██                      ██              ██      ██
██  ██  ██████████  ██████  ██  ██  ██████████  ██████  ██
██  ██          ██  ██      ██  ██          ██  ██        
██████████████████████████████████████████████████████████

=== Menu ===
1. Generate a new maze
2. Load a maze
3. Save the maze
4. Display the maze
5. Find the escape
0. Exit
> 0

?[1;31m
Start test 4?[0m

=== Menu ===
1. Generate a new maze
2. Load a maze
0. Exit
> 1

Please, enter the size of a maze
> 35

██████████████████████████████████████████████████████████████████████
            ██  ██                      ██      ██  ██      ██      ██
██████  ██████  ██  ██████  ██  ██████████████  ██  ██  ██  ██████  ██
██          ██          ██  ██              ██      ██  ██      ██  ██
██  ██  ██████  ██████████████  ██████████  ██████  ██  ██  ██████  ██
██  ██  ██              ██  ██  ██  ██  ██          ██  ██      ██  ██
██  ██  ██████  ██████████  ██████  ██  ██  ██████  ██  ██████████  ██
██  ██                  ██      ██      ██      ██  ██  ██          ██
██  ██████████  ██  ██████  ██████  ██  ██████  ██████  ██████  ██  ██
██      ██      ██  ██          ██  ██      ██      ██          ██  ██
██  ██████████████  ██████████  ██████  ██  ██████  ██  ██████████████
██      ██  ██              ██          ██                      ██  ██
██████████  ██████████  ██████████  ██  ██████████████  ██████████  ██
██  ██      ██  ██          ██      ██              ██  ██      ██  ██
██  ██  ██████  ██  ██  ██  ██  ██████████  ██████████  ██████  ██  ██
██              ██  ██  ██  ██  ██  ██      ██      ██  ██          ██
██████  ██████  ██  ██████████████  ██  ██  ██████  ██████████  ██  ██
██      ██      ██      ██              ██          ██          ██  ██
██████████  ██████████  ██████████  ██████  ██████  ██  ██  ██  ██████
██              ██      ██      ██      ██  ██  ██      ██  ██  ██  ██
██  ██  ██████████  ██████  ██████  ██  ██████  ██████████  ██████  ██
██  ██      ██                  ██  ██      ██  ██          ██      ██
██  ██████  ██  ██████  ██████████  ██  ██  ██  ██  ██████████████  ██
██  ██      ██      ██          ██  ██  ██  ██              ██      ██
██  ██████  ██████  ██  ██████████████████  ██████████  ██████████  ██
██  ██              ██  ██      ██  ██          ██  ██  ██          ██
██  ██  ██  ██████████  ██  ██  ██  ██  ██████████  ██████  ██████  ██
██  ██  ██          ██  ██  ██                      ██      ██  ██  ██
██████████  ██████  ██  ██  ██████████████████  ██  ██  ██  ██  ██████
██  ██          ██  ██  ██  ██  ██              ██  ██  ██  ██  ██  ██
██  ██████  ██  ██  ██████  ██  ██████  ██████  ██████████  ██  ██  ██
██  ██  ██  ██  ██      ██  ██      ██  ██  ██          ██          ██
██  ██  ██  ██████  ██  ██████  ██  ██  ██  ██████  ██  ██████  ██  ██
██              ██  ██      ██  ██      ██          ██          ██    
██████████████████████████████████████████████████████████████████████

=== Menu ===
1. Generate a new maze
2. Load a maze
3. Save the maze
4. Display the maze
5. Find the escape
0. Exit
> 3

Enter the file name:
> test_maze.txt

=== Menu ===
1. Generate a new maze
2. Load a maze
3. Save the maze
4. Display the maze
5. Find the escape
0. Exit
> 0

?[1;31m
Start test 5?[0m

=== Menu ===
1. Generate a new maze
2. Load a maze
0. Exit
> 2

Enter the file name:
> test_maze.txt

=== Menu ===
1. Generate a new maze
2. Load a maze
3. Save the maze
4. Display the maze
5. Find the escape
0. Exit
> 4


██████████████████████████████████████████████████████████████████████
            ██  ██                      ██      ██  ██      ██      ██
██████  ██████  ██  ██████  ██  ██████████████  ██  ██  ██  ██████  ██
██          ██          ██  ██              ██      ██  ██      ██  ██
██  ██  ██████  ██████████████  ██████████  ██████  ██  ██  ██████  ██
██  ██  ██              ██  ██  ██  ██  ██          ██  ██      ██  ██
██  ██  ██████  ██████████  ██████  ██  ██  ██████  ██  ██████████  ██
██  ██                  ██      ██      ██      ██  ██  ██          ██
██  ██████████  ██  ██████  ██████  ██  ██████  ██████  ██████  ██  ██
██      ██      ██  ██          ██  ██      ██      ██          ██  ██
██  ██████████████  ██████████  ██████  ██  ██████  ██  ██████████████
██      ██  ██              ██          ██                      ██  ██
██████████  ██████████  ██████████  ██  ██████████████  ██████████  ██
██  ██      ██  ██          ██      ██              ██  ██      ██  ██
██  ██  ██████  ██  ██  ██  ██  ██████████  ██████████  ██████  ██  ██
██              ██  ██  ██  ██  ██  ██      ██      ██  ██          ██
██████  ██████  ██  ██████████████  ██  ██  ██████  ██████████  ██  ██
██      ██      ██      ██              ██          ██          ██  ██
██████████  ██████████  ██████████  ██████  ██████  ██  ██  ██  ██████
██              ██      ██      ██      ██  ██  ██      ██  ██  ██  ██
██  ██  ██████████  ██████  ██████  ██  ██████  ██████████  ██████  ██
██  ██      ██                  ██  ██      ██  ██          ██      ██
██  ██████  ██  ██████  ██████████  ██  ██  ██  ██  ██████████████  ██
██  ██      ██      ██          ██  ██  ██  ██              ██      ██
██  ██████  ██████  ██  ██████████████████  ██████████  ██████████  ██
██  ██              ██  ██      ██  ██          ██  ██  ██          ██
██  ██  ██  ██████████  ██  ██  ██  ██  ██████████  ██████  ██████  ██
██  ██  ██          ██  ██  ██                      ██      ██  ██  ██
██████████  ██████  ██  ██  ██████████████████  ██  ██  ██  ██  ██████
██  ██          ██  ██  ██  ██  ██              ██  ██  ██  ██  ██  ██
██  ██████  ██  ██  ██████  ██  ██████  ██████  ██████████  ██  ██  ██
██  ██  ██  ██  ██      ██  ██      ██  ██  ██          ██          ██
██  ██  ██  ██████  ██  ██████  ██  ██  ██  ██████  ██  ██████  ██  ██
██              ██  ██      ██  ██      ██          ██          ██    
██████████████████████████████████████████████████████████████████████

=== Menu ===
1. Generate a new maze
2. Load a maze
3. Save the maze
4. Display the maze
5. Find the escape
0. Exit
> 0

?[1;31m
Start test 6?[0m

=== Menu ===
1. Generate a new maze
2. Load a maze
0. Exit
> 2

Enter the file name:
> test_maze.txt

=== Menu ===
1. Generate a new maze
2. Load a maze
3. Save the maze
4. Display the maze
5. Find the escape
0. Exit
> 4


██████████████████████████████████████████████████████████████████████
            ██  ██                      ██      ██  ██      ██      ██
██████  ██████  ██  ██████  ██  ██████████████  ██  ██  ██  ██████  ██
██          ██          ██  ██              ██      ██  ██      ██  ██
██  ██  ██████  ██████████████  ██████████  ██████  ██  ██  ██████  ██
██  ██  ██              ██  ██  ██  ██  ██          ██  ██      ██  ██
██  ██  ██████  ██████████  ██████  ██  ██  ██████  ██  ██████████  ██
██  ██                  ██      ██      ██      ██  ██  ██          ██
██  ██████████  ██  ██████  ██████  ██  ██████  ██████  ██████  ██  ██
██      ██      ██  ██          ██  ██      ██      ██          ██  ██
██  ██████████████  ██████████  ██████  ██  ██████  ██  ██████████████
██      ██  ██              ██          ██                      ██  ██
██████████  ██████████  ██████████  ██  ██████████████  ██████████  ██
██  ██      ██  ██          ██      ██              ██  ██      ██  ██
██  ██  ██████  ██  ██  ██  ██  ██████████  ██████████  ██████  ██  ██
██              ██  ██  ██  ██  ██  ██      ██      ██  ██          ██
██████  ██████  ██  ██████████████  ██  ██  ██████  ██████████  ██  ██
██      ██      ██      ██              ██          ██          ██  ██
██████████  ██████████  ██████████  ██████  ██████  ██  ██  ██  ██████
██              ██      ██      ██      ██  ██  ██      ██  ██  ██  ██
██  ██  ██████████  ██████  ██████  ██  ██████  ██████████  ██████  ██
██  ██      ██                  ██  ██      ██  ██          ██      ██
██  ██████  ██  ██████  ██████████  ██  ██  ██  ██  ██████████████  ██
██  ██      ██      ██          ██  ██  ██  ██              ██      ██
██  ██████  ██████  ██  ██████████████████  ██████████  ██████████  ██
██  ██              ██  ██      ██  ██          ██  ██  ██          ██
██  ██  ██  ██████████  ██  ██  ██  ██  ██████████  ██████  ██████  ██
██  ██  ██          ██  ██  ██                      ██      ██  ██  ██
██████████  ██████  ██  ██  ██████████████████  ██  ██  ██  ██  ██████
██  ██          ██  ██  ██  ██  ██              ██  ██  ██  ██  ██  ██
██  ██████  ██  ██  ██████  ██  ██████  ██████  ██████████  ██  ██  ██
██  ██  ██  ██  ██      ██  ██      ██  ██  ██          ██          ██
██  ██  ██  ██████  ██  ██████  ██  ██  ██  ██████  ██  ██████  ██  ██
██              ██  ██      ██  ██      ██          ██          ██    
██████████████████████████████████████████████████████████████████████

=== Menu ===
1. Generate a new maze
2. Load a maze
3. Save the maze
4. Display the maze
5. Find the escape
0. Exit
> 5


██████████████████████████████████████████████████████████████████████
////////    ██  ██//////////////        ██      ██  ██      ██      ██
██████//██████  ██//██████  ██//██████████████  ██  ██  ██  ██████  ██
██    //    ██//////    ██  ██//////////////██      ██  ██      ██  ██
██  ██//██████//██████████████  ██████████//██████  ██  ██  ██████  ██
██  ██//██    //        ██  ██  ██  ██  ██//        ██  ██      ██  ██
██  ██//██████//██████████  ██████  ██  ██//██████  ██  ██████████  ██
██  ██//////////        ██      ██      ██//////██  ██  ██          ██
██  ██████████  ██  ██████  ██████  ██  ██████//██████  ██████  ██  ██
██      ██      ██  ██          ██  ██//////██//////██          ██  ██
██  ██████████████  ██████████  ██████//██//██████//██  ██████████████
██      ██  ██              ██        //██//////////            ██  ██
██████████  ██████████  ██████████  ██//██████████████  ██████████  ██
██  ██      ██  ██          ██      ██//////        ██  ██      ██  ██
██  ██  ██████  ██  ██  ██  ██  ██████████//██████████  ██████  ██  ██
██              ██  ██  ██  ██  ██  ██//////██      ██  ██          ██
██████  ██████  ██  ██████████████  ██//██  ██████  ██████████  ██  ██
██      ██      ██      ██        //////██          ██          ██  ██
██████████  ██████████  ██████████//██████  ██████  ██  ██  ██  ██████
██              ██      ██      ██//////██  ██  ██      ██  ██  ██  ██
██  ██  ██████████  ██████  ██████  ██//██████  ██████████  ██████  ██
██  ██      ██                  ██  ██//////██  ██          ██      ██
██  ██████  ██  ██████  ██████████  ██  ██//██  ██  ██████████████  ██
██  ██      ██      ██          ██  ██  ██//██              ██      ██
██  ██████  ██████  ██  ██████████████████//██████████  ██████████  ██
██  ██              ██  ██      ██  ██//////    ██  ██  ██          ██
██  ██  ██  ██████████  ██  ██  ██  ██//██████████  ██████  ██████  ██
██  ██  ██          ██  ██  ██        //////////    ██      ██  ██  ██
██████████  ██████  ██  ██  ██████████████████//██  ██  ██  ██  ██████
██  ██          ██  ██  ██  ██  ██            //██  ██  ██  ██  ██  ██
██  ██████  ██  ██  ██████  ██  ██████  ██████//██████████  ██  ██  ██
██  ██  ██  ██  ██      ██  ██      ██  ██  ██//////////██    //////██
██  ██  ██  ██████  ██  ██████  ██  ██  ██  ██████  ██//██████//██//██
██              ██  ██      ██  ██      ██          ██//////////██////
██████████████████████████████████████████████████████████████████████

=== Menu ===
1. Generate a new maze
2. Load a maze
3. Save the maze
4. Display the maze
5. Find the escape
0. Exit
> 0

]]></system-out>
  <system-err><![CDATA[Feb 16, 2022 5:28:57 PM maze.Application askFile
INFO: The file name is test_maze.txt
Feb 16, 2022 5:28:58 PM maze.Application save
INFO: The maze has saved successful.
Feb 16, 2022 5:28:58 PM maze.Application askFile
INFO: The file name is test_maze.txt
Feb 16, 2022 5:28:58 PM maze.Application loadMaze
INFO: The maze has loaded successful.
Feb 16, 2022 5:28:58 PM maze.Application askFile
INFO: The file name is test_maze.txt
Feb 16, 2022 5:28:58 PM maze.Application save
INFO: The maze has saved successful.
Feb 16, 2022 5:28:58 PM maze.Application askFile
INFO: The file name is test_maze.txt
Feb 16, 2022 5:28:58 PM maze.Application loadMaze
INFO: The maze has loaded successful.
Feb 16, 2022 5:28:58 PM maze.Application askFile
INFO: The file name is test_maze.txt
Feb 16, 2022 5:28:58 PM maze.Application loadMaze
INFO: The maze has loaded successful.
]]></system-err>
</testsuite>
