<?xml version="1.0" encoding="UTF-8"?>
<testsuite name="common.SortingToolStage2Test" tests="1" skipped="0" failures="0" errors="0" timestamp="2022-02-17T19:40:22" hostname="FRACTAL" time="0.203">
  <properties/>
  <testcase name="start" classname="common.SortingToolStage2Test" time="0.203"/>
  <system-out><![CDATA[?[1;31m
Start test 1?[0m
> 1 -2   33 4
> 42
> 1                 1

Total numbers: 7.
The greatest number: 42 (1 times(s), 14%)
?[1;31m
Start test 2?[0m
> 1 2 2 3 4 5 5

Total numbers: 7.
The greatest number: 5 (2 times(s), 28%)
?[1;31m
Start test 3?[0m
> 1 1 2 2 3 4 4 4

Total numbers: 8.
The greatest number: 4 (3 times(s), 37%)
?[1;31m
Start test 4?[0m
> 1 -2   333 4
> 42
> 1                 1

Total words: 7.
?[1;31m
Start test 5?[0m
> abcc de a

Total words: 3.
?[1;31m
Start test 6?[0m
> 1 -2   333 4
> 42
> 1                 1

Total lines: 3.
Longest line:
1                 1
?[1;31m
Start test 7?[0m
> 1111
> 22222
> 3
> 44

Total lines: 4.
Longest line:
22222
]]></system-out>
  <system-err><![CDATA[]]></system-err>
</testsuite>
