<?xml version="1.0" encoding="UTF-8"?>
<testsuite name="MainTest" tests="1" skipped="0" failures="0" errors="0" timestamp="2022-02-24T12:06:43" hostname="FRACTAL" time="0.092">
  <properties/>
  <testcase name="start" classname="MainTest" time="0.092"/>
  <system-out><![CDATA[?[1;31m
Start test 1?[0m
PDF document
?[1;31m
Start test 2?[0m
PDF document
?[1;31m
Start test 3?[0m
Unknown file type
?[1;31m
Start test 4?[0m
Unknown file type
?[1;31m
Start test 5?[0m
DOC document
?[1;31m
Start test 6?[0m
DOC document
?[1;31m
Start test 7?[0m
Unknown file type
?[1;31m
Start test 8?[0m
Unknown file type
]]></system-out>
  <system-err><![CDATA[]]></system-err>
</testsuite>
