<?xml version="1.0" encoding="UTF-8"?>
<testsuite name="tests.WebQuizEngineTest" tests="1" skipped="0" failures="0" errors="0" timestamp="2022-04-09T13:53:21" hostname="FRACTAL" time="26.652">
  <properties/>
  <testcase name="start" classname="tests.WebQuizEngineTest" time="26.652"/>
  <system-out><![CDATA[?[1;31m
Start test 1?[0m

  .   ____          _            __ _ _
 /\\ / ___'_ __ _ _(_)_ __  __ _ \ \ \ \
( ( )\___ | '_ | '_| | '_ \/ _` | \ \ \ \
 \\/  ___)| |_)| | | | | || (_| |  ) ) ) )
  '  |____| .__|_| |_|_| |_\__, | / / / /
 =========|_|==============|___/=/_/_/_/
 :: Spring Boot ::                (v2.5.6)

2022-04-09 16:53:22.324  INFO 3044 --- [    Test worker] engine.WebQuizEngine                     : Starting WebQuizEngine using Java 17.0.1 on Fractal with PID 3044 (started by Fractal in D:\RepositoryRoadToProfession\Web Quiz Engine\Web Quiz Engine\task)
2022-04-09 16:53:22.328  INFO 3044 --- [    Test worker] engine.WebQuizEngine                     : No active profile set, falling back to default profiles: default
2022-04-09 16:53:23.395  INFO 3044 --- [    Test worker] .s.d.r.c.RepositoryConfigurationDelegate : Bootstrapping Spring Data JPA repositories in DEFAULT mode.
2022-04-09 16:53:23.462  INFO 3044 --- [    Test worker] .s.d.r.c.RepositoryConfigurationDelegate : Finished Spring Data repository scanning in 55 ms. Found 3 JPA repository interfaces.
2022-04-09 16:53:24.146  INFO 3044 --- [    Test worker] o.s.b.w.embedded.tomcat.TomcatWebServer  : Tomcat initialized with port(s): 8889 (http)
2022-04-09 16:53:24.157  INFO 3044 --- [    Test worker] o.apache.catalina.core.StandardService   : Starting service [Tomcat]
2022-04-09 16:53:24.157  INFO 3044 --- [    Test worker] org.apache.catalina.core.StandardEngine  : Starting Servlet engine: [Apache Tomcat/9.0.54]
2022-04-09 16:53:24.282  INFO 3044 --- [    Test worker] o.a.c.c.C.[Tomcat].[localhost].[/]       : Initializing Spring embedded WebApplicationContext
2022-04-09 16:53:24.283  INFO 3044 --- [    Test worker] w.s.c.ServletWebServerApplicationContext : Root WebApplicationContext: initialization completed in 1907 ms
2022-04-09 16:53:24.419  INFO 3044 --- [    Test worker] com.zaxxer.hikari.HikariDataSource       : HikariPool-1 - Starting...
2022-04-09 16:53:24.640  INFO 3044 --- [    Test worker] com.zaxxer.hikari.HikariDataSource       : HikariPool-1 - Start completed.
2022-04-09 16:53:24.650  INFO 3044 --- [    Test worker] o.s.b.a.h2.H2ConsoleAutoConfiguration    : H2 console available at '/h2-console'. Database available at 'jdbc:h2:file:../quizdb'
2022-04-09 16:53:24.827  INFO 3044 --- [    Test worker] o.hibernate.jpa.internal.util.LogHelper  : HHH000204: Processing PersistenceUnitInfo [name: default]
2022-04-09 16:53:24.893  INFO 3044 --- [    Test worker] org.hibernate.Version                    : HHH000412: Hibernate ORM core version 5.4.32.Final
2022-04-09 16:53:25.064  INFO 3044 --- [    Test worker] o.hibernate.annotations.common.Version   : HCANN000001: Hibernate Commons Annotations {5.1.2.Final}
2022-04-09 16:53:25.199  INFO 3044 --- [    Test worker] org.hibernate.dialect.Dialect            : HHH000400: Using dialect: org.hibernate.dialect.H2Dialect
2022-04-09 16:53:25.963  INFO 3044 --- [    Test worker] o.h.e.t.j.p.i.JtaPlatformInitiator       : HHH000490: Using JtaPlatform implementation: [org.hibernate.engine.transaction.jta.platform.internal.NoJtaPlatform]
2022-04-09 16:53:25.979  INFO 3044 --- [    Test worker] j.LocalContainerEntityManagerFactoryBean : Initialized JPA EntityManagerFactory for persistence unit 'default'
2022-04-09 16:53:26.516  WARN 3044 --- [    Test worker] JpaBaseConfiguration$JpaWebConfiguration : spring.jpa.open-in-view is enabled by default. Therefore, database queries may be performed during view rendering. Explicitly configure spring.jpa.open-in-view to disable this warning
2022-04-09 16:53:26.986  INFO 3044 --- [    Test worker] o.s.b.a.e.web.EndpointLinksResolver      : Exposing 14 endpoint(s) beneath base path '/actuator'
2022-04-09 16:53:27.049  INFO 3044 --- [    Test worker] o.s.s.web.DefaultSecurityFilterChain     : Will secure any request with [org.springframework.security.web.context.request.async.WebAsyncManagerIntegrationFilter@20f3291d, org.springframework.security.web.context.SecurityContextPersistenceFilter@1cdb290c, org.springframework.security.web.header.HeaderWriterFilter@6956081d, org.springframework.security.web.authentication.logout.LogoutFilter@65dafe50, org.springframework.security.web.authentication.www.BasicAuthenticationFilter@67b1c3af, org.springframework.security.web.savedrequest.RequestCacheAwareFilter@4607cbe2, org.springframework.security.web.servletapi.SecurityContextHolderAwareRequestFilter@70fcd3e5, org.springframework.security.web.authentication.AnonymousAuthenticationFilter@2f51b100, org.springframework.security.web.session.SessionManagementFilter@7f69c4c0, org.springframework.security.web.access.ExceptionTranslationFilter@3fae357f, org.springframework.security.web.access.intercept.FilterSecurityInterceptor@6dd7af2f]
2022-04-09 16:53:27.310  INFO 3044 --- [    Test worker] o.s.b.w.embedded.tomcat.TomcatWebServer  : Tomcat started on port(s): 8889 (http) with context path ''
2022-04-09 16:53:27.324  INFO 3044 --- [    Test worker] engine.WebQuizEngine                     : Started WebQuizEngine in 5.363 seconds (JVM running for 6.194)
2022-04-09 16:53:27.638  INFO 3044 --- [nio-8889-exec-1] o.a.c.c.C.[Tomcat].[localhost].[/]       : Initializing Spring DispatcherServlet 'dispatcherServlet'
2022-04-09 16:53:27.639  INFO 3044 --- [nio-8889-exec-1] o.s.web.servlet.DispatcherServlet        : Initializing Servlet 'dispatcherServlet'
2022-04-09 16:53:27.640  INFO 3044 --- [nio-8889-exec-1] o.s.web.servlet.DispatcherServlet        : Completed initialization in 1 ms
?[1;31m
Start test 2?[0m
?[1;31m
Start test 3?[0m
2022-04-09 16:53:28.056  WARN 3044 --- [nio-8889-exec-3] .w.s.m.s.DefaultHandlerExceptionResolver : Resolved [org.springframework.web.bind.MethodArgumentNotValidException: Validation failed for argument [0] in public void engine.presentation.UserController.register(engine.businesslayer.entities.User): [Field error in object 'user' on field 'username': rejected value [google.com]; codes [Pattern.user.username,Pattern.username,Pattern.java.lang.String,Pattern]; arguments [org.springframework.context.support.DefaultMessageSourceResolvable: codes [user.username,username]; arguments []; default message [username],[Ljavax.validation.constraints.Pattern$Flag;@302209c2,^([\w-]+(?:\.[\w-]+)*)@((?:[\w-]+\.)*\w[\w-]{0,66})\.([a-z]{2,6}(?:\.[a-z]{2})?)$]; default message [must match "^([\w-]+(?:\.[\w-]+)*)@((?:[\w-]+\.)*\w[\w-]{0,66})\.([a-z]{2,6}(?:\.[a-z]{2})?)$"]] ]
?[1;31m
Start test 4?[0m
2022-04-09 16:53:28.095  WARN 3044 --- [nio-8889-exec-4] .w.s.m.s.DefaultHandlerExceptionResolver : Resolved [org.springframework.web.bind.MethodArgumentNotValidException: Validation failed for argument [0] in public void engine.presentation.UserController.register(engine.businesslayer.entities.User): [Field error in object 'user' on field 'username': rejected value [well@googlecom]; codes [Pattern.user.username,Pattern.username,Pattern.java.lang.String,Pattern]; arguments [org.springframework.context.support.DefaultMessageSourceResolvable: codes [user.username,username]; arguments []; default message [username],[Ljavax.validation.constraints.Pattern$Flag;@302209c2,^([\w-]+(?:\.[\w-]+)*)@((?:[\w-]+\.)*\w[\w-]{0,66})\.([a-z]{2,6}(?:\.[a-z]{2})?)$]; default message [must match "^([\w-]+(?:\.[\w-]+)*)@((?:[\w-]+\.)*\w[\w-]{0,66})\.([a-z]{2,6}(?:\.[a-z]{2})?)$"]] ]
?[1;31m
Start test 5?[0m
?[1;31m
Start test 6?[0m
2022-04-09 16:53:28.122  WARN 3044 --- [nio-8889-exec-6] .w.s.m.s.DefaultHandlerExceptionResolver : Resolved [org.springframework.web.bind.MethodArgumentNotValidException: Validation failed for argument [0] in public void engine.presentation.UserController.register(engine.businesslayer.entities.User): [Field error in object 'user' on field 'password': rejected value [1234]; codes [Length.user.password,Length.password,Length.java.lang.String,Length]; arguments [org.springframework.context.support.DefaultMessageSourceResolvable: codes [user.password,password]; arguments []; default message [password],2147483647,5]; default message [length must be between 5 and 2147483647]] ]
?[1;31m
Start test 7?[0m
2022-04-09 16:53:28.131  WARN 3044 --- [nio-8889-exec-7] .w.s.m.s.DefaultHandlerExceptionResolver : Resolved [org.springframework.web.bind.MethodArgumentNotValidException: Validation failed for argument [0] in public void engine.presentation.UserController.register(engine.businesslayer.entities.User): [Field error in object 'user' on field 'password': rejected value [123]; codes [Length.user.password,Length.password,Length.java.lang.String,Length]; arguments [org.springframework.context.support.DefaultMessageSourceResolvable: codes [user.password,password]; arguments []; default message [password],2147483647,5]; default message [length must be between 5 and 2147483647]] ]
?[1;31m
Start test 8?[0m
?[1;31m
Start test 9?[0m
?[1;31m
Start test 10?[0m
?[1;31m
Start test 11?[0m
?[1;31m
Start test 12?[0m
?[1;31m
Start test 13?[0m
?[1;31m
Start test 14?[0m
?[1;31m
Start test 15?[0m
?[1;31m
Start test 16?[0m
?[1;31m
Start test 17?[0m
?[1;31m
Start test 18?[0m
?[1;31m
Start test 19?[0m
?[1;31m
Start test 20?[0m
?[1;31m
Start test 21?[0m
?[1;31m
Start test 22?[0m
?[1;31m
Start test 23?[0m
?[1;31m
Start test 24?[0m
?[1;31m
Start test 25?[0m
?[1;31m
Start test 26?[0m
?[1;31m
Start test 27?[0m
?[1;31m
Start test 28?[0m
?[1;31m
Start test 29?[0m
?[1;31m
Start test 30?[0m
?[1;31m
Start test 31?[0m
?[1;31m
Start test 32?[0m
?[1;31m
Start test 33?[0m
?[1;31m
Start test 34?[0m
?[1;31m
Start test 35?[0m
?[1;31m
Start test 36?[0m
?[1;31m
Start test 37?[0m
?[1;31m
Start test 38?[0m
?[1;31m
Start test 39?[0m
?[1;31m
Start test 40?[0m
?[1;31m
Start test 41?[0m
?[1;31m
Start test 42?[0m
?[1;31m
Start test 43?[0m
?[1;31m
Start test 44?[0m
?[1;31m
Start test 45?[0m
?[1;31m
Start test 46?[0m
2022-04-09 16:53:31.036  INFO 3044 --- [       Thread-5] j.LocalContainerEntityManagerFactoryBean : Closing JPA EntityManagerFactory for persistence unit 'default'
2022-04-09 16:53:31.041  INFO 3044 --- [       Thread-5] com.zaxxer.hikari.HikariDataSource       : HikariPool-1 - Shutdown initiated...
2022-04-09 16:53:31.078  INFO 3044 --- [       Thread-5] com.zaxxer.hikari.HikariDataSource       : HikariPool-1 - Shutdown completed.

  .   ____          _            __ _ _
 /\\ / ___'_ __ _ _(_)_ __  __ _ \ \ \ \
( ( )\___ | '_ | '_| | '_ \/ _` | \ \ \ \
 \\/  ___)| |_)| | | | | || (_| |  ) ) ) )
  '  |____| .__|_| |_|_| |_\__, | / / / /
 =========|_|==============|___/=/_/_/_/
 :: Spring Boot ::                (v2.5.6)

2022-04-09 16:53:31.112  INFO 3044 --- [    Test worker] engine.WebQuizEngine                     : Starting WebQuizEngine using Java 17.0.1 on Fractal with PID 3044 (started by Fractal in D:\RepositoryRoadToProfession\Web Quiz Engine\Web Quiz Engine\task)
2022-04-09 16:53:31.112  INFO 3044 --- [    Test worker] engine.WebQuizEngine                     : No active profile set, falling back to default profiles: default
2022-04-09 16:53:31.390  INFO 3044 --- [    Test worker] .s.d.r.c.RepositoryConfigurationDelegate : Bootstrapping Spring Data JPA repositories in DEFAULT mode.
2022-04-09 16:53:31.402  INFO 3044 --- [    Test worker] .s.d.r.c.RepositoryConfigurationDelegate : Finished Spring Data repository scanning in 11 ms. Found 3 JPA repository interfaces.
2022-04-09 16:53:31.488  INFO 3044 --- [    Test worker] o.s.b.w.embedded.tomcat.TomcatWebServer  : Tomcat initialized with port(s): 8889 (http)
2022-04-09 16:53:31.489  INFO 3044 --- [    Test worker] o.apache.catalina.core.StandardService   : Starting service [Tomcat]
2022-04-09 16:53:31.489  INFO 3044 --- [    Test worker] org.apache.catalina.core.StandardEngine  : Starting Servlet engine: [Apache Tomcat/9.0.54]
2022-04-09 16:53:31.525  INFO 3044 --- [    Test worker] o.a.c.c.C.[Tomcat].[localhost].[/]       : Initializing Spring embedded WebApplicationContext
2022-04-09 16:53:31.526  INFO 3044 --- [    Test worker] w.s.c.ServletWebServerApplicationContext : Root WebApplicationContext: initialization completed in 410 ms
2022-04-09 16:53:31.564  INFO 3044 --- [    Test worker] com.zaxxer.hikari.HikariDataSource       : HikariPool-2 - Starting...
2022-04-09 16:53:31.577  INFO 3044 --- [    Test worker] com.zaxxer.hikari.HikariDataSource       : HikariPool-2 - Start completed.
2022-04-09 16:53:31.577  INFO 3044 --- [    Test worker] o.s.b.a.h2.H2ConsoleAutoConfiguration    : H2 console available at '/h2-console'. Database available at 'jdbc:h2:file:../quizdb'
2022-04-09 16:53:31.619  INFO 3044 --- [    Test worker] o.hibernate.jpa.internal.util.LogHelper  : HHH000204: Processing PersistenceUnitInfo [name: default]
2022-04-09 16:53:31.625  INFO 3044 --- [    Test worker] org.hibernate.dialect.Dialect            : HHH000400: Using dialect: org.hibernate.dialect.H2Dialect
2022-04-09 16:53:31.710  INFO 3044 --- [    Test worker] o.h.e.t.j.p.i.JtaPlatformInitiator       : HHH000490: Using JtaPlatform implementation: [org.hibernate.engine.transaction.jta.platform.internal.NoJtaPlatform]
2022-04-09 16:53:31.710  INFO 3044 --- [    Test worker] j.LocalContainerEntityManagerFactoryBean : Initialized JPA EntityManagerFactory for persistence unit 'default'
2022-04-09 16:53:31.789  WARN 3044 --- [    Test worker] JpaBaseConfiguration$JpaWebConfiguration : spring.jpa.open-in-view is enabled by default. Therefore, database queries may be performed during view rendering. Explicitly configure spring.jpa.open-in-view to disable this warning
2022-04-09 16:53:31.909  INFO 3044 --- [    Test worker] o.s.b.a.e.web.EndpointLinksResolver      : Exposing 14 endpoint(s) beneath base path '/actuator'
2022-04-09 16:53:31.920  INFO 3044 --- [    Test worker] o.s.s.web.DefaultSecurityFilterChain     : Will secure any request with [org.springframework.security.web.context.request.async.WebAsyncManagerIntegrationFilter@4dea763c, org.springframework.security.web.context.SecurityContextPersistenceFilter@72e9c0a0, org.springframework.security.web.header.HeaderWriterFilter@1104cc93, org.springframework.security.web.authentication.logout.LogoutFilter@3f04349b, org.springframework.security.web.authentication.www.BasicAuthenticationFilter@18f919ce, org.springframework.security.web.savedrequest.RequestCacheAwareFilter@494c452b, org.springframework.security.web.servletapi.SecurityContextHolderAwareRequestFilter@7e9b68c5, org.springframework.security.web.authentication.AnonymousAuthenticationFilter@26f50a28, org.springframework.security.web.session.SessionManagementFilter@19dc9dda, org.springframework.security.web.access.ExceptionTranslationFilter@1f748d43, org.springframework.security.web.access.intercept.FilterSecurityInterceptor@266b7d1]
2022-04-09 16:53:31.997  INFO 3044 --- [    Test worker] o.s.b.w.embedded.tomcat.TomcatWebServer  : Tomcat started on port(s): 8889 (http) with context path ''
2022-04-09 16:53:32.005  INFO 3044 --- [    Test worker] engine.WebQuizEngine                     : Started WebQuizEngine in 0.916 seconds (JVM running for 10.876)
?[1;31m
Start test 47?[0m
2022-04-09 16:53:32.010  INFO 3044 --- [nio-8889-exec-1] o.a.c.c.C.[Tomcat].[localhost].[/]       : Initializing Spring DispatcherServlet 'dispatcherServlet'
2022-04-09 16:53:32.011  INFO 3044 --- [nio-8889-exec-1] o.s.web.servlet.DispatcherServlet        : Initializing Servlet 'dispatcherServlet'
2022-04-09 16:53:32.012  INFO 3044 --- [nio-8889-exec-1] o.s.web.servlet.DispatcherServlet        : Completed initialization in 1 ms
?[1;31m
Start test 48?[0m
?[1;31m
Start test 49?[0m
?[1;31m
Start test 50?[0m
?[1;31m
Start test 51?[0m
?[1;31m
Start test 52?[0m
?[1;31m
Start test 53?[0m
?[1;31m
Start test 54?[0m
?[1;31m
Start test 55?[0m
?[1;31m
Start test 56?[0m
?[1;31m
Start test 57?[0m
2022-04-09 16:53:32.854  WARN 3044 --- [nio-8889-exec-1] .w.s.m.s.DefaultHandlerExceptionResolver : Resolved [org.springframework.http.converter.HttpMessageNotReadableException: JSON parse error: Unexpected character ('"' (code 34)): was expecting comma to separate Object entries; nested exception is com.fasterxml.jackson.core.JsonParseException: Unexpected character ('"' (code 34)): was expecting comma to separate Object entries<LF> at [Source: (PushbackInputStream); line: 4, column: 4]]
?[1;31m
Start test 58?[0m
2022-04-09 16:53:32.921  WARN 3044 --- [nio-8889-exec-2] .w.s.m.s.DefaultHandlerExceptionResolver : Resolved [org.springframework.http.converter.HttpMessageNotReadableException: JSON parse error: Unexpected character ('"' (code 34)): was expecting comma to separate Object entries; nested exception is com.fasterxml.jackson.core.JsonParseException: Unexpected character ('"' (code 34)): was expecting comma to separate Object entries<LF> at [Source: (PushbackInputStream); line: 5, column: 4]]
?[1;31m
Start test 59?[0m
2022-04-09 16:53:32.988  WARN 3044 --- [nio-8889-exec-3] .w.s.m.s.DefaultHandlerExceptionResolver : Resolved [org.springframework.http.converter.HttpMessageNotReadableException: JSON parse error: Unexpected character ('"' (code 34)): was expecting comma to separate Object entries; nested exception is com.fasterxml.jackson.core.JsonParseException: Unexpected character ('"' (code 34)): was expecting comma to separate Object entries<LF> at [Source: (PushbackInputStream); line: 4, column: 4]]
?[1;31m
Start test 60?[0m
2022-04-09 16:53:33.055  WARN 3044 --- [nio-8889-exec-4] .w.s.m.s.DefaultHandlerExceptionResolver : Resolved [org.springframework.http.converter.HttpMessageNotReadableException: JSON parse error: Unexpected character ('"' (code 34)): was expecting comma to separate Object entries; nested exception is com.fasterxml.jackson.core.JsonParseException: Unexpected character ('"' (code 34)): was expecting comma to separate Object entries<LF> at [Source: (PushbackInputStream); line: 5, column: 4]]
?[1;31m
Start test 61?[0m
2022-04-09 16:53:33.134  WARN 3044 --- [nio-8889-exec-5] .w.s.m.s.DefaultHandlerExceptionResolver : Resolved [org.springframework.web.bind.MethodArgumentNotValidException: Validation failed for argument [0] in public engine.businesslayer.entities.Quiz engine.presentation.Controller.addQuizzes(engine.businesslayer.entities.Quiz): [Field error in object 'quiz' on field 'options': rejected value [null]; codes [NotNull.quiz.options,NotNull.options,NotNull.java.util.List,NotNull]; arguments [org.springframework.context.support.DefaultMessageSourceResolvable: codes [quiz.options,options]; arguments []; default message [options]]; default message [must not be null]] ]
?[1;31m
Start test 62?[0m
2022-04-09 16:53:33.199  WARN 3044 --- [nio-8889-exec-6] .w.s.m.s.DefaultHandlerExceptionResolver : Resolved [org.springframework.http.converter.HttpMessageNotReadableException: JSON parse error: Unexpected character ('"' (code 34)): was expecting comma to separate Object entries; nested exception is com.fasterxml.jackson.core.JsonParseException: Unexpected character ('"' (code 34)): was expecting comma to separate Object entries<LF> at [Source: (PushbackInputStream); line: 5, column: 4]]
?[1;31m
Start test 63?[0m
2022-04-09 16:53:33.266  WARN 3044 --- [nio-8889-exec-7] .w.s.m.s.DefaultHandlerExceptionResolver : Resolved [org.springframework.http.converter.HttpMessageNotReadableException: JSON parse error: Unexpected character ('"' (code 34)): was expecting comma to separate Object entries; nested exception is com.fasterxml.jackson.core.JsonParseException: Unexpected character ('"' (code 34)): was expecting comma to separate Object entries<LF> at [Source: (PushbackInputStream); line: 5, column: 4]]
?[1;31m
Start test 64?[0m
?[1;31m
Start test 65?[0m
?[1;31m
Start test 66?[0m
?[1;31m
Start test 67?[0m
?[1;31m
Start test 68?[0m
?[1;31m
Start test 69?[0m
?[1;31m
Start test 70?[0m
?[1;31m
Start test 71?[0m
?[1;31m
Start test 72?[0m
?[1;31m
Start test 73?[0m
?[1;31m
Start test 74?[0m
?[1;31m
Start test 75?[0m
?[1;31m
Start test 76?[0m
?[1;31m
Start test 77?[0m
?[1;31m
Start test 78?[0m
?[1;31m
Start test 79?[0m
?[1;31m
Start test 80?[0m
?[1;31m
Start test 81?[0m
?[1;31m
Start test 82?[0m
?[1;31m
Start test 83?[0m
?[1;31m
Start test 84?[0m
?[1;31m
Start test 85?[0m
?[1;31m
Start test 86?[0m
?[1;31m
Start test 87?[0m
?[1;31m
Start test 88?[0m
?[1;31m
Start test 89?[0m
?[1;31m
Start test 90?[0m
?[1;31m
Start test 91?[0m
?[1;31m
Start test 92?[0m
?[1;31m
Start test 93?[0m
?[1;31m
Start test 94?[0m
?[1;31m
Start test 95?[0m
?[1;31m
Start test 96?[0m
?[1;31m
Start test 97?[0m
?[1;31m
Start test 98?[0m
?[1;31m
Start test 99?[0m
?[1;31m
Start test 100?[0m
?[1;31m
Start test 101?[0m
?[1;31m
Start test 102?[0m
?[1;31m
Start test 103?[0m
?[1;31m
Start test 104?[0m
?[1;31m
Start test 105?[0m
?[1;31m
Start test 106?[0m
?[1;31m
Start test 107?[0m
?[1;31m
Start test 108?[0m
?[1;31m
Start test 109?[0m
?[1;31m
Start test 110?[0m
?[1;31m
Start test 111?[0m
?[1;31m
Start test 112?[0m
?[1;31m
Start test 113?[0m
?[1;31m
Start test 114?[0m
?[1;31m
Start test 115?[0m
?[1;31m
Start test 116?[0m
?[1;31m
Start test 117?[0m
?[1;31m
Start test 118?[0m
?[1;31m
Start test 119?[0m
?[1;31m
Start test 120?[0m
?[1;31m
Start test 121?[0m
?[1;31m
Start test 122?[0m
?[1;31m
Start test 123?[0m
?[1;31m
Start test 124?[0m
?[1;31m
Start test 125?[0m
?[1;31m
Start test 126?[0m
?[1;31m
Start test 127?[0m
?[1;31m
Start test 128?[0m
?[1;31m
Start test 129?[0m
?[1;31m
Start test 130?[0m
?[1;31m
Start test 131?[0m
?[1;31m
Start test 132?[0m
?[1;31m
Start test 133?[0m
?[1;31m
Start test 134?[0m
?[1;31m
Start test 135?[0m
?[1;31m
Start test 136?[0m
?[1;31m
Start test 137?[0m
?[1;31m
Start test 138?[0m
?[1;31m
Start test 139?[0m
?[1;31m
Start test 140?[0m
?[1;31m
Start test 141?[0m
?[1;31m
Start test 142?[0m
?[1;31m
Start test 143?[0m
?[1;31m
Start test 144?[0m
?[1;31m
Start test 145?[0m
?[1;31m
Start test 146?[0m
?[1;31m
Start test 147?[0m
?[1;31m
Start test 148?[0m
?[1;31m
Start test 149?[0m
?[1;31m
Start test 150?[0m
?[1;31m
Start test 151?[0m
?[1;31m
Start test 152?[0m
?[1;31m
Start test 153?[0m
?[1;31m
Start test 154?[0m
?[1;31m
Start test 155?[0m
2022-04-09 16:53:40.332  INFO 3044 --- [       Thread-7] j.LocalContainerEntityManagerFactoryBean : Closing JPA EntityManagerFactory for persistence unit 'default'
2022-04-09 16:53:40.333  INFO 3044 --- [       Thread-7] com.zaxxer.hikari.HikariDataSource       : HikariPool-2 - Shutdown initiated...
2022-04-09 16:53:40.385  INFO 3044 --- [       Thread-7] com.zaxxer.hikari.HikariDataSource       : HikariPool-2 - Shutdown completed.

  .   ____          _            __ _ _
 /\\ / ___'_ __ _ _(_)_ __  __ _ \ \ \ \
( ( )\___ | '_ | '_| | '_ \/ _` | \ \ \ \
 \\/  ___)| |_)| | | | | || (_| |  ) ) ) )
  '  |____| .__|_| |_|_| |_\__, | / / / /
 =========|_|==============|___/=/_/_/_/
 :: Spring Boot ::                (v2.5.6)

2022-04-09 16:53:40.428  INFO 3044 --- [    Test worker] engine.WebQuizEngine                     : Starting WebQuizEngine using Java 17.0.1 on Fractal with PID 3044 (started by Fractal in D:\RepositoryRoadToProfession\Web Quiz Engine\Web Quiz Engine\task)
2022-04-09 16:53:40.428  INFO 3044 --- [    Test worker] engine.WebQuizEngine                     : No active profile set, falling back to default profiles: default
2022-04-09 16:53:40.635  INFO 3044 --- [    Test worker] .s.d.r.c.RepositoryConfigurationDelegate : Bootstrapping Spring Data JPA repositories in DEFAULT mode.
2022-04-09 16:53:40.644  INFO 3044 --- [    Test worker] .s.d.r.c.RepositoryConfigurationDelegate : Finished Spring Data repository scanning in 8 ms. Found 3 JPA repository interfaces.
2022-04-09 16:53:40.714  INFO 3044 --- [    Test worker] o.s.b.w.embedded.tomcat.TomcatWebServer  : Tomcat initialized with port(s): 8889 (http)
2022-04-09 16:53:40.715  INFO 3044 --- [    Test worker] o.apache.catalina.core.StandardService   : Starting service [Tomcat]
2022-04-09 16:53:40.716  INFO 3044 --- [    Test worker] org.apache.catalina.core.StandardEngine  : Starting Servlet engine: [Apache Tomcat/9.0.54]
2022-04-09 16:53:40.750  INFO 3044 --- [    Test worker] o.a.c.c.C.[Tomcat].[localhost].[/]       : Initializing Spring embedded WebApplicationContext
2022-04-09 16:53:40.750  INFO 3044 --- [    Test worker] w.s.c.ServletWebServerApplicationContext : Root WebApplicationContext: initialization completed in 319 ms
2022-04-09 16:53:40.780  INFO 3044 --- [    Test worker] com.zaxxer.hikari.HikariDataSource       : HikariPool-3 - Starting...
2022-04-09 16:53:40.789  INFO 3044 --- [    Test worker] com.zaxxer.hikari.HikariDataSource       : HikariPool-3 - Start completed.
2022-04-09 16:53:40.790  INFO 3044 --- [    Test worker] o.s.b.a.h2.H2ConsoleAutoConfiguration    : H2 console available at '/h2-console'. Database available at 'jdbc:h2:file:../quizdb'
2022-04-09 16:53:40.824  INFO 3044 --- [    Test worker] o.hibernate.jpa.internal.util.LogHelper  : HHH000204: Processing PersistenceUnitInfo [name: default]
2022-04-09 16:53:40.829  INFO 3044 --- [    Test worker] org.hibernate.dialect.Dialect            : HHH000400: Using dialect: org.hibernate.dialect.H2Dialect
2022-04-09 16:53:40.893  INFO 3044 --- [    Test worker] o.h.e.t.j.p.i.JtaPlatformInitiator       : HHH000490: Using JtaPlatform implementation: [org.hibernate.engine.transaction.jta.platform.internal.NoJtaPlatform]
2022-04-09 16:53:40.893  INFO 3044 --- [    Test worker] j.LocalContainerEntityManagerFactoryBean : Initialized JPA EntityManagerFactory for persistence unit 'default'
2022-04-09 16:53:40.965  WARN 3044 --- [    Test worker] JpaBaseConfiguration$JpaWebConfiguration : spring.jpa.open-in-view is enabled by default. Therefore, database queries may be performed during view rendering. Explicitly configure spring.jpa.open-in-view to disable this warning
2022-04-09 16:53:41.047  INFO 3044 --- [    Test worker] o.s.b.a.e.web.EndpointLinksResolver      : Exposing 14 endpoint(s) beneath base path '/actuator'
2022-04-09 16:53:41.055  INFO 3044 --- [    Test worker] o.s.s.web.DefaultSecurityFilterChain     : Will secure any request with [org.springframework.security.web.context.request.async.WebAsyncManagerIntegrationFilter@7d727123, org.springframework.security.web.context.SecurityContextPersistenceFilter@58182d7, org.springframework.security.web.header.HeaderWriterFilter@53251e03, org.springframework.security.web.authentication.logout.LogoutFilter@648ec9f4, org.springframework.security.web.authentication.www.BasicAuthenticationFilter@2db15764, org.springframework.security.web.savedrequest.RequestCacheAwareFilter@1eedf268, org.springframework.security.web.servletapi.SecurityContextHolderAwareRequestFilter@654322b0, org.springframework.security.web.authentication.AnonymousAuthenticationFilter@48446968, org.springframework.security.web.session.SessionManagementFilter@5ffae42f, org.springframework.security.web.access.ExceptionTranslationFilter@414b5798, org.springframework.security.web.access.intercept.FilterSecurityInterceptor@69eb88a7]
2022-04-09 16:53:41.112  INFO 3044 --- [    Test worker] o.s.b.w.embedded.tomcat.TomcatWebServer  : Tomcat started on port(s): 8889 (http) with context path ''
2022-04-09 16:53:41.117  INFO 3044 --- [    Test worker] engine.WebQuizEngine                     : Started WebQuizEngine in 0.716 seconds (JVM running for 19.987)
?[1;31m
Start test 156?[0m
2022-04-09 16:53:41.120  INFO 3044 --- [nio-8889-exec-1] o.a.c.c.C.[Tomcat].[localhost].[/]       : Initializing Spring DispatcherServlet 'dispatcherServlet'
2022-04-09 16:53:41.120  INFO 3044 --- [nio-8889-exec-1] o.s.web.servlet.DispatcherServlet        : Initializing Servlet 'dispatcherServlet'
2022-04-09 16:53:41.122  INFO 3044 --- [nio-8889-exec-1] o.s.web.servlet.DispatcherServlet        : Completed initialization in 2 ms
?[1;31m
Start test 157?[0m
?[1;31m
Start test 158?[0m
?[1;31m
Start test 159?[0m
?[1;31m
Start test 160?[0m
?[1;31m
Start test 161?[0m
?[1;31m
Start test 162?[0m
?[1;31m
Start test 163?[0m
?[1;31m
Start test 164?[0m
?[1;31m
Start test 165?[0m
?[1;31m
Start test 166?[0m
?[1;31m
Start test 167?[0m
?[1;31m
Start test 168?[0m
?[1;31m
Start test 169?[0m
?[1;31m
Start test 170?[0m
?[1;31m
Start test 171?[0m
?[1;31m
Start test 172?[0m
?[1;31m
Start test 173?[0m
?[1;31m
Start test 174?[0m
?[1;31m
Start test 175?[0m
?[1;31m
Start test 176?[0m
?[1;31m
Start test 177?[0m
?[1;31m
Start test 178?[0m
?[1;31m
Start test 179?[0m
?[1;31m
Start test 180?[0m
?[1;31m
Start test 181?[0m
?[1;31m
Start test 182?[0m
?[1;31m
Start test 183?[0m
?[1;31m
Start test 184?[0m
?[1;31m
Start test 185?[0m
?[1;31m
Start test 186?[0m
?[1;31m
Start test 187?[0m
?[1;31m
Start test 188?[0m
?[1;31m
Start test 189?[0m
?[1;31m
Start test 190?[0m
?[1;31m
Start test 191?[0m
?[1;31m
Start test 192?[0m
?[1;31m
Start test 193?[0m
?[1;31m
Start test 194?[0m
?[1;31m
Start test 195?[0m
?[1;31m
Start test 196?[0m
?[1;31m
Start test 197?[0m
?[1;31m
Start test 198?[0m
?[1;31m
Start test 199?[0m
?[1;31m
Start test 200?[0m
?[1;31m
Start test 201?[0m
?[1;31m
Start test 202?[0m
?[1;31m
Start test 203?[0m
?[1;31m
Start test 204?[0m
?[1;31m
Start test 205?[0m
?[1;31m
Start test 206?[0m
?[1;31m
Start test 207?[0m
?[1;31m
Start test 208?[0m
?[1;31m
Start test 209?[0m
?[1;31m
Start test 210?[0m
?[1;31m
Start test 211?[0m
?[1;31m
Start test 212?[0m
?[1;31m
Start test 213?[0m
?[1;31m
Start test 214?[0m
?[1;31m
Start test 215?[0m
2022-04-09 16:53:46.179  INFO 3044 --- [       Thread-9] j.LocalContainerEntityManagerFactoryBean : Closing JPA EntityManagerFactory for persistence unit 'default'
2022-04-09 16:53:46.180  INFO 3044 --- [       Thread-9] com.zaxxer.hikari.HikariDataSource       : HikariPool-3 - Shutdown initiated...
2022-04-09 16:53:46.223  INFO 3044 --- [       Thread-9] com.zaxxer.hikari.HikariDataSource       : HikariPool-3 - Shutdown completed.

  .   ____          _            __ _ _
 /\\ / ___'_ __ _ _(_)_ __  __ _ \ \ \ \
( ( )\___ | '_ | '_| | '_ \/ _` | \ \ \ \
 \\/  ___)| |_)| | | | | || (_| |  ) ) ) )
  '  |____| .__|_| |_|_| |_\__, | / / / /
 =========|_|==============|___/=/_/_/_/
 :: Spring Boot ::                (v2.5.6)

2022-04-09 16:53:46.287  INFO 3044 --- [    Test worker] engine.WebQuizEngine                     : Starting WebQuizEngine using Java 17.0.1 on Fractal with PID 3044 (started by Fractal in D:\RepositoryRoadToProfession\Web Quiz Engine\Web Quiz Engine\task)
2022-04-09 16:53:46.288  INFO 3044 --- [    Test worker] engine.WebQuizEngine                     : No active profile set, falling back to default profiles: default
2022-04-09 16:53:46.484  INFO 3044 --- [    Test worker] .s.d.r.c.RepositoryConfigurationDelegate : Bootstrapping Spring Data JPA repositories in DEFAULT mode.
2022-04-09 16:53:46.492  INFO 3044 --- [    Test worker] .s.d.r.c.RepositoryConfigurationDelegate : Finished Spring Data repository scanning in 8 ms. Found 3 JPA repository interfaces.
2022-04-09 16:53:46.559  INFO 3044 --- [    Test worker] o.s.b.w.embedded.tomcat.TomcatWebServer  : Tomcat initialized with port(s): 8889 (http)
2022-04-09 16:53:46.560  INFO 3044 --- [    Test worker] o.apache.catalina.core.StandardService   : Starting service [Tomcat]
2022-04-09 16:53:46.560  INFO 3044 --- [    Test worker] org.apache.catalina.core.StandardEngine  : Starting Servlet engine: [Apache Tomcat/9.0.54]
2022-04-09 16:53:46.588  INFO 3044 --- [    Test worker] o.a.c.c.C.[Tomcat].[localhost].[/]       : Initializing Spring embedded WebApplicationContext
2022-04-09 16:53:46.589  INFO 3044 --- [    Test worker] w.s.c.ServletWebServerApplicationContext : Root WebApplicationContext: initialization completed in 298 ms
2022-04-09 16:53:46.614  INFO 3044 --- [    Test worker] com.zaxxer.hikari.HikariDataSource       : HikariPool-4 - Starting...
2022-04-09 16:53:46.622  INFO 3044 --- [    Test worker] com.zaxxer.hikari.HikariDataSource       : HikariPool-4 - Start completed.
2022-04-09 16:53:46.622  INFO 3044 --- [    Test worker] o.s.b.a.h2.H2ConsoleAutoConfiguration    : H2 console available at '/h2-console'. Database available at 'jdbc:h2:file:../quizdb'
2022-04-09 16:53:46.653  INFO 3044 --- [    Test worker] o.hibernate.jpa.internal.util.LogHelper  : HHH000204: Processing PersistenceUnitInfo [name: default]
2022-04-09 16:53:46.658  INFO 3044 --- [    Test worker] org.hibernate.dialect.Dialect            : HHH000400: Using dialect: org.hibernate.dialect.H2Dialect
2022-04-09 16:53:46.713  INFO 3044 --- [    Test worker] o.h.e.t.j.p.i.JtaPlatformInitiator       : HHH000490: Using JtaPlatform implementation: [org.hibernate.engine.transaction.jta.platform.internal.NoJtaPlatform]
2022-04-09 16:53:46.714  INFO 3044 --- [    Test worker] j.LocalContainerEntityManagerFactoryBean : Initialized JPA EntityManagerFactory for persistence unit 'default'
2022-04-09 16:53:46.781  WARN 3044 --- [    Test worker] JpaBaseConfiguration$JpaWebConfiguration : spring.jpa.open-in-view is enabled by default. Therefore, database queries may be performed during view rendering. Explicitly configure spring.jpa.open-in-view to disable this warning
2022-04-09 16:53:46.876  INFO 3044 --- [    Test worker] o.s.b.a.e.web.EndpointLinksResolver      : Exposing 14 endpoint(s) beneath base path '/actuator'
2022-04-09 16:53:46.884  INFO 3044 --- [    Test worker] o.s.s.web.DefaultSecurityFilterChain     : Will secure any request with [org.springframework.security.web.context.request.async.WebAsyncManagerIntegrationFilter@36aacc46, org.springframework.security.web.context.SecurityContextPersistenceFilter@10982760, org.springframework.security.web.header.HeaderWriterFilter@2eab279, org.springframework.security.web.authentication.logout.LogoutFilter@22bf2a0d, org.springframework.security.web.authentication.www.BasicAuthenticationFilter@74ae2dec, org.springframework.security.web.savedrequest.RequestCacheAwareFilter@50626d22, org.springframework.security.web.servletapi.SecurityContextHolderAwareRequestFilter@7cc742d, org.springframework.security.web.authentication.AnonymousAuthenticationFilter@4e1fd34b, org.springframework.security.web.session.SessionManagementFilter@87f8146, org.springframework.security.web.access.ExceptionTranslationFilter@3b6f7ab3, org.springframework.security.web.access.intercept.FilterSecurityInterceptor@2f24e1f3]
2022-04-09 16:53:46.951  INFO 3044 --- [    Test worker] o.s.b.w.embedded.tomcat.TomcatWebServer  : Tomcat started on port(s): 8889 (http) with context path ''
2022-04-09 16:53:46.958  INFO 3044 --- [    Test worker] engine.WebQuizEngine                     : Started WebQuizEngine in 0.708 seconds (JVM running for 25.828)
?[1;31m
Start test 216?[0m
2022-04-09 16:53:46.962  INFO 3044 --- [nio-8889-exec-1] o.a.c.c.C.[Tomcat].[localhost].[/]       : Initializing Spring DispatcherServlet 'dispatcherServlet'
2022-04-09 16:53:46.962  INFO 3044 --- [nio-8889-exec-1] o.s.web.servlet.DispatcherServlet        : Initializing Servlet 'dispatcherServlet'
2022-04-09 16:53:46.963  INFO 3044 --- [nio-8889-exec-1] o.s.web.servlet.DispatcherServlet        : Completed initialization in 1 ms
?[1;31m
Start test 217?[0m
?[1;31m
Start test 218?[0m
?[1;31m
Start test 219?[0m
?[1;31m
Start test 220?[0m
?[1;31m
Start test 221?[0m
?[1;31m
Start test 222?[0m
?[1;31m
Start test 223?[0m
?[1;31m
Start test 224?[0m
?[1;31m
Start test 225?[0m
?[1;31m
Start test 226?[0m
?[1;31m
Start test 227?[0m
?[1;31m
Start test 228?[0m
?[1;31m
Start test 229?[0m
?[1;31m
Start test 230?[0m
?[1;31m
Start test 231?[0m
?[1;31m
Start test 232?[0m
?[1;31m
Start test 233?[0m
?[1;31m
Start test 234?[0m
]]></system-out>
  <system-err><![CDATA[]]></system-err>
</testsuite>
