<?xml version="1.0" encoding="UTF-8"?>
<testsuite name="tests.WebQuizEngineTest" tests="1" skipped="0" failures="1" errors="0" timestamp="2022-04-08T06:58:41" hostname="FRACTAL" time="6.07">
  <properties/>
  <testcase name="start" classname="tests.WebQuizEngineTest" time="6.07">
    <failure message="java.lang.AssertionError: Wrong answer in test #3&#10;&#10;POST /api/register should respond with status code 400, responded: 200&#10;&#10;Response body:&#10;&#10;Please find below the output of your program during this failed test.&#10;&#10;---&#10;&#10;.   ____          _            __ _ _&#10; /\\ / ___'_ __ _ _(_)_ __  __ _ \ \ \ \&#10;( ( )\___ | '_ | '_| | '_ \/ _` | \ \ \ \&#10; \\/  ___)| |_)| | | | | || (_| |  ) ) ) )&#10;  '  |____| .__|_| |_|_| |_\__, | / / / /&#10; =========|_|==============|___/=/_/_/_/&#10; :: Spring Boot ::                (v2.5.6)&#10;&#10;2022-04-08 09:58:42.295  INFO 16284 --- [    Test worker] engine.WebQuizEngine                     : Starting WebQuizEngine using Java 17.0.1 on Fractal with PID 16284 (started by Fractal in D:\RepositoryRoadToProfession\Web Quiz Engine\Web Quiz Engine\task)&#10;2022-04-08 09:58:42.298  INFO 16284 --- [    Test worker] engine.WebQuizEngine                     : No active profile set, falling back to default profiles: default&#10;2022-04-08 09:58:43.294  INFO 16284 --- [    Test worker] .s.d.r.c.RepositoryConfigurationDelegate : Bootstrapping Spring Data JPA repositories in DEFAULT mode.&#10;2022-04-08 09:58:43.347  INFO 16284 --- [    Test worker] .s.d.r.c.RepositoryConfigurationDelegate : Finished Spring Data repository scanning in 40 ms. Found 2 JPA repository interfaces.&#10;2022-04-08 09:58:43.980  INFO 16284 --- [    Test worker] o.s.b.w.embedded.tomcat.TomcatWebServer  : Tomcat initialized with port(s): 8889 (http)&#10;2022-04-08 09:58:43.991  INFO 16284 --- [    Test worker] o.apache.catalina.core.StandardService   : Starting service [Tomcat]&#10;2022-04-08 09:58:43.991  INFO 16284 --- [    Test worker] org.apache.catalina.core.StandardEngine  : Starting Servlet engine: [Apache Tomcat/9.0.54]&#10;2022-04-08 09:58:44.104  INFO 16284 --- [    Test worker] o.a.c.c.C.[Tomcat].[localhost].[/]       : Initializing Spring embedded WebApplicationContext&#10;2022-04-08 09:58:44.105  INFO 16284 --- [    Test worker] w.s.c.ServletWebServerApplicationContext : Root WebApplicationContext: initialization completed in 1758 ms&#10;2022-04-08 09:58:44.239  INFO 16284 --- [    Test worker] com.zaxxer.hikari.HikariDataSource       : HikariPool-1 - Starting...&#10;2022-04-08 09:58:44.440  INFO 16284 --- [    Test worker] com.zaxxer.hikari.HikariDataSource       : HikariPool-1 - Start completed.&#10;2022-04-08 09:58:44.458  INFO 16284 --- [    Test worker] o.s.b.a.h2.H2ConsoleAutoConfiguration    : H2 console available at '/h2-console'. Database available at 'jdbc:h2:file:../quizdb'&#10;2022-04-08 09:58:44.630  INFO 16284 --- [    Test worker] o.hibernate.jpa.internal.util.LogHelper  : HHH000204: Processing PersistenceUnitInfo [name: default]&#10;2022-04-08 09:58:44.699  INFO 16284 --- [    Test worker] org.hibernate.Version                    : HHH000412: Hibernate ORM core version 5.4.32.Final&#10;2022-04-08 09:58:44.870  INFO 16284 --- [    Test worker] o.hibernate.annotations.common.Version   : HCANN000001: Hibernate Commons Annotations {5.1.2.Final}&#10;2022-04-08 09:58:45.003  INFO 16284 --- [    Test worker] org.hibernate.dialect.Dialect            : HHH000400: Using dialect: org.hibernate.dialect.H2Dialect&#10;2022-04-08 09:58:45.678  INFO 16284 --- [    Test worker] o.h.e.t.j.p.i.JtaPlatformInitiator       : HHH000490: Using JtaPlatform implementation: [org.hibernate.engine.transaction.jta.platform.internal.NoJtaPlatform]&#10;2022-04-08 09:58:45.685  INFO 16284 --- [    Test worker] j.LocalContainerEntityManagerFactoryBean : Initialized JPA EntityManagerFactory for persistence unit 'default'&#10;2022-04-08 09:58:46.082  WARN 16284 --- [    Test worker] JpaBaseConfiguration$JpaWebConfiguration : spring.jpa.open-in-view is enabled by default. Therefore, database queries may be performed during view rendering. Explicitly configure spring.jpa.open-in-view to disable this warning&#10;2022-04-08 09:58:46.559  INFO 16284 --- [    Test worker] o.s.b.a.e.web.EndpointLinksResolver      : Exposing 14 endpoint(s) beneath base path '/actuator'&#10;2022-04-08 09:58:46.619  INFO 16284 --- [    Test worker] o.s.s.web.DefaultSecurityFilterChain     : Will secure any request with [org.springframework.security.web.context.request.async.WebAsyncManagerIntegrationFilter@4bd39edc, org.springframework.security.web.context.SecurityContextPersistenceFilter@377cc0f8, org.springframework.security.web.header.HeaderWriterFilter@54e3cba2, org.springframework.security.web.authentication.logout.LogoutFilter@4fae4c3b, org.springframework.security.web.authentication.www.BasicAuthenticationFilter@1ebb36df, org.springframework.security.web.savedrequest.RequestCacheAwareFilter@fbdba1c, org.springframework.security.web.servletapi.SecurityContextHolderAwareRequestFilter@535aa7c7, org.springframework.security.web.authentication.AnonymousAuthenticationFilter@3ba50851, org.springframework.security.web.session.SessionManagementFilter@40ed4674, org.springframework.security.web.access.ExceptionTranslationFilter@294ebdae, org.springframework.security.web.access.intercept.FilterSecurityInterceptor@38991781]&#10;2022-04-08 09:58:46.887  INFO 16284 --- [    Test worker] o.s.b.w.embedded.tomcat.TomcatWebServer  : Tomcat started on port(s): 8889 (http) with context path ''&#10;2022-04-08 09:58:46.901  INFO 16284 --- [    Test worker] engine.WebQuizEngine                     : Started WebQuizEngine in 4.954 seconds (JVM running for 5.736)&#10;2022-04-08 09:58:47.215  INFO 16284 --- [nio-8889-exec-1] o.a.c.c.C.[Tomcat].[localhost].[/]       : Initializing Spring DispatcherServlet 'dispatcherServlet'&#10;2022-04-08 09:58:47.215  INFO 16284 --- [nio-8889-exec-1] o.s.web.servlet.DispatcherServlet        : Initializing Servlet 'dispatcherServlet'&#10;2022-04-08 09:58:47.217  INFO 16284 --- [nio-8889-exec-1] o.s.web.servlet.DispatcherServlet        : Completed initialization in 2 ms" type="java.lang.AssertionError">java.lang.AssertionError: Wrong answer in test #3

POST /api/register should respond with status code 400, responded: 200

Response body:

Please find below the output of your program during this failed test.

---

.   ____          _            __ _ _
 /\\ / ___'_ __ _ _(_)_ __  __ _ \ \ \ \
( ( )\___ | '_ | '_| | '_ \/ _` | \ \ \ \
 \\/  ___)| |_)| | | | | || (_| |  ) ) ) )
  '  |____| .__|_| |_|_| |_\__, | / / / /
 =========|_|==============|___/=/_/_/_/
 :: Spring Boot ::                (v2.5.6)

2022-04-08 09:58:42.295  INFO 16284 --- [    Test worker] engine.WebQuizEngine                     : Starting WebQuizEngine using Java 17.0.1 on Fractal with PID 16284 (started by Fractal in D:\RepositoryRoadToProfession\Web Quiz Engine\Web Quiz Engine\task)
2022-04-08 09:58:42.298  INFO 16284 --- [    Test worker] engine.WebQuizEngine                     : No active profile set, falling back to default profiles: default
2022-04-08 09:58:43.294  INFO 16284 --- [    Test worker] .s.d.r.c.RepositoryConfigurationDelegate : Bootstrapping Spring Data JPA repositories in DEFAULT mode.
2022-04-08 09:58:43.347  INFO 16284 --- [    Test worker] .s.d.r.c.RepositoryConfigurationDelegate : Finished Spring Data repository scanning in 40 ms. Found 2 JPA repository interfaces.
2022-04-08 09:58:43.980  INFO 16284 --- [    Test worker] o.s.b.w.embedded.tomcat.TomcatWebServer  : Tomcat initialized with port(s): 8889 (http)
2022-04-08 09:58:43.991  INFO 16284 --- [    Test worker] o.apache.catalina.core.StandardService   : Starting service [Tomcat]
2022-04-08 09:58:43.991  INFO 16284 --- [    Test worker] org.apache.catalina.core.StandardEngine  : Starting Servlet engine: [Apache Tomcat/9.0.54]
2022-04-08 09:58:44.104  INFO 16284 --- [    Test worker] o.a.c.c.C.[Tomcat].[localhost].[/]       : Initializing Spring embedded WebApplicationContext
2022-04-08 09:58:44.105  INFO 16284 --- [    Test worker] w.s.c.ServletWebServerApplicationContext : Root WebApplicationContext: initialization completed in 1758 ms
2022-04-08 09:58:44.239  INFO 16284 --- [    Test worker] com.zaxxer.hikari.HikariDataSource       : HikariPool-1 - Starting...
2022-04-08 09:58:44.440  INFO 16284 --- [    Test worker] com.zaxxer.hikari.HikariDataSource       : HikariPool-1 - Start completed.
2022-04-08 09:58:44.458  INFO 16284 --- [    Test worker] o.s.b.a.h2.H2ConsoleAutoConfiguration    : H2 console available at '/h2-console'. Database available at 'jdbc:h2:file:../quizdb'
2022-04-08 09:58:44.630  INFO 16284 --- [    Test worker] o.hibernate.jpa.internal.util.LogHelper  : HHH000204: Processing PersistenceUnitInfo [name: default]
2022-04-08 09:58:44.699  INFO 16284 --- [    Test worker] org.hibernate.Version                    : HHH000412: Hibernate ORM core version 5.4.32.Final
2022-04-08 09:58:44.870  INFO 16284 --- [    Test worker] o.hibernate.annotations.common.Version   : HCANN000001: Hibernate Commons Annotations {5.1.2.Final}
2022-04-08 09:58:45.003  INFO 16284 --- [    Test worker] org.hibernate.dialect.Dialect            : HHH000400: Using dialect: org.hibernate.dialect.H2Dialect
2022-04-08 09:58:45.678  INFO 16284 --- [    Test worker] o.h.e.t.j.p.i.JtaPlatformInitiator       : HHH000490: Using JtaPlatform implementation: [org.hibernate.engine.transaction.jta.platform.internal.NoJtaPlatform]
2022-04-08 09:58:45.685  INFO 16284 --- [    Test worker] j.LocalContainerEntityManagerFactoryBean : Initialized JPA EntityManagerFactory for persistence unit 'default'
2022-04-08 09:58:46.082  WARN 16284 --- [    Test worker] JpaBaseConfiguration$JpaWebConfiguration : spring.jpa.open-in-view is enabled by default. Therefore, database queries may be performed during view rendering. Explicitly configure spring.jpa.open-in-view to disable this warning
2022-04-08 09:58:46.559  INFO 16284 --- [    Test worker] o.s.b.a.e.web.EndpointLinksResolver      : Exposing 14 endpoint(s) beneath base path '/actuator'
2022-04-08 09:58:46.619  INFO 16284 --- [    Test worker] o.s.s.web.DefaultSecurityFilterChain     : Will secure any request with [org.springframework.security.web.context.request.async.WebAsyncManagerIntegrationFilter@4bd39edc, org.springframework.security.web.context.SecurityContextPersistenceFilter@377cc0f8, org.springframework.security.web.header.HeaderWriterFilter@54e3cba2, org.springframework.security.web.authentication.logout.LogoutFilter@4fae4c3b, org.springframework.security.web.authentication.www.BasicAuthenticationFilter@1ebb36df, org.springframework.security.web.savedrequest.RequestCacheAwareFilter@fbdba1c, org.springframework.security.web.servletapi.SecurityContextHolderAwareRequestFilter@535aa7c7, org.springframework.security.web.authentication.AnonymousAuthenticationFilter@3ba50851, org.springframework.security.web.session.SessionManagementFilter@40ed4674, org.springframework.security.web.access.ExceptionTranslationFilter@294ebdae, org.springframework.security.web.access.intercept.FilterSecurityInterceptor@38991781]
2022-04-08 09:58:46.887  INFO 16284 --- [    Test worker] o.s.b.w.embedded.tomcat.TomcatWebServer  : Tomcat started on port(s): 8889 (http) with context path ''
2022-04-08 09:58:46.901  INFO 16284 --- [    Test worker] engine.WebQuizEngine                     : Started WebQuizEngine in 4.954 seconds (JVM running for 5.736)
2022-04-08 09:58:47.215  INFO 16284 --- [nio-8889-exec-1] o.a.c.c.C.[Tomcat].[localhost].[/]       : Initializing Spring DispatcherServlet 'dispatcherServlet'
2022-04-08 09:58:47.215  INFO 16284 --- [nio-8889-exec-1] o.s.web.servlet.DispatcherServlet        : Initializing Servlet 'dispatcherServlet'
2022-04-08 09:58:47.217  INFO 16284 --- [nio-8889-exec-1] o.s.web.servlet.DispatcherServlet        : Completed initialization in 2 ms
	at org.junit.Assert.fail(Assert.java:89)
	at org.hyperskill.hstest.stage.StageTest.start(StageTest.java:155)
	at java.base/jdk.internal.reflect.NativeMethodAccessorImpl.invoke0(Native Method)
	at java.base/jdk.internal.reflect.NativeMethodAccessorImpl.invoke(NativeMethodAccessorImpl.java:77)
	at java.base/jdk.internal.reflect.DelegatingMethodAccessorImpl.invoke(DelegatingMethodAccessorImpl.java:43)
	at java.base/java.lang.reflect.Method.invoke(Method.java:568)
	at org.junit.runners.model.FrameworkMethod$1.runReflectiveCall(FrameworkMethod.java:59)
	at org.junit.internal.runners.model.ReflectiveCallable.run(ReflectiveCallable.java:12)
	at org.junit.runners.model.FrameworkMethod.invokeExplosively(FrameworkMethod.java:56)
	at org.junit.internal.runners.statements.InvokeMethod.evaluate(InvokeMethod.java:17)
	at org.junit.internal.runners.statements.RunAfters.evaluate(RunAfters.java:27)
	at org.junit.runners.ParentRunner$3.evaluate(ParentRunner.java:306)
	at org.junit.runners.BlockJUnit4ClassRunner$1.evaluate(BlockJUnit4ClassRunner.java:100)
	at org.junit.runners.ParentRunner.runLeaf(ParentRunner.java:366)
	at org.junit.runners.BlockJUnit4ClassRunner.runChild(BlockJUnit4ClassRunner.java:103)
	at org.junit.runners.BlockJUnit4ClassRunner.runChild(BlockJUnit4ClassRunner.java:63)
	at org.junit.runners.ParentRunner$4.run(ParentRunner.java:331)
	at org.junit.runners.ParentRunner$1.schedule(ParentRunner.java:79)
	at org.junit.runners.ParentRunner.runChildren(ParentRunner.java:329)
	at org.junit.runners.ParentRunner.access$100(ParentRunner.java:66)
	at org.junit.runners.ParentRunner$2.evaluate(ParentRunner.java:293)
	at org.junit.runners.ParentRunner$3.evaluate(ParentRunner.java:306)
	at org.junit.runners.ParentRunner.run(ParentRunner.java:413)
	at org.gradle.api.internal.tasks.testing.junit.JUnitTestClassExecutor.runTestClass(JUnitTestClassExecutor.java:110)
	at org.gradle.api.internal.tasks.testing.junit.JUnitTestClassExecutor.execute(JUnitTestClassExecutor.java:58)
	at org.gradle.api.internal.tasks.testing.junit.JUnitTestClassExecutor.execute(JUnitTestClassExecutor.java:38)
	at org.gradle.api.internal.tasks.testing.junit.AbstractJUnitTestClassProcessor.processTestClass(AbstractJUnitTestClassProcessor.java:62)
	at org.gradle.api.internal.tasks.testing.SuiteTestClassProcessor.processTestClass(SuiteTestClassProcessor.java:51)
	at java.base/jdk.internal.reflect.NativeMethodAccessorImpl.invoke0(Native Method)
	at java.base/jdk.internal.reflect.NativeMethodAccessorImpl.invoke(NativeMethodAccessorImpl.java:77)
	at java.base/jdk.internal.reflect.DelegatingMethodAccessorImpl.invoke(DelegatingMethodAccessorImpl.java:43)
	at java.base/java.lang.reflect.Method.invoke(Method.java:568)
	at org.gradle.internal.dispatch.ReflectionDispatch.dispatch(ReflectionDispatch.java:36)
	at org.gradle.internal.dispatch.ReflectionDispatch.dispatch(ReflectionDispatch.java:24)
	at org.gradle.internal.dispatch.ContextClassLoaderDispatch.dispatch(ContextClassLoaderDispatch.java:33)
	at org.gradle.internal.dispatch.ProxyDispatchAdapter$DispatchingInvocationHandler.invoke(ProxyDispatchAdapter.java:94)
	at jdk.proxy1/jdk.proxy1.$Proxy2.processTestClass(Unknown Source)
	at org.gradle.api.internal.tasks.testing.worker.TestWorker$2.run(TestWorker.java:176)
	at org.gradle.api.internal.tasks.testing.worker.TestWorker.executeAndMaintainThreadName(TestWorker.java:129)
	at org.gradle.api.internal.tasks.testing.worker.TestWorker.execute(TestWorker.java:100)
	at org.gradle.api.internal.tasks.testing.worker.TestWorker.execute(TestWorker.java:60)
	at org.gradle.process.internal.worker.child.ActionExecutionWorker.execute(ActionExecutionWorker.java:56)
	at org.gradle.process.internal.worker.child.SystemApplicationClassLoaderWorker.call(SystemApplicationClassLoaderWorker.java:133)
	at org.gradle.process.internal.worker.child.SystemApplicationClassLoaderWorker.call(SystemApplicationClassLoaderWorker.java:71)
	at worker.org.gradle.process.internal.worker.GradleWorkerMain.run(GradleWorkerMain.java:69)
	at worker.org.gradle.process.internal.worker.GradleWorkerMain.main(GradleWorkerMain.java:74)
</failure>
  </testcase>
  <system-out><![CDATA[?[1;31m
Start test 1?[0m

  .   ____          _            __ _ _
 /\\ / ___'_ __ _ _(_)_ __  __ _ \ \ \ \
( ( )\___ | '_ | '_| | '_ \/ _` | \ \ \ \
 \\/  ___)| |_)| | | | | || (_| |  ) ) ) )
  '  |____| .__|_| |_|_| |_\__, | / / / /
 =========|_|==============|___/=/_/_/_/
 :: Spring Boot ::                (v2.5.6)

2022-04-08 09:58:42.295  INFO 16284 --- [    Test worker] engine.WebQuizEngine                     : Starting WebQuizEngine using Java 17.0.1 on Fractal with PID 16284 (started by Fractal in D:\RepositoryRoadToProfession\Web Quiz Engine\Web Quiz Engine\task)
2022-04-08 09:58:42.298  INFO 16284 --- [    Test worker] engine.WebQuizEngine                     : No active profile set, falling back to default profiles: default
2022-04-08 09:58:43.294  INFO 16284 --- [    Test worker] .s.d.r.c.RepositoryConfigurationDelegate : Bootstrapping Spring Data JPA repositories in DEFAULT mode.
2022-04-08 09:58:43.347  INFO 16284 --- [    Test worker] .s.d.r.c.RepositoryConfigurationDelegate : Finished Spring Data repository scanning in 40 ms. Found 2 JPA repository interfaces.
2022-04-08 09:58:43.980  INFO 16284 --- [    Test worker] o.s.b.w.embedded.tomcat.TomcatWebServer  : Tomcat initialized with port(s): 8889 (http)
2022-04-08 09:58:43.991  INFO 16284 --- [    Test worker] o.apache.catalina.core.StandardService   : Starting service [Tomcat]
2022-04-08 09:58:43.991  INFO 16284 --- [    Test worker] org.apache.catalina.core.StandardEngine  : Starting Servlet engine: [Apache Tomcat/9.0.54]
2022-04-08 09:58:44.104  INFO 16284 --- [    Test worker] o.a.c.c.C.[Tomcat].[localhost].[/]       : Initializing Spring embedded WebApplicationContext
2022-04-08 09:58:44.105  INFO 16284 --- [    Test worker] w.s.c.ServletWebServerApplicationContext : Root WebApplicationContext: initialization completed in 1758 ms
2022-04-08 09:58:44.239  INFO 16284 --- [    Test worker] com.zaxxer.hikari.HikariDataSource       : HikariPool-1 - Starting...
2022-04-08 09:58:44.440  INFO 16284 --- [    Test worker] com.zaxxer.hikari.HikariDataSource       : HikariPool-1 - Start completed.
2022-04-08 09:58:44.458  INFO 16284 --- [    Test worker] o.s.b.a.h2.H2ConsoleAutoConfiguration    : H2 console available at '/h2-console'. Database available at 'jdbc:h2:file:../quizdb'
2022-04-08 09:58:44.630  INFO 16284 --- [    Test worker] o.hibernate.jpa.internal.util.LogHelper  : HHH000204: Processing PersistenceUnitInfo [name: default]
2022-04-08 09:58:44.699  INFO 16284 --- [    Test worker] org.hibernate.Version                    : HHH000412: Hibernate ORM core version 5.4.32.Final
2022-04-08 09:58:44.870  INFO 16284 --- [    Test worker] o.hibernate.annotations.common.Version   : HCANN000001: Hibernate Commons Annotations {5.1.2.Final}
2022-04-08 09:58:45.003  INFO 16284 --- [    Test worker] org.hibernate.dialect.Dialect            : HHH000400: Using dialect: org.hibernate.dialect.H2Dialect
2022-04-08 09:58:45.678  INFO 16284 --- [    Test worker] o.h.e.t.j.p.i.JtaPlatformInitiator       : HHH000490: Using JtaPlatform implementation: [org.hibernate.engine.transaction.jta.platform.internal.NoJtaPlatform]
2022-04-08 09:58:45.685  INFO 16284 --- [    Test worker] j.LocalContainerEntityManagerFactoryBean : Initialized JPA EntityManagerFactory for persistence unit 'default'
2022-04-08 09:58:46.082  WARN 16284 --- [    Test worker] JpaBaseConfiguration$JpaWebConfiguration : spring.jpa.open-in-view is enabled by default. Therefore, database queries may be performed during view rendering. Explicitly configure spring.jpa.open-in-view to disable this warning
2022-04-08 09:58:46.559  INFO 16284 --- [    Test worker] o.s.b.a.e.web.EndpointLinksResolver      : Exposing 14 endpoint(s) beneath base path '/actuator'
2022-04-08 09:58:46.619  INFO 16284 --- [    Test worker] o.s.s.web.DefaultSecurityFilterChain     : Will secure any request with [org.springframework.security.web.context.request.async.WebAsyncManagerIntegrationFilter@4bd39edc, org.springframework.security.web.context.SecurityContextPersistenceFilter@377cc0f8, org.springframework.security.web.header.HeaderWriterFilter@54e3cba2, org.springframework.security.web.authentication.logout.LogoutFilter@4fae4c3b, org.springframework.security.web.authentication.www.BasicAuthenticationFilter@1ebb36df, org.springframework.security.web.savedrequest.RequestCacheAwareFilter@fbdba1c, org.springframework.security.web.servletapi.SecurityContextHolderAwareRequestFilter@535aa7c7, org.springframework.security.web.authentication.AnonymousAuthenticationFilter@3ba50851, org.springframework.security.web.session.SessionManagementFilter@40ed4674, org.springframework.security.web.access.ExceptionTranslationFilter@294ebdae, org.springframework.security.web.access.intercept.FilterSecurityInterceptor@38991781]
2022-04-08 09:58:46.887  INFO 16284 --- [    Test worker] o.s.b.w.embedded.tomcat.TomcatWebServer  : Tomcat started on port(s): 8889 (http) with context path ''
2022-04-08 09:58:46.901  INFO 16284 --- [    Test worker] engine.WebQuizEngine                     : Started WebQuizEngine in 4.954 seconds (JVM running for 5.736)
2022-04-08 09:58:47.215  INFO 16284 --- [nio-8889-exec-1] o.a.c.c.C.[Tomcat].[localhost].[/]       : Initializing Spring DispatcherServlet 'dispatcherServlet'
2022-04-08 09:58:47.215  INFO 16284 --- [nio-8889-exec-1] o.s.web.servlet.DispatcherServlet        : Initializing Servlet 'dispatcherServlet'
2022-04-08 09:58:47.217  INFO 16284 --- [nio-8889-exec-1] o.s.web.servlet.DispatcherServlet        : Completed initialization in 2 ms
?[1;31m
Start test 2?[0m
?[1;31m
Start test 3?[0m
]]></system-out>
  <system-err><![CDATA[]]></system-err>
</testsuite>
