<?xml version="1.0" encoding="UTF-8"?>
<testsuite name="tests.WebQuizEngineTest" tests="1" skipped="0" failures="1" errors="0" timestamp="2022-04-08T08:12:05" hostname="FRACTAL" time="9.867">
  <properties/>
  <testcase name="start" classname="tests.WebQuizEngineTest" time="9.867">
    <failure message="java.lang.AssertionError: Wrong answer in test #43&#10;&#10;GET /api/quizzes should respond with status code 200, responded: 401&#10;&#10;Response body:&#10;&#10;{&quot;timestamp&quot;:&quot;2022-04-08T08:12:14.880+00:00&quot;,&quot;status&quot;:401,&quot;error&quot;:&quot;Unauthorized&quot;,&quot;message&quot;:&quot;Unauthorized&quot;,&quot;path&quot;:&quot;/api/quizzes&quot;}&#10;&#10;Please find below the output of your program during this failed test.&#10;&#10;---&#10;&#10;.   ____          _            __ _ _&#10; /\\ / ___'_ __ _ _(_)_ __  __ _ \ \ \ \&#10;( ( )\___ | '_ | '_| | '_ \/ _` | \ \ \ \&#10; \\/  ___)| |_)| | | | | || (_| |  ) ) ) )&#10;  '  |____| .__|_| |_|_| |_\__, | / / / /&#10; =========|_|==============|___/=/_/_/_/&#10; :: Spring Boot ::                (v2.5.6)&#10;&#10;2022-04-08 11:12:05.647  INFO 8516 --- [    Test worker] engine.WebQuizEngine                     : Starting WebQuizEngine using Java 17.0.1 on Fractal with PID 8516 (started by Fractal in D:\RepositoryRoadToProfession\Web Quiz Engine\Web Quiz Engine\task)&#10;2022-04-08 11:12:05.650  INFO 8516 --- [    Test worker] engine.WebQuizEngine                     : No active profile set, falling back to default profiles: default&#10;2022-04-08 11:12:06.662  INFO 8516 --- [    Test worker] .s.d.r.c.RepositoryConfigurationDelegate : Bootstrapping Spring Data JPA repositories in DEFAULT mode.&#10;2022-04-08 11:12:06.708  INFO 8516 --- [    Test worker] .s.d.r.c.RepositoryConfigurationDelegate : Finished Spring Data repository scanning in 38 ms. Found 2 JPA repository interfaces.&#10;2022-04-08 11:12:07.325  INFO 8516 --- [    Test worker] o.s.b.w.embedded.tomcat.TomcatWebServer  : Tomcat initialized with port(s): 8889 (http)&#10;2022-04-08 11:12:07.336  INFO 8516 --- [    Test worker] o.apache.catalina.core.StandardService   : Starting service [Tomcat]&#10;2022-04-08 11:12:07.337  INFO 8516 --- [    Test worker] org.apache.catalina.core.StandardEngine  : Starting Servlet engine: [Apache Tomcat/9.0.54]&#10;2022-04-08 11:12:07.451  INFO 8516 --- [    Test worker] o.a.c.c.C.[Tomcat].[localhost].[/]       : Initializing Spring embedded WebApplicationContext&#10;2022-04-08 11:12:07.452  INFO 8516 --- [    Test worker] w.s.c.ServletWebServerApplicationContext : Root WebApplicationContext: initialization completed in 1752 ms&#10;2022-04-08 11:12:07.589  INFO 8516 --- [    Test worker] com.zaxxer.hikari.HikariDataSource       : HikariPool-1 - Starting...&#10;2022-04-08 11:12:07.789  INFO 8516 --- [    Test worker] com.zaxxer.hikari.HikariDataSource       : HikariPool-1 - Start completed.&#10;2022-04-08 11:12:07.801  INFO 8516 --- [    Test worker] o.s.b.a.h2.H2ConsoleAutoConfiguration    : H2 console available at '/h2-console'. Database available at 'jdbc:h2:file:../quizdb'&#10;2022-04-08 11:12:07.976  INFO 8516 --- [    Test worker] o.hibernate.jpa.internal.util.LogHelper  : HHH000204: Processing PersistenceUnitInfo [name: default]&#10;2022-04-08 11:12:08.056  INFO 8516 --- [    Test worker] org.hibernate.Version                    : HHH000412: Hibernate ORM core version 5.4.32.Final&#10;2022-04-08 11:12:08.224  INFO 8516 --- [    Test worker] o.hibernate.annotations.common.Version   : HCANN000001: Hibernate Commons Annotations {5.1.2.Final}&#10;2022-04-08 11:12:08.367  INFO 8516 --- [    Test worker] org.hibernate.dialect.Dialect            : HHH000400: Using dialect: org.hibernate.dialect.H2Dialect&#10;2022-04-08 11:12:09.096  INFO 8516 --- [    Test worker] o.h.e.t.j.p.i.JtaPlatformInitiator       : HHH000490: Using JtaPlatform implementation: [org.hibernate.engine.transaction.jta.platform.internal.NoJtaPlatform]&#10;2022-04-08 11:12:09.103  INFO 8516 --- [    Test worker] j.LocalContainerEntityManagerFactoryBean : Initialized JPA EntityManagerFactory for persistence unit 'default'&#10;2022-04-08 11:12:09.485  WARN 8516 --- [    Test worker] JpaBaseConfiguration$JpaWebConfiguration : spring.jpa.open-in-view is enabled by default. Therefore, database queries may be performed during view rendering. Explicitly configure spring.jpa.open-in-view to disable this warning&#10;2022-04-08 11:12:09.977  INFO 8516 --- [    Test worker] o.s.b.a.e.web.EndpointLinksResolver      : Exposing 14 endpoint(s) beneath base path '/actuator'&#10;2022-04-08 11:12:10.042  INFO 8516 --- [    Test worker] o.s.s.web.DefaultSecurityFilterChain     : Will secure any request with [org.springframework.security.web.context.request.async.WebAsyncManagerIntegrationFilter@3ba50851, org.springframework.security.web.context.SecurityContextPersistenceFilter@40ed4674, org.springframework.security.web.header.HeaderWriterFilter@294ebdae, org.springframework.security.web.authentication.logout.LogoutFilter@2c485b3a, org.springframework.security.web.authentication.www.BasicAuthenticationFilter@1f4de96e, org.springframework.security.web.savedrequest.RequestCacheAwareFilter@377cc0f8, org.springframework.security.web.servletapi.SecurityContextHolderAwareRequestFilter@48dc9950, org.springframework.security.web.authentication.AnonymousAuthenticationFilter@5c20841d, org.springframework.security.web.session.SessionManagementFilter@6b7e4db6, org.springframework.security.web.access.ExceptionTranslationFilter@3ecc9baa, org.springframework.security.web.access.intercept.FilterSecurityInterceptor@3c577368]&#10;2022-04-08 11:12:10.306  INFO 8516 --- [    Test worker] o.s.b.w.embedded.tomcat.TomcatWebServer  : Tomcat started on port(s): 8889 (http) with context path ''&#10;2022-04-08 11:12:10.319  INFO 8516 --- [    Test worker] engine.WebQuizEngine                     : Started WebQuizEngine in 5.024 seconds (JVM running for 5.809)&#10;2022-04-08 11:12:10.632  INFO 8516 --- [nio-8889-exec-1] o.a.c.c.C.[Tomcat].[localhost].[/]       : Initializing Spring DispatcherServlet 'dispatcherServlet'&#10;2022-04-08 11:12:10.633  INFO 8516 --- [nio-8889-exec-1] o.s.web.servlet.DispatcherServlet        : Initializing Servlet 'dispatcherServlet'&#10;2022-04-08 11:12:10.634  INFO 8516 --- [nio-8889-exec-1] o.s.web.servlet.DispatcherServlet        : Completed initialization in 1 ms&#10;2022-04-08 11:12:11.089  WARN 8516 --- [nio-8889-exec-3] .w.s.m.s.DefaultHandlerExceptionResolver : Resolved [org.springframework.web.bind.MethodArgumentNotValidException: Validation failed for argument [0] in public void engine.presentation.UserController.register(engine.businesslayer.User): [Field error in object 'user' on field 'username': rejected value [google.com]; codes [Pattern.user.username,Pattern.username,Pattern.java.lang.String,Pattern]; arguments [org.springframework.context.support.DefaultMessageSourceResolvable: codes [user.username,username]; arguments []; default message [username],[Ljavax.validation.constraints.Pattern$Flag;@1a700355,^([\w-]+(?:\.[\w-]+)*)@((?:[\w-]+\.)*\w[\w-]{0,66})\.([a-z]{2,6}(?:\.[a-z]{2})?)$]; default message [must match &quot;^([\w-]+(?:\.[\w-]+)*)@((?:[\w-]+\.)*\w[\w-]{0,66})\.([a-z]{2,6}(?:\.[a-z]{2})?)$&quot;]] ]&#10;2022-04-08 11:12:11.124  WARN 8516 --- [nio-8889-exec-4] .w.s.m.s.DefaultHandlerExceptionResolver : Resolved [org.springframework.web.bind.MethodArgumentNotValidException: Validation failed for argument [0] in public void engine.presentation.UserController.register(engine.businesslayer.User): [Field error in object 'user' on field 'username': rejected value [well@googlecom]; codes [Pattern.user.username,Pattern.username,Pattern.java.lang.String,Pattern]; arguments [org.springframework.context.support.DefaultMessageSourceResolvable: codes [user.username,username]; arguments []; default message [username],[Ljavax.validation.constraints.Pattern$Flag;@1a700355,^([\w-]+(?:\.[\w-]+)*)@((?:[\w-]+\.)*\w[\w-]{0,66})\.([a-z]{2,6}(?:\.[a-z]{2})?)$]; default message [must match &quot;^([\w-]+(?:\.[\w-]+)*)@((?:[\w-]+\.)*\w[\w-]{0,66})\.([a-z]{2,6}(?:\.[a-z]{2})?)$&quot;]] ]&#10;2022-04-08 11:12:11.152  WARN 8516 --- [nio-8889-exec-6] .w.s.m.s.DefaultHandlerExceptionResolver : Resolved [org.springframework.web.bind.MethodArgumentNotValidException: Validation failed for argument [0] in public void engine.presentation.UserController.register(engine.businesslayer.User): [Field error in object 'user' on field 'password': rejected value [1234]; codes [Length.user.password,Length.password,Length.java.lang.String,Length]; arguments [org.springframework.context.support.DefaultMessageSourceResolvable: codes [user.password,password]; arguments []; default message [password],2147483647,5]; default message [length must be between 5 and 2147483647]] ]&#10;2022-04-08 11:12:11.161  WARN 8516 --- [nio-8889-exec-7] .w.s.m.s.DefaultHandlerExceptionResolver : Resolved [org.springframework.web.bind.MethodArgumentNotValidException: Validation failed for argument [0] in public void engine.presentation.UserController.register(engine.businesslayer.User): [Field error in object 'user' on field 'password': rejected value [123]; codes [Length.user.password,Length.password,Length.java.lang.String,Length]; arguments [org.springframework.context.support.DefaultMessageSourceResolvable: codes [user.password,password]; arguments []; default message [password],2147483647,5]; default message [length must be between 5 and 2147483647]] ]&#10;2022-04-08 11:12:13.833  INFO 8516 --- [       Thread-5] j.LocalContainerEntityManagerFactoryBean : Closing JPA EntityManagerFactory for persistence unit 'default'&#10;2022-04-08 11:12:13.837  INFO 8516 --- [       Thread-5] com.zaxxer.hikari.HikariDataSource       : HikariPool-1 - Shutdown initiated...&#10;2022-04-08 11:12:13.856  INFO 8516 --- [       Thread-5] com.zaxxer.hikari.HikariDataSource       : HikariPool-1 - Shutdown completed.&#10;&#10;  .   ____          _            __ _ _&#10; /\\ / ___'_ __ _ _(_)_ __  __ _ \ \ \ \&#10;( ( )\___ | '_ | '_| | '_ \/ _` | \ \ \ \&#10; \\/  ___)| |_)| | | | | || (_| |  ) ) ) )&#10;  '  |____| .__|_| |_|_| |_\__, | / / / /&#10; =========|_|==============|___/=/_/_/_/&#10; :: Spring Boot ::                (v2.5.6)&#10;&#10;2022-04-08 11:12:13.931  INFO 8516 --- [    Test worker] engine.WebQuizEngine                     : Starting WebQuizEngine using Java 17.0.1 on Fractal with PID 8516 (started by Fractal in D:\RepositoryRoadToProfession\Web Quiz Engine\Web Quiz Engine\task)&#10;2022-04-08 11:12:13.932  INFO 8516 --- [    Test worker] engine.WebQuizEngine                     : No active profile set, falling back to default profiles: default&#10;2022-04-08 11:12:14.182  INFO 8516 --- [    Test worker] .s.d.r.c.RepositoryConfigurationDelegate : Bootstrapping Spring Data JPA repositories in DEFAULT mode.&#10;2022-04-08 11:12:14.192  INFO 8516 --- [    Test worker] .s.d.r.c.RepositoryConfigurationDelegate : Finished Spring Data repository scanning in 9 ms. Found 2 JPA repository interfaces.&#10;2022-04-08 11:12:14.280  INFO 8516 --- [    Test worker] o.s.b.w.embedded.tomcat.TomcatWebServer  : Tomcat initialized with port(s): 8889 (http)&#10;2022-04-08 11:12:14.281  INFO 8516 --- [    Test worker] o.apache.catalina.core.StandardService   : Starting service [Tomcat]&#10;2022-04-08 11:12:14.281  INFO 8516 --- [    Test worker] org.apache.catalina.core.StandardEngine  : Starting Servlet engine: [Apache Tomcat/9.0.54]&#10;2022-04-08 11:12:14.318  INFO 8516 --- [    Test worker] o.a.c.c.C.[Tomcat].[localhost].[/]       : Initializing Spring embedded WebApplicationContext&#10;2022-04-08 11:12:14.319  INFO 8516 --- [    Test worker] w.s.c.ServletWebServerApplicationContext : Root WebApplicationContext: initialization completed in 385 ms&#10;2022-04-08 11:12:14.359  INFO 8516 --- [    Test worker] com.zaxxer.hikari.HikariDataSource       : HikariPool-2 - Starting...&#10;2022-04-08 11:12:14.371  INFO 8516 --- [    Test worker] com.zaxxer.hikari.HikariDataSource       : HikariPool-2 - Start completed.&#10;2022-04-08 11:12:14.371  INFO 8516 --- [    Test worker] o.s.b.a.h2.H2ConsoleAutoConfiguration    : H2 console available at '/h2-console'. Database available at 'jdbc:h2:file:../quizdb'&#10;2022-04-08 11:12:14.409  INFO 8516 --- [    Test worker] o.hibernate.jpa.internal.util.LogHelper  : HHH000204: Processing PersistenceUnitInfo [name: default]&#10;2022-04-08 11:12:14.415  INFO 8516 --- [    Test worker] org.hibernate.dialect.Dialect            : HHH000400: Using dialect: org.hibernate.dialect.H2Dialect&#10;2022-04-08 11:12:14.461  INFO 8516 --- [    Test worker] o.h.e.t.j.p.i.JtaPlatformInitiator       : HHH000490: Using JtaPlatform implementation: [org.hibernate.engine.transaction.jta.platform.internal.NoJtaPlatform]&#10;2022-04-08 11:12:14.461  INFO 8516 --- [    Test worker] j.LocalContainerEntityManagerFactoryBean : Initialized JPA EntityManagerFactory for persistence unit 'default'&#10;2022-04-08 11:12:14.519  WARN 8516 --- [    Test worker] JpaBaseConfiguration$JpaWebConfiguration : spring.jpa.open-in-view is enabled by default. Therefore, database queries may be performed during view rendering. Explicitly configure spring.jpa.open-in-view to disable this warning&#10;2022-04-08 11:12:14.646  INFO 8516 --- [    Test worker] o.s.b.a.e.web.EndpointLinksResolver      : Exposing 14 endpoint(s) beneath base path '/actuator'&#10;2022-04-08 11:12:14.657  INFO 8516 --- [    Test worker] o.s.s.web.DefaultSecurityFilterChain     : Will secure any request with [org.springframework.security.web.context.request.async.WebAsyncManagerIntegrationFilter@1a5ea4cf, org.springframework.security.web.context.SecurityContextPersistenceFilter@24710e61, org.springframework.security.web.header.HeaderWriterFilter@517d68b8, org.springframework.security.web.authentication.logout.LogoutFilter@5599f22f, org.springframework.security.web.authentication.www.BasicAuthenticationFilter@b7952d2, org.springframework.security.web.savedrequest.RequestCacheAwareFilter@1a983294, org.springframework.security.web.servletapi.SecurityContextHolderAwareRequestFilter@209ab1d7, org.springframework.security.web.authentication.AnonymousAuthenticationFilter@33e80a27, org.springframework.security.web.session.SessionManagementFilter@58b03882, org.springframework.security.web.access.ExceptionTranslationFilter@402fcf14, org.springframework.security.web.access.intercept.FilterSecurityInterceptor@cf933b1]&#10;2022-04-08 11:12:14.728  INFO 8516 --- [    Test worker] o.s.b.w.embedded.tomcat.TomcatWebServer  : Tomcat started on port(s): 8889 (http) with context path ''&#10;2022-04-08 11:12:14.735  INFO 8516 --- [    Test worker] engine.WebQuizEngine                     : Started WebQuizEngine in 0.836 seconds (JVM running for 10.226)&#10;2022-04-08 11:12:14.743  INFO 8516 --- [nio-8889-exec-1] o.a.c.c.C.[Tomcat].[localhost].[/]       : Initializing Spring DispatcherServlet 'dispatcherServlet'&#10;2022-04-08 11:12:14.743  INFO 8516 --- [nio-8889-exec-1] o.s.web.servlet.DispatcherServlet        : Initializing Servlet 'dispatcherServlet'&#10;2022-04-08 11:12:14.746  INFO 8516 --- [nio-8889-exec-1] o.s.web.servlet.DispatcherServlet        : Completed initialization in 2 ms" type="java.lang.AssertionError">java.lang.AssertionError: Wrong answer in test #43

GET /api/quizzes should respond with status code 200, responded: 401

Response body:

{&quot;timestamp&quot;:&quot;2022-04-08T08:12:14.880+00:00&quot;,&quot;status&quot;:401,&quot;error&quot;:&quot;Unauthorized&quot;,&quot;message&quot;:&quot;Unauthorized&quot;,&quot;path&quot;:&quot;/api/quizzes&quot;}

Please find below the output of your program during this failed test.

---

.   ____          _            __ _ _
 /\\ / ___'_ __ _ _(_)_ __  __ _ \ \ \ \
( ( )\___ | '_ | '_| | '_ \/ _` | \ \ \ \
 \\/  ___)| |_)| | | | | || (_| |  ) ) ) )
  '  |____| .__|_| |_|_| |_\__, | / / / /
 =========|_|==============|___/=/_/_/_/
 :: Spring Boot ::                (v2.5.6)

2022-04-08 11:12:05.647  INFO 8516 --- [    Test worker] engine.WebQuizEngine                     : Starting WebQuizEngine using Java 17.0.1 on Fractal with PID 8516 (started by Fractal in D:\RepositoryRoadToProfession\Web Quiz Engine\Web Quiz Engine\task)
2022-04-08 11:12:05.650  INFO 8516 --- [    Test worker] engine.WebQuizEngine                     : No active profile set, falling back to default profiles: default
2022-04-08 11:12:06.662  INFO 8516 --- [    Test worker] .s.d.r.c.RepositoryConfigurationDelegate : Bootstrapping Spring Data JPA repositories in DEFAULT mode.
2022-04-08 11:12:06.708  INFO 8516 --- [    Test worker] .s.d.r.c.RepositoryConfigurationDelegate : Finished Spring Data repository scanning in 38 ms. Found 2 JPA repository interfaces.
2022-04-08 11:12:07.325  INFO 8516 --- [    Test worker] o.s.b.w.embedded.tomcat.TomcatWebServer  : Tomcat initialized with port(s): 8889 (http)
2022-04-08 11:12:07.336  INFO 8516 --- [    Test worker] o.apache.catalina.core.StandardService   : Starting service [Tomcat]
2022-04-08 11:12:07.337  INFO 8516 --- [    Test worker] org.apache.catalina.core.StandardEngine  : Starting Servlet engine: [Apache Tomcat/9.0.54]
2022-04-08 11:12:07.451  INFO 8516 --- [    Test worker] o.a.c.c.C.[Tomcat].[localhost].[/]       : Initializing Spring embedded WebApplicationContext
2022-04-08 11:12:07.452  INFO 8516 --- [    Test worker] w.s.c.ServletWebServerApplicationContext : Root WebApplicationContext: initialization completed in 1752 ms
2022-04-08 11:12:07.589  INFO 8516 --- [    Test worker] com.zaxxer.hikari.HikariDataSource       : HikariPool-1 - Starting...
2022-04-08 11:12:07.789  INFO 8516 --- [    Test worker] com.zaxxer.hikari.HikariDataSource       : HikariPool-1 - Start completed.
2022-04-08 11:12:07.801  INFO 8516 --- [    Test worker] o.s.b.a.h2.H2ConsoleAutoConfiguration    : H2 console available at '/h2-console'. Database available at 'jdbc:h2:file:../quizdb'
2022-04-08 11:12:07.976  INFO 8516 --- [    Test worker] o.hibernate.jpa.internal.util.LogHelper  : HHH000204: Processing PersistenceUnitInfo [name: default]
2022-04-08 11:12:08.056  INFO 8516 --- [    Test worker] org.hibernate.Version                    : HHH000412: Hibernate ORM core version 5.4.32.Final
2022-04-08 11:12:08.224  INFO 8516 --- [    Test worker] o.hibernate.annotations.common.Version   : HCANN000001: Hibernate Commons Annotations {5.1.2.Final}
2022-04-08 11:12:08.367  INFO 8516 --- [    Test worker] org.hibernate.dialect.Dialect            : HHH000400: Using dialect: org.hibernate.dialect.H2Dialect
2022-04-08 11:12:09.096  INFO 8516 --- [    Test worker] o.h.e.t.j.p.i.JtaPlatformInitiator       : HHH000490: Using JtaPlatform implementation: [org.hibernate.engine.transaction.jta.platform.internal.NoJtaPlatform]
2022-04-08 11:12:09.103  INFO 8516 --- [    Test worker] j.LocalContainerEntityManagerFactoryBean : Initialized JPA EntityManagerFactory for persistence unit 'default'
2022-04-08 11:12:09.485  WARN 8516 --- [    Test worker] JpaBaseConfiguration$JpaWebConfiguration : spring.jpa.open-in-view is enabled by default. Therefore, database queries may be performed during view rendering. Explicitly configure spring.jpa.open-in-view to disable this warning
2022-04-08 11:12:09.977  INFO 8516 --- [    Test worker] o.s.b.a.e.web.EndpointLinksResolver      : Exposing 14 endpoint(s) beneath base path '/actuator'
2022-04-08 11:12:10.042  INFO 8516 --- [    Test worker] o.s.s.web.DefaultSecurityFilterChain     : Will secure any request with [org.springframework.security.web.context.request.async.WebAsyncManagerIntegrationFilter@3ba50851, org.springframework.security.web.context.SecurityContextPersistenceFilter@40ed4674, org.springframework.security.web.header.HeaderWriterFilter@294ebdae, org.springframework.security.web.authentication.logout.LogoutFilter@2c485b3a, org.springframework.security.web.authentication.www.BasicAuthenticationFilter@1f4de96e, org.springframework.security.web.savedrequest.RequestCacheAwareFilter@377cc0f8, org.springframework.security.web.servletapi.SecurityContextHolderAwareRequestFilter@48dc9950, org.springframework.security.web.authentication.AnonymousAuthenticationFilter@5c20841d, org.springframework.security.web.session.SessionManagementFilter@6b7e4db6, org.springframework.security.web.access.ExceptionTranslationFilter@3ecc9baa, org.springframework.security.web.access.intercept.FilterSecurityInterceptor@3c577368]
2022-04-08 11:12:10.306  INFO 8516 --- [    Test worker] o.s.b.w.embedded.tomcat.TomcatWebServer  : Tomcat started on port(s): 8889 (http) with context path ''
2022-04-08 11:12:10.319  INFO 8516 --- [    Test worker] engine.WebQuizEngine                     : Started WebQuizEngine in 5.024 seconds (JVM running for 5.809)
2022-04-08 11:12:10.632  INFO 8516 --- [nio-8889-exec-1] o.a.c.c.C.[Tomcat].[localhost].[/]       : Initializing Spring DispatcherServlet 'dispatcherServlet'
2022-04-08 11:12:10.633  INFO 8516 --- [nio-8889-exec-1] o.s.web.servlet.DispatcherServlet        : Initializing Servlet 'dispatcherServlet'
2022-04-08 11:12:10.634  INFO 8516 --- [nio-8889-exec-1] o.s.web.servlet.DispatcherServlet        : Completed initialization in 1 ms
2022-04-08 11:12:11.089  WARN 8516 --- [nio-8889-exec-3] .w.s.m.s.DefaultHandlerExceptionResolver : Resolved [org.springframework.web.bind.MethodArgumentNotValidException: Validation failed for argument [0] in public void engine.presentation.UserController.register(engine.businesslayer.User): [Field error in object 'user' on field 'username': rejected value [google.com]; codes [Pattern.user.username,Pattern.username,Pattern.java.lang.String,Pattern]; arguments [org.springframework.context.support.DefaultMessageSourceResolvable: codes [user.username,username]; arguments []; default message [username],[Ljavax.validation.constraints.Pattern$Flag;@1a700355,^([\w-]+(?:\.[\w-]+)*)@((?:[\w-]+\.)*\w[\w-]{0,66})\.([a-z]{2,6}(?:\.[a-z]{2})?)$]; default message [must match &quot;^([\w-]+(?:\.[\w-]+)*)@((?:[\w-]+\.)*\w[\w-]{0,66})\.([a-z]{2,6}(?:\.[a-z]{2})?)$&quot;]] ]
2022-04-08 11:12:11.124  WARN 8516 --- [nio-8889-exec-4] .w.s.m.s.DefaultHandlerExceptionResolver : Resolved [org.springframework.web.bind.MethodArgumentNotValidException: Validation failed for argument [0] in public void engine.presentation.UserController.register(engine.businesslayer.User): [Field error in object 'user' on field 'username': rejected value [well@googlecom]; codes [Pattern.user.username,Pattern.username,Pattern.java.lang.String,Pattern]; arguments [org.springframework.context.support.DefaultMessageSourceResolvable: codes [user.username,username]; arguments []; default message [username],[Ljavax.validation.constraints.Pattern$Flag;@1a700355,^([\w-]+(?:\.[\w-]+)*)@((?:[\w-]+\.)*\w[\w-]{0,66})\.([a-z]{2,6}(?:\.[a-z]{2})?)$]; default message [must match &quot;^([\w-]+(?:\.[\w-]+)*)@((?:[\w-]+\.)*\w[\w-]{0,66})\.([a-z]{2,6}(?:\.[a-z]{2})?)$&quot;]] ]
2022-04-08 11:12:11.152  WARN 8516 --- [nio-8889-exec-6] .w.s.m.s.DefaultHandlerExceptionResolver : Resolved [org.springframework.web.bind.MethodArgumentNotValidException: Validation failed for argument [0] in public void engine.presentation.UserController.register(engine.businesslayer.User): [Field error in object 'user' on field 'password': rejected value [1234]; codes [Length.user.password,Length.password,Length.java.lang.String,Length]; arguments [org.springframework.context.support.DefaultMessageSourceResolvable: codes [user.password,password]; arguments []; default message [password],2147483647,5]; default message [length must be between 5 and 2147483647]] ]
2022-04-08 11:12:11.161  WARN 8516 --- [nio-8889-exec-7] .w.s.m.s.DefaultHandlerExceptionResolver : Resolved [org.springframework.web.bind.MethodArgumentNotValidException: Validation failed for argument [0] in public void engine.presentation.UserController.register(engine.businesslayer.User): [Field error in object 'user' on field 'password': rejected value [123]; codes [Length.user.password,Length.password,Length.java.lang.String,Length]; arguments [org.springframework.context.support.DefaultMessageSourceResolvable: codes [user.password,password]; arguments []; default message [password],2147483647,5]; default message [length must be between 5 and 2147483647]] ]
2022-04-08 11:12:13.833  INFO 8516 --- [       Thread-5] j.LocalContainerEntityManagerFactoryBean : Closing JPA EntityManagerFactory for persistence unit 'default'
2022-04-08 11:12:13.837  INFO 8516 --- [       Thread-5] com.zaxxer.hikari.HikariDataSource       : HikariPool-1 - Shutdown initiated...
2022-04-08 11:12:13.856  INFO 8516 --- [       Thread-5] com.zaxxer.hikari.HikariDataSource       : HikariPool-1 - Shutdown completed.

  .   ____          _            __ _ _
 /\\ / ___'_ __ _ _(_)_ __  __ _ \ \ \ \
( ( )\___ | '_ | '_| | '_ \/ _` | \ \ \ \
 \\/  ___)| |_)| | | | | || (_| |  ) ) ) )
  '  |____| .__|_| |_|_| |_\__, | / / / /
 =========|_|==============|___/=/_/_/_/
 :: Spring Boot ::                (v2.5.6)

2022-04-08 11:12:13.931  INFO 8516 --- [    Test worker] engine.WebQuizEngine                     : Starting WebQuizEngine using Java 17.0.1 on Fractal with PID 8516 (started by Fractal in D:\RepositoryRoadToProfession\Web Quiz Engine\Web Quiz Engine\task)
2022-04-08 11:12:13.932  INFO 8516 --- [    Test worker] engine.WebQuizEngine                     : No active profile set, falling back to default profiles: default
2022-04-08 11:12:14.182  INFO 8516 --- [    Test worker] .s.d.r.c.RepositoryConfigurationDelegate : Bootstrapping Spring Data JPA repositories in DEFAULT mode.
2022-04-08 11:12:14.192  INFO 8516 --- [    Test worker] .s.d.r.c.RepositoryConfigurationDelegate : Finished Spring Data repository scanning in 9 ms. Found 2 JPA repository interfaces.
2022-04-08 11:12:14.280  INFO 8516 --- [    Test worker] o.s.b.w.embedded.tomcat.TomcatWebServer  : Tomcat initialized with port(s): 8889 (http)
2022-04-08 11:12:14.281  INFO 8516 --- [    Test worker] o.apache.catalina.core.StandardService   : Starting service [Tomcat]
2022-04-08 11:12:14.281  INFO 8516 --- [    Test worker] org.apache.catalina.core.StandardEngine  : Starting Servlet engine: [Apache Tomcat/9.0.54]
2022-04-08 11:12:14.318  INFO 8516 --- [    Test worker] o.a.c.c.C.[Tomcat].[localhost].[/]       : Initializing Spring embedded WebApplicationContext
2022-04-08 11:12:14.319  INFO 8516 --- [    Test worker] w.s.c.ServletWebServerApplicationContext : Root WebApplicationContext: initialization completed in 385 ms
2022-04-08 11:12:14.359  INFO 8516 --- [    Test worker] com.zaxxer.hikari.HikariDataSource       : HikariPool-2 - Starting...
2022-04-08 11:12:14.371  INFO 8516 --- [    Test worker] com.zaxxer.hikari.HikariDataSource       : HikariPool-2 - Start completed.
2022-04-08 11:12:14.371  INFO 8516 --- [    Test worker] o.s.b.a.h2.H2ConsoleAutoConfiguration    : H2 console available at '/h2-console'. Database available at 'jdbc:h2:file:../quizdb'
2022-04-08 11:12:14.409  INFO 8516 --- [    Test worker] o.hibernate.jpa.internal.util.LogHelper  : HHH000204: Processing PersistenceUnitInfo [name: default]
2022-04-08 11:12:14.415  INFO 8516 --- [    Test worker] org.hibernate.dialect.Dialect            : HHH000400: Using dialect: org.hibernate.dialect.H2Dialect
2022-04-08 11:12:14.461  INFO 8516 --- [    Test worker] o.h.e.t.j.p.i.JtaPlatformInitiator       : HHH000490: Using JtaPlatform implementation: [org.hibernate.engine.transaction.jta.platform.internal.NoJtaPlatform]
2022-04-08 11:12:14.461  INFO 8516 --- [    Test worker] j.LocalContainerEntityManagerFactoryBean : Initialized JPA EntityManagerFactory for persistence unit 'default'
2022-04-08 11:12:14.519  WARN 8516 --- [    Test worker] JpaBaseConfiguration$JpaWebConfiguration : spring.jpa.open-in-view is enabled by default. Therefore, database queries may be performed during view rendering. Explicitly configure spring.jpa.open-in-view to disable this warning
2022-04-08 11:12:14.646  INFO 8516 --- [    Test worker] o.s.b.a.e.web.EndpointLinksResolver      : Exposing 14 endpoint(s) beneath base path '/actuator'
2022-04-08 11:12:14.657  INFO 8516 --- [    Test worker] o.s.s.web.DefaultSecurityFilterChain     : Will secure any request with [org.springframework.security.web.context.request.async.WebAsyncManagerIntegrationFilter@1a5ea4cf, org.springframework.security.web.context.SecurityContextPersistenceFilter@24710e61, org.springframework.security.web.header.HeaderWriterFilter@517d68b8, org.springframework.security.web.authentication.logout.LogoutFilter@5599f22f, org.springframework.security.web.authentication.www.BasicAuthenticationFilter@b7952d2, org.springframework.security.web.savedrequest.RequestCacheAwareFilter@1a983294, org.springframework.security.web.servletapi.SecurityContextHolderAwareRequestFilter@209ab1d7, org.springframework.security.web.authentication.AnonymousAuthenticationFilter@33e80a27, org.springframework.security.web.session.SessionManagementFilter@58b03882, org.springframework.security.web.access.ExceptionTranslationFilter@402fcf14, org.springframework.security.web.access.intercept.FilterSecurityInterceptor@cf933b1]
2022-04-08 11:12:14.728  INFO 8516 --- [    Test worker] o.s.b.w.embedded.tomcat.TomcatWebServer  : Tomcat started on port(s): 8889 (http) with context path ''
2022-04-08 11:12:14.735  INFO 8516 --- [    Test worker] engine.WebQuizEngine                     : Started WebQuizEngine in 0.836 seconds (JVM running for 10.226)
2022-04-08 11:12:14.743  INFO 8516 --- [nio-8889-exec-1] o.a.c.c.C.[Tomcat].[localhost].[/]       : Initializing Spring DispatcherServlet 'dispatcherServlet'
2022-04-08 11:12:14.743  INFO 8516 --- [nio-8889-exec-1] o.s.web.servlet.DispatcherServlet        : Initializing Servlet 'dispatcherServlet'
2022-04-08 11:12:14.746  INFO 8516 --- [nio-8889-exec-1] o.s.web.servlet.DispatcherServlet        : Completed initialization in 2 ms
	at org.junit.Assert.fail(Assert.java:89)
	at org.hyperskill.hstest.stage.StageTest.start(StageTest.java:155)
	at java.base/jdk.internal.reflect.NativeMethodAccessorImpl.invoke0(Native Method)
	at java.base/jdk.internal.reflect.NativeMethodAccessorImpl.invoke(NativeMethodAccessorImpl.java:77)
	at java.base/jdk.internal.reflect.DelegatingMethodAccessorImpl.invoke(DelegatingMethodAccessorImpl.java:43)
	at java.base/java.lang.reflect.Method.invoke(Method.java:568)
	at org.junit.runners.model.FrameworkMethod$1.runReflectiveCall(FrameworkMethod.java:59)
	at org.junit.internal.runners.model.ReflectiveCallable.run(ReflectiveCallable.java:12)
	at org.junit.runners.model.FrameworkMethod.invokeExplosively(FrameworkMethod.java:56)
	at org.junit.internal.runners.statements.InvokeMethod.evaluate(InvokeMethod.java:17)
	at org.junit.internal.runners.statements.RunAfters.evaluate(RunAfters.java:27)
	at org.junit.runners.ParentRunner$3.evaluate(ParentRunner.java:306)
	at org.junit.runners.BlockJUnit4ClassRunner$1.evaluate(BlockJUnit4ClassRunner.java:100)
	at org.junit.runners.ParentRunner.runLeaf(ParentRunner.java:366)
	at org.junit.runners.BlockJUnit4ClassRunner.runChild(BlockJUnit4ClassRunner.java:103)
	at org.junit.runners.BlockJUnit4ClassRunner.runChild(BlockJUnit4ClassRunner.java:63)
	at org.junit.runners.ParentRunner$4.run(ParentRunner.java:331)
	at org.junit.runners.ParentRunner$1.schedule(ParentRunner.java:79)
	at org.junit.runners.ParentRunner.runChildren(ParentRunner.java:329)
	at org.junit.runners.ParentRunner.access$100(ParentRunner.java:66)
	at org.junit.runners.ParentRunner$2.evaluate(ParentRunner.java:293)
	at org.junit.runners.ParentRunner$3.evaluate(ParentRunner.java:306)
	at org.junit.runners.ParentRunner.run(ParentRunner.java:413)
	at org.gradle.api.internal.tasks.testing.junit.JUnitTestClassExecutor.runTestClass(JUnitTestClassExecutor.java:110)
	at org.gradle.api.internal.tasks.testing.junit.JUnitTestClassExecutor.execute(JUnitTestClassExecutor.java:58)
	at org.gradle.api.internal.tasks.testing.junit.JUnitTestClassExecutor.execute(JUnitTestClassExecutor.java:38)
	at org.gradle.api.internal.tasks.testing.junit.AbstractJUnitTestClassProcessor.processTestClass(AbstractJUnitTestClassProcessor.java:62)
	at org.gradle.api.internal.tasks.testing.SuiteTestClassProcessor.processTestClass(SuiteTestClassProcessor.java:51)
	at java.base/jdk.internal.reflect.NativeMethodAccessorImpl.invoke0(Native Method)
	at java.base/jdk.internal.reflect.NativeMethodAccessorImpl.invoke(NativeMethodAccessorImpl.java:77)
	at java.base/jdk.internal.reflect.DelegatingMethodAccessorImpl.invoke(DelegatingMethodAccessorImpl.java:43)
	at java.base/java.lang.reflect.Method.invoke(Method.java:568)
	at org.gradle.internal.dispatch.ReflectionDispatch.dispatch(ReflectionDispatch.java:36)
	at org.gradle.internal.dispatch.ReflectionDispatch.dispatch(ReflectionDispatch.java:24)
	at org.gradle.internal.dispatch.ContextClassLoaderDispatch.dispatch(ContextClassLoaderDispatch.java:33)
	at org.gradle.internal.dispatch.ProxyDispatchAdapter$DispatchingInvocationHandler.invoke(ProxyDispatchAdapter.java:94)
	at jdk.proxy1/jdk.proxy1.$Proxy2.processTestClass(Unknown Source)
	at org.gradle.api.internal.tasks.testing.worker.TestWorker$2.run(TestWorker.java:176)
	at org.gradle.api.internal.tasks.testing.worker.TestWorker.executeAndMaintainThreadName(TestWorker.java:129)
	at org.gradle.api.internal.tasks.testing.worker.TestWorker.execute(TestWorker.java:100)
	at org.gradle.api.internal.tasks.testing.worker.TestWorker.execute(TestWorker.java:60)
	at org.gradle.process.internal.worker.child.ActionExecutionWorker.execute(ActionExecutionWorker.java:56)
	at org.gradle.process.internal.worker.child.SystemApplicationClassLoaderWorker.call(SystemApplicationClassLoaderWorker.java:133)
	at org.gradle.process.internal.worker.child.SystemApplicationClassLoaderWorker.call(SystemApplicationClassLoaderWorker.java:71)
	at worker.org.gradle.process.internal.worker.GradleWorkerMain.run(GradleWorkerMain.java:69)
	at worker.org.gradle.process.internal.worker.GradleWorkerMain.main(GradleWorkerMain.java:74)
</failure>
  </testcase>
  <system-out><![CDATA[?[1;31m
Start test 1?[0m

  .   ____          _            __ _ _
 /\\ / ___'_ __ _ _(_)_ __  __ _ \ \ \ \
( ( )\___ | '_ | '_| | '_ \/ _` | \ \ \ \
 \\/  ___)| |_)| | | | | || (_| |  ) ) ) )
  '  |____| .__|_| |_|_| |_\__, | / / / /
 =========|_|==============|___/=/_/_/_/
 :: Spring Boot ::                (v2.5.6)

2022-04-08 11:12:05.647  INFO 8516 --- [    Test worker] engine.WebQuizEngine                     : Starting WebQuizEngine using Java 17.0.1 on Fractal with PID 8516 (started by Fractal in D:\RepositoryRoadToProfession\Web Quiz Engine\Web Quiz Engine\task)
2022-04-08 11:12:05.650  INFO 8516 --- [    Test worker] engine.WebQuizEngine                     : No active profile set, falling back to default profiles: default
2022-04-08 11:12:06.662  INFO 8516 --- [    Test worker] .s.d.r.c.RepositoryConfigurationDelegate : Bootstrapping Spring Data JPA repositories in DEFAULT mode.
2022-04-08 11:12:06.708  INFO 8516 --- [    Test worker] .s.d.r.c.RepositoryConfigurationDelegate : Finished Spring Data repository scanning in 38 ms. Found 2 JPA repository interfaces.
2022-04-08 11:12:07.325  INFO 8516 --- [    Test worker] o.s.b.w.embedded.tomcat.TomcatWebServer  : Tomcat initialized with port(s): 8889 (http)
2022-04-08 11:12:07.336  INFO 8516 --- [    Test worker] o.apache.catalina.core.StandardService   : Starting service [Tomcat]
2022-04-08 11:12:07.337  INFO 8516 --- [    Test worker] org.apache.catalina.core.StandardEngine  : Starting Servlet engine: [Apache Tomcat/9.0.54]
2022-04-08 11:12:07.451  INFO 8516 --- [    Test worker] o.a.c.c.C.[Tomcat].[localhost].[/]       : Initializing Spring embedded WebApplicationContext
2022-04-08 11:12:07.452  INFO 8516 --- [    Test worker] w.s.c.ServletWebServerApplicationContext : Root WebApplicationContext: initialization completed in 1752 ms
2022-04-08 11:12:07.589  INFO 8516 --- [    Test worker] com.zaxxer.hikari.HikariDataSource       : HikariPool-1 - Starting...
2022-04-08 11:12:07.789  INFO 8516 --- [    Test worker] com.zaxxer.hikari.HikariDataSource       : HikariPool-1 - Start completed.
2022-04-08 11:12:07.801  INFO 8516 --- [    Test worker] o.s.b.a.h2.H2ConsoleAutoConfiguration    : H2 console available at '/h2-console'. Database available at 'jdbc:h2:file:../quizdb'
2022-04-08 11:12:07.976  INFO 8516 --- [    Test worker] o.hibernate.jpa.internal.util.LogHelper  : HHH000204: Processing PersistenceUnitInfo [name: default]
2022-04-08 11:12:08.056  INFO 8516 --- [    Test worker] org.hibernate.Version                    : HHH000412: Hibernate ORM core version 5.4.32.Final
2022-04-08 11:12:08.224  INFO 8516 --- [    Test worker] o.hibernate.annotations.common.Version   : HCANN000001: Hibernate Commons Annotations {5.1.2.Final}
2022-04-08 11:12:08.367  INFO 8516 --- [    Test worker] org.hibernate.dialect.Dialect            : HHH000400: Using dialect: org.hibernate.dialect.H2Dialect
2022-04-08 11:12:09.096  INFO 8516 --- [    Test worker] o.h.e.t.j.p.i.JtaPlatformInitiator       : HHH000490: Using JtaPlatform implementation: [org.hibernate.engine.transaction.jta.platform.internal.NoJtaPlatform]
2022-04-08 11:12:09.103  INFO 8516 --- [    Test worker] j.LocalContainerEntityManagerFactoryBean : Initialized JPA EntityManagerFactory for persistence unit 'default'
2022-04-08 11:12:09.485  WARN 8516 --- [    Test worker] JpaBaseConfiguration$JpaWebConfiguration : spring.jpa.open-in-view is enabled by default. Therefore, database queries may be performed during view rendering. Explicitly configure spring.jpa.open-in-view to disable this warning
2022-04-08 11:12:09.977  INFO 8516 --- [    Test worker] o.s.b.a.e.web.EndpointLinksResolver      : Exposing 14 endpoint(s) beneath base path '/actuator'
2022-04-08 11:12:10.042  INFO 8516 --- [    Test worker] o.s.s.web.DefaultSecurityFilterChain     : Will secure any request with [org.springframework.security.web.context.request.async.WebAsyncManagerIntegrationFilter@3ba50851, org.springframework.security.web.context.SecurityContextPersistenceFilter@40ed4674, org.springframework.security.web.header.HeaderWriterFilter@294ebdae, org.springframework.security.web.authentication.logout.LogoutFilter@2c485b3a, org.springframework.security.web.authentication.www.BasicAuthenticationFilter@1f4de96e, org.springframework.security.web.savedrequest.RequestCacheAwareFilter@377cc0f8, org.springframework.security.web.servletapi.SecurityContextHolderAwareRequestFilter@48dc9950, org.springframework.security.web.authentication.AnonymousAuthenticationFilter@5c20841d, org.springframework.security.web.session.SessionManagementFilter@6b7e4db6, org.springframework.security.web.access.ExceptionTranslationFilter@3ecc9baa, org.springframework.security.web.access.intercept.FilterSecurityInterceptor@3c577368]
2022-04-08 11:12:10.306  INFO 8516 --- [    Test worker] o.s.b.w.embedded.tomcat.TomcatWebServer  : Tomcat started on port(s): 8889 (http) with context path ''
2022-04-08 11:12:10.319  INFO 8516 --- [    Test worker] engine.WebQuizEngine                     : Started WebQuizEngine in 5.024 seconds (JVM running for 5.809)
2022-04-08 11:12:10.632  INFO 8516 --- [nio-8889-exec-1] o.a.c.c.C.[Tomcat].[localhost].[/]       : Initializing Spring DispatcherServlet 'dispatcherServlet'
2022-04-08 11:12:10.633  INFO 8516 --- [nio-8889-exec-1] o.s.web.servlet.DispatcherServlet        : Initializing Servlet 'dispatcherServlet'
2022-04-08 11:12:10.634  INFO 8516 --- [nio-8889-exec-1] o.s.web.servlet.DispatcherServlet        : Completed initialization in 1 ms
?[1;31m
Start test 2?[0m
?[1;31m
Start test 3?[0m
2022-04-08 11:12:11.089  WARN 8516 --- [nio-8889-exec-3] .w.s.m.s.DefaultHandlerExceptionResolver : Resolved [org.springframework.web.bind.MethodArgumentNotValidException: Validation failed for argument [0] in public void engine.presentation.UserController.register(engine.businesslayer.User): [Field error in object 'user' on field 'username': rejected value [google.com]; codes [Pattern.user.username,Pattern.username,Pattern.java.lang.String,Pattern]; arguments [org.springframework.context.support.DefaultMessageSourceResolvable: codes [user.username,username]; arguments []; default message [username],[Ljavax.validation.constraints.Pattern$Flag;@1a700355,^([\w-]+(?:\.[\w-]+)*)@((?:[\w-]+\.)*\w[\w-]{0,66})\.([a-z]{2,6}(?:\.[a-z]{2})?)$]; default message [must match "^([\w-]+(?:\.[\w-]+)*)@((?:[\w-]+\.)*\w[\w-]{0,66})\.([a-z]{2,6}(?:\.[a-z]{2})?)$"]] ]
?[1;31m
Start test 4?[0m
2022-04-08 11:12:11.124  WARN 8516 --- [nio-8889-exec-4] .w.s.m.s.DefaultHandlerExceptionResolver : Resolved [org.springframework.web.bind.MethodArgumentNotValidException: Validation failed for argument [0] in public void engine.presentation.UserController.register(engine.businesslayer.User): [Field error in object 'user' on field 'username': rejected value [well@googlecom]; codes [Pattern.user.username,Pattern.username,Pattern.java.lang.String,Pattern]; arguments [org.springframework.context.support.DefaultMessageSourceResolvable: codes [user.username,username]; arguments []; default message [username],[Ljavax.validation.constraints.Pattern$Flag;@1a700355,^([\w-]+(?:\.[\w-]+)*)@((?:[\w-]+\.)*\w[\w-]{0,66})\.([a-z]{2,6}(?:\.[a-z]{2})?)$]; default message [must match "^([\w-]+(?:\.[\w-]+)*)@((?:[\w-]+\.)*\w[\w-]{0,66})\.([a-z]{2,6}(?:\.[a-z]{2})?)$"]] ]
?[1;31m
Start test 5?[0m
?[1;31m
Start test 6?[0m
2022-04-08 11:12:11.152  WARN 8516 --- [nio-8889-exec-6] .w.s.m.s.DefaultHandlerExceptionResolver : Resolved [org.springframework.web.bind.MethodArgumentNotValidException: Validation failed for argument [0] in public void engine.presentation.UserController.register(engine.businesslayer.User): [Field error in object 'user' on field 'password': rejected value [1234]; codes [Length.user.password,Length.password,Length.java.lang.String,Length]; arguments [org.springframework.context.support.DefaultMessageSourceResolvable: codes [user.password,password]; arguments []; default message [password],2147483647,5]; default message [length must be between 5 and 2147483647]] ]
?[1;31m
Start test 7?[0m
2022-04-08 11:12:11.161  WARN 8516 --- [nio-8889-exec-7] .w.s.m.s.DefaultHandlerExceptionResolver : Resolved [org.springframework.web.bind.MethodArgumentNotValidException: Validation failed for argument [0] in public void engine.presentation.UserController.register(engine.businesslayer.User): [Field error in object 'user' on field 'password': rejected value [123]; codes [Length.user.password,Length.password,Length.java.lang.String,Length]; arguments [org.springframework.context.support.DefaultMessageSourceResolvable: codes [user.password,password]; arguments []; default message [password],2147483647,5]; default message [length must be between 5 and 2147483647]] ]
?[1;31m
Start test 8?[0m
?[1;31m
Start test 9?[0m
?[1;31m
Start test 10?[0m
?[1;31m
Start test 11?[0m
?[1;31m
Start test 12?[0m
?[1;31m
Start test 13?[0m
?[1;31m
Start test 14?[0m
?[1;31m
Start test 15?[0m
?[1;31m
Start test 16?[0m
?[1;31m
Start test 17?[0m
?[1;31m
Start test 18?[0m
?[1;31m
Start test 19?[0m
?[1;31m
Start test 20?[0m
?[1;31m
Start test 21?[0m
?[1;31m
Start test 22?[0m
?[1;31m
Start test 23?[0m
?[1;31m
Start test 24?[0m
?[1;31m
Start test 25?[0m
?[1;31m
Start test 26?[0m
?[1;31m
Start test 27?[0m
?[1;31m
Start test 28?[0m
?[1;31m
Start test 29?[0m
?[1;31m
Start test 30?[0m
?[1;31m
Start test 31?[0m
?[1;31m
Start test 32?[0m
?[1;31m
Start test 33?[0m
?[1;31m
Start test 34?[0m
?[1;31m
Start test 35?[0m
?[1;31m
Start test 36?[0m
?[1;31m
Start test 37?[0m
?[1;31m
Start test 38?[0m
?[1;31m
Start test 39?[0m
?[1;31m
Start test 40?[0m
?[1;31m
Start test 41?[0m
?[1;31m
Start test 42?[0m
2022-04-08 11:12:13.833  INFO 8516 --- [       Thread-5] j.LocalContainerEntityManagerFactoryBean : Closing JPA EntityManagerFactory for persistence unit 'default'
2022-04-08 11:12:13.837  INFO 8516 --- [       Thread-5] com.zaxxer.hikari.HikariDataSource       : HikariPool-1 - Shutdown initiated...
2022-04-08 11:12:13.856  INFO 8516 --- [       Thread-5] com.zaxxer.hikari.HikariDataSource       : HikariPool-1 - Shutdown completed.

  .   ____          _            __ _ _
 /\\ / ___'_ __ _ _(_)_ __  __ _ \ \ \ \
( ( )\___ | '_ | '_| | '_ \/ _` | \ \ \ \
 \\/  ___)| |_)| | | | | || (_| |  ) ) ) )
  '  |____| .__|_| |_|_| |_\__, | / / / /
 =========|_|==============|___/=/_/_/_/
 :: Spring Boot ::                (v2.5.6)

2022-04-08 11:12:13.931  INFO 8516 --- [    Test worker] engine.WebQuizEngine                     : Starting WebQuizEngine using Java 17.0.1 on Fractal with PID 8516 (started by Fractal in D:\RepositoryRoadToProfession\Web Quiz Engine\Web Quiz Engine\task)
2022-04-08 11:12:13.932  INFO 8516 --- [    Test worker] engine.WebQuizEngine                     : No active profile set, falling back to default profiles: default
2022-04-08 11:12:14.182  INFO 8516 --- [    Test worker] .s.d.r.c.RepositoryConfigurationDelegate : Bootstrapping Spring Data JPA repositories in DEFAULT mode.
2022-04-08 11:12:14.192  INFO 8516 --- [    Test worker] .s.d.r.c.RepositoryConfigurationDelegate : Finished Spring Data repository scanning in 9 ms. Found 2 JPA repository interfaces.
2022-04-08 11:12:14.280  INFO 8516 --- [    Test worker] o.s.b.w.embedded.tomcat.TomcatWebServer  : Tomcat initialized with port(s): 8889 (http)
2022-04-08 11:12:14.281  INFO 8516 --- [    Test worker] o.apache.catalina.core.StandardService   : Starting service [Tomcat]
2022-04-08 11:12:14.281  INFO 8516 --- [    Test worker] org.apache.catalina.core.StandardEngine  : Starting Servlet engine: [Apache Tomcat/9.0.54]
2022-04-08 11:12:14.318  INFO 8516 --- [    Test worker] o.a.c.c.C.[Tomcat].[localhost].[/]       : Initializing Spring embedded WebApplicationContext
2022-04-08 11:12:14.319  INFO 8516 --- [    Test worker] w.s.c.ServletWebServerApplicationContext : Root WebApplicationContext: initialization completed in 385 ms
2022-04-08 11:12:14.359  INFO 8516 --- [    Test worker] com.zaxxer.hikari.HikariDataSource       : HikariPool-2 - Starting...
2022-04-08 11:12:14.371  INFO 8516 --- [    Test worker] com.zaxxer.hikari.HikariDataSource       : HikariPool-2 - Start completed.
2022-04-08 11:12:14.371  INFO 8516 --- [    Test worker] o.s.b.a.h2.H2ConsoleAutoConfiguration    : H2 console available at '/h2-console'. Database available at 'jdbc:h2:file:../quizdb'
2022-04-08 11:12:14.409  INFO 8516 --- [    Test worker] o.hibernate.jpa.internal.util.LogHelper  : HHH000204: Processing PersistenceUnitInfo [name: default]
2022-04-08 11:12:14.415  INFO 8516 --- [    Test worker] org.hibernate.dialect.Dialect            : HHH000400: Using dialect: org.hibernate.dialect.H2Dialect
2022-04-08 11:12:14.461  INFO 8516 --- [    Test worker] o.h.e.t.j.p.i.JtaPlatformInitiator       : HHH000490: Using JtaPlatform implementation: [org.hibernate.engine.transaction.jta.platform.internal.NoJtaPlatform]
2022-04-08 11:12:14.461  INFO 8516 --- [    Test worker] j.LocalContainerEntityManagerFactoryBean : Initialized JPA EntityManagerFactory for persistence unit 'default'
2022-04-08 11:12:14.519  WARN 8516 --- [    Test worker] JpaBaseConfiguration$JpaWebConfiguration : spring.jpa.open-in-view is enabled by default. Therefore, database queries may be performed during view rendering. Explicitly configure spring.jpa.open-in-view to disable this warning
2022-04-08 11:12:14.646  INFO 8516 --- [    Test worker] o.s.b.a.e.web.EndpointLinksResolver      : Exposing 14 endpoint(s) beneath base path '/actuator'
2022-04-08 11:12:14.657  INFO 8516 --- [    Test worker] o.s.s.web.DefaultSecurityFilterChain     : Will secure any request with [org.springframework.security.web.context.request.async.WebAsyncManagerIntegrationFilter@1a5ea4cf, org.springframework.security.web.context.SecurityContextPersistenceFilter@24710e61, org.springframework.security.web.header.HeaderWriterFilter@517d68b8, org.springframework.security.web.authentication.logout.LogoutFilter@5599f22f, org.springframework.security.web.authentication.www.BasicAuthenticationFilter@b7952d2, org.springframework.security.web.savedrequest.RequestCacheAwareFilter@1a983294, org.springframework.security.web.servletapi.SecurityContextHolderAwareRequestFilter@209ab1d7, org.springframework.security.web.authentication.AnonymousAuthenticationFilter@33e80a27, org.springframework.security.web.session.SessionManagementFilter@58b03882, org.springframework.security.web.access.ExceptionTranslationFilter@402fcf14, org.springframework.security.web.access.intercept.FilterSecurityInterceptor@cf933b1]
2022-04-08 11:12:14.728  INFO 8516 --- [    Test worker] o.s.b.w.embedded.tomcat.TomcatWebServer  : Tomcat started on port(s): 8889 (http) with context path ''
2022-04-08 11:12:14.735  INFO 8516 --- [    Test worker] engine.WebQuizEngine                     : Started WebQuizEngine in 0.836 seconds (JVM running for 10.226)
?[1;31m
Start test 43?[0m
2022-04-08 11:12:14.743  INFO 8516 --- [nio-8889-exec-1] o.a.c.c.C.[Tomcat].[localhost].[/]       : Initializing Spring DispatcherServlet 'dispatcherServlet'
2022-04-08 11:12:14.743  INFO 8516 --- [nio-8889-exec-1] o.s.web.servlet.DispatcherServlet        : Initializing Servlet 'dispatcherServlet'
2022-04-08 11:12:14.746  INFO 8516 --- [nio-8889-exec-1] o.s.web.servlet.DispatcherServlet        : Completed initialization in 2 ms
]]></system-out>
  <system-err><![CDATA[]]></system-err>
</testsuite>
